-- The C compiler identification is GNU 13.3.0
-- The CXX compiler identification is GNU 13.3.0
-- Detecting C compiler ABI info
-- Detecting C compiler ABI info - done
-- Check for working C compiler: /usr/bin/cc - skipped
-- Detecting C compile features
-- Detecting C compile features - done
-- Detecting CXX compiler ABI info
-- Detecting CXX compiler ABI info - done
-- Check for working CXX compiler: /usr/bin/c++ - skipped
-- Detecting CXX compile features
-- Detecting CXX compile features - done
-- Found ament_cmake: 2.5.4 (/opt/ros/jazzy/share/ament_cmake/cmake)
-- Found Python3: /usr/bin/python3 (found version "3.12.3") found components: Interpreter 
-- Override CMake install command with custom implementation using symlinks instead of copying resources
-- Found rclcpp: 28.1.9 (/opt/ros/jazzy/share/rclcpp/cmake)
-- Found rosidl_generator_c: 4.6.5 (/opt/ros/jazzy/share/rosidl_generator_c/cmake)
-- Found rosidl_generator_cpp: 4.6.5 (/opt/ros/jazzy/share/rosidl_generator_cpp/cmake)
-- Using all available rosidl_typesupport_c: rosidl_typesupport_fastrtps_c;rosidl_typesupport_introspection_c
-- Using all available rosidl_typesupport_cpp: rosidl_typesupport_fastrtps_cpp;rosidl_typesupport_introspection_cpp
-- Found rmw_implementation_cmake: 7.3.2 (/opt/ros/jazzy/share/rmw_implementation_cmake/cmake)
-- Found rmw_fastrtps_cpp: 8.4.2 (/opt/ros/jazzy/share/rmw_fastrtps_cpp/cmake)
-- Found OpenSSL: /usr/lib/x86_64-linux-gnu/libcrypto.so (found version "3.0.13")  
-- Found FastRTPS: /opt/ros/jazzy/include (Required is at least version "2.13") 
-- Using RMW implementation 'rmw_fastrtps_cpp' as default
-- Found behaviortree_cpp: 4.8.2 (/home/ysl/BehaviorTree.CPP/install/behaviortree_cpp/share/behaviortree_cpp/cmake)
-- Found nav2_msgs: 1.3.10 (/opt/ros/jazzy/share/nav2_msgs/cmake)
-- Found example_interfaces: 0.12.0 (/opt/ros/jazzy/share/example_interfaces/cmake)
-- Found rclcpp_action: 28.1.9 (/opt/ros/jazzy/share/rclcpp_action/cmake)
-- Found rm_interfaces: 0.0.0 (/home/ysl/ros2_ws/install/rm_interfaces/share/rm_interfaces/cmake)
-- Found tf2_geometry_msgs: 0.36.11 (/opt/ros/jazzy/share/tf2_geometry_msgs/cmake)
-- Found eigen3_cmake_module: 0.3.0 (/opt/ros/jazzy/share/eigen3_cmake_module/cmake)
-- Found Eigen3: TRUE (found version "3.4.0") 
-- Ensuring Eigen3 include directory is part of orocos-kdl CMake target
-- Configuring done (13.3s)
-- Generating done (0.1s)
-- Build files have been written to: /home/ysl/ros2_ws/build/cod_behavior
[  8%] [32mBuilding CXX object CMakeFiles/cod_behavior.dir/src/sentry_behavior.cpp.o[0m
[ 16%] [32m[1mLinking CXX executable cod_behavior[0m
[ 16%] Built target cod_behavior
[ 25%] [32mBuilding CXX object CMakeFiles/test_2.dir/test/test2_PoorStatus.cpp.o[0m
[ 33%] [32m[1mLinking CXX executable test_2[0m
[ 33%] Built target test_2
[ 41%] [32mBuilding CXX object CMakeFiles/test_1.dir/test/test1_FullStatus.cpp.o[0m
[ 50%] [32m[1mLinking CXX executable test_1[0m
[ 50%] Built target test_1
[ 58%] [32mBuilding CXX object CMakeFiles/msgtest.dir/test/msgTest.cpp.o[0m
[ 66%] [32m[1mLinking CXX executable msgtest[0m
[ 66%] Built target msgtest
[ 75%] [32mBuilding CXX object CMakeFiles/tree_1.dir/src/tree_1.cpp.o[0m
[ 83%] [32m[1mLinking CXX executable tree_1[0m
