[0.048s] Invoking command in '/home/ysl/ros2_ws/build/btcpp_ros2_interfaces': CMAKE_PREFIX_PATH=${CMAKE_PREFIX_PATH}:/opt/ros/jazzy /usr/bin/cmake --build /home/ysl/ros2_ws/build/btcpp_ros2_interfaces -- -j12 -l12
[0.761s] [  1%] Built target btcpp_ros2_interfaces__rosidl_generator_type_description
[0.786s] [  1%] Built target ament_cmake_python_symlink_btcpp_ros2_interfaces
[0.843s] [  3%] Built target btcpp_ros2_interfaces__cpp
[0.858s] [ 25%] Built target btcpp_ros2_interfaces__rosidl_generator_c
[0.978s] [ 34%] Built target btcpp_ros2_interfaces__rosidl_typesupport_cpp
[0.982s] [ 43%] Built target btcpp_ros2_interfaces__rosidl_typesupport_c
[0.991s] [ 53%] Built target btcpp_ros2_interfaces__rosidl_typesupport_fastrtps_c
[1.025s] [ 71%] Built target btcpp_ros2_interfaces__rosidl_typesupport_fastrtps_cpp
[1.027s] [ 71%] Built target btcpp_ros2_interfaces__rosidl_typesupport_introspection_c
[1.071s] [ 81%] Built target btcpp_ros2_interfaces__rosidl_typesupport_introspection_cpp
[1.128s] [ 81%] Built target btcpp_ros2_interfaces
[1.179s] [ 82%] Built target btcpp_ros2_interfaces__py
[1.324s] [ 90%] Built target btcpp_ros2_interfaces__rosidl_generator_py
[1.408s] [ 93%] Built target btcpp_ros2_interfaces_s__rosidl_typesupport_fastrtps_c
[1.412s] [ 96%] Built target btcpp_ros2_interfaces_s__rosidl_typesupport_c
[1.420s] [100%] Built target btcpp_ros2_interfaces_s__rosidl_typesupport_introspection_c
[1.458s] running egg_info
[1.514s] writing btcpp_ros2_interfaces.egg-info/PKG-INFO
[1.514s] writing dependency_links to btcpp_ros2_interfaces.egg-info/dependency_links.txt
[1.515s] writing top-level names to btcpp_ros2_interfaces.egg-info/top_level.txt
[1.640s] reading manifest file 'btcpp_ros2_interfaces.egg-info/SOURCES.txt'
[1.677s] writing manifest file 'btcpp_ros2_interfaces.egg-info/SOURCES.txt'
[1.764s] [100%] Built target ament_cmake_python_build_btcpp_ros2_interfaces_egg
[1.836s] Invoked command in '/home/ysl/ros2_ws/build/btcpp_ros2_interfaces' returned '0': CMAKE_PREFIX_PATH=${CMAKE_PREFIX_PATH}:/opt/ros/jazzy /usr/bin/cmake --build /home/ysl/ros2_ws/build/btcpp_ros2_interfaces -- -j12 -l12
[1.841s] Invoking command in '/home/ysl/ros2_ws/build/btcpp_ros2_interfaces': CMAKE_PREFIX_PATH=${CMAKE_PREFIX_PATH}:/opt/ros/jazzy /usr/bin/cmake --install /home/ysl/ros2_ws/build/btcpp_ros2_interfaces
[1.865s] -- Install configuration: ""
[1.872s] -- Execute custom install script
[1.875s] -- Up-to-date symlink: /home/ysl/ros2_ws/install/btcpp_ros2_interfaces/share/ament_index/resource_index/rosidl_interfaces/btcpp_ros2_interfaces
[1.876s] -- Up-to-date symlink: /home/ysl/ros2_ws/install/btcpp_ros2_interfaces/share/btcpp_ros2_interfaces/msg/NodeStatus.json
[1.878s] -- Up-to-date symlink: /home/ysl/ros2_ws/install/btcpp_ros2_interfaces/share/btcpp_ros2_interfaces/srv/GetTrees.json
[1.879s] -- Up-to-date symlink: /home/ysl/ros2_ws/install/btcpp_ros2_interfaces/share/btcpp_ros2_interfaces/action/ExecuteTree.json
[1.881s] -- Up-to-date symlink: /home/ysl/ros2_ws/install/btcpp_ros2_interfaces/share/btcpp_ros2_interfaces/action/Sleep.json
[1.885s] -- Up-to-date symlink: /home/ysl/ros2_ws/install/btcpp_ros2_interfaces/include/btcpp_ros2_interfaces/btcpp_ros2_interfaces/action/detail/execute_tree__functions.h
[1.886s] -- Up-to-date symlink: /home/ysl/ros2_ws/install/btcpp_ros2_interfaces/include/btcpp_ros2_interfaces/btcpp_ros2_interfaces/action/detail/execute_tree__struct.h
[1.887s] -- Up-to-date symlink: /home/ysl/ros2_ws/install/btcpp_ros2_interfaces/include/btcpp_ros2_interfaces/btcpp_ros2_interfaces/action/detail/execute_tree__type_support.h
[1.888s] -- Up-to-date symlink: /home/ysl/ros2_ws/install/btcpp_ros2_interfaces/include/btcpp_ros2_interfaces/btcpp_ros2_interfaces/action/detail/sleep__functions.h
[1.888s] -- Up-to-date symlink: /home/ysl/ros2_ws/install/btcpp_ros2_interfaces/include/btcpp_ros2_interfaces/btcpp_ros2_interfaces/action/detail/sleep__struct.h
[1.889s] -- Up-to-date symlink: /home/ysl/ros2_ws/install/btcpp_ros2_interfaces/include/btcpp_ros2_interfaces/btcpp_ros2_interfaces/action/detail/sleep__type_support.h
[1.890s] -- Up-to-date symlink: /home/ysl/ros2_ws/install/btcpp_ros2_interfaces/include/btcpp_ros2_interfaces/btcpp_ros2_interfaces/action/execute_tree.h
[1.891s] -- Up-to-date symlink: /home/ysl/ros2_ws/install/btcpp_ros2_interfaces/include/btcpp_ros2_interfaces/btcpp_ros2_interfaces/action/sleep.h
[1.892s] -- Up-to-date symlink: /home/ysl/ros2_ws/install/btcpp_ros2_interfaces/include/btcpp_ros2_interfaces/btcpp_ros2_interfaces/msg/detail/node_status__functions.h
[1.895s] -- Up-to-date symlink: /home/ysl/ros2_ws/install/btcpp_ros2_interfaces/include/btcpp_ros2_interfaces/btcpp_ros2_interfaces/msg/detail/node_status__struct.h
[1.895s] -- Up-to-date symlink: /home/ysl/ros2_ws/install/btcpp_ros2_interfaces/include/btcpp_ros2_interfaces/btcpp_ros2_interfaces/msg/detail/node_status__type_support.h
[1.907s] -- Up-to-date symlink: /home/ysl/ros2_ws/install/btcpp_ros2_interfaces/include/btcpp_ros2_interfaces/btcpp_ros2_interfaces/msg/node_status.h
[1.908s] -- Up-to-date symlink: /home/ysl/ros2_ws/install/btcpp_ros2_interfaces/include/btcpp_ros2_interfaces/btcpp_ros2_interfaces/msg/rosidl_generator_c__visibility_control.h
[1.909s] -- Up-to-date symlink: /home/ysl/ros2_ws/install/btcpp_ros2_interfaces/include/btcpp_ros2_interfaces/btcpp_ros2_interfaces/srv/detail/get_trees__functions.h
[1.909s] -- Up-to-date symlink: /home/ysl/ros2_ws/install/btcpp_ros2_interfaces/include/btcpp_ros2_interfaces/btcpp_ros2_interfaces/srv/detail/get_trees__struct.h
[1.910s] -- Up-to-date symlink: /home/ysl/ros2_ws/install/btcpp_ros2_interfaces/include/btcpp_ros2_interfaces/btcpp_ros2_interfaces/srv/detail/get_trees__type_support.h
[1.911s] -- Up-to-date symlink: /home/ysl/ros2_ws/install/btcpp_ros2_interfaces/include/btcpp_ros2_interfaces/btcpp_ros2_interfaces/srv/get_trees.h
[1.913s] -- Up-to-date symlink: /home/ysl/ros2_ws/install/btcpp_ros2_interfaces/share/btcpp_ros2_interfaces/environment/library_path.sh
[1.914s] -- Up-to-date symlink: /home/ysl/ros2_ws/install/btcpp_ros2_interfaces/share/btcpp_ros2_interfaces/environment/library_path.dsv
[1.917s] -- Up-to-date symlink: /home/ysl/ros2_ws/install/btcpp_ros2_interfaces/include/btcpp_ros2_interfaces/btcpp_ros2_interfaces/action/detail/execute_tree__rosidl_typesupport_fastrtps_c.h
[1.917s] -- Up-to-date symlink: /home/ysl/ros2_ws/install/btcpp_ros2_interfaces/include/btcpp_ros2_interfaces/btcpp_ros2_interfaces/action/detail/sleep__rosidl_typesupport_fastrtps_c.h
[1.918s] -- Up-to-date symlink: /home/ysl/ros2_ws/install/btcpp_ros2_interfaces/include/btcpp_ros2_interfaces/btcpp_ros2_interfaces/msg/detail/node_status__rosidl_typesupport_fastrtps_c.h
[1.919s] -- Up-to-date symlink: /home/ysl/ros2_ws/install/btcpp_ros2_interfaces/include/btcpp_ros2_interfaces/btcpp_ros2_interfaces/msg/rosidl_typesupport_fastrtps_c__visibility_control.h
[1.920s] -- Up-to-date symlink: /home/ysl/ros2_ws/install/btcpp_ros2_interfaces/include/btcpp_ros2_interfaces/btcpp_ros2_interfaces/srv/detail/get_trees__rosidl_typesupport_fastrtps_c.h
[1.923s] -- Up-to-date symlink: /home/ysl/ros2_ws/install/btcpp_ros2_interfaces/include/btcpp_ros2_interfaces/btcpp_ros2_interfaces/action/detail/execute_tree__rosidl_typesupport_introspection_c.h
[1.923s] -- Up-to-date symlink: /home/ysl/ros2_ws/install/btcpp_ros2_interfaces/include/btcpp_ros2_interfaces/btcpp_ros2_interfaces/action/detail/sleep__rosidl_typesupport_introspection_c.h
[1.925s] -- Up-to-date symlink: /home/ysl/ros2_ws/install/btcpp_ros2_interfaces/include/btcpp_ros2_interfaces/btcpp_ros2_interfaces/msg/detail/node_status__rosidl_typesupport_introspection_c.h
[1.925s] -- Up-to-date symlink: /home/ysl/ros2_ws/install/btcpp_ros2_interfaces/include/btcpp_ros2_interfaces/btcpp_ros2_interfaces/msg/rosidl_typesupport_introspection_c__visibility_control.h
[1.926s] -- Up-to-date symlink: /home/ysl/ros2_ws/install/btcpp_ros2_interfaces/include/btcpp_ros2_interfaces/btcpp_ros2_interfaces/srv/detail/get_trees__rosidl_typesupport_introspection_c.h
[1.928s] -- Up-to-date symlink: /home/ysl/ros2_ws/install/btcpp_ros2_interfaces/include/btcpp_ros2_interfaces/btcpp_ros2_interfaces/action/detail/execute_tree__builder.hpp
[1.930s] -- Up-to-date symlink: /home/ysl/ros2_ws/install/btcpp_ros2_interfaces/include/btcpp_ros2_interfaces/btcpp_ros2_interfaces/action/detail/execute_tree__struct.hpp
[1.930s] -- Up-to-date symlink: /home/ysl/ros2_ws/install/btcpp_ros2_interfaces/include/btcpp_ros2_interfaces/btcpp_ros2_interfaces/action/detail/execute_tree__traits.hpp
[1.931s] -- Up-to-date symlink: /home/ysl/ros2_ws/install/btcpp_ros2_interfaces/include/btcpp_ros2_interfaces/btcpp_ros2_interfaces/action/detail/execute_tree__type_support.hpp
[1.931s] -- Up-to-date symlink: /home/ysl/ros2_ws/install/btcpp_ros2_interfaces/include/btcpp_ros2_interfaces/btcpp_ros2_interfaces/action/detail/sleep__builder.hpp
[1.932s] -- Up-to-date symlink: /home/ysl/ros2_ws/install/btcpp_ros2_interfaces/include/btcpp_ros2_interfaces/btcpp_ros2_interfaces/action/detail/sleep__struct.hpp
[1.933s] -- Up-to-date symlink: /home/ysl/ros2_ws/install/btcpp_ros2_interfaces/include/btcpp_ros2_interfaces/btcpp_ros2_interfaces/action/detail/sleep__traits.hpp
[1.933s] -- Up-to-date symlink: /home/ysl/ros2_ws/install/btcpp_ros2_interfaces/include/btcpp_ros2_interfaces/btcpp_ros2_interfaces/action/detail/sleep__type_support.hpp
[1.935s] -- Up-to-date symlink: /home/ysl/ros2_ws/install/btcpp_ros2_interfaces/include/btcpp_ros2_interfaces/btcpp_ros2_interfaces/action/execute_tree.hpp
[1.935s] -- Up-to-date symlink: /home/ysl/ros2_ws/install/btcpp_ros2_interfaces/include/btcpp_ros2_interfaces/btcpp_ros2_interfaces/action/sleep.hpp
[1.935s] -- Up-to-date symlink: /home/ysl/ros2_ws/install/btcpp_ros2_interfaces/include/btcpp_ros2_interfaces/btcpp_ros2_interfaces/msg/detail/node_status__builder.hpp
[1.936s] -- Up-to-date symlink: /home/ysl/ros2_ws/install/btcpp_ros2_interfaces/include/btcpp_ros2_interfaces/btcpp_ros2_interfaces/msg/detail/node_status__struct.hpp
[1.937s] -- Up-to-date symlink: /home/ysl/ros2_ws/install/btcpp_ros2_interfaces/include/btcpp_ros2_interfaces/btcpp_ros2_interfaces/msg/detail/node_status__traits.hpp
[1.938s] -- Up-to-date symlink: /home/ysl/ros2_ws/install/btcpp_ros2_interfaces/include/btcpp_ros2_interfaces/btcpp_ros2_interfaces/msg/detail/node_status__type_support.hpp
[1.938s] -- Up-to-date symlink: /home/ysl/ros2_ws/install/btcpp_ros2_interfaces/include/btcpp_ros2_interfaces/btcpp_ros2_interfaces/msg/node_status.hpp
[1.939s] -- Up-to-date symlink: /home/ysl/ros2_ws/install/btcpp_ros2_interfaces/include/btcpp_ros2_interfaces/btcpp_ros2_interfaces/msg/rosidl_generator_cpp__visibility_control.hpp
[1.940s] -- Up-to-date symlink: /home/ysl/ros2_ws/install/btcpp_ros2_interfaces/include/btcpp_ros2_interfaces/btcpp_ros2_interfaces/srv/detail/get_trees__builder.hpp
[1.940s] -- Up-to-date symlink: /home/ysl/ros2_ws/install/btcpp_ros2_interfaces/include/btcpp_ros2_interfaces/btcpp_ros2_interfaces/srv/detail/get_trees__struct.hpp
[1.941s] -- Up-to-date symlink: /home/ysl/ros2_ws/install/btcpp_ros2_interfaces/include/btcpp_ros2_interfaces/btcpp_ros2_interfaces/srv/detail/get_trees__traits.hpp
[1.942s] -- Up-to-date symlink: /home/ysl/ros2_ws/install/btcpp_ros2_interfaces/include/btcpp_ros2_interfaces/btcpp_ros2_interfaces/srv/detail/get_trees__type_support.hpp
[1.942s] -- Up-to-date symlink: /home/ysl/ros2_ws/install/btcpp_ros2_interfaces/include/btcpp_ros2_interfaces/btcpp_ros2_interfaces/srv/get_trees.hpp
[1.946s] -- Up-to-date symlink: /home/ysl/ros2_ws/install/btcpp_ros2_interfaces/include/btcpp_ros2_interfaces/btcpp_ros2_interfaces/action/detail/execute_tree__rosidl_typesupport_fastrtps_cpp.hpp
[1.947s] -- Up-to-date symlink: /home/ysl/ros2_ws/install/btcpp_ros2_interfaces/include/btcpp_ros2_interfaces/btcpp_ros2_interfaces/action/detail/sleep__rosidl_typesupport_fastrtps_cpp.hpp
[1.948s] -- Up-to-date symlink: /home/ysl/ros2_ws/install/btcpp_ros2_interfaces/include/btcpp_ros2_interfaces/btcpp_ros2_interfaces/msg/detail/node_status__rosidl_typesupport_fastrtps_cpp.hpp
[1.948s] -- Up-to-date symlink: /home/ysl/ros2_ws/install/btcpp_ros2_interfaces/include/btcpp_ros2_interfaces/btcpp_ros2_interfaces/msg/rosidl_typesupport_fastrtps_cpp__visibility_control.h
[1.949s] -- Up-to-date symlink: /home/ysl/ros2_ws/install/btcpp_ros2_interfaces/include/btcpp_ros2_interfaces/btcpp_ros2_interfaces/srv/detail/get_trees__rosidl_typesupport_fastrtps_cpp.hpp
[1.951s] -- Up-to-date symlink: /home/ysl/ros2_ws/install/btcpp_ros2_interfaces/include/btcpp_ros2_interfaces/btcpp_ros2_interfaces/action/detail/execute_tree__rosidl_typesupport_introspection_cpp.hpp
[1.951s] -- Up-to-date symlink: /home/ysl/ros2_ws/install/btcpp_ros2_interfaces/include/btcpp_ros2_interfaces/btcpp_ros2_interfaces/action/detail/sleep__rosidl_typesupport_introspection_cpp.hpp
[1.952s] -- Up-to-date symlink: /home/ysl/ros2_ws/install/btcpp_ros2_interfaces/include/btcpp_ros2_interfaces/btcpp_ros2_interfaces/msg/detail/node_status__rosidl_typesupport_introspection_cpp.hpp
[1.953s] -- Up-to-date symlink: /home/ysl/ros2_ws/install/btcpp_ros2_interfaces/include/btcpp_ros2_interfaces/btcpp_ros2_interfaces/srv/detail/get_trees__rosidl_typesupport_introspection_cpp.hpp
[1.954s] -- Up-to-date symlink: /home/ysl/ros2_ws/install/btcpp_ros2_interfaces/share/btcpp_ros2_interfaces/environment/pythonpath.sh
[1.954s] -- Up-to-date symlink: /home/ysl/ros2_ws/install/btcpp_ros2_interfaces/share/btcpp_ros2_interfaces/environment/pythonpath.dsv
[1.955s] -- Up-to-date symlink: /home/ysl/ros2_ws/install/btcpp_ros2_interfaces/lib/python3.12/site-packages/btcpp_ros2_interfaces-0.3.0-py3.12.egg-info/PKG-INFO
[1.956s] -- Up-to-date symlink: /home/ysl/ros2_ws/install/btcpp_ros2_interfaces/lib/python3.12/site-packages/btcpp_ros2_interfaces-0.3.0-py3.12.egg-info/SOURCES.txt
[1.957s] -- Up-to-date symlink: /home/ysl/ros2_ws/install/btcpp_ros2_interfaces/lib/python3.12/site-packages/btcpp_ros2_interfaces-0.3.0-py3.12.egg-info/dependency_links.txt
[1.958s] -- Up-to-date symlink: /home/ysl/ros2_ws/install/btcpp_ros2_interfaces/lib/python3.12/site-packages/btcpp_ros2_interfaces-0.3.0-py3.12.egg-info/top_level.txt
[1.960s] -- Up-to-date symlink: /home/ysl/ros2_ws/install/btcpp_ros2_interfaces/lib/python3.12/site-packages/btcpp_ros2_interfaces/__init__.py
[1.960s] -- Up-to-date symlink: /home/ysl/ros2_ws/install/btcpp_ros2_interfaces/lib/python3.12/site-packages/btcpp_ros2_interfaces/_btcpp_ros2_interfaces_s.ep.rosidl_typesupport_c.c
[1.961s] -- Up-to-date symlink: /home/ysl/ros2_ws/install/btcpp_ros2_interfaces/lib/python3.12/site-packages/btcpp_ros2_interfaces/_btcpp_ros2_interfaces_s.ep.rosidl_typesupport_fastrtps_c.c
[1.963s] -- Up-to-date symlink: /home/ysl/ros2_ws/install/btcpp_ros2_interfaces/lib/python3.12/site-packages/btcpp_ros2_interfaces/_btcpp_ros2_interfaces_s.ep.rosidl_typesupport_introspection_c.c
[1.963s] -- Up-to-date symlink: /home/ysl/ros2_ws/install/btcpp_ros2_interfaces/lib/python3.12/site-packages/btcpp_ros2_interfaces/action/__init__.py
[1.965s] -- Up-to-date symlink: /home/ysl/ros2_ws/install/btcpp_ros2_interfaces/lib/python3.12/site-packages/btcpp_ros2_interfaces/action/_execute_tree.py
[1.965s] -- Up-to-date symlink: /home/ysl/ros2_ws/install/btcpp_ros2_interfaces/lib/python3.12/site-packages/btcpp_ros2_interfaces/action/_execute_tree_s.c
[1.967s] -- Up-to-date symlink: /home/ysl/ros2_ws/install/btcpp_ros2_interfaces/lib/python3.12/site-packages/btcpp_ros2_interfaces/action/_sleep.py
[1.967s] -- Up-to-date symlink: /home/ysl/ros2_ws/install/btcpp_ros2_interfaces/lib/python3.12/site-packages/btcpp_ros2_interfaces/action/_sleep_s.c
[1.968s] -- Up-to-date symlink: /home/ysl/ros2_ws/install/btcpp_ros2_interfaces/lib/python3.12/site-packages/btcpp_ros2_interfaces/btcpp_ros2_interfaces_s__rosidl_typesupport_c.so
[1.969s] -- Up-to-date symlink: /home/ysl/ros2_ws/install/btcpp_ros2_interfaces/lib/python3.12/site-packages/btcpp_ros2_interfaces/btcpp_ros2_interfaces_s__rosidl_typesupport_fastrtps_c.so
[1.970s] -- Up-to-date symlink: /home/ysl/ros2_ws/install/btcpp_ros2_interfaces/lib/python3.12/site-packages/btcpp_ros2_interfaces/btcpp_ros2_interfaces_s__rosidl_typesupport_introspection_c.so
[1.970s] -- Up-to-date symlink: /home/ysl/ros2_ws/install/btcpp_ros2_interfaces/lib/python3.12/site-packages/btcpp_ros2_interfaces/msg/__init__.py
[1.972s] -- Up-to-date symlink: /home/ysl/ros2_ws/install/btcpp_ros2_interfaces/lib/python3.12/site-packages/btcpp_ros2_interfaces/msg/_node_status.py
[1.972s] -- Up-to-date symlink: /home/ysl/ros2_ws/install/btcpp_ros2_interfaces/lib/python3.12/site-packages/btcpp_ros2_interfaces/msg/_node_status_s.c
[1.973s] -- Up-to-date symlink: /home/ysl/ros2_ws/install/btcpp_ros2_interfaces/lib/python3.12/site-packages/btcpp_ros2_interfaces/srv/__init__.py
[1.974s] -- Up-to-date symlink: /home/ysl/ros2_ws/install/btcpp_ros2_interfaces/lib/python3.12/site-packages/btcpp_ros2_interfaces/srv/_get_trees.py
[1.975s] -- Up-to-date symlink: /home/ysl/ros2_ws/install/btcpp_ros2_interfaces/lib/python3.12/site-packages/btcpp_ros2_interfaces/srv/_get_trees_s.c
[1.975s] -- Up-to-date symlink: /home/ysl/ros2_ws/install/btcpp_ros2_interfaces/lib/python3.12/site-packages/btcpp_ros2_interfaces/btcpp_ros2_interfaces_s__rosidl_typesupport_fastrtps_c.so
[1.977s] -- Up-to-date symlink: /home/ysl/ros2_ws/install/btcpp_ros2_interfaces/lib/python3.12/site-packages/btcpp_ros2_interfaces/btcpp_ros2_interfaces_s__rosidl_typesupport_introspection_c.so
[1.977s] -- Up-to-date symlink: /home/ysl/ros2_ws/install/btcpp_ros2_interfaces/lib/python3.12/site-packages/btcpp_ros2_interfaces/btcpp_ros2_interfaces_s__rosidl_typesupport_c.so
[1.978s] -- Up-to-date symlink: /home/ysl/ros2_ws/install/btcpp_ros2_interfaces/share/btcpp_ros2_interfaces/msg/NodeStatus.idl
[1.978s] -- Up-to-date symlink: /home/ysl/ros2_ws/install/btcpp_ros2_interfaces/share/btcpp_ros2_interfaces/srv/GetTrees.idl
[1.979s] -- Up-to-date symlink: /home/ysl/ros2_ws/install/btcpp_ros2_interfaces/share/btcpp_ros2_interfaces/action/ExecuteTree.idl
[1.980s] -- Up-to-date symlink: /home/ysl/ros2_ws/install/btcpp_ros2_interfaces/share/btcpp_ros2_interfaces/action/Sleep.idl
[1.980s] -- Up-to-date symlink: /home/ysl/ros2_ws/install/btcpp_ros2_interfaces/share/btcpp_ros2_interfaces/msg/NodeStatus.msg
[1.981s] -- Up-to-date symlink: /home/ysl/ros2_ws/install/btcpp_ros2_interfaces/share/btcpp_ros2_interfaces/srv/GetTrees.srv
[1.982s] -- Up-to-date symlink: /home/ysl/ros2_ws/install/btcpp_ros2_interfaces/share/btcpp_ros2_interfaces/action/ExecuteTree.action
[1.983s] -- Up-to-date symlink: /home/ysl/ros2_ws/install/btcpp_ros2_interfaces/share/btcpp_ros2_interfaces/action/Sleep.action
[1.984s] -- Up-to-date symlink: /home/ysl/ros2_ws/install/btcpp_ros2_interfaces/share/ament_index/resource_index/package_run_dependencies/btcpp_ros2_interfaces
[1.985s] -- Up-to-date symlink: /home/ysl/ros2_ws/install/btcpp_ros2_interfaces/share/ament_index/resource_index/parent_prefix_path/btcpp_ros2_interfaces
[1.986s] -- Up-to-date symlink: /home/ysl/ros2_ws/install/btcpp_ros2_interfaces/share/btcpp_ros2_interfaces/environment/ament_prefix_path.sh
[1.987s] -- Up-to-date symlink: /home/ysl/ros2_ws/install/btcpp_ros2_interfaces/share/btcpp_ros2_interfaces/environment/ament_prefix_path.dsv
[1.988s] -- Up-to-date symlink: /home/ysl/ros2_ws/install/btcpp_ros2_interfaces/share/btcpp_ros2_interfaces/environment/path.sh
[1.988s] -- Up-to-date symlink: /home/ysl/ros2_ws/install/btcpp_ros2_interfaces/share/btcpp_ros2_interfaces/environment/path.dsv
[1.990s] -- Up-to-date symlink: /home/ysl/ros2_ws/install/btcpp_ros2_interfaces/share/btcpp_ros2_interfaces/local_setup.bash
[1.990s] -- Up-to-date symlink: /home/ysl/ros2_ws/install/btcpp_ros2_interfaces/share/btcpp_ros2_interfaces/local_setup.sh
[1.991s] -- Up-to-date symlink: /home/ysl/ros2_ws/install/btcpp_ros2_interfaces/share/btcpp_ros2_interfaces/local_setup.zsh
[1.992s] -- Up-to-date symlink: /home/ysl/ros2_ws/install/btcpp_ros2_interfaces/share/btcpp_ros2_interfaces/local_setup.dsv
[1.992s] -- Symlinking: /home/ysl/ros2_ws/install/btcpp_ros2_interfaces/share/btcpp_ros2_interfaces/package.dsv
[2.035s] -- Up-to-date symlink: /home/ysl/ros2_ws/install/btcpp_ros2_interfaces/share/ament_index/resource_index/packages/btcpp_ros2_interfaces
[2.036s] -- Up-to-date symlink: /home/ysl/ros2_ws/install/btcpp_ros2_interfaces/share/btcpp_ros2_interfaces/cmake/rosidl_cmake-extras.cmake
[2.038s] -- Up-to-date symlink: /home/ysl/ros2_ws/install/btcpp_ros2_interfaces/share/btcpp_ros2_interfaces/cmake/ament_cmake_export_dependencies-extras.cmake
[2.039s] -- Up-to-date symlink: /home/ysl/ros2_ws/install/btcpp_ros2_interfaces/share/btcpp_ros2_interfaces/cmake/ament_cmake_export_include_directories-extras.cmake
[2.040s] -- Up-to-date symlink: /home/ysl/ros2_ws/install/btcpp_ros2_interfaces/share/btcpp_ros2_interfaces/cmake/ament_cmake_export_libraries-extras.cmake
[2.040s] -- Up-to-date symlink: /home/ysl/ros2_ws/install/btcpp_ros2_interfaces/share/btcpp_ros2_interfaces/cmake/ament_cmake_export_targets-extras.cmake
[2.041s] -- Up-to-date symlink: /home/ysl/ros2_ws/install/btcpp_ros2_interfaces/share/btcpp_ros2_interfaces/cmake/rosidl_cmake_export_typesupport_targets-extras.cmake
[2.042s] -- Up-to-date symlink: /home/ysl/ros2_ws/install/btcpp_ros2_interfaces/share/btcpp_ros2_interfaces/cmake/rosidl_cmake_export_typesupport_libraries-extras.cmake
[2.043s] -- Up-to-date symlink: /home/ysl/ros2_ws/install/btcpp_ros2_interfaces/share/btcpp_ros2_interfaces/cmake/btcpp_ros2_interfacesConfig.cmake
[2.043s] -- Up-to-date symlink: /home/ysl/ros2_ws/install/btcpp_ros2_interfaces/share/btcpp_ros2_interfaces/cmake/btcpp_ros2_interfacesConfig-version.cmake
[2.043s] -- Up-to-date symlink: /home/ysl/ros2_ws/install/btcpp_ros2_interfaces/share/btcpp_ros2_interfaces/package.xml
[2.047s] -- Up-to-date: /home/ysl/ros2_ws/install/btcpp_ros2_interfaces/lib/libbtcpp_ros2_interfaces__rosidl_generator_c.so
[2.049s] -- Up-to-date: /home/ysl/ros2_ws/install/btcpp_ros2_interfaces/lib/libbtcpp_ros2_interfaces__rosidl_typesupport_fastrtps_c.so
[2.051s] -- Up-to-date: /home/ysl/ros2_ws/install/btcpp_ros2_interfaces/lib/libbtcpp_ros2_interfaces__rosidl_typesupport_introspection_c.so
[2.053s] -- Up-to-date: /home/ysl/ros2_ws/install/btcpp_ros2_interfaces/lib/libbtcpp_ros2_interfaces__rosidl_typesupport_c.so
[2.055s] -- Up-to-date: /home/ysl/ros2_ws/install/btcpp_ros2_interfaces/lib/libbtcpp_ros2_interfaces__rosidl_typesupport_fastrtps_cpp.so
[2.057s] -- Up-to-date: /home/ysl/ros2_ws/install/btcpp_ros2_interfaces/lib/libbtcpp_ros2_interfaces__rosidl_typesupport_introspection_cpp.so
[2.059s] -- Up-to-date: /home/ysl/ros2_ws/install/btcpp_ros2_interfaces/lib/libbtcpp_ros2_interfaces__rosidl_typesupport_cpp.so
[2.171s] Listing '/home/ysl/ros2_ws/install/btcpp_ros2_interfaces/lib/python3.12/site-packages/btcpp_ros2_interfaces'...
[2.171s] Listing '/home/ysl/ros2_ws/install/btcpp_ros2_interfaces/lib/python3.12/site-packages/btcpp_ros2_interfaces/action'...
[2.171s] Listing '/home/ysl/ros2_ws/install/btcpp_ros2_interfaces/lib/python3.12/site-packages/btcpp_ros2_interfaces/msg'...
[2.172s] Listing '/home/ysl/ros2_ws/install/btcpp_ros2_interfaces/lib/python3.12/site-packages/btcpp_ros2_interfaces/srv'...
[2.183s] -- Up-to-date: /home/ysl/ros2_ws/install/btcpp_ros2_interfaces/lib/libbtcpp_ros2_interfaces__rosidl_generator_py.so
[2.185s] -- Up-to-date: /home/ysl/ros2_ws/install/btcpp_ros2_interfaces/share/btcpp_ros2_interfaces/cmake/export_btcpp_ros2_interfaces__rosidl_generator_cExport.cmake
[2.185s] -- Up-to-date: /home/ysl/ros2_ws/install/btcpp_ros2_interfaces/share/btcpp_ros2_interfaces/cmake/export_btcpp_ros2_interfaces__rosidl_generator_cExport-noconfig.cmake
[2.186s] -- Up-to-date: /home/ysl/ros2_ws/install/btcpp_ros2_interfaces/share/btcpp_ros2_interfaces/cmake/export_btcpp_ros2_interfaces__rosidl_typesupport_fastrtps_cExport.cmake
[2.186s] -- Up-to-date: /home/ysl/ros2_ws/install/btcpp_ros2_interfaces/share/btcpp_ros2_interfaces/cmake/export_btcpp_ros2_interfaces__rosidl_typesupport_fastrtps_cExport-noconfig.cmake
[2.188s] -- Up-to-date: /home/ysl/ros2_ws/install/btcpp_ros2_interfaces/share/btcpp_ros2_interfaces/cmake/btcpp_ros2_interfaces__rosidl_typesupport_introspection_cExport.cmake
[2.188s] -- Up-to-date: /home/ysl/ros2_ws/install/btcpp_ros2_interfaces/share/btcpp_ros2_interfaces/cmake/btcpp_ros2_interfaces__rosidl_typesupport_introspection_cExport-noconfig.cmake
[2.189s] -- Up-to-date: /home/ysl/ros2_ws/install/btcpp_ros2_interfaces/share/btcpp_ros2_interfaces/cmake/btcpp_ros2_interfaces__rosidl_typesupport_cExport.cmake
[2.189s] -- Up-to-date: /home/ysl/ros2_ws/install/btcpp_ros2_interfaces/share/btcpp_ros2_interfaces/cmake/btcpp_ros2_interfaces__rosidl_typesupport_cExport-noconfig.cmake
[2.190s] -- Up-to-date: /home/ysl/ros2_ws/install/btcpp_ros2_interfaces/share/btcpp_ros2_interfaces/cmake/export_btcpp_ros2_interfaces__rosidl_generator_cppExport.cmake
[2.191s] -- Up-to-date: /home/ysl/ros2_ws/install/btcpp_ros2_interfaces/share/btcpp_ros2_interfaces/cmake/export_btcpp_ros2_interfaces__rosidl_typesupport_fastrtps_cppExport.cmake
[2.191s] -- Up-to-date: /home/ysl/ros2_ws/install/btcpp_ros2_interfaces/share/btcpp_ros2_interfaces/cmake/export_btcpp_ros2_interfaces__rosidl_typesupport_fastrtps_cppExport-noconfig.cmake
[2.192s] -- Up-to-date: /home/ysl/ros2_ws/install/btcpp_ros2_interfaces/share/btcpp_ros2_interfaces/cmake/btcpp_ros2_interfaces__rosidl_typesupport_introspection_cppExport.cmake
[2.193s] -- Up-to-date: /home/ysl/ros2_ws/install/btcpp_ros2_interfaces/share/btcpp_ros2_interfaces/cmake/btcpp_ros2_interfaces__rosidl_typesupport_introspection_cppExport-noconfig.cmake
[2.194s] -- Up-to-date: /home/ysl/ros2_ws/install/btcpp_ros2_interfaces/share/btcpp_ros2_interfaces/cmake/btcpp_ros2_interfaces__rosidl_typesupport_cppExport.cmake
[2.194s] -- Up-to-date: /home/ysl/ros2_ws/install/btcpp_ros2_interfaces/share/btcpp_ros2_interfaces/cmake/btcpp_ros2_interfaces__rosidl_typesupport_cppExport-noconfig.cmake
[2.194s] -- Up-to-date: /home/ysl/ros2_ws/install/btcpp_ros2_interfaces/share/btcpp_ros2_interfaces/cmake/export_btcpp_ros2_interfaces__rosidl_generator_pyExport.cmake
[2.195s] -- Up-to-date: /home/ysl/ros2_ws/install/btcpp_ros2_interfaces/share/btcpp_ros2_interfaces/cmake/export_btcpp_ros2_interfaces__rosidl_generator_pyExport-noconfig.cmake
[2.198s] Invoked command in '/home/ysl/ros2_ws/build/btcpp_ros2_interfaces' returned '0': CMAKE_PREFIX_PATH=${CMAKE_PREFIX_PATH}:/opt/ros/jazzy /usr/bin/cmake --install /home/ysl/ros2_ws/build/btcpp_ros2_interfaces
