[0.018s] Invoking command in '/home/ysl/ros2_ws/build/rm_interfaces': CMAKE_PREFIX_PATH=${CMAKE_PREFIX_PATH}:/opt/ros/jazzy /usr/bin/cmake /home/ysl/ros2_ws/rm_interfaces -DAMENT_CMAKE_SYMLINK_INSTALL=1 -DCMAKE_INSTALL_PREFIX=/home/ysl/ros2_ws/install/rm_interfaces
[0.422s] -- The C compiler identification is GNU 13.3.0
[1.936s] -- The CXX compiler identification is GNU 13.3.0
[3.287s] -- Detecting C compiler ABI info
[3.848s] -- Detecting C compiler ABI info - done
[3.864s] -- Check for working C compiler: /usr/bin/cc - skipped
[3.865s] -- Detecting C compile features
[3.866s] -- Detecting C compile features - done
[4.097s] -- Detecting CXX compiler ABI info
[4.659s] -- Detecting CXX compiler ABI info - done
[4.674s] -- Check for working CXX compiler: /usr/bin/c++ - skipped
[4.675s] -- Detecting CXX compile features
[4.675s] -- Detecting CXX compile features - done
[4.735s] -- Found ament_cmake: 2.5.4 (/opt/ros/jazzy/share/ament_cmake/cmake)
[4.979s] -- Found Python3: /usr/bin/python3 (found version "3.12.3") found components: Interpreter 
[5.083s] -- Override CMake install command with custom implementation using symlinks instead of copying resources
[5.186s] -- Found rosidl_default_generators: 1.6.0 (/opt/ros/jazzy/share/rosidl_default_generators/cmake)
[5.210s] -- Using all available rosidl_typesupport_c: rosidl_typesupport_fastrtps_c;rosidl_typesupport_introspection_c
[5.651s] -- Using all available rosidl_typesupport_cpp: rosidl_typesupport_fastrtps_cpp;rosidl_typesupport_introspection_cpp
[5.774s] -- Found rosidl_adapter: 4.6.5 (/opt/ros/jazzy/share/rosidl_adapter/cmake)
[5.785s] -- Found geometry_msgs: 5.3.6 (/opt/ros/jazzy/share/geometry_msgs/cmake)
[6.369s] [31mCMake Error at /opt/ros/jazzy/share/rosidl_adapter/cmake/rosidl_adapt_interfaces.cmake:57 (message):
[6.369s]   execute_process(/usr/bin/python3 -m rosidl_adapter --package-name
[6.369s]   rm_interfaces --arguments-file
[6.369s]   /home/ysl/ros2_ws/build/rm_interfaces/rosidl_adapter__arguments__rm_interfaces.json
[6.370s]   --output-dir
[6.370s]   /home/ysl/ros2_ws/build/rm_interfaces/rosidl_adapter/rm_interfaces
[6.370s]   --output-file
[6.370s]   /home/ysl/ros2_ws/build/rm_interfaces/rosidl_adapter/rm_interfaces.idls)
[6.370s]   returned error code 1:
[6.370s] 
[6.370s]   Error processing 'float hp' of 'rm_interfaces/JudgeSystemData': ''float' is
[6.370s]   an invalid message name.  It should have the pattern '^[A-Z][A-Za-z0-9]*$''
[6.370s] 
[6.370s]   Traceback (most recent call last):
[6.370s] 
[6.371s]     File "<frozen runpy>", line 198, in _run_module_as_main
[6.371s]     File "<frozen runpy>", line 88, in _run_code
[6.371s]     File "/opt/ros/jazzy/lib/python3.12/site-packages/rosidl_adapter/__main__.py", line 19, in <module>
[6.371s]       sys.exit(main())
[6.371s]                ^^^^^^
[6.371s]     File "/opt/ros/jazzy/lib/python3.12/site-packages/rosidl_adapter/main.py", line 53, in main
[6.371s]       abs_idl_file = convert_to_idl(
[6.371s]                      ^^^^^^^^^^^^^^^
[6.371s]     File "/opt/ros/jazzy/lib/python3.12/site-packages/rosidl_adapter/__init__.py", line 19, in convert_to_idl
[6.371s]       return convert_msg_to_idl(
[6.372s]              ^^^^^^^^^^^^^^^^^^^
[6.372s]     File "/opt/ros/jazzy/lib/python3.12/site-packages/rosidl_adapter/msg/__init__.py", line 28, in convert_msg_to_idl
[6.372s]       msg = parse_message_string(package_name, input_file.stem, content)
[6.372s]             ^^^^^^^^^^^^^^^^^^^^^^^^^^^^^^^^^^^^^^^^^^^^^^^^^^^^^^^^^^^^
[6.372s]     File "/opt/ros/jazzy/lib/python3.12/site-packages/rosidl_adapter/parser.py", line 521, in parse_message_string
[6.372s]       Type(type_string, context_package_name=pkg_name),
[6.372s]       ^^^^^^^^^^^^^^^^^^^^^^^^^^^^^^^^^^^^^^^^^^^^^^^^
[6.372s]     File "/opt/ros/jazzy/lib/python3.12/site-packages/rosidl_adapter/parser.py", line 278, in __init__
[6.372s]       super(Type, self).__init__(
[6.372s]     File "/opt/ros/jazzy/lib/python3.12/site-packages/rosidl_adapter/parser.py", line 206, in __init__
[6.372s]       raise InvalidResourceName(
[6.373s] 
[6.373s]   rosidl_adapter.parser.InvalidResourceName: 'float' is an invalid message
[6.373s]   name.  It should have the pattern '^[A-Z][A-Za-z0-9]*$'
[6.373s] 
[6.373s] Call Stack (most recent call first):
[6.373s]   /opt/ros/jazzy/share/rosidl_cmake/cmake/rosidl_generate_interfaces.cmake:132 (rosidl_adapt_interfaces)
[6.373s]   CMakeLists.txt:13 (rosidl_generate_interfaces)
[6.373s] 
[6.373s] [0m
[6.373s] -- Configuring incomplete, errors occurred!
[6.385s] Invoked command in '/home/ysl/ros2_ws/build/rm_interfaces' returned '1': CMAKE_PREFIX_PATH=${CMAKE_PREFIX_PATH}:/opt/ros/jazzy /usr/bin/cmake /home/ysl/ros2_ws/rm_interfaces -DAMENT_CMAKE_SYMLINK_INSTALL=1 -DCMAKE_INSTALL_PREFIX=/home/ysl/ros2_ws/install/rm_interfaces
