[0.039s] Invoking command in '/home/ysl/ros2_ws/build/rm_interfaces': CMAKE_PREFIX_PATH=${CMAKE_PREFIX_PATH}:/opt/ros/jazzy /usr/bin/cmake --build /home/ysl/ros2_ws/build/rm_interfaces -- -j12 -l12
[0.459s] [  0%] Built target rm_interfaces__rosidl_generator_type_description
[0.663s] [  0%] Built target ament_cmake_python_symlink_rm_interfaces
[0.921s] [ 28%] Built target rm_interfaces__rosidl_generator_c
[1.735s] running egg_info
[1.794s] writing rm_interfaces.egg-info/PKG-INFO
[1.796s] writing dependency_links to rm_interfaces.egg-info/dependency_links.txt
[1.797s] writing top-level names to rm_interfaces.egg-info/top_level.txt
[1.965s] reading manifest file 'rm_interfaces.egg-info/SOURCES.txt'
[1.968s] writing manifest file 'rm_interfaces.egg-info/SOURCES.txt'
[2.085s] [ 28%] Built target ament_cmake_python_build_rm_interfaces_egg
[2.182s] [ 38%] Built target rm_interfaces__rosidl_typesupport_c
[2.280s] [ 48%] Built target rm_interfaces__rosidl_typesupport_introspection_c
[2.394s] [ 58%] Built target rm_interfaces__rosidl_typesupport_fastrtps_c
[2.483s] [ 58%] Built target rm_interfaces__cpp
[2.594s] [ 68%] Built target rm_interfaces__rosidl_typesupport_cpp
[2.701s] [ 78%] Built target rm_interfaces__rosidl_typesupport_introspection_cpp
[2.840s] [ 87%] Built target rm_interfaces__rosidl_typesupport_fastrtps_cpp
[2.924s] [ 87%] Built target rm_interfaces
[3.008s] [ 87%] Built target rm_interfaces__py
[3.158s] [ 97%] Built target rm_interfaces__rosidl_generator_py
[3.241s] [ 98%] Built target rm_interfaces_s__rosidl_typesupport_fastrtps_c
[3.303s] [ 99%] Built target rm_interfaces_s__rosidl_typesupport_c
[3.367s] [100%] Built target rm_interfaces_s__rosidl_typesupport_introspection_c
[3.404s] Invoked command in '/home/ysl/ros2_ws/build/rm_interfaces' returned '0': CMAKE_PREFIX_PATH=${CMAKE_PREFIX_PATH}:/opt/ros/jazzy /usr/bin/cmake --build /home/ysl/ros2_ws/build/rm_interfaces -- -j12 -l12
[3.436s] Invoking command in '/home/ysl/ros2_ws/build/rm_interfaces': CMAKE_PREFIX_PATH=${CMAKE_PREFIX_PATH}:/opt/ros/jazzy /usr/bin/cmake --install /home/ysl/ros2_ws/build/rm_interfaces
[3.466s] -- Install configuration: ""
[3.471s] -- Execute custom install script
[3.473s] -- Up-to-date symlink: /home/ysl/ros2_ws/install/rm_interfaces/share/ament_index/resource_index/rosidl_interfaces/rm_interfaces
[3.474s] -- Up-to-date symlink: /home/ysl/ros2_ws/install/rm_interfaces/share/rm_interfaces/msg/Armor.json
[3.474s] -- Up-to-date symlink: /home/ysl/ros2_ws/install/rm_interfaces/share/rm_interfaces/msg/Armors.json
[3.475s] -- Up-to-date symlink: /home/ysl/ros2_ws/install/rm_interfaces/share/rm_interfaces/msg/Target.json
[3.475s] -- Up-to-date symlink: /home/ysl/ros2_ws/install/rm_interfaces/share/rm_interfaces/msg/RuneTarget.json
[3.476s] -- Up-to-date symlink: /home/ysl/ros2_ws/install/rm_interfaces/share/rm_interfaces/msg/Point2d.json
[3.476s] -- Up-to-date symlink: /home/ysl/ros2_ws/install/rm_interfaces/share/rm_interfaces/msg/GimbalCmd.json
[3.476s] -- Up-to-date symlink: /home/ysl/ros2_ws/install/rm_interfaces/share/rm_interfaces/msg/ChassisCmd.json
[3.477s] -- Up-to-date symlink: /home/ysl/ros2_ws/install/rm_interfaces/share/rm_interfaces/msg/DebugLight.json
[3.477s] -- Up-to-date symlink: /home/ysl/ros2_ws/install/rm_interfaces/share/rm_interfaces/msg/DebugLights.json
[3.478s] -- Up-to-date symlink: /home/ysl/ros2_ws/install/rm_interfaces/share/rm_interfaces/msg/DebugArmor.json
[3.478s] -- Up-to-date symlink: /home/ysl/ros2_ws/install/rm_interfaces/share/rm_interfaces/msg/DebugArmors.json
[3.479s] -- Up-to-date symlink: /home/ysl/ros2_ws/install/rm_interfaces/share/rm_interfaces/msg/DebugRuneAngle.json
[3.479s] -- Up-to-date symlink: /home/ysl/ros2_ws/install/rm_interfaces/share/rm_interfaces/msg/Measurement.json
[3.480s] -- Up-to-date symlink: /home/ysl/ros2_ws/install/rm_interfaces/share/rm_interfaces/msg/JudgeSystemData.json
[3.480s] -- Up-to-date symlink: /home/ysl/ros2_ws/install/rm_interfaces/share/rm_interfaces/msg/OperatorCommand.json
[3.481s] -- Up-to-date symlink: /home/ysl/ros2_ws/install/rm_interfaces/share/rm_interfaces/msg/SerialReceiveData.json
[3.483s] -- Up-to-date symlink: /home/ysl/ros2_ws/install/rm_interfaces/share/rm_interfaces/msg/EkfP.json
[3.484s] -- Up-to-date symlink: /home/ysl/ros2_ws/install/rm_interfaces/share/rm_interfaces/msg/Want.json
[3.484s] -- Up-to-date symlink: /home/ysl/ros2_ws/install/rm_interfaces/share/rm_interfaces/msg/LimitAngle.json
[3.484s] -- Up-to-date symlink: /home/ysl/ros2_ws/install/rm_interfaces/share/rm_interfaces/msg/ShootFireTarget.json
[3.484s] -- Up-to-date symlink: /home/ysl/ros2_ws/install/rm_interfaces/share/rm_interfaces/msg/ShootFireTargets.json
[3.485s] -- Up-to-date symlink: /home/ysl/ros2_ws/install/rm_interfaces/share/rm_interfaces/srv/SetMode.json
[3.492s] -- Up-to-date symlink: /home/ysl/ros2_ws/install/rm_interfaces/include/rm_interfaces/rm_interfaces/msg/armor.h
[3.493s] -- Up-to-date symlink: /home/ysl/ros2_ws/install/rm_interfaces/include/rm_interfaces/rm_interfaces/msg/armors.h
[3.494s] -- Up-to-date symlink: /home/ysl/ros2_ws/install/rm_interfaces/include/rm_interfaces/rm_interfaces/msg/chassis_cmd.h
[3.494s] -- Up-to-date symlink: /home/ysl/ros2_ws/install/rm_interfaces/include/rm_interfaces/rm_interfaces/msg/debug_armor.h
[3.495s] -- Up-to-date symlink: /home/ysl/ros2_ws/install/rm_interfaces/include/rm_interfaces/rm_interfaces/msg/debug_armors.h
[3.496s] -- Up-to-date symlink: /home/ysl/ros2_ws/install/rm_interfaces/include/rm_interfaces/rm_interfaces/msg/debug_light.h
[3.497s] -- Up-to-date symlink: /home/ysl/ros2_ws/install/rm_interfaces/include/rm_interfaces/rm_interfaces/msg/debug_lights.h
[3.498s] -- Up-to-date symlink: /home/ysl/ros2_ws/install/rm_interfaces/include/rm_interfaces/rm_interfaces/msg/debug_rune_angle.h
[3.499s] -- Up-to-date symlink: /home/ysl/ros2_ws/install/rm_interfaces/include/rm_interfaces/rm_interfaces/msg/detail/armor__functions.h
[3.500s] -- Up-to-date symlink: /home/ysl/ros2_ws/install/rm_interfaces/include/rm_interfaces/rm_interfaces/msg/detail/armor__struct.h
[3.501s] -- Up-to-date symlink: /home/ysl/ros2_ws/install/rm_interfaces/include/rm_interfaces/rm_interfaces/msg/detail/armor__type_support.h
[3.501s] -- Up-to-date symlink: /home/ysl/ros2_ws/install/rm_interfaces/include/rm_interfaces/rm_interfaces/msg/detail/armors__functions.h
[3.505s] -- Up-to-date symlink: /home/ysl/ros2_ws/install/rm_interfaces/include/rm_interfaces/rm_interfaces/msg/detail/armors__struct.h
[3.505s] -- Up-to-date symlink: /home/ysl/ros2_ws/install/rm_interfaces/include/rm_interfaces/rm_interfaces/msg/detail/armors__type_support.h
[3.506s] -- Up-to-date symlink: /home/ysl/ros2_ws/install/rm_interfaces/include/rm_interfaces/rm_interfaces/msg/detail/chassis_cmd__functions.h
[3.506s] -- Up-to-date symlink: /home/ysl/ros2_ws/install/rm_interfaces/include/rm_interfaces/rm_interfaces/msg/detail/chassis_cmd__struct.h
[3.507s] -- Up-to-date symlink: /home/ysl/ros2_ws/install/rm_interfaces/include/rm_interfaces/rm_interfaces/msg/detail/chassis_cmd__type_support.h
[3.507s] -- Up-to-date symlink: /home/ysl/ros2_ws/install/rm_interfaces/include/rm_interfaces/rm_interfaces/msg/detail/debug_armor__functions.h
[3.509s] -- Up-to-date symlink: /home/ysl/ros2_ws/install/rm_interfaces/include/rm_interfaces/rm_interfaces/msg/detail/debug_armor__struct.h
[3.510s] -- Up-to-date symlink: /home/ysl/ros2_ws/install/rm_interfaces/include/rm_interfaces/rm_interfaces/msg/detail/debug_armor__type_support.h
[3.510s] -- Up-to-date symlink: /home/ysl/ros2_ws/install/rm_interfaces/include/rm_interfaces/rm_interfaces/msg/detail/debug_armors__functions.h
[3.510s] -- Up-to-date symlink: /home/ysl/ros2_ws/install/rm_interfaces/include/rm_interfaces/rm_interfaces/msg/detail/debug_armors__struct.h
[3.510s] -- Up-to-date symlink: /home/ysl/ros2_ws/install/rm_interfaces/include/rm_interfaces/rm_interfaces/msg/detail/debug_armors__type_support.h
[3.510s] -- Up-to-date symlink: /home/ysl/ros2_ws/install/rm_interfaces/include/rm_interfaces/rm_interfaces/msg/detail/debug_light__functions.h
[3.511s] -- Up-to-date symlink: /home/ysl/ros2_ws/install/rm_interfaces/include/rm_interfaces/rm_interfaces/msg/detail/debug_light__struct.h
[3.511s] -- Up-to-date symlink: /home/ysl/ros2_ws/install/rm_interfaces/include/rm_interfaces/rm_interfaces/msg/detail/debug_light__type_support.h
[3.512s] -- Up-to-date symlink: /home/ysl/ros2_ws/install/rm_interfaces/include/rm_interfaces/rm_interfaces/msg/detail/debug_lights__functions.h
[3.512s] -- Up-to-date symlink: /home/ysl/ros2_ws/install/rm_interfaces/include/rm_interfaces/rm_interfaces/msg/detail/debug_lights__struct.h
[3.513s] -- Up-to-date symlink: /home/ysl/ros2_ws/install/rm_interfaces/include/rm_interfaces/rm_interfaces/msg/detail/debug_lights__type_support.h
[3.513s] -- Up-to-date symlink: /home/ysl/ros2_ws/install/rm_interfaces/include/rm_interfaces/rm_interfaces/msg/detail/debug_rune_angle__functions.h
[3.514s] -- Up-to-date symlink: /home/ysl/ros2_ws/install/rm_interfaces/include/rm_interfaces/rm_interfaces/msg/detail/debug_rune_angle__struct.h
[3.515s] -- Up-to-date symlink: /home/ysl/ros2_ws/install/rm_interfaces/include/rm_interfaces/rm_interfaces/msg/detail/debug_rune_angle__type_support.h
[3.515s] -- Up-to-date symlink: /home/ysl/ros2_ws/install/rm_interfaces/include/rm_interfaces/rm_interfaces/msg/detail/ekf_p__functions.h
[3.516s] -- Up-to-date symlink: /home/ysl/ros2_ws/install/rm_interfaces/include/rm_interfaces/rm_interfaces/msg/detail/ekf_p__struct.h
[3.516s] -- Up-to-date symlink: /home/ysl/ros2_ws/install/rm_interfaces/include/rm_interfaces/rm_interfaces/msg/detail/ekf_p__type_support.h
[3.517s] -- Up-to-date symlink: /home/ysl/ros2_ws/install/rm_interfaces/include/rm_interfaces/rm_interfaces/msg/detail/gimbal_cmd__functions.h
[3.517s] -- Up-to-date symlink: /home/ysl/ros2_ws/install/rm_interfaces/include/rm_interfaces/rm_interfaces/msg/detail/gimbal_cmd__struct.h
[3.520s] -- Up-to-date symlink: /home/ysl/ros2_ws/install/rm_interfaces/include/rm_interfaces/rm_interfaces/msg/detail/gimbal_cmd__type_support.h
[3.521s] -- Up-to-date symlink: /home/ysl/ros2_ws/install/rm_interfaces/include/rm_interfaces/rm_interfaces/msg/detail/judge_system_data__functions.h
[3.522s] -- Up-to-date symlink: /home/ysl/ros2_ws/install/rm_interfaces/include/rm_interfaces/rm_interfaces/msg/detail/judge_system_data__struct.h
[3.522s] -- Up-to-date symlink: /home/ysl/ros2_ws/install/rm_interfaces/include/rm_interfaces/rm_interfaces/msg/detail/judge_system_data__type_support.h
[3.523s] -- Up-to-date symlink: /home/ysl/ros2_ws/install/rm_interfaces/include/rm_interfaces/rm_interfaces/msg/detail/limit_angle__functions.h
[3.523s] -- Up-to-date symlink: /home/ysl/ros2_ws/install/rm_interfaces/include/rm_interfaces/rm_interfaces/msg/detail/limit_angle__struct.h
[3.524s] -- Up-to-date symlink: /home/ysl/ros2_ws/install/rm_interfaces/include/rm_interfaces/rm_interfaces/msg/detail/limit_angle__type_support.h
[3.524s] -- Up-to-date symlink: /home/ysl/ros2_ws/install/rm_interfaces/include/rm_interfaces/rm_interfaces/msg/detail/measurement__functions.h
[3.525s] -- Up-to-date symlink: /home/ysl/ros2_ws/install/rm_interfaces/include/rm_interfaces/rm_interfaces/msg/detail/measurement__struct.h
[3.526s] -- Up-to-date symlink: /home/ysl/ros2_ws/install/rm_interfaces/include/rm_interfaces/rm_interfaces/msg/detail/measurement__type_support.h
[3.527s] -- Up-to-date symlink: /home/ysl/ros2_ws/install/rm_interfaces/include/rm_interfaces/rm_interfaces/msg/detail/operator_command__functions.h
[3.528s] -- Up-to-date symlink: /home/ysl/ros2_ws/install/rm_interfaces/include/rm_interfaces/rm_interfaces/msg/detail/operator_command__struct.h
[3.528s] -- Up-to-date symlink: /home/ysl/ros2_ws/install/rm_interfaces/include/rm_interfaces/rm_interfaces/msg/detail/operator_command__type_support.h
[3.528s] -- Up-to-date symlink: /home/ysl/ros2_ws/install/rm_interfaces/include/rm_interfaces/rm_interfaces/msg/detail/point2d__functions.h
[3.528s] -- Up-to-date symlink: /home/ysl/ros2_ws/install/rm_interfaces/include/rm_interfaces/rm_interfaces/msg/detail/point2d__struct.h
[3.529s] -- Up-to-date symlink: /home/ysl/ros2_ws/install/rm_interfaces/include/rm_interfaces/rm_interfaces/msg/detail/point2d__type_support.h
[3.530s] -- Up-to-date symlink: /home/ysl/ros2_ws/install/rm_interfaces/include/rm_interfaces/rm_interfaces/msg/detail/rune_target__functions.h
[3.530s] -- Up-to-date symlink: /home/ysl/ros2_ws/install/rm_interfaces/include/rm_interfaces/rm_interfaces/msg/detail/rune_target__struct.h
[3.531s] -- Up-to-date symlink: /home/ysl/ros2_ws/install/rm_interfaces/include/rm_interfaces/rm_interfaces/msg/detail/rune_target__type_support.h
[3.531s] -- Up-to-date symlink: /home/ysl/ros2_ws/install/rm_interfaces/include/rm_interfaces/rm_interfaces/msg/detail/serial_receive_data__functions.h
[3.531s] -- Up-to-date symlink: /home/ysl/ros2_ws/install/rm_interfaces/include/rm_interfaces/rm_interfaces/msg/detail/serial_receive_data__struct.h
[3.532s] -- Up-to-date symlink: /home/ysl/ros2_ws/install/rm_interfaces/include/rm_interfaces/rm_interfaces/msg/detail/serial_receive_data__type_support.h
[3.533s] -- Up-to-date symlink: /home/ysl/ros2_ws/install/rm_interfaces/include/rm_interfaces/rm_interfaces/msg/detail/shoot_fire_target__functions.h
[3.534s] -- Up-to-date symlink: /home/ysl/ros2_ws/install/rm_interfaces/include/rm_interfaces/rm_interfaces/msg/detail/shoot_fire_target__struct.h
[3.534s] -- Up-to-date symlink: /home/ysl/ros2_ws/install/rm_interfaces/include/rm_interfaces/rm_interfaces/msg/detail/shoot_fire_target__type_support.h
[3.536s] -- Up-to-date symlink: /home/ysl/ros2_ws/install/rm_interfaces/include/rm_interfaces/rm_interfaces/msg/detail/shoot_fire_targets__functions.h
[3.539s] -- Up-to-date symlink: /home/ysl/ros2_ws/install/rm_interfaces/include/rm_interfaces/rm_interfaces/msg/detail/shoot_fire_targets__struct.h
[3.540s] -- Up-to-date symlink: /home/ysl/ros2_ws/install/rm_interfaces/include/rm_interfaces/rm_interfaces/msg/detail/shoot_fire_targets__type_support.h
[3.541s] -- Up-to-date symlink: /home/ysl/ros2_ws/install/rm_interfaces/include/rm_interfaces/rm_interfaces/msg/detail/target__functions.h
[3.542s] -- Up-to-date symlink: /home/ysl/ros2_ws/install/rm_interfaces/include/rm_interfaces/rm_interfaces/msg/detail/target__struct.h
[3.542s] -- Up-to-date symlink: /home/ysl/ros2_ws/install/rm_interfaces/include/rm_interfaces/rm_interfaces/msg/detail/target__type_support.h
[3.543s] -- Up-to-date symlink: /home/ysl/ros2_ws/install/rm_interfaces/include/rm_interfaces/rm_interfaces/msg/detail/want__functions.h
[3.544s] -- Up-to-date symlink: /home/ysl/ros2_ws/install/rm_interfaces/include/rm_interfaces/rm_interfaces/msg/detail/want__struct.h
[3.545s] -- Up-to-date symlink: /home/ysl/ros2_ws/install/rm_interfaces/include/rm_interfaces/rm_interfaces/msg/detail/want__type_support.h
[3.545s] -- Up-to-date symlink: /home/ysl/ros2_ws/install/rm_interfaces/include/rm_interfaces/rm_interfaces/msg/ekf_p.h
[3.546s] -- Up-to-date symlink: /home/ysl/ros2_ws/install/rm_interfaces/include/rm_interfaces/rm_interfaces/msg/gimbal_cmd.h
[3.546s] -- Up-to-date symlink: /home/ysl/ros2_ws/install/rm_interfaces/include/rm_interfaces/rm_interfaces/msg/judge_system_data.h
[3.547s] -- Up-to-date symlink: /home/ysl/ros2_ws/install/rm_interfaces/include/rm_interfaces/rm_interfaces/msg/limit_angle.h
[3.548s] -- Up-to-date symlink: /home/ysl/ros2_ws/install/rm_interfaces/include/rm_interfaces/rm_interfaces/msg/measurement.h
[3.548s] -- Up-to-date symlink: /home/ysl/ros2_ws/install/rm_interfaces/include/rm_interfaces/rm_interfaces/msg/operator_command.h
[3.549s] -- Up-to-date symlink: /home/ysl/ros2_ws/install/rm_interfaces/include/rm_interfaces/rm_interfaces/msg/point2d.h
[3.550s] -- Up-to-date symlink: /home/ysl/ros2_ws/install/rm_interfaces/include/rm_interfaces/rm_interfaces/msg/rosidl_generator_c__visibility_control.h
[3.551s] -- Up-to-date symlink: /home/ysl/ros2_ws/install/rm_interfaces/include/rm_interfaces/rm_interfaces/msg/rune_target.h
[3.553s] -- Up-to-date symlink: /home/ysl/ros2_ws/install/rm_interfaces/include/rm_interfaces/rm_interfaces/msg/serial_receive_data.h
[3.553s] -- Up-to-date symlink: /home/ysl/ros2_ws/install/rm_interfaces/include/rm_interfaces/rm_interfaces/msg/shoot_fire_target.h
[3.554s] -- Up-to-date symlink: /home/ysl/ros2_ws/install/rm_interfaces/include/rm_interfaces/rm_interfaces/msg/shoot_fire_targets.h
[3.555s] -- Up-to-date symlink: /home/ysl/ros2_ws/install/rm_interfaces/include/rm_interfaces/rm_interfaces/msg/target.h
[3.555s] -- Up-to-date symlink: /home/ysl/ros2_ws/install/rm_interfaces/include/rm_interfaces/rm_interfaces/msg/want.h
[3.556s] -- Up-to-date symlink: /home/ysl/ros2_ws/install/rm_interfaces/include/rm_interfaces/rm_interfaces/srv/detail/set_mode__functions.h
[3.556s] -- Up-to-date symlink: /home/ysl/ros2_ws/install/rm_interfaces/include/rm_interfaces/rm_interfaces/srv/detail/set_mode__struct.h
[3.557s] -- Up-to-date symlink: /home/ysl/ros2_ws/install/rm_interfaces/include/rm_interfaces/rm_interfaces/srv/detail/set_mode__type_support.h
[3.558s] -- Up-to-date symlink: /home/ysl/ros2_ws/install/rm_interfaces/include/rm_interfaces/rm_interfaces/srv/set_mode.h
[3.558s] -- Up-to-date symlink: /home/ysl/ros2_ws/install/rm_interfaces/share/rm_interfaces/environment/library_path.sh
[3.559s] -- Up-to-date symlink: /home/ysl/ros2_ws/install/rm_interfaces/share/rm_interfaces/environment/library_path.dsv
[3.561s] -- Up-to-date symlink: /home/ysl/ros2_ws/install/rm_interfaces/include/rm_interfaces/rm_interfaces/msg/detail/armor__rosidl_typesupport_fastrtps_c.h
[3.562s] -- Up-to-date symlink: /home/ysl/ros2_ws/install/rm_interfaces/include/rm_interfaces/rm_interfaces/msg/detail/armors__rosidl_typesupport_fastrtps_c.h
[3.563s] -- Up-to-date symlink: /home/ysl/ros2_ws/install/rm_interfaces/include/rm_interfaces/rm_interfaces/msg/detail/chassis_cmd__rosidl_typesupport_fastrtps_c.h
[3.563s] -- Up-to-date symlink: /home/ysl/ros2_ws/install/rm_interfaces/include/rm_interfaces/rm_interfaces/msg/detail/debug_armor__rosidl_typesupport_fastrtps_c.h
[3.564s] -- Up-to-date symlink: /home/ysl/ros2_ws/install/rm_interfaces/include/rm_interfaces/rm_interfaces/msg/detail/debug_armors__rosidl_typesupport_fastrtps_c.h
[3.565s] -- Up-to-date symlink: /home/ysl/ros2_ws/install/rm_interfaces/include/rm_interfaces/rm_interfaces/msg/detail/debug_light__rosidl_typesupport_fastrtps_c.h
[3.566s] -- Up-to-date symlink: /home/ysl/ros2_ws/install/rm_interfaces/include/rm_interfaces/rm_interfaces/msg/detail/debug_lights__rosidl_typesupport_fastrtps_c.h
[3.567s] -- Up-to-date symlink: /home/ysl/ros2_ws/install/rm_interfaces/include/rm_interfaces/rm_interfaces/msg/detail/debug_rune_angle__rosidl_typesupport_fastrtps_c.h
[3.568s] -- Up-to-date symlink: /home/ysl/ros2_ws/install/rm_interfaces/include/rm_interfaces/rm_interfaces/msg/detail/ekf_p__rosidl_typesupport_fastrtps_c.h
[3.568s] -- Up-to-date symlink: /home/ysl/ros2_ws/install/rm_interfaces/include/rm_interfaces/rm_interfaces/msg/detail/gimbal_cmd__rosidl_typesupport_fastrtps_c.h
[3.569s] -- Up-to-date symlink: /home/ysl/ros2_ws/install/rm_interfaces/include/rm_interfaces/rm_interfaces/msg/detail/judge_system_data__rosidl_typesupport_fastrtps_c.h
[3.570s] -- Up-to-date symlink: /home/ysl/ros2_ws/install/rm_interfaces/include/rm_interfaces/rm_interfaces/msg/detail/limit_angle__rosidl_typesupport_fastrtps_c.h
[3.570s] -- Up-to-date symlink: /home/ysl/ros2_ws/install/rm_interfaces/include/rm_interfaces/rm_interfaces/msg/detail/measurement__rosidl_typesupport_fastrtps_c.h
[3.571s] -- Up-to-date symlink: /home/ysl/ros2_ws/install/rm_interfaces/include/rm_interfaces/rm_interfaces/msg/detail/operator_command__rosidl_typesupport_fastrtps_c.h
[3.572s] -- Up-to-date symlink: /home/ysl/ros2_ws/install/rm_interfaces/include/rm_interfaces/rm_interfaces/msg/detail/point2d__rosidl_typesupport_fastrtps_c.h
[3.572s] -- Up-to-date symlink: /home/ysl/ros2_ws/install/rm_interfaces/include/rm_interfaces/rm_interfaces/msg/detail/rune_target__rosidl_typesupport_fastrtps_c.h
[3.573s] -- Up-to-date symlink: /home/ysl/ros2_ws/install/rm_interfaces/include/rm_interfaces/rm_interfaces/msg/detail/serial_receive_data__rosidl_typesupport_fastrtps_c.h
[3.574s] -- Up-to-date symlink: /home/ysl/ros2_ws/install/rm_interfaces/include/rm_interfaces/rm_interfaces/msg/detail/shoot_fire_target__rosidl_typesupport_fastrtps_c.h
[3.579s] -- Up-to-date symlink: /home/ysl/ros2_ws/install/rm_interfaces/include/rm_interfaces/rm_interfaces/msg/detail/shoot_fire_targets__rosidl_typesupport_fastrtps_c.h
[3.581s] -- Up-to-date symlink: /home/ysl/ros2_ws/install/rm_interfaces/include/rm_interfaces/rm_interfaces/msg/detail/target__rosidl_typesupport_fastrtps_c.h
[3.582s] -- Up-to-date symlink: /home/ysl/ros2_ws/install/rm_interfaces/include/rm_interfaces/rm_interfaces/msg/detail/want__rosidl_typesupport_fastrtps_c.h
[3.583s] -- Up-to-date symlink: /home/ysl/ros2_ws/install/rm_interfaces/include/rm_interfaces/rm_interfaces/msg/rosidl_typesupport_fastrtps_c__visibility_control.h
[3.585s] -- Up-to-date symlink: /home/ysl/ros2_ws/install/rm_interfaces/include/rm_interfaces/rm_interfaces/srv/detail/set_mode__rosidl_typesupport_fastrtps_c.h
[3.587s] -- Up-to-date symlink: /home/ysl/ros2_ws/install/rm_interfaces/include/rm_interfaces/rm_interfaces/msg/detail/armor__rosidl_typesupport_introspection_c.h
[3.588s] -- Up-to-date symlink: /home/ysl/ros2_ws/install/rm_interfaces/include/rm_interfaces/rm_interfaces/msg/detail/armors__rosidl_typesupport_introspection_c.h
[3.589s] -- Up-to-date symlink: /home/ysl/ros2_ws/install/rm_interfaces/include/rm_interfaces/rm_interfaces/msg/detail/chassis_cmd__rosidl_typesupport_introspection_c.h
[3.590s] -- Up-to-date symlink: /home/ysl/ros2_ws/install/rm_interfaces/include/rm_interfaces/rm_interfaces/msg/detail/debug_armor__rosidl_typesupport_introspection_c.h
[3.591s] -- Up-to-date symlink: /home/ysl/ros2_ws/install/rm_interfaces/include/rm_interfaces/rm_interfaces/msg/detail/debug_armors__rosidl_typesupport_introspection_c.h
[3.591s] -- Up-to-date symlink: /home/ysl/ros2_ws/install/rm_interfaces/include/rm_interfaces/rm_interfaces/msg/detail/debug_light__rosidl_typesupport_introspection_c.h
[3.592s] -- Up-to-date symlink: /home/ysl/ros2_ws/install/rm_interfaces/include/rm_interfaces/rm_interfaces/msg/detail/debug_lights__rosidl_typesupport_introspection_c.h
[3.593s] -- Up-to-date symlink: /home/ysl/ros2_ws/install/rm_interfaces/include/rm_interfaces/rm_interfaces/msg/detail/debug_rune_angle__rosidl_typesupport_introspection_c.h
[3.594s] -- Up-to-date symlink: /home/ysl/ros2_ws/install/rm_interfaces/include/rm_interfaces/rm_interfaces/msg/detail/ekf_p__rosidl_typesupport_introspection_c.h
[3.594s] -- Up-to-date symlink: /home/ysl/ros2_ws/install/rm_interfaces/include/rm_interfaces/rm_interfaces/msg/detail/gimbal_cmd__rosidl_typesupport_introspection_c.h
[3.595s] -- Up-to-date symlink: /home/ysl/ros2_ws/install/rm_interfaces/include/rm_interfaces/rm_interfaces/msg/detail/judge_system_data__rosidl_typesupport_introspection_c.h
[3.595s] -- Up-to-date symlink: /home/ysl/ros2_ws/install/rm_interfaces/include/rm_interfaces/rm_interfaces/msg/detail/limit_angle__rosidl_typesupport_introspection_c.h
[3.595s] -- Up-to-date symlink: /home/ysl/ros2_ws/install/rm_interfaces/include/rm_interfaces/rm_interfaces/msg/detail/measurement__rosidl_typesupport_introspection_c.h
[3.596s] -- Up-to-date symlink: /home/ysl/ros2_ws/install/rm_interfaces/include/rm_interfaces/rm_interfaces/msg/detail/operator_command__rosidl_typesupport_introspection_c.h
[3.596s] -- Up-to-date symlink: /home/ysl/ros2_ws/install/rm_interfaces/include/rm_interfaces/rm_interfaces/msg/detail/point2d__rosidl_typesupport_introspection_c.h
[3.597s] -- Up-to-date symlink: /home/ysl/ros2_ws/install/rm_interfaces/include/rm_interfaces/rm_interfaces/msg/detail/rune_target__rosidl_typesupport_introspection_c.h
[3.597s] -- Up-to-date symlink: /home/ysl/ros2_ws/install/rm_interfaces/include/rm_interfaces/rm_interfaces/msg/detail/serial_receive_data__rosidl_typesupport_introspection_c.h
[3.598s] -- Up-to-date symlink: /home/ysl/ros2_ws/install/rm_interfaces/include/rm_interfaces/rm_interfaces/msg/detail/shoot_fire_target__rosidl_typesupport_introspection_c.h
[3.598s] -- Up-to-date symlink: /home/ysl/ros2_ws/install/rm_interfaces/include/rm_interfaces/rm_interfaces/msg/detail/shoot_fire_targets__rosidl_typesupport_introspection_c.h
[3.599s] -- Up-to-date symlink: /home/ysl/ros2_ws/install/rm_interfaces/include/rm_interfaces/rm_interfaces/msg/detail/target__rosidl_typesupport_introspection_c.h
[3.599s] -- Up-to-date symlink: /home/ysl/ros2_ws/install/rm_interfaces/include/rm_interfaces/rm_interfaces/msg/detail/want__rosidl_typesupport_introspection_c.h
[3.599s] -- Up-to-date symlink: /home/ysl/ros2_ws/install/rm_interfaces/include/rm_interfaces/rm_interfaces/msg/rosidl_typesupport_introspection_c__visibility_control.h
[3.600s] -- Up-to-date symlink: /home/ysl/ros2_ws/install/rm_interfaces/include/rm_interfaces/rm_interfaces/srv/detail/set_mode__rosidl_typesupport_introspection_c.h
[3.603s] -- Up-to-date symlink: /home/ysl/ros2_ws/install/rm_interfaces/include/rm_interfaces/rm_interfaces/msg/armor.hpp
[3.604s] -- Up-to-date symlink: /home/ysl/ros2_ws/install/rm_interfaces/include/rm_interfaces/rm_interfaces/msg/armors.hpp
[3.606s] -- Up-to-date symlink: /home/ysl/ros2_ws/install/rm_interfaces/include/rm_interfaces/rm_interfaces/msg/chassis_cmd.hpp
[3.606s] -- Up-to-date symlink: /home/ysl/ros2_ws/install/rm_interfaces/include/rm_interfaces/rm_interfaces/msg/debug_armor.hpp
[3.606s] -- Up-to-date symlink: /home/ysl/ros2_ws/install/rm_interfaces/include/rm_interfaces/rm_interfaces/msg/debug_armors.hpp
[3.608s] -- Up-to-date symlink: /home/ysl/ros2_ws/install/rm_interfaces/include/rm_interfaces/rm_interfaces/msg/debug_light.hpp
[3.608s] -- Up-to-date symlink: /home/ysl/ros2_ws/install/rm_interfaces/include/rm_interfaces/rm_interfaces/msg/debug_lights.hpp
[3.608s] -- Up-to-date symlink: /home/ysl/ros2_ws/install/rm_interfaces/include/rm_interfaces/rm_interfaces/msg/debug_rune_angle.hpp
[3.609s] -- Up-to-date symlink: /home/ysl/ros2_ws/install/rm_interfaces/include/rm_interfaces/rm_interfaces/msg/detail/armor__builder.hpp
[3.609s] -- Up-to-date symlink: /home/ysl/ros2_ws/install/rm_interfaces/include/rm_interfaces/rm_interfaces/msg/detail/armor__struct.hpp
[3.609s] -- Up-to-date symlink: /home/ysl/ros2_ws/install/rm_interfaces/include/rm_interfaces/rm_interfaces/msg/detail/armor__traits.hpp
[3.610s] -- Up-to-date symlink: /home/ysl/ros2_ws/install/rm_interfaces/include/rm_interfaces/rm_interfaces/msg/detail/armor__type_support.hpp
[3.610s] -- Up-to-date symlink: /home/ysl/ros2_ws/install/rm_interfaces/include/rm_interfaces/rm_interfaces/msg/detail/armors__builder.hpp
[3.611s] -- Up-to-date symlink: /home/ysl/ros2_ws/install/rm_interfaces/include/rm_interfaces/rm_interfaces/msg/detail/armors__struct.hpp
[3.611s] -- Up-to-date symlink: /home/ysl/ros2_ws/install/rm_interfaces/include/rm_interfaces/rm_interfaces/msg/detail/armors__traits.hpp
[3.611s] -- Up-to-date symlink: /home/ysl/ros2_ws/install/rm_interfaces/include/rm_interfaces/rm_interfaces/msg/detail/armors__type_support.hpp
[3.612s] -- Up-to-date symlink: /home/ysl/ros2_ws/install/rm_interfaces/include/rm_interfaces/rm_interfaces/msg/detail/chassis_cmd__builder.hpp
[3.613s] -- Up-to-date symlink: /home/ysl/ros2_ws/install/rm_interfaces/include/rm_interfaces/rm_interfaces/msg/detail/chassis_cmd__struct.hpp
[3.627s] -- Up-to-date symlink: /home/ysl/ros2_ws/install/rm_interfaces/include/rm_interfaces/rm_interfaces/msg/detail/chassis_cmd__traits.hpp
[3.627s] -- Up-to-date symlink: /home/ysl/ros2_ws/install/rm_interfaces/include/rm_interfaces/rm_interfaces/msg/detail/chassis_cmd__type_support.hpp
[3.629s] -- Up-to-date symlink: /home/ysl/ros2_ws/install/rm_interfaces/include/rm_interfaces/rm_interfaces/msg/detail/debug_armor__builder.hpp
[3.630s] -- Up-to-date symlink: /home/ysl/ros2_ws/install/rm_interfaces/include/rm_interfaces/rm_interfaces/msg/detail/debug_armor__struct.hpp
[3.630s] -- Up-to-date symlink: /home/ysl/ros2_ws/install/rm_interfaces/include/rm_interfaces/rm_interfaces/msg/detail/debug_armor__traits.hpp
[3.631s] -- Up-to-date symlink: /home/ysl/ros2_ws/install/rm_interfaces/include/rm_interfaces/rm_interfaces/msg/detail/debug_armor__type_support.hpp
[3.631s] -- Up-to-date symlink: /home/ysl/ros2_ws/install/rm_interfaces/include/rm_interfaces/rm_interfaces/msg/detail/debug_armors__builder.hpp
[3.632s] -- Up-to-date symlink: /home/ysl/ros2_ws/install/rm_interfaces/include/rm_interfaces/rm_interfaces/msg/detail/debug_armors__struct.hpp
[3.632s] -- Up-to-date symlink: /home/ysl/ros2_ws/install/rm_interfaces/include/rm_interfaces/rm_interfaces/msg/detail/debug_armors__traits.hpp
[3.633s] -- Up-to-date symlink: /home/ysl/ros2_ws/install/rm_interfaces/include/rm_interfaces/rm_interfaces/msg/detail/debug_armors__type_support.hpp
[3.633s] -- Up-to-date symlink: /home/ysl/ros2_ws/install/rm_interfaces/include/rm_interfaces/rm_interfaces/msg/detail/debug_light__builder.hpp
[3.633s] -- Up-to-date symlink: /home/ysl/ros2_ws/install/rm_interfaces/include/rm_interfaces/rm_interfaces/msg/detail/debug_light__struct.hpp
[3.633s] -- Up-to-date symlink: /home/ysl/ros2_ws/install/rm_interfaces/include/rm_interfaces/rm_interfaces/msg/detail/debug_light__traits.hpp
[3.634s] -- Up-to-date symlink: /home/ysl/ros2_ws/install/rm_interfaces/include/rm_interfaces/rm_interfaces/msg/detail/debug_light__type_support.hpp
[3.634s] -- Up-to-date symlink: /home/ysl/ros2_ws/install/rm_interfaces/include/rm_interfaces/rm_interfaces/msg/detail/debug_lights__builder.hpp
[3.634s] -- Up-to-date symlink: /home/ysl/ros2_ws/install/rm_interfaces/include/rm_interfaces/rm_interfaces/msg/detail/debug_lights__struct.hpp
[3.634s] -- Up-to-date symlink: /home/ysl/ros2_ws/install/rm_interfaces/include/rm_interfaces/rm_interfaces/msg/detail/debug_lights__traits.hpp
[3.635s] -- Up-to-date symlink: /home/ysl/ros2_ws/install/rm_interfaces/include/rm_interfaces/rm_interfaces/msg/detail/debug_lights__type_support.hpp
[3.635s] -- Up-to-date symlink: /home/ysl/ros2_ws/install/rm_interfaces/include/rm_interfaces/rm_interfaces/msg/detail/debug_rune_angle__builder.hpp
[3.635s] -- Up-to-date symlink: /home/ysl/ros2_ws/install/rm_interfaces/include/rm_interfaces/rm_interfaces/msg/detail/debug_rune_angle__struct.hpp
[3.635s] -- Up-to-date symlink: /home/ysl/ros2_ws/install/rm_interfaces/include/rm_interfaces/rm_interfaces/msg/detail/debug_rune_angle__traits.hpp
[3.636s] -- Up-to-date symlink: /home/ysl/ros2_ws/install/rm_interfaces/include/rm_interfaces/rm_interfaces/msg/detail/debug_rune_angle__type_support.hpp
[3.636s] -- Up-to-date symlink: /home/ysl/ros2_ws/install/rm_interfaces/include/rm_interfaces/rm_interfaces/msg/detail/ekf_p__builder.hpp
[3.636s] -- Up-to-date symlink: /home/ysl/ros2_ws/install/rm_interfaces/include/rm_interfaces/rm_interfaces/msg/detail/ekf_p__struct.hpp
[3.636s] -- Up-to-date symlink: /home/ysl/ros2_ws/install/rm_interfaces/include/rm_interfaces/rm_interfaces/msg/detail/ekf_p__traits.hpp
[3.636s] -- Up-to-date symlink: /home/ysl/ros2_ws/install/rm_interfaces/include/rm_interfaces/rm_interfaces/msg/detail/ekf_p__type_support.hpp
[3.637s] -- Up-to-date symlink: /home/ysl/ros2_ws/install/rm_interfaces/include/rm_interfaces/rm_interfaces/msg/detail/gimbal_cmd__builder.hpp
[3.637s] -- Up-to-date symlink: /home/ysl/ros2_ws/install/rm_interfaces/include/rm_interfaces/rm_interfaces/msg/detail/gimbal_cmd__struct.hpp
[3.638s] -- Up-to-date symlink: /home/ysl/ros2_ws/install/rm_interfaces/include/rm_interfaces/rm_interfaces/msg/detail/gimbal_cmd__traits.hpp
[3.638s] -- Up-to-date symlink: /home/ysl/ros2_ws/install/rm_interfaces/include/rm_interfaces/rm_interfaces/msg/detail/gimbal_cmd__type_support.hpp
[3.638s] -- Up-to-date symlink: /home/ysl/ros2_ws/install/rm_interfaces/include/rm_interfaces/rm_interfaces/msg/detail/judge_system_data__builder.hpp
[3.638s] -- Up-to-date symlink: /home/ysl/ros2_ws/install/rm_interfaces/include/rm_interfaces/rm_interfaces/msg/detail/judge_system_data__struct.hpp
[3.638s] -- Up-to-date symlink: /home/ysl/ros2_ws/install/rm_interfaces/include/rm_interfaces/rm_interfaces/msg/detail/judge_system_data__traits.hpp
[3.639s] -- Up-to-date symlink: /home/ysl/ros2_ws/install/rm_interfaces/include/rm_interfaces/rm_interfaces/msg/detail/judge_system_data__type_support.hpp
[3.639s] -- Up-to-date symlink: /home/ysl/ros2_ws/install/rm_interfaces/include/rm_interfaces/rm_interfaces/msg/detail/limit_angle__builder.hpp
[3.639s] -- Up-to-date symlink: /home/ysl/ros2_ws/install/rm_interfaces/include/rm_interfaces/rm_interfaces/msg/detail/limit_angle__struct.hpp
[3.639s] -- Up-to-date symlink: /home/ysl/ros2_ws/install/rm_interfaces/include/rm_interfaces/rm_interfaces/msg/detail/limit_angle__traits.hpp
[3.639s] -- Up-to-date symlink: /home/ysl/ros2_ws/install/rm_interfaces/include/rm_interfaces/rm_interfaces/msg/detail/limit_angle__type_support.hpp
[3.640s] -- Up-to-date symlink: /home/ysl/ros2_ws/install/rm_interfaces/include/rm_interfaces/rm_interfaces/msg/detail/measurement__builder.hpp
[3.640s] -- Up-to-date symlink: /home/ysl/ros2_ws/install/rm_interfaces/include/rm_interfaces/rm_interfaces/msg/detail/measurement__struct.hpp
[3.640s] -- Up-to-date symlink: /home/ysl/ros2_ws/install/rm_interfaces/include/rm_interfaces/rm_interfaces/msg/detail/measurement__traits.hpp
[3.640s] -- Up-to-date symlink: /home/ysl/ros2_ws/install/rm_interfaces/include/rm_interfaces/rm_interfaces/msg/detail/measurement__type_support.hpp
[3.640s] -- Up-to-date symlink: /home/ysl/ros2_ws/install/rm_interfaces/include/rm_interfaces/rm_interfaces/msg/detail/operator_command__builder.hpp
[3.641s] -- Up-to-date symlink: /home/ysl/ros2_ws/install/rm_interfaces/include/rm_interfaces/rm_interfaces/msg/detail/operator_command__struct.hpp
[3.641s] -- Up-to-date symlink: /home/ysl/ros2_ws/install/rm_interfaces/include/rm_interfaces/rm_interfaces/msg/detail/operator_command__traits.hpp
[3.641s] -- Up-to-date symlink: /home/ysl/ros2_ws/install/rm_interfaces/include/rm_interfaces/rm_interfaces/msg/detail/operator_command__type_support.hpp
[3.641s] -- Up-to-date symlink: /home/ysl/ros2_ws/install/rm_interfaces/include/rm_interfaces/rm_interfaces/msg/detail/point2d__builder.hpp
[3.641s] -- Up-to-date symlink: /home/ysl/ros2_ws/install/rm_interfaces/include/rm_interfaces/rm_interfaces/msg/detail/point2d__struct.hpp
[3.647s] -- Up-to-date symlink: /home/ysl/ros2_ws/install/rm_interfaces/include/rm_interfaces/rm_interfaces/msg/detail/point2d__traits.hpp
[3.648s] -- Up-to-date symlink: /home/ysl/ros2_ws/install/rm_interfaces/include/rm_interfaces/rm_interfaces/msg/detail/point2d__type_support.hpp
[3.648s] -- Up-to-date symlink: /home/ysl/ros2_ws/install/rm_interfaces/include/rm_interfaces/rm_interfaces/msg/detail/rune_target__builder.hpp
[3.649s] -- Up-to-date symlink: /home/ysl/ros2_ws/install/rm_interfaces/include/rm_interfaces/rm_interfaces/msg/detail/rune_target__struct.hpp
[3.649s] -- Up-to-date symlink: /home/ysl/ros2_ws/install/rm_interfaces/include/rm_interfaces/rm_interfaces/msg/detail/rune_target__traits.hpp
[3.650s] -- Up-to-date symlink: /home/ysl/ros2_ws/install/rm_interfaces/include/rm_interfaces/rm_interfaces/msg/detail/rune_target__type_support.hpp
[3.651s] -- Up-to-date symlink: /home/ysl/ros2_ws/install/rm_interfaces/include/rm_interfaces/rm_interfaces/msg/detail/serial_receive_data__builder.hpp
[3.652s] -- Up-to-date symlink: /home/ysl/ros2_ws/install/rm_interfaces/include/rm_interfaces/rm_interfaces/msg/detail/serial_receive_data__struct.hpp
[3.655s] -- Up-to-date symlink: /home/ysl/ros2_ws/install/rm_interfaces/include/rm_interfaces/rm_interfaces/msg/detail/serial_receive_data__traits.hpp
[3.656s] -- Up-to-date symlink: /home/ysl/ros2_ws/install/rm_interfaces/include/rm_interfaces/rm_interfaces/msg/detail/serial_receive_data__type_support.hpp
[3.656s] -- Up-to-date symlink: /home/ysl/ros2_ws/install/rm_interfaces/include/rm_interfaces/rm_interfaces/msg/detail/shoot_fire_target__builder.hpp
[3.656s] -- Up-to-date symlink: /home/ysl/ros2_ws/install/rm_interfaces/include/rm_interfaces/rm_interfaces/msg/detail/shoot_fire_target__struct.hpp
[3.656s] -- Up-to-date symlink: /home/ysl/ros2_ws/install/rm_interfaces/include/rm_interfaces/rm_interfaces/msg/detail/shoot_fire_target__traits.hpp
[3.656s] -- Up-to-date symlink: /home/ysl/ros2_ws/install/rm_interfaces/include/rm_interfaces/rm_interfaces/msg/detail/shoot_fire_target__type_support.hpp
[3.656s] -- Up-to-date symlink: /home/ysl/ros2_ws/install/rm_interfaces/include/rm_interfaces/rm_interfaces/msg/detail/shoot_fire_targets__builder.hpp
[3.656s] -- Up-to-date symlink: /home/ysl/ros2_ws/install/rm_interfaces/include/rm_interfaces/rm_interfaces/msg/detail/shoot_fire_targets__struct.hpp
[3.656s] -- Up-to-date symlink: /home/ysl/ros2_ws/install/rm_interfaces/include/rm_interfaces/rm_interfaces/msg/detail/shoot_fire_targets__traits.hpp
[3.657s] -- Up-to-date symlink: /home/ysl/ros2_ws/install/rm_interfaces/include/rm_interfaces/rm_interfaces/msg/detail/shoot_fire_targets__type_support.hpp
[3.657s] -- Up-to-date symlink: /home/ysl/ros2_ws/install/rm_interfaces/include/rm_interfaces/rm_interfaces/msg/detail/target__builder.hpp
[3.657s] -- Up-to-date symlink: /home/ysl/ros2_ws/install/rm_interfaces/include/rm_interfaces/rm_interfaces/msg/detail/target__struct.hpp
[3.657s] -- Up-to-date symlink: /home/ysl/ros2_ws/install/rm_interfaces/include/rm_interfaces/rm_interfaces/msg/detail/target__traits.hpp
[3.657s] -- Up-to-date symlink: /home/ysl/ros2_ws/install/rm_interfaces/include/rm_interfaces/rm_interfaces/msg/detail/target__type_support.hpp
[3.657s] -- Up-to-date symlink: /home/ysl/ros2_ws/install/rm_interfaces/include/rm_interfaces/rm_interfaces/msg/detail/want__builder.hpp
[3.658s] -- Up-to-date symlink: /home/ysl/ros2_ws/install/rm_interfaces/include/rm_interfaces/rm_interfaces/msg/detail/want__struct.hpp
[3.658s] -- Up-to-date symlink: /home/ysl/ros2_ws/install/rm_interfaces/include/rm_interfaces/rm_interfaces/msg/detail/want__traits.hpp
[3.658s] -- Up-to-date symlink: /home/ysl/ros2_ws/install/rm_interfaces/include/rm_interfaces/rm_interfaces/msg/detail/want__type_support.hpp
[3.660s] -- Up-to-date symlink: /home/ysl/ros2_ws/install/rm_interfaces/include/rm_interfaces/rm_interfaces/msg/ekf_p.hpp
[3.663s] -- Up-to-date symlink: /home/ysl/ros2_ws/install/rm_interfaces/include/rm_interfaces/rm_interfaces/msg/gimbal_cmd.hpp
[3.666s] -- Up-to-date symlink: /home/ysl/ros2_ws/install/rm_interfaces/include/rm_interfaces/rm_interfaces/msg/judge_system_data.hpp
[3.667s] -- Up-to-date symlink: /home/ysl/ros2_ws/install/rm_interfaces/include/rm_interfaces/rm_interfaces/msg/limit_angle.hpp
[3.667s] -- Up-to-date symlink: /home/ysl/ros2_ws/install/rm_interfaces/include/rm_interfaces/rm_interfaces/msg/measurement.hpp
[3.668s] -- Up-to-date symlink: /home/ysl/ros2_ws/install/rm_interfaces/include/rm_interfaces/rm_interfaces/msg/operator_command.hpp
[3.668s] -- Up-to-date symlink: /home/ysl/ros2_ws/install/rm_interfaces/include/rm_interfaces/rm_interfaces/msg/point2d.hpp
[3.668s] -- Up-to-date symlink: /home/ysl/ros2_ws/install/rm_interfaces/include/rm_interfaces/rm_interfaces/msg/rosidl_generator_cpp__visibility_control.hpp
[3.668s] -- Up-to-date symlink: /home/ysl/ros2_ws/install/rm_interfaces/include/rm_interfaces/rm_interfaces/msg/rune_target.hpp
[3.669s] -- Up-to-date symlink: /home/ysl/ros2_ws/install/rm_interfaces/include/rm_interfaces/rm_interfaces/msg/serial_receive_data.hpp
[3.669s] -- Up-to-date symlink: /home/ysl/ros2_ws/install/rm_interfaces/include/rm_interfaces/rm_interfaces/msg/shoot_fire_target.hpp
[3.669s] -- Up-to-date symlink: /home/ysl/ros2_ws/install/rm_interfaces/include/rm_interfaces/rm_interfaces/msg/shoot_fire_targets.hpp
[3.669s] -- Up-to-date symlink: /home/ysl/ros2_ws/install/rm_interfaces/include/rm_interfaces/rm_interfaces/msg/target.hpp
[3.669s] -- Up-to-date symlink: /home/ysl/ros2_ws/install/rm_interfaces/include/rm_interfaces/rm_interfaces/msg/want.hpp
[3.670s] -- Up-to-date symlink: /home/ysl/ros2_ws/install/rm_interfaces/include/rm_interfaces/rm_interfaces/srv/detail/set_mode__builder.hpp
[3.670s] -- Up-to-date symlink: /home/ysl/ros2_ws/install/rm_interfaces/include/rm_interfaces/rm_interfaces/srv/detail/set_mode__struct.hpp
[3.670s] -- Up-to-date symlink: /home/ysl/ros2_ws/install/rm_interfaces/include/rm_interfaces/rm_interfaces/srv/detail/set_mode__traits.hpp
[3.670s] -- Up-to-date symlink: /home/ysl/ros2_ws/install/rm_interfaces/include/rm_interfaces/rm_interfaces/srv/detail/set_mode__type_support.hpp
[3.671s] -- Up-to-date symlink: /home/ysl/ros2_ws/install/rm_interfaces/include/rm_interfaces/rm_interfaces/srv/set_mode.hpp
[3.674s] -- Up-to-date symlink: /home/ysl/ros2_ws/install/rm_interfaces/include/rm_interfaces/rm_interfaces/msg/detail/armor__rosidl_typesupport_fastrtps_cpp.hpp
[3.674s] -- Up-to-date symlink: /home/ysl/ros2_ws/install/rm_interfaces/include/rm_interfaces/rm_interfaces/msg/detail/armors__rosidl_typesupport_fastrtps_cpp.hpp
[3.675s] -- Up-to-date symlink: /home/ysl/ros2_ws/install/rm_interfaces/include/rm_interfaces/rm_interfaces/msg/detail/chassis_cmd__rosidl_typesupport_fastrtps_cpp.hpp
[3.675s] -- Up-to-date symlink: /home/ysl/ros2_ws/install/rm_interfaces/include/rm_interfaces/rm_interfaces/msg/detail/debug_armor__rosidl_typesupport_fastrtps_cpp.hpp
[3.676s] -- Up-to-date symlink: /home/ysl/ros2_ws/install/rm_interfaces/include/rm_interfaces/rm_interfaces/msg/detail/debug_armors__rosidl_typesupport_fastrtps_cpp.hpp
[3.676s] -- Up-to-date symlink: /home/ysl/ros2_ws/install/rm_interfaces/include/rm_interfaces/rm_interfaces/msg/detail/debug_light__rosidl_typesupport_fastrtps_cpp.hpp
[3.676s] -- Up-to-date symlink: /home/ysl/ros2_ws/install/rm_interfaces/include/rm_interfaces/rm_interfaces/msg/detail/debug_lights__rosidl_typesupport_fastrtps_cpp.hpp
[3.677s] -- Up-to-date symlink: /home/ysl/ros2_ws/install/rm_interfaces/include/rm_interfaces/rm_interfaces/msg/detail/debug_rune_angle__rosidl_typesupport_fastrtps_cpp.hpp
[3.677s] -- Up-to-date symlink: /home/ysl/ros2_ws/install/rm_interfaces/include/rm_interfaces/rm_interfaces/msg/detail/ekf_p__rosidl_typesupport_fastrtps_cpp.hpp
[3.678s] -- Up-to-date symlink: /home/ysl/ros2_ws/install/rm_interfaces/include/rm_interfaces/rm_interfaces/msg/detail/gimbal_cmd__rosidl_typesupport_fastrtps_cpp.hpp
[3.678s] -- Up-to-date symlink: /home/ysl/ros2_ws/install/rm_interfaces/include/rm_interfaces/rm_interfaces/msg/detail/judge_system_data__rosidl_typesupport_fastrtps_cpp.hpp
[3.679s] -- Up-to-date symlink: /home/ysl/ros2_ws/install/rm_interfaces/include/rm_interfaces/rm_interfaces/msg/detail/limit_angle__rosidl_typesupport_fastrtps_cpp.hpp
[3.679s] -- Up-to-date symlink: /home/ysl/ros2_ws/install/rm_interfaces/include/rm_interfaces/rm_interfaces/msg/detail/measurement__rosidl_typesupport_fastrtps_cpp.hpp
[3.680s] -- Up-to-date symlink: /home/ysl/ros2_ws/install/rm_interfaces/include/rm_interfaces/rm_interfaces/msg/detail/operator_command__rosidl_typesupport_fastrtps_cpp.hpp
[3.686s] -- Up-to-date symlink: /home/ysl/ros2_ws/install/rm_interfaces/include/rm_interfaces/rm_interfaces/msg/detail/point2d__rosidl_typesupport_fastrtps_cpp.hpp
[3.686s] -- Up-to-date symlink: /home/ysl/ros2_ws/install/rm_interfaces/include/rm_interfaces/rm_interfaces/msg/detail/rune_target__rosidl_typesupport_fastrtps_cpp.hpp
[3.686s] -- Up-to-date symlink: /home/ysl/ros2_ws/install/rm_interfaces/include/rm_interfaces/rm_interfaces/msg/detail/serial_receive_data__rosidl_typesupport_fastrtps_cpp.hpp
[3.687s] -- Up-to-date symlink: /home/ysl/ros2_ws/install/rm_interfaces/include/rm_interfaces/rm_interfaces/msg/detail/shoot_fire_target__rosidl_typesupport_fastrtps_cpp.hpp
[3.687s] -- Up-to-date symlink: /home/ysl/ros2_ws/install/rm_interfaces/include/rm_interfaces/rm_interfaces/msg/detail/shoot_fire_targets__rosidl_typesupport_fastrtps_cpp.hpp
[3.687s] -- Up-to-date symlink: /home/ysl/ros2_ws/install/rm_interfaces/include/rm_interfaces/rm_interfaces/msg/detail/target__rosidl_typesupport_fastrtps_cpp.hpp
[3.687s] -- Up-to-date symlink: /home/ysl/ros2_ws/install/rm_interfaces/include/rm_interfaces/rm_interfaces/msg/detail/want__rosidl_typesupport_fastrtps_cpp.hpp
[3.688s] -- Up-to-date symlink: /home/ysl/ros2_ws/install/rm_interfaces/include/rm_interfaces/rm_interfaces/msg/rosidl_typesupport_fastrtps_cpp__visibility_control.h
[3.688s] -- Up-to-date symlink: /home/ysl/ros2_ws/install/rm_interfaces/include/rm_interfaces/rm_interfaces/srv/detail/set_mode__rosidl_typesupport_fastrtps_cpp.hpp
[3.689s] -- Up-to-date symlink: /home/ysl/ros2_ws/install/rm_interfaces/include/rm_interfaces/rm_interfaces/msg/detail/armor__rosidl_typesupport_introspection_cpp.hpp
[3.689s] -- Up-to-date symlink: /home/ysl/ros2_ws/install/rm_interfaces/include/rm_interfaces/rm_interfaces/msg/detail/armors__rosidl_typesupport_introspection_cpp.hpp
[3.689s] -- Up-to-date symlink: /home/ysl/ros2_ws/install/rm_interfaces/include/rm_interfaces/rm_interfaces/msg/detail/chassis_cmd__rosidl_typesupport_introspection_cpp.hpp
[3.690s] -- Up-to-date symlink: /home/ysl/ros2_ws/install/rm_interfaces/include/rm_interfaces/rm_interfaces/msg/detail/debug_armor__rosidl_typesupport_introspection_cpp.hpp
[3.690s] -- Up-to-date symlink: /home/ysl/ros2_ws/install/rm_interfaces/include/rm_interfaces/rm_interfaces/msg/detail/debug_armors__rosidl_typesupport_introspection_cpp.hpp
[3.690s] -- Up-to-date symlink: /home/ysl/ros2_ws/install/rm_interfaces/include/rm_interfaces/rm_interfaces/msg/detail/debug_light__rosidl_typesupport_introspection_cpp.hpp
[3.692s] -- Up-to-date symlink: /home/ysl/ros2_ws/install/rm_interfaces/include/rm_interfaces/rm_interfaces/msg/detail/debug_lights__rosidl_typesupport_introspection_cpp.hpp
[3.693s] -- Up-to-date symlink: /home/ysl/ros2_ws/install/rm_interfaces/include/rm_interfaces/rm_interfaces/msg/detail/debug_rune_angle__rosidl_typesupport_introspection_cpp.hpp
[3.693s] -- Up-to-date symlink: /home/ysl/ros2_ws/install/rm_interfaces/include/rm_interfaces/rm_interfaces/msg/detail/ekf_p__rosidl_typesupport_introspection_cpp.hpp
[3.697s] -- Up-to-date symlink: /home/ysl/ros2_ws/install/rm_interfaces/include/rm_interfaces/rm_interfaces/msg/detail/gimbal_cmd__rosidl_typesupport_introspection_cpp.hpp
[3.697s] -- Up-to-date symlink: /home/ysl/ros2_ws/install/rm_interfaces/include/rm_interfaces/rm_interfaces/msg/detail/judge_system_data__rosidl_typesupport_introspection_cpp.hpp
[3.697s] -- Up-to-date symlink: /home/ysl/ros2_ws/install/rm_interfaces/include/rm_interfaces/rm_interfaces/msg/detail/limit_angle__rosidl_typesupport_introspection_cpp.hpp
[3.698s] -- Up-to-date symlink: /home/ysl/ros2_ws/install/rm_interfaces/include/rm_interfaces/rm_interfaces/msg/detail/measurement__rosidl_typesupport_introspection_cpp.hpp
[3.698s] -- Up-to-date symlink: /home/ysl/ros2_ws/install/rm_interfaces/include/rm_interfaces/rm_interfaces/msg/detail/operator_command__rosidl_typesupport_introspection_cpp.hpp
[3.698s] -- Up-to-date symlink: /home/ysl/ros2_ws/install/rm_interfaces/include/rm_interfaces/rm_interfaces/msg/detail/point2d__rosidl_typesupport_introspection_cpp.hpp
[3.698s] -- Up-to-date symlink: /home/ysl/ros2_ws/install/rm_interfaces/include/rm_interfaces/rm_interfaces/msg/detail/rune_target__rosidl_typesupport_introspection_cpp.hpp
[3.698s] -- Up-to-date symlink: /home/ysl/ros2_ws/install/rm_interfaces/include/rm_interfaces/rm_interfaces/msg/detail/serial_receive_data__rosidl_typesupport_introspection_cpp.hpp
[3.699s] -- Up-to-date symlink: /home/ysl/ros2_ws/install/rm_interfaces/include/rm_interfaces/rm_interfaces/msg/detail/shoot_fire_target__rosidl_typesupport_introspection_cpp.hpp
[3.699s] -- Up-to-date symlink: /home/ysl/ros2_ws/install/rm_interfaces/include/rm_interfaces/rm_interfaces/msg/detail/shoot_fire_targets__rosidl_typesupport_introspection_cpp.hpp
[3.699s] -- Up-to-date symlink: /home/ysl/ros2_ws/install/rm_interfaces/include/rm_interfaces/rm_interfaces/msg/detail/target__rosidl_typesupport_introspection_cpp.hpp
[3.699s] -- Up-to-date symlink: /home/ysl/ros2_ws/install/rm_interfaces/include/rm_interfaces/rm_interfaces/msg/detail/want__rosidl_typesupport_introspection_cpp.hpp
[3.699s] -- Up-to-date symlink: /home/ysl/ros2_ws/install/rm_interfaces/include/rm_interfaces/rm_interfaces/srv/detail/set_mode__rosidl_typesupport_introspection_cpp.hpp
[3.700s] -- Up-to-date symlink: /home/ysl/ros2_ws/install/rm_interfaces/share/rm_interfaces/environment/pythonpath.sh
[3.700s] -- Up-to-date symlink: /home/ysl/ros2_ws/install/rm_interfaces/share/rm_interfaces/environment/pythonpath.dsv
[3.700s] -- Up-to-date symlink: /home/ysl/ros2_ws/install/rm_interfaces/lib/python3.12/site-packages/rm_interfaces-0.0.0-py3.12.egg-info/PKG-INFO
[3.700s] -- Up-to-date symlink: /home/ysl/ros2_ws/install/rm_interfaces/lib/python3.12/site-packages/rm_interfaces-0.0.0-py3.12.egg-info/SOURCES.txt
[3.700s] -- Up-to-date symlink: /home/ysl/ros2_ws/install/rm_interfaces/lib/python3.12/site-packages/rm_interfaces-0.0.0-py3.12.egg-info/dependency_links.txt
[3.700s] -- Up-to-date symlink: /home/ysl/ros2_ws/install/rm_interfaces/lib/python3.12/site-packages/rm_interfaces-0.0.0-py3.12.egg-info/top_level.txt
[3.702s] -- Up-to-date symlink: /home/ysl/ros2_ws/install/rm_interfaces/lib/python3.12/site-packages/rm_interfaces/__init__.py
[3.703s] -- Up-to-date symlink: /home/ysl/ros2_ws/install/rm_interfaces/lib/python3.12/site-packages/rm_interfaces/_rm_interfaces_s.ep.rosidl_typesupport_c.c
[3.703s] -- Up-to-date symlink: /home/ysl/ros2_ws/install/rm_interfaces/lib/python3.12/site-packages/rm_interfaces/_rm_interfaces_s.ep.rosidl_typesupport_fastrtps_c.c
[3.704s] -- Up-to-date symlink: /home/ysl/ros2_ws/install/rm_interfaces/lib/python3.12/site-packages/rm_interfaces/_rm_interfaces_s.ep.rosidl_typesupport_introspection_c.c
[3.708s] -- Up-to-date symlink: /home/ysl/ros2_ws/install/rm_interfaces/lib/python3.12/site-packages/rm_interfaces/msg/__init__.py
[3.709s] -- Up-to-date symlink: /home/ysl/ros2_ws/install/rm_interfaces/lib/python3.12/site-packages/rm_interfaces/msg/_armor.py
[3.710s] -- Up-to-date symlink: /home/ysl/ros2_ws/install/rm_interfaces/lib/python3.12/site-packages/rm_interfaces/msg/_armor_s.c
[3.710s] -- Up-to-date symlink: /home/ysl/ros2_ws/install/rm_interfaces/lib/python3.12/site-packages/rm_interfaces/msg/_armors.py
[3.710s] -- Up-to-date symlink: /home/ysl/ros2_ws/install/rm_interfaces/lib/python3.12/site-packages/rm_interfaces/msg/_armors_s.c
[3.710s] -- Up-to-date symlink: /home/ysl/ros2_ws/install/rm_interfaces/lib/python3.12/site-packages/rm_interfaces/msg/_chassis_cmd.py
[3.711s] -- Up-to-date symlink: /home/ysl/ros2_ws/install/rm_interfaces/lib/python3.12/site-packages/rm_interfaces/msg/_chassis_cmd_s.c
[3.711s] -- Up-to-date symlink: /home/ysl/ros2_ws/install/rm_interfaces/lib/python3.12/site-packages/rm_interfaces/msg/_debug_armor.py
[3.711s] -- Up-to-date symlink: /home/ysl/ros2_ws/install/rm_interfaces/lib/python3.12/site-packages/rm_interfaces/msg/_debug_armor_s.c
[3.712s] -- Up-to-date symlink: /home/ysl/ros2_ws/install/rm_interfaces/lib/python3.12/site-packages/rm_interfaces/msg/_debug_armors.py
[3.712s] -- Up-to-date symlink: /home/ysl/ros2_ws/install/rm_interfaces/lib/python3.12/site-packages/rm_interfaces/msg/_debug_armors_s.c
[3.713s] -- Up-to-date symlink: /home/ysl/ros2_ws/install/rm_interfaces/lib/python3.12/site-packages/rm_interfaces/msg/_debug_light.py
[3.713s] -- Up-to-date symlink: /home/ysl/ros2_ws/install/rm_interfaces/lib/python3.12/site-packages/rm_interfaces/msg/_debug_light_s.c
[3.714s] -- Up-to-date symlink: /home/ysl/ros2_ws/install/rm_interfaces/lib/python3.12/site-packages/rm_interfaces/msg/_debug_lights.py
[3.716s] -- Up-to-date symlink: /home/ysl/ros2_ws/install/rm_interfaces/lib/python3.12/site-packages/rm_interfaces/msg/_debug_lights_s.c
[3.716s] -- Up-to-date symlink: /home/ysl/ros2_ws/install/rm_interfaces/lib/python3.12/site-packages/rm_interfaces/msg/_debug_rune_angle.py
[3.716s] -- Up-to-date symlink: /home/ysl/ros2_ws/install/rm_interfaces/lib/python3.12/site-packages/rm_interfaces/msg/_debug_rune_angle_s.c
[3.716s] -- Up-to-date symlink: /home/ysl/ros2_ws/install/rm_interfaces/lib/python3.12/site-packages/rm_interfaces/msg/_ekf_p.py
[3.717s] -- Up-to-date symlink: /home/ysl/ros2_ws/install/rm_interfaces/lib/python3.12/site-packages/rm_interfaces/msg/_ekf_p_s.c
[3.720s] -- Up-to-date symlink: /home/ysl/ros2_ws/install/rm_interfaces/lib/python3.12/site-packages/rm_interfaces/msg/_gimbal_cmd.py
[3.720s] -- Up-to-date symlink: /home/ysl/ros2_ws/install/rm_interfaces/lib/python3.12/site-packages/rm_interfaces/msg/_gimbal_cmd_s.c
[3.721s] -- Up-to-date symlink: /home/ysl/ros2_ws/install/rm_interfaces/lib/python3.12/site-packages/rm_interfaces/msg/_judge_system_data.py
[3.721s] -- Up-to-date symlink: /home/ysl/ros2_ws/install/rm_interfaces/lib/python3.12/site-packages/rm_interfaces/msg/_judge_system_data_s.c
[3.727s] -- Up-to-date symlink: /home/ysl/ros2_ws/install/rm_interfaces/lib/python3.12/site-packages/rm_interfaces/msg/_limit_angle.py
[3.728s] -- Up-to-date symlink: /home/ysl/ros2_ws/install/rm_interfaces/lib/python3.12/site-packages/rm_interfaces/msg/_limit_angle_s.c
[3.728s] -- Up-to-date symlink: /home/ysl/ros2_ws/install/rm_interfaces/lib/python3.12/site-packages/rm_interfaces/msg/_measurement.py
[3.728s] -- Up-to-date symlink: /home/ysl/ros2_ws/install/rm_interfaces/lib/python3.12/site-packages/rm_interfaces/msg/_measurement_s.c
[3.729s] -- Up-to-date symlink: /home/ysl/ros2_ws/install/rm_interfaces/lib/python3.12/site-packages/rm_interfaces/msg/_operator_command.py
[3.729s] -- Up-to-date symlink: /home/ysl/ros2_ws/install/rm_interfaces/lib/python3.12/site-packages/rm_interfaces/msg/_operator_command_s.c
[3.729s] -- Up-to-date symlink: /home/ysl/ros2_ws/install/rm_interfaces/lib/python3.12/site-packages/rm_interfaces/msg/_point2d.py
[3.729s] -- Up-to-date symlink: /home/ysl/ros2_ws/install/rm_interfaces/lib/python3.12/site-packages/rm_interfaces/msg/_point2d_s.c
[3.729s] -- Up-to-date symlink: /home/ysl/ros2_ws/install/rm_interfaces/lib/python3.12/site-packages/rm_interfaces/msg/_rune_target.py
[3.730s] -- Up-to-date symlink: /home/ysl/ros2_ws/install/rm_interfaces/lib/python3.12/site-packages/rm_interfaces/msg/_rune_target_s.c
[3.730s] -- Up-to-date symlink: /home/ysl/ros2_ws/install/rm_interfaces/lib/python3.12/site-packages/rm_interfaces/msg/_serial_receive_data.py
[3.730s] -- Up-to-date symlink: /home/ysl/ros2_ws/install/rm_interfaces/lib/python3.12/site-packages/rm_interfaces/msg/_serial_receive_data_s.c
[3.730s] -- Up-to-date symlink: /home/ysl/ros2_ws/install/rm_interfaces/lib/python3.12/site-packages/rm_interfaces/msg/_shoot_fire_target.py
[3.730s] -- Up-to-date symlink: /home/ysl/ros2_ws/install/rm_interfaces/lib/python3.12/site-packages/rm_interfaces/msg/_shoot_fire_target_s.c
[3.730s] -- Up-to-date symlink: /home/ysl/ros2_ws/install/rm_interfaces/lib/python3.12/site-packages/rm_interfaces/msg/_shoot_fire_targets.py
[3.731s] -- Up-to-date symlink: /home/ysl/ros2_ws/install/rm_interfaces/lib/python3.12/site-packages/rm_interfaces/msg/_shoot_fire_targets_s.c
[3.731s] -- Up-to-date symlink: /home/ysl/ros2_ws/install/rm_interfaces/lib/python3.12/site-packages/rm_interfaces/msg/_target.py
[3.731s] -- Up-to-date symlink: /home/ysl/ros2_ws/install/rm_interfaces/lib/python3.12/site-packages/rm_interfaces/msg/_target_s.c
[3.731s] -- Up-to-date symlink: /home/ysl/ros2_ws/install/rm_interfaces/lib/python3.12/site-packages/rm_interfaces/msg/_want.py
[3.731s] -- Up-to-date symlink: /home/ysl/ros2_ws/install/rm_interfaces/lib/python3.12/site-packages/rm_interfaces/msg/_want_s.c
[3.732s] -- Up-to-date symlink: /home/ysl/ros2_ws/install/rm_interfaces/lib/python3.12/site-packages/rm_interfaces/rm_interfaces_s__rosidl_typesupport_c.so
[3.732s] -- Up-to-date symlink: /home/ysl/ros2_ws/install/rm_interfaces/lib/python3.12/site-packages/rm_interfaces/rm_interfaces_s__rosidl_typesupport_fastrtps_c.so
[3.732s] -- Up-to-date symlink: /home/ysl/ros2_ws/install/rm_interfaces/lib/python3.12/site-packages/rm_interfaces/rm_interfaces_s__rosidl_typesupport_introspection_c.so
[3.733s] -- Up-to-date symlink: /home/ysl/ros2_ws/install/rm_interfaces/lib/python3.12/site-packages/rm_interfaces/srv/__init__.py
[3.735s] -- Up-to-date symlink: /home/ysl/ros2_ws/install/rm_interfaces/lib/python3.12/site-packages/rm_interfaces/srv/_set_mode.py
[3.735s] -- Up-to-date symlink: /home/ysl/ros2_ws/install/rm_interfaces/lib/python3.12/site-packages/rm_interfaces/srv/_set_mode_s.c
[3.735s] -- Up-to-date symlink: /home/ysl/ros2_ws/install/rm_interfaces/lib/python3.12/site-packages/rm_interfaces/rm_interfaces_s__rosidl_typesupport_fastrtps_c.so
[3.739s] -- Up-to-date symlink: /home/ysl/ros2_ws/install/rm_interfaces/lib/python3.12/site-packages/rm_interfaces/rm_interfaces_s__rosidl_typesupport_introspection_c.so
[3.741s] -- Up-to-date symlink: /home/ysl/ros2_ws/install/rm_interfaces/lib/python3.12/site-packages/rm_interfaces/rm_interfaces_s__rosidl_typesupport_c.so
[3.742s] -- Up-to-date symlink: /home/ysl/ros2_ws/install/rm_interfaces/share/rm_interfaces/msg/Armor.idl
[3.744s] -- Up-to-date symlink: /home/ysl/ros2_ws/install/rm_interfaces/share/rm_interfaces/msg/Armors.idl
[3.754s] -- Up-to-date symlink: /home/ysl/ros2_ws/install/rm_interfaces/share/rm_interfaces/msg/Target.idl
[3.754s] -- Up-to-date symlink: /home/ysl/ros2_ws/install/rm_interfaces/share/rm_interfaces/msg/RuneTarget.idl
[3.754s] -- Up-to-date symlink: /home/ysl/ros2_ws/install/rm_interfaces/share/rm_interfaces/msg/Point2d.idl
[3.755s] -- Up-to-date symlink: /home/ysl/ros2_ws/install/rm_interfaces/share/rm_interfaces/msg/GimbalCmd.idl
[3.755s] -- Up-to-date symlink: /home/ysl/ros2_ws/install/rm_interfaces/share/rm_interfaces/msg/ChassisCmd.idl
[3.755s] -- Up-to-date symlink: /home/ysl/ros2_ws/install/rm_interfaces/share/rm_interfaces/msg/DebugLight.idl
[3.756s] -- Up-to-date symlink: /home/ysl/ros2_ws/install/rm_interfaces/share/rm_interfaces/msg/DebugLights.idl
[3.756s] -- Up-to-date symlink: /home/ysl/ros2_ws/install/rm_interfaces/share/rm_interfaces/msg/DebugArmor.idl
[3.756s] -- Up-to-date symlink: /home/ysl/ros2_ws/install/rm_interfaces/share/rm_interfaces/msg/DebugArmors.idl
[3.756s] -- Up-to-date symlink: /home/ysl/ros2_ws/install/rm_interfaces/share/rm_interfaces/msg/DebugRuneAngle.idl
[3.757s] -- Up-to-date symlink: /home/ysl/ros2_ws/install/rm_interfaces/share/rm_interfaces/msg/Measurement.idl
[3.757s] -- Up-to-date symlink: /home/ysl/ros2_ws/install/rm_interfaces/share/rm_interfaces/msg/JudgeSystemData.idl
[3.757s] -- Up-to-date symlink: /home/ysl/ros2_ws/install/rm_interfaces/share/rm_interfaces/msg/OperatorCommand.idl
[3.757s] -- Up-to-date symlink: /home/ysl/ros2_ws/install/rm_interfaces/share/rm_interfaces/msg/SerialReceiveData.idl
[3.758s] -- Up-to-date symlink: /home/ysl/ros2_ws/install/rm_interfaces/share/rm_interfaces/msg/EkfP.idl
[3.758s] -- Up-to-date symlink: /home/ysl/ros2_ws/install/rm_interfaces/share/rm_interfaces/msg/Want.idl
[3.758s] -- Up-to-date symlink: /home/ysl/ros2_ws/install/rm_interfaces/share/rm_interfaces/msg/LimitAngle.idl
[3.758s] -- Up-to-date symlink: /home/ysl/ros2_ws/install/rm_interfaces/share/rm_interfaces/msg/ShootFireTarget.idl
[3.759s] -- Up-to-date symlink: /home/ysl/ros2_ws/install/rm_interfaces/share/rm_interfaces/msg/ShootFireTargets.idl
[3.759s] -- Up-to-date symlink: /home/ysl/ros2_ws/install/rm_interfaces/share/rm_interfaces/srv/SetMode.idl
[3.759s] -- Up-to-date symlink: /home/ysl/ros2_ws/install/rm_interfaces/share/rm_interfaces/msg/Armor.msg
[3.759s] -- Up-to-date symlink: /home/ysl/ros2_ws/install/rm_interfaces/share/rm_interfaces/msg/Armors.msg
[3.760s] -- Up-to-date symlink: /home/ysl/ros2_ws/install/rm_interfaces/share/rm_interfaces/msg/Target.msg
[3.760s] -- Up-to-date symlink: /home/ysl/ros2_ws/install/rm_interfaces/share/rm_interfaces/msg/RuneTarget.msg
[3.760s] -- Up-to-date symlink: /home/ysl/ros2_ws/install/rm_interfaces/share/rm_interfaces/msg/Point2d.msg
[3.760s] -- Up-to-date symlink: /home/ysl/ros2_ws/install/rm_interfaces/share/rm_interfaces/msg/GimbalCmd.msg
[3.761s] -- Up-to-date symlink: /home/ysl/ros2_ws/install/rm_interfaces/share/rm_interfaces/msg/ChassisCmd.msg
[3.761s] -- Up-to-date symlink: /home/ysl/ros2_ws/install/rm_interfaces/share/rm_interfaces/msg/DebugLight.msg
[3.762s] -- Up-to-date symlink: /home/ysl/ros2_ws/install/rm_interfaces/share/rm_interfaces/msg/DebugLights.msg
[3.762s] -- Up-to-date symlink: /home/ysl/ros2_ws/install/rm_interfaces/share/rm_interfaces/msg/DebugArmor.msg
[3.762s] -- Up-to-date symlink: /home/ysl/ros2_ws/install/rm_interfaces/share/rm_interfaces/msg/DebugArmors.msg
[3.762s] -- Up-to-date symlink: /home/ysl/ros2_ws/install/rm_interfaces/share/rm_interfaces/msg/DebugRuneAngle.msg
[3.763s] -- Up-to-date symlink: /home/ysl/ros2_ws/install/rm_interfaces/share/rm_interfaces/msg/Measurement.msg
[3.763s] -- Up-to-date symlink: /home/ysl/ros2_ws/install/rm_interfaces/share/rm_interfaces/msg/JudgeSystemData.msg
[3.763s] -- Up-to-date symlink: /home/ysl/ros2_ws/install/rm_interfaces/share/rm_interfaces/msg/OperatorCommand.msg
[3.763s] -- Up-to-date symlink: /home/ysl/ros2_ws/install/rm_interfaces/share/rm_interfaces/msg/SerialReceiveData.msg
[3.764s] -- Up-to-date symlink: /home/ysl/ros2_ws/install/rm_interfaces/share/rm_interfaces/msg/EkfP.msg
[3.771s] -- Up-to-date symlink: /home/ysl/ros2_ws/install/rm_interfaces/share/rm_interfaces/msg/Want.msg
[3.771s] -- Up-to-date symlink: /home/ysl/ros2_ws/install/rm_interfaces/share/rm_interfaces/msg/LimitAngle.msg
[3.772s] -- Up-to-date symlink: /home/ysl/ros2_ws/install/rm_interfaces/share/rm_interfaces/msg/ShootFireTarget.msg
[3.772s] -- Up-to-date symlink: /home/ysl/ros2_ws/install/rm_interfaces/share/rm_interfaces/msg/ShootFireTargets.msg
[3.772s] -- Up-to-date symlink: /home/ysl/ros2_ws/install/rm_interfaces/share/rm_interfaces/srv/SetMode.srv
[3.772s] -- Up-to-date symlink: /home/ysl/ros2_ws/install/rm_interfaces/share/ament_index/resource_index/package_run_dependencies/rm_interfaces
[3.773s] -- Up-to-date symlink: /home/ysl/ros2_ws/install/rm_interfaces/share/ament_index/resource_index/parent_prefix_path/rm_interfaces
[3.773s] -- Up-to-date symlink: /home/ysl/ros2_ws/install/rm_interfaces/share/rm_interfaces/environment/ament_prefix_path.sh
[3.773s] -- Up-to-date symlink: /home/ysl/ros2_ws/install/rm_interfaces/share/rm_interfaces/environment/ament_prefix_path.dsv
[3.773s] -- Up-to-date symlink: /home/ysl/ros2_ws/install/rm_interfaces/share/rm_interfaces/environment/path.sh
[3.773s] -- Up-to-date symlink: /home/ysl/ros2_ws/install/rm_interfaces/share/rm_interfaces/environment/path.dsv
[3.774s] -- Up-to-date symlink: /home/ysl/ros2_ws/install/rm_interfaces/share/rm_interfaces/local_setup.bash
[3.774s] -- Up-to-date symlink: /home/ysl/ros2_ws/install/rm_interfaces/share/rm_interfaces/local_setup.sh
[3.774s] -- Up-to-date symlink: /home/ysl/ros2_ws/install/rm_interfaces/share/rm_interfaces/local_setup.zsh
[3.774s] -- Up-to-date symlink: /home/ysl/ros2_ws/install/rm_interfaces/share/rm_interfaces/local_setup.dsv
[3.774s] -- Symlinking: /home/ysl/ros2_ws/install/rm_interfaces/share/rm_interfaces/package.dsv
[3.800s] -- Up-to-date symlink: /home/ysl/ros2_ws/install/rm_interfaces/share/ament_index/resource_index/packages/rm_interfaces
[3.801s] -- Up-to-date symlink: /home/ysl/ros2_ws/install/rm_interfaces/share/rm_interfaces/cmake/rosidl_cmake-extras.cmake
[3.801s] -- Up-to-date symlink: /home/ysl/ros2_ws/install/rm_interfaces/share/rm_interfaces/cmake/ament_cmake_export_dependencies-extras.cmake
[3.801s] -- Up-to-date symlink: /home/ysl/ros2_ws/install/rm_interfaces/share/rm_interfaces/cmake/ament_cmake_export_include_directories-extras.cmake
[3.802s] -- Up-to-date symlink: /home/ysl/ros2_ws/install/rm_interfaces/share/rm_interfaces/cmake/ament_cmake_export_libraries-extras.cmake
[3.802s] -- Up-to-date symlink: /home/ysl/ros2_ws/install/rm_interfaces/share/rm_interfaces/cmake/ament_cmake_export_targets-extras.cmake
[3.802s] -- Up-to-date symlink: /home/ysl/ros2_ws/install/rm_interfaces/share/rm_interfaces/cmake/rosidl_cmake_export_typesupport_targets-extras.cmake
[3.802s] -- Up-to-date symlink: /home/ysl/ros2_ws/install/rm_interfaces/share/rm_interfaces/cmake/rosidl_cmake_export_typesupport_libraries-extras.cmake
[3.803s] -- Up-to-date symlink: /home/ysl/ros2_ws/install/rm_interfaces/share/rm_interfaces/cmake/rm_interfacesConfig.cmake
[3.803s] -- Up-to-date symlink: /home/ysl/ros2_ws/install/rm_interfaces/share/rm_interfaces/cmake/rm_interfacesConfig-version.cmake
[3.803s] -- Up-to-date symlink: /home/ysl/ros2_ws/install/rm_interfaces/share/rm_interfaces/package.xml
[3.804s] -- Up-to-date: /home/ysl/ros2_ws/install/rm_interfaces/lib/librm_interfaces__rosidl_generator_c.so
[3.806s] -- Up-to-date: /home/ysl/ros2_ws/install/rm_interfaces/lib/librm_interfaces__rosidl_typesupport_fastrtps_c.so
[3.806s] -- Up-to-date: /home/ysl/ros2_ws/install/rm_interfaces/lib/librm_interfaces__rosidl_typesupport_introspection_c.so
[3.807s] -- Up-to-date: /home/ysl/ros2_ws/install/rm_interfaces/lib/librm_interfaces__rosidl_typesupport_c.so
[3.811s] -- Up-to-date: /home/ysl/ros2_ws/install/rm_interfaces/lib/librm_interfaces__rosidl_typesupport_fastrtps_cpp.so
[3.812s] -- Up-to-date: /home/ysl/ros2_ws/install/rm_interfaces/lib/librm_interfaces__rosidl_typesupport_introspection_cpp.so
[3.814s] -- Up-to-date: /home/ysl/ros2_ws/install/rm_interfaces/lib/librm_interfaces__rosidl_typesupport_cpp.so
[3.953s] Listing '/home/ysl/ros2_ws/install/rm_interfaces/lib/python3.12/site-packages/rm_interfaces'...
[3.953s] Listing '/home/ysl/ros2_ws/install/rm_interfaces/lib/python3.12/site-packages/rm_interfaces/msg'...
[3.954s] Listing '/home/ysl/ros2_ws/install/rm_interfaces/lib/python3.12/site-packages/rm_interfaces/srv'...
[3.977s] -- Up-to-date: /home/ysl/ros2_ws/install/rm_interfaces/lib/librm_interfaces__rosidl_generator_py.so
[3.978s] -- Up-to-date: /home/ysl/ros2_ws/install/rm_interfaces/share/rm_interfaces/cmake/export_rm_interfaces__rosidl_generator_cExport.cmake
[3.978s] -- Up-to-date: /home/ysl/ros2_ws/install/rm_interfaces/share/rm_interfaces/cmake/export_rm_interfaces__rosidl_generator_cExport-noconfig.cmake
[3.978s] -- Up-to-date: /home/ysl/ros2_ws/install/rm_interfaces/share/rm_interfaces/cmake/export_rm_interfaces__rosidl_typesupport_fastrtps_cExport.cmake
[3.978s] -- Up-to-date: /home/ysl/ros2_ws/install/rm_interfaces/share/rm_interfaces/cmake/export_rm_interfaces__rosidl_typesupport_fastrtps_cExport-noconfig.cmake
[3.978s] -- Up-to-date: /home/ysl/ros2_ws/install/rm_interfaces/share/rm_interfaces/cmake/rm_interfaces__rosidl_typesupport_introspection_cExport.cmake
[3.979s] -- Up-to-date: /home/ysl/ros2_ws/install/rm_interfaces/share/rm_interfaces/cmake/rm_interfaces__rosidl_typesupport_introspection_cExport-noconfig.cmake
[3.979s] -- Up-to-date: /home/ysl/ros2_ws/install/rm_interfaces/share/rm_interfaces/cmake/rm_interfaces__rosidl_typesupport_cExport.cmake
[3.979s] -- Up-to-date: /home/ysl/ros2_ws/install/rm_interfaces/share/rm_interfaces/cmake/rm_interfaces__rosidl_typesupport_cExport-noconfig.cmake
[3.980s] -- Up-to-date: /home/ysl/ros2_ws/install/rm_interfaces/share/rm_interfaces/cmake/export_rm_interfaces__rosidl_generator_cppExport.cmake
[3.980s] -- Up-to-date: /home/ysl/ros2_ws/install/rm_interfaces/share/rm_interfaces/cmake/export_rm_interfaces__rosidl_typesupport_fastrtps_cppExport.cmake
[3.980s] -- Up-to-date: /home/ysl/ros2_ws/install/rm_interfaces/share/rm_interfaces/cmake/export_rm_interfaces__rosidl_typesupport_fastrtps_cppExport-noconfig.cmake
[3.980s] -- Up-to-date: /home/ysl/ros2_ws/install/rm_interfaces/share/rm_interfaces/cmake/rm_interfaces__rosidl_typesupport_introspection_cppExport.cmake
[3.980s] -- Up-to-date: /home/ysl/ros2_ws/install/rm_interfaces/share/rm_interfaces/cmake/rm_interfaces__rosidl_typesupport_introspection_cppExport-noconfig.cmake
[3.981s] -- Up-to-date: /home/ysl/ros2_ws/install/rm_interfaces/share/rm_interfaces/cmake/rm_interfaces__rosidl_typesupport_cppExport.cmake
[3.981s] -- Up-to-date: /home/ysl/ros2_ws/install/rm_interfaces/share/rm_interfaces/cmake/rm_interfaces__rosidl_typesupport_cppExport-noconfig.cmake
[3.981s] -- Up-to-date: /home/ysl/ros2_ws/install/rm_interfaces/share/rm_interfaces/cmake/export_rm_interfaces__rosidl_generator_pyExport.cmake
[3.981s] -- Up-to-date: /home/ysl/ros2_ws/install/rm_interfaces/share/rm_interfaces/cmake/export_rm_interfaces__rosidl_generator_pyExport-noconfig.cmake
[3.997s] Invoked command in '/home/ysl/ros2_ws/build/rm_interfaces' returned '0': CMAKE_PREFIX_PATH=${CMAKE_PREFIX_PATH}:/opt/ros/jazzy /usr/bin/cmake --install /home/ysl/ros2_ws/build/rm_interfaces
