[0.554s] DEBUG:colcon:Command line arguments: ['/usr/bin/colcon', 'build', '--symlink-install']
[0.554s] DEBUG:colcon:Parsed command line arguments: Namespace(log_base=None, log_level=None, verb_name='build', build_base='build', install_base='install', merge_install=False, symlink_install=True, test_result_base=None, continue_on_error=False, executor='parallel', parallel_workers=12, event_handlers=None, ignore_user_meta=False, metas=['./colcon.meta'], base_paths=['.'], packages_ignore=None, packages_ignore_regex=None, paths=None, packages_up_to=None, packages_up_to_regex=None, packages_above=None, packages_above_and_dependencies=None, packages_above_depth=None, packages_select_by_dep=None, packages_skip_by_dep=None, packages_skip_up_to=None, packages_select_build_failed=False, packages_skip_build_finished=False, packages_select_test_failures=False, packages_skip_test_passed=False, packages_select=None, packages_skip=None, packages_select_regex=None, packages_skip_regex=None, packages_start=None, packages_end=None, allow_overriding=[], cmake_args=None, cmake_target=None, cmake_target_skip_unavailable=False, cmake_clean_cache=False, cmake_clean_first=False, cmake_force_configure=False, ament_cmake_args=None, catkin_cmake_args=None, catkin_skip_building_tests=False, verb_parser=<colcon_defaults.argument_parser.defaults.DefaultArgumentsDecorator object at 0x7f8fc926bfe0>, verb_extension=<colcon_core.verb.build.BuildVerb object at 0x7f8fc926bcb0>, main=<bound method BuildVerb.main of <colcon_core.verb.build.BuildVerb object at 0x7f8fc926bcb0>>)
[0.658s] Level 1:colcon.colcon_core.package_discovery:discover_packages(colcon_meta) check parameters
[0.658s] Level 1:colcon.colcon_core.package_discovery:discover_packages(recursive) check parameters
[0.658s] Level 1:colcon.colcon_core.package_discovery:discover_packages(ignore) check parameters
[0.658s] Level 1:colcon.colcon_core.package_discovery:discover_packages(path) check parameters
[0.658s] Level 1:colcon.colcon_core.package_discovery:discover_packages(colcon_meta) discover
[0.658s] Level 1:colcon.colcon_core.package_discovery:discover_packages(recursive) discover
[0.658s] INFO:colcon.colcon_core.package_discovery:Crawling recursively for packages in '/home/ysl/ros2_ws'
[0.659s] Level 1:colcon.colcon_core.package_identification:_identify(.) by extensions ['ignore', 'ignore_ament_install']
[0.659s] Level 1:colcon.colcon_core.package_identification:_identify(.) by extension 'ignore'
[0.659s] Level 1:colcon.colcon_core.package_identification:_identify(.) by extension 'ignore_ament_install'
[0.659s] Level 1:colcon.colcon_core.package_identification:_identify(.) by extensions ['colcon_pkg']
[0.659s] Level 1:colcon.colcon_core.package_identification:_identify(.) by extension 'colcon_pkg'
[0.659s] Level 1:colcon.colcon_core.package_identification:_identify(.) by extensions ['colcon_meta']
[0.659s] Level 1:colcon.colcon_core.package_identification:_identify(.) by extension 'colcon_meta'
[0.659s] Level 1:colcon.colcon_core.package_identification:_identify(.) by extensions ['ros']
[0.659s] Level 1:colcon.colcon_core.package_identification:_identify(.) by extension 'ros'
[0.713s] Level 1:colcon.colcon_core.package_identification:_identify(.) by extensions ['cmake', 'python']
[0.714s] Level 1:colcon.colcon_core.package_identification:_identify(.) by extension 'cmake'
[0.714s] Level 1:colcon.colcon_core.package_identification:_identify(.) by extension 'python'
[0.714s] Level 1:colcon.colcon_core.package_identification:_identify(.) by extensions ['python_setup_py']
[0.714s] Level 1:colcon.colcon_core.package_identification:_identify(.) by extension 'python_setup_py'
[0.714s] Level 1:colcon.colcon_core.package_identification:_identify(COD_Behavior) by extensions ['ignore', 'ignore_ament_install']
[0.714s] Level 1:colcon.colcon_core.package_identification:_identify(COD_Behavior) by extension 'ignore'
[0.714s] Level 1:colcon.colcon_core.package_identification:_identify(COD_Behavior) by extension 'ignore_ament_install'
[0.715s] Level 1:colcon.colcon_core.package_identification:_identify(COD_Behavior) by extensions ['colcon_pkg']
[0.715s] Level 1:colcon.colcon_core.package_identification:_identify(COD_Behavior) by extension 'colcon_pkg'
[0.715s] Level 1:colcon.colcon_core.package_identification:_identify(COD_Behavior) by extensions ['colcon_meta']
[0.715s] Level 1:colcon.colcon_core.package_identification:_identify(COD_Behavior) by extension 'colcon_meta'
[0.715s] Level 1:colcon.colcon_core.package_identification:_identify(COD_Behavior) by extensions ['ros']
[0.715s] Level 1:colcon.colcon_core.package_identification:_identify(COD_Behavior) by extension 'ros'
[0.724s] DEBUG:colcon.colcon_core.package_identification:Package 'COD_Behavior' with type 'ros.ament_cmake' and name 'cod_behavior'
[0.724s] Level 1:colcon.colcon_core.package_identification:_identify(COD_Serial) by extensions ['ignore', 'ignore_ament_install']
[0.724s] Level 1:colcon.colcon_core.package_identification:_identify(COD_Serial) by extension 'ignore'
[0.724s] Level 1:colcon.colcon_core.package_identification:_identify(COD_Serial) by extension 'ignore_ament_install'
[0.724s] Level 1:colcon.colcon_core.package_identification:_identify(COD_Serial) by extensions ['colcon_pkg']
[0.724s] Level 1:colcon.colcon_core.package_identification:_identify(COD_Serial) by extension 'colcon_pkg'
[0.724s] Level 1:colcon.colcon_core.package_identification:_identify(COD_Serial) by extensions ['colcon_meta']
[0.724s] Level 1:colcon.colcon_core.package_identification:_identify(COD_Serial) by extension 'colcon_meta'
[0.724s] Level 1:colcon.colcon_core.package_identification:_identify(COD_Serial) by extensions ['ros']
[0.724s] Level 1:colcon.colcon_core.package_identification:_identify(COD_Serial) by extension 'ros'
[0.725s] DEBUG:colcon.colcon_core.package_identification:Package 'COD_Serial' with type 'ros.ament_cmake' and name 'cod_serial'
[0.726s] Level 1:colcon.colcon_core.package_identification:_identify(build) by extensions ['ignore', 'ignore_ament_install']
[0.726s] Level 1:colcon.colcon_core.package_identification:_identify(build) by extension 'ignore'
[0.726s] Level 1:colcon.colcon_core.package_identification:_identify(build) ignored
[0.727s] Level 1:colcon.colcon_core.package_identification:_identify(cmake-build-debug) by extensions ['ignore', 'ignore_ament_install']
[0.727s] Level 1:colcon.colcon_core.package_identification:_identify(cmake-build-debug) by extension 'ignore'
[0.727s] Level 1:colcon.colcon_core.package_identification:_identify(cmake-build-debug) by extension 'ignore_ament_install'
[0.727s] Level 1:colcon.colcon_core.package_identification:_identify(cmake-build-debug) by extensions ['colcon_pkg']
[0.728s] Level 1:colcon.colcon_core.package_identification:_identify(cmake-build-debug) by extension 'colcon_pkg'
[0.728s] Level 1:colcon.colcon_core.package_identification:_identify(cmake-build-debug) by extensions ['colcon_meta']
[0.728s] Level 1:colcon.colcon_core.package_identification:_identify(cmake-build-debug) by extension 'colcon_meta'
[0.728s] Level 1:colcon.colcon_core.package_identification:_identify(cmake-build-debug) by extensions ['ros']
[0.728s] Level 1:colcon.colcon_core.package_identification:_identify(cmake-build-debug) by extension 'ros'
[0.728s] Level 1:colcon.colcon_core.package_identification:_identify(cmake-build-debug) by extensions ['cmake', 'python']
[0.728s] Level 1:colcon.colcon_core.package_identification:_identify(cmake-build-debug) by extension 'cmake'
[0.728s] Level 1:colcon.colcon_core.package_identification:_identify(cmake-build-debug) by extension 'python'
[0.728s] Level 1:colcon.colcon_core.package_identification:_identify(cmake-build-debug) by extensions ['python_setup_py']
[0.728s] Level 1:colcon.colcon_core.package_identification:_identify(cmake-build-debug) by extension 'python_setup_py'
[0.729s] Level 1:colcon.colcon_core.package_identification:_identify(cmake-build-debug/CMakeFiles) by extensions ['ignore', 'ignore_ament_install']
[0.729s] Level 1:colcon.colcon_core.package_identification:_identify(cmake-build-debug/CMakeFiles) by extension 'ignore'
[0.729s] Level 1:colcon.colcon_core.package_identification:_identify(cmake-build-debug/CMakeFiles) by extension 'ignore_ament_install'
[0.729s] Level 1:colcon.colcon_core.package_identification:_identify(cmake-build-debug/CMakeFiles) by extensions ['colcon_pkg']
[0.729s] Level 1:colcon.colcon_core.package_identification:_identify(cmake-build-debug/CMakeFiles) by extension 'colcon_pkg'
[0.729s] Level 1:colcon.colcon_core.package_identification:_identify(cmake-build-debug/CMakeFiles) by extensions ['colcon_meta']
[0.729s] Level 1:colcon.colcon_core.package_identification:_identify(cmake-build-debug/CMakeFiles) by extension 'colcon_meta'
[0.729s] Level 1:colcon.colcon_core.package_identification:_identify(cmake-build-debug/CMakeFiles) by extensions ['ros']
[0.730s] Level 1:colcon.colcon_core.package_identification:_identify(cmake-build-debug/CMakeFiles) by extension 'ros'
[0.730s] Level 1:colcon.colcon_core.package_identification:_identify(cmake-build-debug/CMakeFiles) by extensions ['cmake', 'python']
[0.730s] Level 1:colcon.colcon_core.package_identification:_identify(cmake-build-debug/CMakeFiles) by extension 'cmake'
[0.730s] Level 1:colcon.colcon_core.package_identification:_identify(cmake-build-debug/CMakeFiles) by extension 'python'
[0.730s] Level 1:colcon.colcon_core.package_identification:_identify(cmake-build-debug/CMakeFiles) by extensions ['python_setup_py']
[0.730s] Level 1:colcon.colcon_core.package_identification:_identify(cmake-build-debug/CMakeFiles) by extension 'python_setup_py'
[0.731s] Level 1:colcon.colcon_core.package_identification:_identify(cmake-build-debug/CMakeFiles/4.0.2) by extensions ['ignore', 'ignore_ament_install']
[0.731s] Level 1:colcon.colcon_core.package_identification:_identify(cmake-build-debug/CMakeFiles/4.0.2) by extension 'ignore'
[0.731s] Level 1:colcon.colcon_core.package_identification:_identify(cmake-build-debug/CMakeFiles/4.0.2) by extension 'ignore_ament_install'
[0.731s] Level 1:colcon.colcon_core.package_identification:_identify(cmake-build-debug/CMakeFiles/4.0.2) by extensions ['colcon_pkg']
[0.731s] Level 1:colcon.colcon_core.package_identification:_identify(cmake-build-debug/CMakeFiles/4.0.2) by extension 'colcon_pkg'
[0.731s] Level 1:colcon.colcon_core.package_identification:_identify(cmake-build-debug/CMakeFiles/4.0.2) by extensions ['colcon_meta']
[0.731s] Level 1:colcon.colcon_core.package_identification:_identify(cmake-build-debug/CMakeFiles/4.0.2) by extension 'colcon_meta'
[0.732s] Level 1:colcon.colcon_core.package_identification:_identify(cmake-build-debug/CMakeFiles/4.0.2) by extensions ['ros']
[0.732s] Level 1:colcon.colcon_core.package_identification:_identify(cmake-build-debug/CMakeFiles/4.0.2) by extension 'ros'
[0.732s] Level 1:colcon.colcon_core.package_identification:_identify(cmake-build-debug/CMakeFiles/4.0.2) by extensions ['cmake', 'python']
[0.732s] Level 1:colcon.colcon_core.package_identification:_identify(cmake-build-debug/CMakeFiles/4.0.2) by extension 'cmake'
[0.732s] Level 1:colcon.colcon_core.package_identification:_identify(cmake-build-debug/CMakeFiles/4.0.2) by extension 'python'
[0.732s] Level 1:colcon.colcon_core.package_identification:_identify(cmake-build-debug/CMakeFiles/4.0.2) by extensions ['python_setup_py']
[0.732s] Level 1:colcon.colcon_core.package_identification:_identify(cmake-build-debug/CMakeFiles/4.0.2) by extension 'python_setup_py'
[0.733s] Level 1:colcon.colcon_core.package_identification:_identify(cmake-build-debug/CMakeFiles/4.0.2/CompilerIdC) by extensions ['ignore', 'ignore_ament_install']
[0.733s] Level 1:colcon.colcon_core.package_identification:_identify(cmake-build-debug/CMakeFiles/4.0.2/CompilerIdC) by extension 'ignore'
[0.733s] Level 1:colcon.colcon_core.package_identification:_identify(cmake-build-debug/CMakeFiles/4.0.2/CompilerIdC) by extension 'ignore_ament_install'
[0.733s] Level 1:colcon.colcon_core.package_identification:_identify(cmake-build-debug/CMakeFiles/4.0.2/CompilerIdC) by extensions ['colcon_pkg']
[0.733s] Level 1:colcon.colcon_core.package_identification:_identify(cmake-build-debug/CMakeFiles/4.0.2/CompilerIdC) by extension 'colcon_pkg'
[0.733s] Level 1:colcon.colcon_core.package_identification:_identify(cmake-build-debug/CMakeFiles/4.0.2/CompilerIdC) by extensions ['colcon_meta']
[0.734s] Level 1:colcon.colcon_core.package_identification:_identify(cmake-build-debug/CMakeFiles/4.0.2/CompilerIdC) by extension 'colcon_meta'
[0.734s] Level 1:colcon.colcon_core.package_identification:_identify(cmake-build-debug/CMakeFiles/4.0.2/CompilerIdC) by extensions ['ros']
[0.734s] Level 1:colcon.colcon_core.package_identification:_identify(cmake-build-debug/CMakeFiles/4.0.2/CompilerIdC) by extension 'ros'
[0.734s] Level 1:colcon.colcon_core.package_identification:_identify(cmake-build-debug/CMakeFiles/4.0.2/CompilerIdC) by extensions ['cmake', 'python']
[0.734s] Level 1:colcon.colcon_core.package_identification:_identify(cmake-build-debug/CMakeFiles/4.0.2/CompilerIdC) by extension 'cmake'
[0.734s] Level 1:colcon.colcon_core.package_identification:_identify(cmake-build-debug/CMakeFiles/4.0.2/CompilerIdC) by extension 'python'
[0.734s] Level 1:colcon.colcon_core.package_identification:_identify(cmake-build-debug/CMakeFiles/4.0.2/CompilerIdC) by extensions ['python_setup_py']
[0.734s] Level 1:colcon.colcon_core.package_identification:_identify(cmake-build-debug/CMakeFiles/4.0.2/CompilerIdC) by extension 'python_setup_py'
[0.735s] Level 1:colcon.colcon_core.package_identification:_identify(cmake-build-debug/CMakeFiles/4.0.2/CompilerIdC/tmp) by extensions ['ignore', 'ignore_ament_install']
[0.735s] Level 1:colcon.colcon_core.package_identification:_identify(cmake-build-debug/CMakeFiles/4.0.2/CompilerIdC/tmp) by extension 'ignore'
[0.735s] Level 1:colcon.colcon_core.package_identification:_identify(cmake-build-debug/CMakeFiles/4.0.2/CompilerIdC/tmp) by extension 'ignore_ament_install'
[0.735s] Level 1:colcon.colcon_core.package_identification:_identify(cmake-build-debug/CMakeFiles/4.0.2/CompilerIdC/tmp) by extensions ['colcon_pkg']
[0.735s] Level 1:colcon.colcon_core.package_identification:_identify(cmake-build-debug/CMakeFiles/4.0.2/CompilerIdC/tmp) by extension 'colcon_pkg'
[0.735s] Level 1:colcon.colcon_core.package_identification:_identify(cmake-build-debug/CMakeFiles/4.0.2/CompilerIdC/tmp) by extensions ['colcon_meta']
[0.735s] Level 1:colcon.colcon_core.package_identification:_identify(cmake-build-debug/CMakeFiles/4.0.2/CompilerIdC/tmp) by extension 'colcon_meta'
[0.735s] Level 1:colcon.colcon_core.package_identification:_identify(cmake-build-debug/CMakeFiles/4.0.2/CompilerIdC/tmp) by extensions ['ros']
[0.736s] Level 1:colcon.colcon_core.package_identification:_identify(cmake-build-debug/CMakeFiles/4.0.2/CompilerIdC/tmp) by extension 'ros'
[0.736s] Level 1:colcon.colcon_core.package_identification:_identify(cmake-build-debug/CMakeFiles/4.0.2/CompilerIdC/tmp) by extensions ['cmake', 'python']
[0.736s] Level 1:colcon.colcon_core.package_identification:_identify(cmake-build-debug/CMakeFiles/4.0.2/CompilerIdC/tmp) by extension 'cmake'
[0.736s] Level 1:colcon.colcon_core.package_identification:_identify(cmake-build-debug/CMakeFiles/4.0.2/CompilerIdC/tmp) by extension 'python'
[0.736s] Level 1:colcon.colcon_core.package_identification:_identify(cmake-build-debug/CMakeFiles/4.0.2/CompilerIdC/tmp) by extensions ['python_setup_py']
[0.736s] Level 1:colcon.colcon_core.package_identification:_identify(cmake-build-debug/CMakeFiles/4.0.2/CompilerIdC/tmp) by extension 'python_setup_py'
[0.736s] Level 1:colcon.colcon_core.package_identification:_identify(cmake-build-debug/CMakeFiles/4.0.2/CompilerIdCXX) by extensions ['ignore', 'ignore_ament_install']
[0.736s] Level 1:colcon.colcon_core.package_identification:_identify(cmake-build-debug/CMakeFiles/4.0.2/CompilerIdCXX) by extension 'ignore'
[0.736s] Level 1:colcon.colcon_core.package_identification:_identify(cmake-build-debug/CMakeFiles/4.0.2/CompilerIdCXX) by extension 'ignore_ament_install'
[0.737s] Level 1:colcon.colcon_core.package_identification:_identify(cmake-build-debug/CMakeFiles/4.0.2/CompilerIdCXX) by extensions ['colcon_pkg']
[0.737s] Level 1:colcon.colcon_core.package_identification:_identify(cmake-build-debug/CMakeFiles/4.0.2/CompilerIdCXX) by extension 'colcon_pkg'
[0.737s] Level 1:colcon.colcon_core.package_identification:_identify(cmake-build-debug/CMakeFiles/4.0.2/CompilerIdCXX) by extensions ['colcon_meta']
[0.737s] Level 1:colcon.colcon_core.package_identification:_identify(cmake-build-debug/CMakeFiles/4.0.2/CompilerIdCXX) by extension 'colcon_meta'
[0.737s] Level 1:colcon.colcon_core.package_identification:_identify(cmake-build-debug/CMakeFiles/4.0.2/CompilerIdCXX) by extensions ['ros']
[0.737s] Level 1:colcon.colcon_core.package_identification:_identify(cmake-build-debug/CMakeFiles/4.0.2/CompilerIdCXX) by extension 'ros'
[0.737s] Level 1:colcon.colcon_core.package_identification:_identify(cmake-build-debug/CMakeFiles/4.0.2/CompilerIdCXX) by extensions ['cmake', 'python']
[0.737s] Level 1:colcon.colcon_core.package_identification:_identify(cmake-build-debug/CMakeFiles/4.0.2/CompilerIdCXX) by extension 'cmake'
[0.737s] Level 1:colcon.colcon_core.package_identification:_identify(cmake-build-debug/CMakeFiles/4.0.2/CompilerIdCXX) by extension 'python'
[0.737s] Level 1:colcon.colcon_core.package_identification:_identify(cmake-build-debug/CMakeFiles/4.0.2/CompilerIdCXX) by extensions ['python_setup_py']
[0.737s] Level 1:colcon.colcon_core.package_identification:_identify(cmake-build-debug/CMakeFiles/4.0.2/CompilerIdCXX) by extension 'python_setup_py'
[0.738s] Level 1:colcon.colcon_core.package_identification:_identify(cmake-build-debug/CMakeFiles/4.0.2/CompilerIdCXX/tmp) by extensions ['ignore', 'ignore_ament_install']
[0.738s] Level 1:colcon.colcon_core.package_identification:_identify(cmake-build-debug/CMakeFiles/4.0.2/CompilerIdCXX/tmp) by extension 'ignore'
[0.738s] Level 1:colcon.colcon_core.package_identification:_identify(cmake-build-debug/CMakeFiles/4.0.2/CompilerIdCXX/tmp) by extension 'ignore_ament_install'
[0.738s] Level 1:colcon.colcon_core.package_identification:_identify(cmake-build-debug/CMakeFiles/4.0.2/CompilerIdCXX/tmp) by extensions ['colcon_pkg']
[0.738s] Level 1:colcon.colcon_core.package_identification:_identify(cmake-build-debug/CMakeFiles/4.0.2/CompilerIdCXX/tmp) by extension 'colcon_pkg'
[0.738s] Level 1:colcon.colcon_core.package_identification:_identify(cmake-build-debug/CMakeFiles/4.0.2/CompilerIdCXX/tmp) by extensions ['colcon_meta']
[0.738s] Level 1:colcon.colcon_core.package_identification:_identify(cmake-build-debug/CMakeFiles/4.0.2/CompilerIdCXX/tmp) by extension 'colcon_meta'
[0.738s] Level 1:colcon.colcon_core.package_identification:_identify(cmake-build-debug/CMakeFiles/4.0.2/CompilerIdCXX/tmp) by extensions ['ros']
[0.738s] Level 1:colcon.colcon_core.package_identification:_identify(cmake-build-debug/CMakeFiles/4.0.2/CompilerIdCXX/tmp) by extension 'ros'
[0.738s] Level 1:colcon.colcon_core.package_identification:_identify(cmake-build-debug/CMakeFiles/4.0.2/CompilerIdCXX/tmp) by extensions ['cmake', 'python']
[0.739s] Level 1:colcon.colcon_core.package_identification:_identify(cmake-build-debug/CMakeFiles/4.0.2/CompilerIdCXX/tmp) by extension 'cmake'
[0.739s] Level 1:colcon.colcon_core.package_identification:_identify(cmake-build-debug/CMakeFiles/4.0.2/CompilerIdCXX/tmp) by extension 'python'
[0.739s] Level 1:colcon.colcon_core.package_identification:_identify(cmake-build-debug/CMakeFiles/4.0.2/CompilerIdCXX/tmp) by extensions ['python_setup_py']
[0.739s] Level 1:colcon.colcon_core.package_identification:_identify(cmake-build-debug/CMakeFiles/4.0.2/CompilerIdCXX/tmp) by extension 'python_setup_py'
[0.739s] Level 1:colcon.colcon_core.package_identification:_identify(cmake-build-debug/CMakeFiles/cod_serial.dir) by extensions ['ignore', 'ignore_ament_install']
[0.739s] Level 1:colcon.colcon_core.package_identification:_identify(cmake-build-debug/CMakeFiles/cod_serial.dir) by extension 'ignore'
[0.739s] Level 1:colcon.colcon_core.package_identification:_identify(cmake-build-debug/CMakeFiles/cod_serial.dir) by extension 'ignore_ament_install'
[0.739s] Level 1:colcon.colcon_core.package_identification:_identify(cmake-build-debug/CMakeFiles/cod_serial.dir) by extensions ['colcon_pkg']
[0.740s] Level 1:colcon.colcon_core.package_identification:_identify(cmake-build-debug/CMakeFiles/cod_serial.dir) by extension 'colcon_pkg'
[0.740s] Level 1:colcon.colcon_core.package_identification:_identify(cmake-build-debug/CMakeFiles/cod_serial.dir) by extensions ['colcon_meta']
[0.740s] Level 1:colcon.colcon_core.package_identification:_identify(cmake-build-debug/CMakeFiles/cod_serial.dir) by extension 'colcon_meta'
[0.740s] Level 1:colcon.colcon_core.package_identification:_identify(cmake-build-debug/CMakeFiles/cod_serial.dir) by extensions ['ros']
[0.740s] Level 1:colcon.colcon_core.package_identification:_identify(cmake-build-debug/CMakeFiles/cod_serial.dir) by extension 'ros'
[0.740s] Level 1:colcon.colcon_core.package_identification:_identify(cmake-build-debug/CMakeFiles/cod_serial.dir) by extensions ['cmake', 'python']
[0.740s] Level 1:colcon.colcon_core.package_identification:_identify(cmake-build-debug/CMakeFiles/cod_serial.dir) by extension 'cmake'
[0.740s] Level 1:colcon.colcon_core.package_identification:_identify(cmake-build-debug/CMakeFiles/cod_serial.dir) by extension 'python'
[0.740s] Level 1:colcon.colcon_core.package_identification:_identify(cmake-build-debug/CMakeFiles/cod_serial.dir) by extensions ['python_setup_py']
[0.740s] Level 1:colcon.colcon_core.package_identification:_identify(cmake-build-debug/CMakeFiles/cod_serial.dir) by extension 'python_setup_py'
[0.741s] Level 1:colcon.colcon_core.package_identification:_identify(cmake-build-debug/CMakeFiles/cod_serial.dir/src) by extensions ['ignore', 'ignore_ament_install']
[0.741s] Level 1:colcon.colcon_core.package_identification:_identify(cmake-build-debug/CMakeFiles/cod_serial.dir/src) by extension 'ignore'
[0.741s] Level 1:colcon.colcon_core.package_identification:_identify(cmake-build-debug/CMakeFiles/cod_serial.dir/src) by extension 'ignore_ament_install'
[0.741s] Level 1:colcon.colcon_core.package_identification:_identify(cmake-build-debug/CMakeFiles/cod_serial.dir/src) by extensions ['colcon_pkg']
[0.741s] Level 1:colcon.colcon_core.package_identification:_identify(cmake-build-debug/CMakeFiles/cod_serial.dir/src) by extension 'colcon_pkg'
[0.742s] Level 1:colcon.colcon_core.package_identification:_identify(cmake-build-debug/CMakeFiles/cod_serial.dir/src) by extensions ['colcon_meta']
[0.742s] Level 1:colcon.colcon_core.package_identification:_identify(cmake-build-debug/CMakeFiles/cod_serial.dir/src) by extension 'colcon_meta'
[0.742s] Level 1:colcon.colcon_core.package_identification:_identify(cmake-build-debug/CMakeFiles/cod_serial.dir/src) by extensions ['ros']
[0.742s] Level 1:colcon.colcon_core.package_identification:_identify(cmake-build-debug/CMakeFiles/cod_serial.dir/src) by extension 'ros'
[0.742s] Level 1:colcon.colcon_core.package_identification:_identify(cmake-build-debug/CMakeFiles/cod_serial.dir/src) by extensions ['cmake', 'python']
[0.742s] Level 1:colcon.colcon_core.package_identification:_identify(cmake-build-debug/CMakeFiles/cod_serial.dir/src) by extension 'cmake'
[0.742s] Level 1:colcon.colcon_core.package_identification:_identify(cmake-build-debug/CMakeFiles/cod_serial.dir/src) by extension 'python'
[0.742s] Level 1:colcon.colcon_core.package_identification:_identify(cmake-build-debug/CMakeFiles/cod_serial.dir/src) by extensions ['python_setup_py']
[0.742s] Level 1:colcon.colcon_core.package_identification:_identify(cmake-build-debug/CMakeFiles/cod_serial.dir/src) by extension 'python_setup_py'
[0.743s] Level 1:colcon.colcon_core.package_identification:_identify(cmake-build-debug/CMakeFiles/pkgRedirects) by extensions ['ignore', 'ignore_ament_install']
[0.743s] Level 1:colcon.colcon_core.package_identification:_identify(cmake-build-debug/CMakeFiles/pkgRedirects) by extension 'ignore'
[0.743s] Level 1:colcon.colcon_core.package_identification:_identify(cmake-build-debug/CMakeFiles/pkgRedirects) by extension 'ignore_ament_install'
[0.743s] Level 1:colcon.colcon_core.package_identification:_identify(cmake-build-debug/CMakeFiles/pkgRedirects) by extensions ['colcon_pkg']
[0.743s] Level 1:colcon.colcon_core.package_identification:_identify(cmake-build-debug/CMakeFiles/pkgRedirects) by extension 'colcon_pkg'
[0.743s] Level 1:colcon.colcon_core.package_identification:_identify(cmake-build-debug/CMakeFiles/pkgRedirects) by extensions ['colcon_meta']
[0.743s] Level 1:colcon.colcon_core.package_identification:_identify(cmake-build-debug/CMakeFiles/pkgRedirects) by extension 'colcon_meta'
[0.744s] Level 1:colcon.colcon_core.package_identification:_identify(cmake-build-debug/CMakeFiles/pkgRedirects) by extensions ['ros']
[0.744s] Level 1:colcon.colcon_core.package_identification:_identify(cmake-build-debug/CMakeFiles/pkgRedirects) by extension 'ros'
[0.744s] Level 1:colcon.colcon_core.package_identification:_identify(cmake-build-debug/CMakeFiles/pkgRedirects) by extensions ['cmake', 'python']
[0.744s] Level 1:colcon.colcon_core.package_identification:_identify(cmake-build-debug/CMakeFiles/pkgRedirects) by extension 'cmake'
[0.744s] Level 1:colcon.colcon_core.package_identification:_identify(cmake-build-debug/CMakeFiles/pkgRedirects) by extension 'python'
[0.744s] Level 1:colcon.colcon_core.package_identification:_identify(cmake-build-debug/CMakeFiles/pkgRedirects) by extensions ['python_setup_py']
[0.744s] Level 1:colcon.colcon_core.package_identification:_identify(cmake-build-debug/CMakeFiles/pkgRedirects) by extension 'python_setup_py'
[0.745s] Level 1:colcon.colcon_core.package_identification:_identify(cmake-build-debug/Testing) by extensions ['ignore', 'ignore_ament_install']
[0.745s] Level 1:colcon.colcon_core.package_identification:_identify(cmake-build-debug/Testing) by extension 'ignore'
[0.745s] Level 1:colcon.colcon_core.package_identification:_identify(cmake-build-debug/Testing) by extension 'ignore_ament_install'
[0.745s] Level 1:colcon.colcon_core.package_identification:_identify(cmake-build-debug/Testing) by extensions ['colcon_pkg']
[0.745s] Level 1:colcon.colcon_core.package_identification:_identify(cmake-build-debug/Testing) by extension 'colcon_pkg'
[0.745s] Level 1:colcon.colcon_core.package_identification:_identify(cmake-build-debug/Testing) by extensions ['colcon_meta']
[0.745s] Level 1:colcon.colcon_core.package_identification:_identify(cmake-build-debug/Testing) by extension 'colcon_meta'
[0.745s] Level 1:colcon.colcon_core.package_identification:_identify(cmake-build-debug/Testing) by extensions ['ros']
[0.746s] Level 1:colcon.colcon_core.package_identification:_identify(cmake-build-debug/Testing) by extension 'ros'
[0.746s] Level 1:colcon.colcon_core.package_identification:_identify(cmake-build-debug/Testing) by extensions ['cmake', 'python']
[0.746s] Level 1:colcon.colcon_core.package_identification:_identify(cmake-build-debug/Testing) by extension 'cmake'
[0.746s] Level 1:colcon.colcon_core.package_identification:_identify(cmake-build-debug/Testing) by extension 'python'
[0.746s] Level 1:colcon.colcon_core.package_identification:_identify(cmake-build-debug/Testing) by extensions ['python_setup_py']
[0.746s] Level 1:colcon.colcon_core.package_identification:_identify(cmake-build-debug/Testing) by extension 'python_setup_py'
[0.746s] Level 1:colcon.colcon_core.package_identification:_identify(cmake-build-debug/Testing/Temporary) by extensions ['ignore', 'ignore_ament_install']
[0.746s] Level 1:colcon.colcon_core.package_identification:_identify(cmake-build-debug/Testing/Temporary) by extension 'ignore'
[0.747s] Level 1:colcon.colcon_core.package_identification:_identify(cmake-build-debug/Testing/Temporary) by extension 'ignore_ament_install'
[0.747s] Level 1:colcon.colcon_core.package_identification:_identify(cmake-build-debug/Testing/Temporary) by extensions ['colcon_pkg']
[0.747s] Level 1:colcon.colcon_core.package_identification:_identify(cmake-build-debug/Testing/Temporary) by extension 'colcon_pkg'
[0.747s] Level 1:colcon.colcon_core.package_identification:_identify(cmake-build-debug/Testing/Temporary) by extensions ['colcon_meta']
[0.747s] Level 1:colcon.colcon_core.package_identification:_identify(cmake-build-debug/Testing/Temporary) by extension 'colcon_meta'
[0.747s] Level 1:colcon.colcon_core.package_identification:_identify(cmake-build-debug/Testing/Temporary) by extensions ['ros']
[0.747s] Level 1:colcon.colcon_core.package_identification:_identify(cmake-build-debug/Testing/Temporary) by extension 'ros'
[0.747s] Level 1:colcon.colcon_core.package_identification:_identify(cmake-build-debug/Testing/Temporary) by extensions ['cmake', 'python']
[0.747s] Level 1:colcon.colcon_core.package_identification:_identify(cmake-build-debug/Testing/Temporary) by extension 'cmake'
[0.747s] Level 1:colcon.colcon_core.package_identification:_identify(cmake-build-debug/Testing/Temporary) by extension 'python'
[0.747s] Level 1:colcon.colcon_core.package_identification:_identify(cmake-build-debug/Testing/Temporary) by extensions ['python_setup_py']
[0.747s] Level 1:colcon.colcon_core.package_identification:_identify(cmake-build-debug/Testing/Temporary) by extension 'python_setup_py'
[0.748s] Level 1:colcon.colcon_core.package_identification:_identify(install) by extensions ['ignore', 'ignore_ament_install']
[0.748s] Level 1:colcon.colcon_core.package_identification:_identify(install) by extension 'ignore'
[0.748s] Level 1:colcon.colcon_core.package_identification:_identify(install) ignored
[0.748s] Level 1:colcon.colcon_core.package_identification:_identify(log) by extensions ['ignore', 'ignore_ament_install']
[0.748s] Level 1:colcon.colcon_core.package_identification:_identify(log) by extension 'ignore'
[0.748s] Level 1:colcon.colcon_core.package_identification:_identify(log) ignored
[0.749s] Level 1:colcon.colcon_core.package_identification:_identify(rm_interfaces) by extensions ['ignore', 'ignore_ament_install']
[0.749s] Level 1:colcon.colcon_core.package_identification:_identify(rm_interfaces) by extension 'ignore'
[0.749s] Level 1:colcon.colcon_core.package_identification:_identify(rm_interfaces) by extension 'ignore_ament_install'
[0.749s] Level 1:colcon.colcon_core.package_identification:_identify(rm_interfaces) by extensions ['colcon_pkg']
[0.749s] Level 1:colcon.colcon_core.package_identification:_identify(rm_interfaces) by extension 'colcon_pkg'
[0.749s] Level 1:colcon.colcon_core.package_identification:_identify(rm_interfaces) by extensions ['colcon_meta']
[0.749s] Level 1:colcon.colcon_core.package_identification:_identify(rm_interfaces) by extension 'colcon_meta'
[0.749s] Level 1:colcon.colcon_core.package_identification:_identify(rm_interfaces) by extensions ['ros']
[0.749s] Level 1:colcon.colcon_core.package_identification:_identify(rm_interfaces) by extension 'ros'
[0.751s] DEBUG:colcon.colcon_core.package_identification:Package 'rm_interfaces' with type 'ros.ament_cmake' and name 'rm_interfaces'
[0.751s] Level 1:colcon.colcon_core.package_discovery:discover_packages(recursive) using defaults
[0.751s] Level 1:colcon.colcon_core.package_discovery:discover_packages(ignore) discover
[0.751s] Level 1:colcon.colcon_core.package_discovery:discover_packages(ignore) using defaults
[0.751s] Level 1:colcon.colcon_core.package_discovery:discover_packages(path) discover
[0.751s] Level 1:colcon.colcon_core.package_discovery:discover_packages(path) using defaults
[0.798s] Level 1:colcon.colcon_core.package_discovery:discover_packages(prefix_path) check parameters
[0.799s] Level 1:colcon.colcon_core.package_discovery:discover_packages(prefix_path) discover
[0.808s] DEBUG:colcon.colcon_installed_package_information.package_discovery:Found 1 installed packages in /home/ysl/BehaviorTree.CPP/install
[0.809s] DEBUG:colcon.colcon_installed_package_information.package_discovery:Found 3 installed packages in /home/ysl/ros2_ws/install
[0.814s] DEBUG:colcon.colcon_installed_package_information.package_discovery:Found 388 installed packages in /opt/ros/jazzy
[0.818s] Level 1:colcon.colcon_core.package_discovery:discover_packages(prefix_path) using defaults
[1.038s] Level 5:colcon.colcon_core.verb:set package 'rm_interfaces' build argument 'cmake_args' from command line to 'None'
[1.038s] Level 5:colcon.colcon_core.verb:set package 'rm_interfaces' build argument 'cmake_target' from command line to 'None'
[1.038s] Level 5:colcon.colcon_core.verb:set package 'rm_interfaces' build argument 'cmake_target_skip_unavailable' from command line to 'False'
[1.038s] Level 5:colcon.colcon_core.verb:set package 'rm_interfaces' build argument 'cmake_clean_cache' from command line to 'False'
[1.038s] Level 5:colcon.colcon_core.verb:set package 'rm_interfaces' build argument 'cmake_clean_first' from command line to 'False'
[1.038s] Level 5:colcon.colcon_core.verb:set package 'rm_interfaces' build argument 'cmake_force_configure' from command line to 'False'
[1.038s] Level 5:colcon.colcon_core.verb:set package 'rm_interfaces' build argument 'ament_cmake_args' from command line to 'None'
[1.038s] Level 5:colcon.colcon_core.verb:set package 'rm_interfaces' build argument 'catkin_cmake_args' from command line to 'None'
[1.038s] Level 5:colcon.colcon_core.verb:set package 'rm_interfaces' build argument 'catkin_skip_building_tests' from command line to 'False'
[1.038s] DEBUG:colcon.colcon_core.verb:Building package 'rm_interfaces' with the following arguments: {'ament_cmake_args': None, 'build_base': '/home/ysl/ros2_ws/build/rm_interfaces', 'catkin_cmake_args': None, 'catkin_skip_building_tests': False, 'cmake_args': None, 'cmake_clean_cache': False, 'cmake_clean_first': False, 'cmake_force_configure': False, 'cmake_target': None, 'cmake_target_skip_unavailable': False, 'install_base': '/home/ysl/ros2_ws/install/rm_interfaces', 'merge_install': False, 'path': '/home/ysl/ros2_ws/rm_interfaces', 'symlink_install': True, 'test_result_base': None}
[1.038s] Level 5:colcon.colcon_core.verb:set package 'cod_behavior' build argument 'cmake_args' from command line to 'None'
[1.039s] Level 5:colcon.colcon_core.verb:set package 'cod_behavior' build argument 'cmake_target' from command line to 'None'
[1.039s] Level 5:colcon.colcon_core.verb:set package 'cod_behavior' build argument 'cmake_target_skip_unavailable' from command line to 'False'
[1.039s] Level 5:colcon.colcon_core.verb:set package 'cod_behavior' build argument 'cmake_clean_cache' from command line to 'False'
[1.039s] Level 5:colcon.colcon_core.verb:set package 'cod_behavior' build argument 'cmake_clean_first' from command line to 'False'
[1.039s] Level 5:colcon.colcon_core.verb:set package 'cod_behavior' build argument 'cmake_force_configure' from command line to 'False'
[1.039s] Level 5:colcon.colcon_core.verb:set package 'cod_behavior' build argument 'ament_cmake_args' from command line to 'None'
[1.039s] Level 5:colcon.colcon_core.verb:set package 'cod_behavior' build argument 'catkin_cmake_args' from command line to 'None'
[1.039s] Level 5:colcon.colcon_core.verb:set package 'cod_behavior' build argument 'catkin_skip_building_tests' from command line to 'False'
[1.039s] DEBUG:colcon.colcon_core.verb:Building package 'cod_behavior' with the following arguments: {'ament_cmake_args': None, 'build_base': '/home/ysl/ros2_ws/build/cod_behavior', 'catkin_cmake_args': None, 'catkin_skip_building_tests': False, 'cmake_args': None, 'cmake_clean_cache': False, 'cmake_clean_first': False, 'cmake_force_configure': False, 'cmake_target': None, 'cmake_target_skip_unavailable': False, 'install_base': '/home/ysl/ros2_ws/install/cod_behavior', 'merge_install': False, 'path': '/home/ysl/ros2_ws/COD_Behavior', 'symlink_install': True, 'test_result_base': None}
[1.040s] Level 5:colcon.colcon_core.verb:set package 'cod_serial' build argument 'cmake_args' from command line to 'None'
[1.040s] Level 5:colcon.colcon_core.verb:set package 'cod_serial' build argument 'cmake_target' from command line to 'None'
[1.040s] Level 5:colcon.colcon_core.verb:set package 'cod_serial' build argument 'cmake_target_skip_unavailable' from command line to 'False'
[1.040s] Level 5:colcon.colcon_core.verb:set package 'cod_serial' build argument 'cmake_clean_cache' from command line to 'False'
[1.040s] Level 5:colcon.colcon_core.verb:set package 'cod_serial' build argument 'cmake_clean_first' from command line to 'False'
[1.040s] Level 5:colcon.colcon_core.verb:set package 'cod_serial' build argument 'cmake_force_configure' from command line to 'False'
[1.040s] Level 5:colcon.colcon_core.verb:set package 'cod_serial' build argument 'ament_cmake_args' from command line to 'None'
[1.040s] Level 5:colcon.colcon_core.verb:set package 'cod_serial' build argument 'catkin_cmake_args' from command line to 'None'
[1.040s] Level 5:colcon.colcon_core.verb:set package 'cod_serial' build argument 'catkin_skip_building_tests' from command line to 'False'
[1.040s] DEBUG:colcon.colcon_core.verb:Building package 'cod_serial' with the following arguments: {'ament_cmake_args': None, 'build_base': '/home/ysl/ros2_ws/build/cod_serial', 'catkin_cmake_args': None, 'catkin_skip_building_tests': False, 'cmake_args': None, 'cmake_clean_cache': False, 'cmake_clean_first': False, 'cmake_force_configure': False, 'cmake_target': None, 'cmake_target_skip_unavailable': False, 'install_base': '/home/ysl/ros2_ws/install/cod_serial', 'merge_install': False, 'path': '/home/ysl/ros2_ws/COD_Serial', 'symlink_install': True, 'test_result_base': None}
[1.041s] INFO:colcon.colcon_core.executor:Executing jobs using 'parallel' executor
[1.042s] DEBUG:colcon.colcon_parallel_executor.executor.parallel:run_until_complete
[1.043s] INFO:colcon.colcon_ros.task.ament_cmake.build:Building ROS package in '/home/ysl/ros2_ws/rm_interfaces' with build type 'ament_cmake'
[1.043s] INFO:colcon.colcon_cmake.task.cmake.build:Building CMake package in '/home/ysl/ros2_ws/rm_interfaces'
[1.052s] INFO:colcon.colcon_core.plugin_system:Skipping extension 'colcon_core.shell.bat': Not used on non-Windows systems
[1.052s] INFO:colcon.colcon_core.shell:Skip shell extension 'powershell' for command environment: Not usable outside of PowerShell
[1.053s] DEBUG:colcon.colcon_core.shell:Skip shell extension 'dsv' for command environment
[1.077s] DEBUG:colcon.colcon_core.event_handler.log_command:Invoking command in '/home/ysl/ros2_ws/build/rm_interfaces': CMAKE_PREFIX_PATH=${CMAKE_PREFIX_PATH}:/opt/ros/jazzy /usr/bin/cmake --build /home/ysl/ros2_ws/build/rm_interfaces -- -j12 -l12
[2.038s] DEBUG:colcon.colcon_core.event_handler.log_command:Invoked command in '/home/ysl/ros2_ws/build/rm_interfaces' returned '0': CMAKE_PREFIX_PATH=${CMAKE_PREFIX_PATH}:/opt/ros/jazzy /usr/bin/cmake --build /home/ysl/ros2_ws/build/rm_interfaces -- -j12 -l12
[2.062s] DEBUG:colcon.colcon_core.event_handler.log_command:Invoking command in '/home/ysl/ros2_ws/build/rm_interfaces': CMAKE_PREFIX_PATH=${CMAKE_PREFIX_PATH}:/opt/ros/jazzy /usr/bin/cmake --install /home/ysl/ros2_ws/build/rm_interfaces
[2.553s] Level 1:colcon.colcon_core.environment:create_environment_scripts_only(rm_interfaces)
[2.555s] DEBUG:colcon.colcon_core.event_handler.log_command:Invoked command in '/home/ysl/ros2_ws/build/rm_interfaces' returned '0': CMAKE_PREFIX_PATH=${CMAKE_PREFIX_PATH}:/opt/ros/jazzy /usr/bin/cmake --install /home/ysl/ros2_ws/build/rm_interfaces
[2.566s] Level 1:colcon.colcon_core.environment:checking '/home/ysl/ros2_ws/install/rm_interfaces' for CMake module files
[2.568s] Level 1:colcon.colcon_core.environment:checking '/home/ysl/ros2_ws/install/rm_interfaces' for CMake config files
[2.577s] Level 1:colcon.colcon_core.shell:create_environment_hook('rm_interfaces', 'cmake_prefix_path')
[2.578s] INFO:colcon.colcon_core.shell:Creating environment hook '/home/ysl/ros2_ws/install/rm_interfaces/share/rm_interfaces/hook/cmake_prefix_path.ps1'
[2.579s] INFO:colcon.colcon_core.shell:Creating environment descriptor '/home/ysl/ros2_ws/install/rm_interfaces/share/rm_interfaces/hook/cmake_prefix_path.dsv'
[2.581s] INFO:colcon.colcon_core.shell:Creating environment hook '/home/ysl/ros2_ws/install/rm_interfaces/share/rm_interfaces/hook/cmake_prefix_path.sh'
[2.583s] Level 1:colcon.colcon_core.environment:checking '/home/ysl/ros2_ws/install/rm_interfaces/lib'
[2.583s] Level 1:colcon.colcon_core.shell:create_environment_hook('rm_interfaces', 'ld_library_path_lib')
[2.583s] INFO:colcon.colcon_core.shell:Creating environment hook '/home/ysl/ros2_ws/install/rm_interfaces/share/rm_interfaces/hook/ld_library_path_lib.ps1'
[2.584s] INFO:colcon.colcon_core.shell:Creating environment descriptor '/home/ysl/ros2_ws/install/rm_interfaces/share/rm_interfaces/hook/ld_library_path_lib.dsv'
[2.585s] INFO:colcon.colcon_core.shell:Creating environment hook '/home/ysl/ros2_ws/install/rm_interfaces/share/rm_interfaces/hook/ld_library_path_lib.sh'
[2.586s] Level 1:colcon.colcon_core.environment:checking '/home/ysl/ros2_ws/install/rm_interfaces/bin'
[2.586s] Level 1:colcon.colcon_core.environment:checking '/home/ysl/ros2_ws/install/rm_interfaces/lib/pkgconfig/rm_interfaces.pc'
[2.586s] Level 1:colcon.colcon_core.environment:checking '/home/ysl/ros2_ws/install/rm_interfaces/lib/python3.12/site-packages'
[2.586s] Level 1:colcon.colcon_core.shell:create_environment_hook('rm_interfaces', 'pythonpath')
[2.587s] INFO:colcon.colcon_core.shell:Creating environment hook '/home/ysl/ros2_ws/install/rm_interfaces/share/rm_interfaces/hook/pythonpath.ps1'
[2.588s] INFO:colcon.colcon_core.shell:Creating environment descriptor '/home/ysl/ros2_ws/install/rm_interfaces/share/rm_interfaces/hook/pythonpath.dsv'
[2.589s] INFO:colcon.colcon_core.shell:Creating environment hook '/home/ysl/ros2_ws/install/rm_interfaces/share/rm_interfaces/hook/pythonpath.sh'
[2.590s] Level 1:colcon.colcon_core.environment:checking '/home/ysl/ros2_ws/install/rm_interfaces/bin'
[2.590s] INFO:colcon.colcon_core.shell:Creating package script '/home/ysl/ros2_ws/install/rm_interfaces/share/rm_interfaces/package.ps1'
[2.592s] INFO:colcon.colcon_core.shell:Creating package descriptor '/home/ysl/ros2_ws/install/rm_interfaces/share/rm_interfaces/package.dsv'
[2.594s] INFO:colcon.colcon_core.shell:Creating package script '/home/ysl/ros2_ws/install/rm_interfaces/share/rm_interfaces/package.sh'
[2.596s] INFO:colcon.colcon_core.shell:Creating package script '/home/ysl/ros2_ws/install/rm_interfaces/share/rm_interfaces/package.bash'
[2.598s] INFO:colcon.colcon_core.shell:Creating package script '/home/ysl/ros2_ws/install/rm_interfaces/share/rm_interfaces/package.zsh'
[2.600s] Level 1:colcon.colcon_core.environment:create_file_with_runtime_dependencies(/home/ysl/ros2_ws/install/rm_interfaces/share/colcon-core/packages/rm_interfaces)
[2.601s] Level 1:colcon.colcon_core.environment:create_environment_scripts_only(rm_interfaces)
[2.602s] Level 1:colcon.colcon_core.environment:checking '/home/ysl/ros2_ws/install/rm_interfaces' for CMake module files
[2.602s] Level 1:colcon.colcon_core.environment:checking '/home/ysl/ros2_ws/install/rm_interfaces' for CMake config files
[2.606s] Level 1:colcon.colcon_core.shell:create_environment_hook('rm_interfaces', 'cmake_prefix_path')
[2.607s] INFO:colcon.colcon_core.shell:Creating environment hook '/home/ysl/ros2_ws/install/rm_interfaces/share/rm_interfaces/hook/cmake_prefix_path.ps1'
[2.608s] INFO:colcon.colcon_core.shell:Creating environment descriptor '/home/ysl/ros2_ws/install/rm_interfaces/share/rm_interfaces/hook/cmake_prefix_path.dsv'
[2.608s] INFO:colcon.colcon_core.shell:Creating environment hook '/home/ysl/ros2_ws/install/rm_interfaces/share/rm_interfaces/hook/cmake_prefix_path.sh'
[2.609s] Level 1:colcon.colcon_core.environment:checking '/home/ysl/ros2_ws/install/rm_interfaces/lib'
[2.609s] Level 1:colcon.colcon_core.shell:create_environment_hook('rm_interfaces', 'ld_library_path_lib')
[2.610s] INFO:colcon.colcon_core.shell:Creating environment hook '/home/ysl/ros2_ws/install/rm_interfaces/share/rm_interfaces/hook/ld_library_path_lib.ps1'
[2.611s] INFO:colcon.colcon_core.shell:Creating environment descriptor '/home/ysl/ros2_ws/install/rm_interfaces/share/rm_interfaces/hook/ld_library_path_lib.dsv'
[2.612s] INFO:colcon.colcon_core.shell:Creating environment hook '/home/ysl/ros2_ws/install/rm_interfaces/share/rm_interfaces/hook/ld_library_path_lib.sh'
[2.613s] Level 1:colcon.colcon_core.environment:checking '/home/ysl/ros2_ws/install/rm_interfaces/bin'
[2.613s] Level 1:colcon.colcon_core.environment:checking '/home/ysl/ros2_ws/install/rm_interfaces/lib/pkgconfig/rm_interfaces.pc'
[2.613s] Level 1:colcon.colcon_core.environment:checking '/home/ysl/ros2_ws/install/rm_interfaces/lib/python3.12/site-packages'
[2.614s] Level 1:colcon.colcon_core.shell:create_environment_hook('rm_interfaces', 'pythonpath')
[2.614s] INFO:colcon.colcon_core.shell:Creating environment hook '/home/ysl/ros2_ws/install/rm_interfaces/share/rm_interfaces/hook/pythonpath.ps1'
[2.615s] INFO:colcon.colcon_core.shell:Creating environment descriptor '/home/ysl/ros2_ws/install/rm_interfaces/share/rm_interfaces/hook/pythonpath.dsv'
[2.615s] INFO:colcon.colcon_core.shell:Creating environment hook '/home/ysl/ros2_ws/install/rm_interfaces/share/rm_interfaces/hook/pythonpath.sh'
[2.616s] Level 1:colcon.colcon_core.environment:checking '/home/ysl/ros2_ws/install/rm_interfaces/bin'
[2.617s] INFO:colcon.colcon_core.shell:Creating package script '/home/ysl/ros2_ws/install/rm_interfaces/share/rm_interfaces/package.ps1'
[2.617s] INFO:colcon.colcon_core.shell:Creating package descriptor '/home/ysl/ros2_ws/install/rm_interfaces/share/rm_interfaces/package.dsv'
[2.618s] INFO:colcon.colcon_core.shell:Creating package script '/home/ysl/ros2_ws/install/rm_interfaces/share/rm_interfaces/package.sh'
[2.619s] INFO:colcon.colcon_core.shell:Creating package script '/home/ysl/ros2_ws/install/rm_interfaces/share/rm_interfaces/package.bash'
[2.620s] INFO:colcon.colcon_core.shell:Creating package script '/home/ysl/ros2_ws/install/rm_interfaces/share/rm_interfaces/package.zsh'
[2.621s] Level 1:colcon.colcon_core.environment:create_file_with_runtime_dependencies(/home/ysl/ros2_ws/install/rm_interfaces/share/colcon-core/packages/rm_interfaces)
[2.622s] INFO:colcon.colcon_ros.task.ament_cmake.build:Building ROS package in '/home/ysl/ros2_ws/COD_Behavior' with build type 'ament_cmake'
[2.623s] INFO:colcon.colcon_cmake.task.cmake.build:Building CMake package in '/home/ysl/ros2_ws/COD_Behavior'
[2.623s] INFO:colcon.colcon_core.shell:Skip shell extension 'powershell' for command environment: Not usable outside of PowerShell
[2.623s] DEBUG:colcon.colcon_core.shell:Skip shell extension 'dsv' for command environment
[2.633s] INFO:colcon.colcon_ros.task.ament_cmake.build:Building ROS package in '/home/ysl/ros2_ws/COD_Serial' with build type 'ament_cmake'
[2.633s] INFO:colcon.colcon_cmake.task.cmake.build:Building CMake package in '/home/ysl/ros2_ws/COD_Serial'
[2.634s] INFO:colcon.colcon_core.shell:Skip shell extension 'powershell' for command environment: Not usable outside of PowerShell
[2.634s] DEBUG:colcon.colcon_core.shell:Skip shell extension 'dsv' for command environment
[2.966s] DEBUG:colcon.colcon_core.event_handler.log_command:Invoking command in '/home/ysl/ros2_ws/build/cod_behavior': CMAKE_PREFIX_PATH=/home/ysl/ros2_ws/install/rm_interfaces:/home/ysl/ros2_ws/install/cod_serial:/home/ysl/ros2_ws/install/cod_behavior:/home/ysl/BehaviorTree.CPP/install/behaviortree_cpp:/opt/ros/jazzy/opt/gz_sim_vendor:/opt/ros/jazzy/opt/gz_sensors_vendor:/opt/ros/jazzy/opt/gz_physics_vendor:/opt/ros/jazzy/opt/sdformat_vendor:/opt/ros/jazzy/opt/gz_gui_vendor:/opt/ros/jazzy/opt/gz_transport_vendor:/opt/ros/jazzy/opt/gz_rendering_vendor:/opt/ros/jazzy/opt/gz_plugin_vendor:/opt/ros/jazzy/opt/gz_fuel_tools_vendor:/opt/ros/jazzy/opt/gz_msgs_vendor:/opt/ros/jazzy/opt/gz_common_vendor:/opt/ros/jazzy/opt/gz_math_vendor:/opt/ros/jazzy/opt/gz_utils_vendor:/opt/ros/jazzy/opt/gz_tools_vendor:/opt/ros/jazzy/opt/gz_ogre_next_vendor:/opt/ros/jazzy/opt/gz_dartsim_vendor:/opt/ros/jazzy/opt/gz_cmake_vendor:/opt/ros/jazzy /usr/bin/cmake --build /home/ysl/ros2_ws/build/cod_behavior -- -j12 -l12
[2.972s] DEBUG:colcon.colcon_core.event_handler.log_command:Invoking command in '/home/ysl/ros2_ws/build/cod_serial': CMAKE_PREFIX_PATH=/home/ysl/ros2_ws/install/rm_interfaces:/home/ysl/ros2_ws/install/cod_serial:/home/ysl/ros2_ws/install/cod_behavior:/home/ysl/BehaviorTree.CPP/install/behaviortree_cpp:/opt/ros/jazzy/opt/gz_sim_vendor:/opt/ros/jazzy/opt/gz_sensors_vendor:/opt/ros/jazzy/opt/gz_physics_vendor:/opt/ros/jazzy/opt/sdformat_vendor:/opt/ros/jazzy/opt/gz_gui_vendor:/opt/ros/jazzy/opt/gz_transport_vendor:/opt/ros/jazzy/opt/gz_rendering_vendor:/opt/ros/jazzy/opt/gz_plugin_vendor:/opt/ros/jazzy/opt/gz_fuel_tools_vendor:/opt/ros/jazzy/opt/gz_msgs_vendor:/opt/ros/jazzy/opt/gz_common_vendor:/opt/ros/jazzy/opt/gz_math_vendor:/opt/ros/jazzy/opt/gz_utils_vendor:/opt/ros/jazzy/opt/gz_tools_vendor:/opt/ros/jazzy/opt/gz_ogre_next_vendor:/opt/ros/jazzy/opt/gz_dartsim_vendor:/opt/ros/jazzy/opt/gz_cmake_vendor:/opt/ros/jazzy /usr/bin/cmake --build /home/ysl/ros2_ws/build/cod_serial -- -j12 -l12
[3.107s] DEBUG:colcon.colcon_core.event_handler.log_command:Invoked command in '/home/ysl/ros2_ws/build/cod_behavior' returned '0': CMAKE_PREFIX_PATH=/home/ysl/ros2_ws/install/rm_interfaces:/home/ysl/ros2_ws/install/cod_serial:/home/ysl/ros2_ws/install/cod_behavior:/home/ysl/BehaviorTree.CPP/install/behaviortree_cpp:/opt/ros/jazzy/opt/gz_sim_vendor:/opt/ros/jazzy/opt/gz_sensors_vendor:/opt/ros/jazzy/opt/gz_physics_vendor:/opt/ros/jazzy/opt/sdformat_vendor:/opt/ros/jazzy/opt/gz_gui_vendor:/opt/ros/jazzy/opt/gz_transport_vendor:/opt/ros/jazzy/opt/gz_rendering_vendor:/opt/ros/jazzy/opt/gz_plugin_vendor:/opt/ros/jazzy/opt/gz_fuel_tools_vendor:/opt/ros/jazzy/opt/gz_msgs_vendor:/opt/ros/jazzy/opt/gz_common_vendor:/opt/ros/jazzy/opt/gz_math_vendor:/opt/ros/jazzy/opt/gz_utils_vendor:/opt/ros/jazzy/opt/gz_tools_vendor:/opt/ros/jazzy/opt/gz_ogre_next_vendor:/opt/ros/jazzy/opt/gz_dartsim_vendor:/opt/ros/jazzy/opt/gz_cmake_vendor:/opt/ros/jazzy /usr/bin/cmake --build /home/ysl/ros2_ws/build/cod_behavior -- -j12 -l12
[3.109s] DEBUG:colcon.colcon_core.event_handler.log_command:Invoking command in '/home/ysl/ros2_ws/build/cod_behavior': CMAKE_PREFIX_PATH=/home/ysl/ros2_ws/install/rm_interfaces:/home/ysl/ros2_ws/install/cod_serial:/home/ysl/ros2_ws/install/cod_behavior:/home/ysl/BehaviorTree.CPP/install/behaviortree_cpp:/opt/ros/jazzy/opt/gz_sim_vendor:/opt/ros/jazzy/opt/gz_sensors_vendor:/opt/ros/jazzy/opt/gz_physics_vendor:/opt/ros/jazzy/opt/sdformat_vendor:/opt/ros/jazzy/opt/gz_gui_vendor:/opt/ros/jazzy/opt/gz_transport_vendor:/opt/ros/jazzy/opt/gz_rendering_vendor:/opt/ros/jazzy/opt/gz_plugin_vendor:/opt/ros/jazzy/opt/gz_fuel_tools_vendor:/opt/ros/jazzy/opt/gz_msgs_vendor:/opt/ros/jazzy/opt/gz_common_vendor:/opt/ros/jazzy/opt/gz_math_vendor:/opt/ros/jazzy/opt/gz_utils_vendor:/opt/ros/jazzy/opt/gz_tools_vendor:/opt/ros/jazzy/opt/gz_ogre_next_vendor:/opt/ros/jazzy/opt/gz_dartsim_vendor:/opt/ros/jazzy/opt/gz_cmake_vendor:/opt/ros/jazzy /usr/bin/cmake --install /home/ysl/ros2_ws/build/cod_behavior
[3.161s] Level 1:colcon.colcon_core.environment:create_environment_scripts_only(cod_behavior)
[3.162s] Level 1:colcon.colcon_core.environment:checking '/home/ysl/ros2_ws/install/cod_behavior' for CMake module files
[3.163s] DEBUG:colcon.colcon_core.event_handler.log_command:Invoked command in '/home/ysl/ros2_ws/build/cod_behavior' returned '0': CMAKE_PREFIX_PATH=/home/ysl/ros2_ws/install/rm_interfaces:/home/ysl/ros2_ws/install/cod_serial:/home/ysl/ros2_ws/install/cod_behavior:/home/ysl/BehaviorTree.CPP/install/behaviortree_cpp:/opt/ros/jazzy/opt/gz_sim_vendor:/opt/ros/jazzy/opt/gz_sensors_vendor:/opt/ros/jazzy/opt/gz_physics_vendor:/opt/ros/jazzy/opt/sdformat_vendor:/opt/ros/jazzy/opt/gz_gui_vendor:/opt/ros/jazzy/opt/gz_transport_vendor:/opt/ros/jazzy/opt/gz_rendering_vendor:/opt/ros/jazzy/opt/gz_plugin_vendor:/opt/ros/jazzy/opt/gz_fuel_tools_vendor:/opt/ros/jazzy/opt/gz_msgs_vendor:/opt/ros/jazzy/opt/gz_common_vendor:/opt/ros/jazzy/opt/gz_math_vendor:/opt/ros/jazzy/opt/gz_utils_vendor:/opt/ros/jazzy/opt/gz_tools_vendor:/opt/ros/jazzy/opt/gz_ogre_next_vendor:/opt/ros/jazzy/opt/gz_dartsim_vendor:/opt/ros/jazzy/opt/gz_cmake_vendor:/opt/ros/jazzy /usr/bin/cmake --install /home/ysl/ros2_ws/build/cod_behavior
[3.164s] Level 1:colcon.colcon_core.environment:checking '/home/ysl/ros2_ws/install/cod_behavior' for CMake config files
[3.170s] Level 1:colcon.colcon_core.shell:create_environment_hook('cod_behavior', 'cmake_prefix_path')
[3.170s] INFO:colcon.colcon_core.shell:Creating environment hook '/home/ysl/ros2_ws/install/cod_behavior/share/cod_behavior/hook/cmake_prefix_path.ps1'
[3.171s] INFO:colcon.colcon_core.shell:Creating environment descriptor '/home/ysl/ros2_ws/install/cod_behavior/share/cod_behavior/hook/cmake_prefix_path.dsv'
[3.172s] INFO:colcon.colcon_core.shell:Creating environment hook '/home/ysl/ros2_ws/install/cod_behavior/share/cod_behavior/hook/cmake_prefix_path.sh'
[3.173s] Level 1:colcon.colcon_core.environment:checking '/home/ysl/ros2_ws/install/cod_behavior/lib'
[3.173s] Level 1:colcon.colcon_core.environment:checking '/home/ysl/ros2_ws/install/cod_behavior/bin'
[3.173s] Level 1:colcon.colcon_core.environment:checking '/home/ysl/ros2_ws/install/cod_behavior/lib/pkgconfig/cod_behavior.pc'
[3.174s] Level 1:colcon.colcon_core.environment:checking '/home/ysl/ros2_ws/install/cod_behavior/lib/python3.12/site-packages'
[3.174s] Level 1:colcon.colcon_core.environment:checking '/home/ysl/ros2_ws/install/cod_behavior/bin'
[3.174s] INFO:colcon.colcon_core.shell:Creating package script '/home/ysl/ros2_ws/install/cod_behavior/share/cod_behavior/package.ps1'
[3.175s] INFO:colcon.colcon_core.shell:Creating package descriptor '/home/ysl/ros2_ws/install/cod_behavior/share/cod_behavior/package.dsv'
[3.175s] INFO:colcon.colcon_core.shell:Creating package script '/home/ysl/ros2_ws/install/cod_behavior/share/cod_behavior/package.sh'
[3.176s] INFO:colcon.colcon_core.shell:Creating package script '/home/ysl/ros2_ws/install/cod_behavior/share/cod_behavior/package.bash'
[3.176s] INFO:colcon.colcon_core.shell:Creating package script '/home/ysl/ros2_ws/install/cod_behavior/share/cod_behavior/package.zsh'
[3.177s] Level 1:colcon.colcon_core.environment:create_file_with_runtime_dependencies(/home/ysl/ros2_ws/install/cod_behavior/share/colcon-core/packages/cod_behavior)
[3.178s] Level 1:colcon.colcon_core.environment:create_environment_scripts_only(cod_behavior)
[3.178s] Level 1:colcon.colcon_core.environment:checking '/home/ysl/ros2_ws/install/cod_behavior' for CMake module files
[3.178s] Level 1:colcon.colcon_core.environment:checking '/home/ysl/ros2_ws/install/cod_behavior' for CMake config files
[3.179s] Level 1:colcon.colcon_core.shell:create_environment_hook('cod_behavior', 'cmake_prefix_path')
[3.179s] INFO:colcon.colcon_core.shell:Creating environment hook '/home/ysl/ros2_ws/install/cod_behavior/share/cod_behavior/hook/cmake_prefix_path.ps1'
[3.180s] INFO:colcon.colcon_core.shell:Creating environment descriptor '/home/ysl/ros2_ws/install/cod_behavior/share/cod_behavior/hook/cmake_prefix_path.dsv'
[3.180s] INFO:colcon.colcon_core.shell:Creating environment hook '/home/ysl/ros2_ws/install/cod_behavior/share/cod_behavior/hook/cmake_prefix_path.sh'
[3.181s] Level 1:colcon.colcon_core.environment:checking '/home/ysl/ros2_ws/install/cod_behavior/lib'
[3.181s] Level 1:colcon.colcon_core.environment:checking '/home/ysl/ros2_ws/install/cod_behavior/bin'
[3.181s] Level 1:colcon.colcon_core.environment:checking '/home/ysl/ros2_ws/install/cod_behavior/lib/pkgconfig/cod_behavior.pc'
[3.182s] Level 1:colcon.colcon_core.environment:checking '/home/ysl/ros2_ws/install/cod_behavior/lib/python3.12/site-packages'
[3.182s] Level 1:colcon.colcon_core.environment:checking '/home/ysl/ros2_ws/install/cod_behavior/bin'
[3.182s] INFO:colcon.colcon_core.shell:Creating package script '/home/ysl/ros2_ws/install/cod_behavior/share/cod_behavior/package.ps1'
[3.183s] INFO:colcon.colcon_core.shell:Creating package descriptor '/home/ysl/ros2_ws/install/cod_behavior/share/cod_behavior/package.dsv'
[3.184s] INFO:colcon.colcon_core.shell:Creating package script '/home/ysl/ros2_ws/install/cod_behavior/share/cod_behavior/package.sh'
[3.185s] INFO:colcon.colcon_core.shell:Creating package script '/home/ysl/ros2_ws/install/cod_behavior/share/cod_behavior/package.bash'
[3.185s] INFO:colcon.colcon_core.shell:Creating package script '/home/ysl/ros2_ws/install/cod_behavior/share/cod_behavior/package.zsh'
[3.186s] Level 1:colcon.colcon_core.environment:create_file_with_runtime_dependencies(/home/ysl/ros2_ws/install/cod_behavior/share/colcon-core/packages/cod_behavior)
[18.865s] DEBUG:colcon.colcon_core.event_handler.log_command:Invoked command in '/home/ysl/ros2_ws/build/cod_serial' returned '0': CMAKE_PREFIX_PATH=/home/ysl/ros2_ws/install/rm_interfaces:/home/ysl/ros2_ws/install/cod_serial:/home/ysl/ros2_ws/install/cod_behavior:/home/ysl/BehaviorTree.CPP/install/behaviortree_cpp:/opt/ros/jazzy/opt/gz_sim_vendor:/opt/ros/jazzy/opt/gz_sensors_vendor:/opt/ros/jazzy/opt/gz_physics_vendor:/opt/ros/jazzy/opt/sdformat_vendor:/opt/ros/jazzy/opt/gz_gui_vendor:/opt/ros/jazzy/opt/gz_transport_vendor:/opt/ros/jazzy/opt/gz_rendering_vendor:/opt/ros/jazzy/opt/gz_plugin_vendor:/opt/ros/jazzy/opt/gz_fuel_tools_vendor:/opt/ros/jazzy/opt/gz_msgs_vendor:/opt/ros/jazzy/opt/gz_common_vendor:/opt/ros/jazzy/opt/gz_math_vendor:/opt/ros/jazzy/opt/gz_utils_vendor:/opt/ros/jazzy/opt/gz_tools_vendor:/opt/ros/jazzy/opt/gz_ogre_next_vendor:/opt/ros/jazzy/opt/gz_dartsim_vendor:/opt/ros/jazzy/opt/gz_cmake_vendor:/opt/ros/jazzy /usr/bin/cmake --build /home/ysl/ros2_ws/build/cod_serial -- -j12 -l12
[18.867s] DEBUG:colcon.colcon_core.event_handler.log_command:Invoking command in '/home/ysl/ros2_ws/build/cod_serial': CMAKE_PREFIX_PATH=/home/ysl/ros2_ws/install/rm_interfaces:/home/ysl/ros2_ws/install/cod_serial:/home/ysl/ros2_ws/install/cod_behavior:/home/ysl/BehaviorTree.CPP/install/behaviortree_cpp:/opt/ros/jazzy/opt/gz_sim_vendor:/opt/ros/jazzy/opt/gz_sensors_vendor:/opt/ros/jazzy/opt/gz_physics_vendor:/opt/ros/jazzy/opt/sdformat_vendor:/opt/ros/jazzy/opt/gz_gui_vendor:/opt/ros/jazzy/opt/gz_transport_vendor:/opt/ros/jazzy/opt/gz_rendering_vendor:/opt/ros/jazzy/opt/gz_plugin_vendor:/opt/ros/jazzy/opt/gz_fuel_tools_vendor:/opt/ros/jazzy/opt/gz_msgs_vendor:/opt/ros/jazzy/opt/gz_common_vendor:/opt/ros/jazzy/opt/gz_math_vendor:/opt/ros/jazzy/opt/gz_utils_vendor:/opt/ros/jazzy/opt/gz_tools_vendor:/opt/ros/jazzy/opt/gz_ogre_next_vendor:/opt/ros/jazzy/opt/gz_dartsim_vendor:/opt/ros/jazzy/opt/gz_cmake_vendor:/opt/ros/jazzy /usr/bin/cmake --install /home/ysl/ros2_ws/build/cod_serial
[18.911s] Level 1:colcon.colcon_core.environment:create_environment_scripts_only(cod_serial)
[18.912s] Level 1:colcon.colcon_core.environment:checking '/home/ysl/ros2_ws/install/cod_serial' for CMake module files
[18.913s] DEBUG:colcon.colcon_core.event_handler.log_command:Invoked command in '/home/ysl/ros2_ws/build/cod_serial' returned '0': CMAKE_PREFIX_PATH=/home/ysl/ros2_ws/install/rm_interfaces:/home/ysl/ros2_ws/install/cod_serial:/home/ysl/ros2_ws/install/cod_behavior:/home/ysl/BehaviorTree.CPP/install/behaviortree_cpp:/opt/ros/jazzy/opt/gz_sim_vendor:/opt/ros/jazzy/opt/gz_sensors_vendor:/opt/ros/jazzy/opt/gz_physics_vendor:/opt/ros/jazzy/opt/sdformat_vendor:/opt/ros/jazzy/opt/gz_gui_vendor:/opt/ros/jazzy/opt/gz_transport_vendor:/opt/ros/jazzy/opt/gz_rendering_vendor:/opt/ros/jazzy/opt/gz_plugin_vendor:/opt/ros/jazzy/opt/gz_fuel_tools_vendor:/opt/ros/jazzy/opt/gz_msgs_vendor:/opt/ros/jazzy/opt/gz_common_vendor:/opt/ros/jazzy/opt/gz_math_vendor:/opt/ros/jazzy/opt/gz_utils_vendor:/opt/ros/jazzy/opt/gz_tools_vendor:/opt/ros/jazzy/opt/gz_ogre_next_vendor:/opt/ros/jazzy/opt/gz_dartsim_vendor:/opt/ros/jazzy/opt/gz_cmake_vendor:/opt/ros/jazzy /usr/bin/cmake --install /home/ysl/ros2_ws/build/cod_serial
[18.914s] Level 1:colcon.colcon_core.environment:checking '/home/ysl/ros2_ws/install/cod_serial' for CMake config files
[18.916s] Level 1:colcon.colcon_core.shell:create_environment_hook('cod_serial', 'cmake_prefix_path')
[18.916s] INFO:colcon.colcon_core.shell:Creating environment hook '/home/ysl/ros2_ws/install/cod_serial/share/cod_serial/hook/cmake_prefix_path.ps1'
[18.917s] INFO:colcon.colcon_core.shell:Creating environment descriptor '/home/ysl/ros2_ws/install/cod_serial/share/cod_serial/hook/cmake_prefix_path.dsv'
[18.918s] INFO:colcon.colcon_core.shell:Creating environment hook '/home/ysl/ros2_ws/install/cod_serial/share/cod_serial/hook/cmake_prefix_path.sh'
[18.919s] Level 1:colcon.colcon_core.environment:checking '/home/ysl/ros2_ws/install/cod_serial/lib'
[18.920s] Level 1:colcon.colcon_core.environment:checking '/home/ysl/ros2_ws/install/cod_serial/bin'
[18.920s] Level 1:colcon.colcon_core.environment:checking '/home/ysl/ros2_ws/install/cod_serial/lib/pkgconfig/cod_serial.pc'
[18.920s] Level 1:colcon.colcon_core.environment:checking '/home/ysl/ros2_ws/install/cod_serial/lib/python3.12/site-packages'
[18.921s] Level 1:colcon.colcon_core.environment:checking '/home/ysl/ros2_ws/install/cod_serial/bin'
[18.921s] INFO:colcon.colcon_core.shell:Creating package script '/home/ysl/ros2_ws/install/cod_serial/share/cod_serial/package.ps1'
[18.921s] INFO:colcon.colcon_core.shell:Creating package descriptor '/home/ysl/ros2_ws/install/cod_serial/share/cod_serial/package.dsv'
[18.922s] INFO:colcon.colcon_core.shell:Creating package script '/home/ysl/ros2_ws/install/cod_serial/share/cod_serial/package.sh'
[18.922s] INFO:colcon.colcon_core.shell:Creating package script '/home/ysl/ros2_ws/install/cod_serial/share/cod_serial/package.bash'
[18.923s] INFO:colcon.colcon_core.shell:Creating package script '/home/ysl/ros2_ws/install/cod_serial/share/cod_serial/package.zsh'
[18.924s] Level 1:colcon.colcon_core.environment:create_file_with_runtime_dependencies(/home/ysl/ros2_ws/install/cod_serial/share/colcon-core/packages/cod_serial)
[18.924s] Level 1:colcon.colcon_core.environment:create_environment_scripts_only(cod_serial)
[18.925s] Level 1:colcon.colcon_core.environment:checking '/home/ysl/ros2_ws/install/cod_serial' for CMake module files
[18.925s] Level 1:colcon.colcon_core.environment:checking '/home/ysl/ros2_ws/install/cod_serial' for CMake config files
[18.926s] Level 1:colcon.colcon_core.shell:create_environment_hook('cod_serial', 'cmake_prefix_path')
[18.926s] INFO:colcon.colcon_core.shell:Creating environment hook '/home/ysl/ros2_ws/install/cod_serial/share/cod_serial/hook/cmake_prefix_path.ps1'
[18.926s] INFO:colcon.colcon_core.shell:Creating environment descriptor '/home/ysl/ros2_ws/install/cod_serial/share/cod_serial/hook/cmake_prefix_path.dsv'
[18.927s] INFO:colcon.colcon_core.shell:Creating environment hook '/home/ysl/ros2_ws/install/cod_serial/share/cod_serial/hook/cmake_prefix_path.sh'
[18.928s] Level 1:colcon.colcon_core.environment:checking '/home/ysl/ros2_ws/install/cod_serial/lib'
[18.928s] Level 1:colcon.colcon_core.environment:checking '/home/ysl/ros2_ws/install/cod_serial/bin'
[18.928s] Level 1:colcon.colcon_core.environment:checking '/home/ysl/ros2_ws/install/cod_serial/lib/pkgconfig/cod_serial.pc'
[18.928s] Level 1:colcon.colcon_core.environment:checking '/home/ysl/ros2_ws/install/cod_serial/lib/python3.12/site-packages'
[18.929s] Level 1:colcon.colcon_core.environment:checking '/home/ysl/ros2_ws/install/cod_serial/bin'
[18.929s] INFO:colcon.colcon_core.shell:Creating package script '/home/ysl/ros2_ws/install/cod_serial/share/cod_serial/package.ps1'
[18.930s] INFO:colcon.colcon_core.shell:Creating package descriptor '/home/ysl/ros2_ws/install/cod_serial/share/cod_serial/package.dsv'
[18.931s] INFO:colcon.colcon_core.shell:Creating package script '/home/ysl/ros2_ws/install/cod_serial/share/cod_serial/package.sh'
[18.931s] INFO:colcon.colcon_core.shell:Creating package script '/home/ysl/ros2_ws/install/cod_serial/share/cod_serial/package.bash'
[18.932s] INFO:colcon.colcon_core.shell:Creating package script '/home/ysl/ros2_ws/install/cod_serial/share/cod_serial/package.zsh'
[18.932s] Level 1:colcon.colcon_core.environment:create_file_with_runtime_dependencies(/home/ysl/ros2_ws/install/cod_serial/share/colcon-core/packages/cod_serial)
[18.933s] DEBUG:colcon.colcon_parallel_executor.executor.parallel:closing loop
[18.934s] DEBUG:colcon.colcon_parallel_executor.executor.parallel:loop closed
[18.934s] DEBUG:colcon.colcon_parallel_executor.executor.parallel:run_until_complete finished with '0'
[18.934s] DEBUG:colcon.colcon_core.event_reactor:joining thread
[19.061s] INFO:colcon.colcon_core.plugin_system:Skipping extension 'colcon_notification.desktop_notification.notify_send': Could not find 'notify-send'
[19.062s] INFO:colcon.colcon_core.plugin_system:Skipping extension 'colcon_notification.desktop_notification.terminal_notifier': Not used on non-Darwin systems
[19.062s] INFO:colcon.colcon_core.plugin_system:Skipping extension 'colcon_notification.desktop_notification.win32': Not used on non-Windows systems
[19.062s] INFO:colcon.colcon_notification.desktop_notification:Sending desktop notification using 'notify2'
[19.068s] DEBUG:colcon.colcon_notification.desktop_notification.notify2:Failed to initialize notify2: org.freedesktop.DBus.Error.ServiceUnknown: The name org.freedesktop.Notifications was not provided by any .service files
[19.068s] DEBUG:colcon.colcon_core.event_reactor:joined thread
[19.069s] INFO:colcon.colcon_core.shell:Creating prefix script '/home/ysl/ros2_ws/install/local_setup.ps1'
[19.070s] INFO:colcon.colcon_core.shell:Creating prefix util module '/home/ysl/ros2_ws/install/_local_setup_util_ps1.py'
[19.072s] INFO:colcon.colcon_core.shell:Creating prefix chain script '/home/ysl/ros2_ws/install/setup.ps1'
[19.074s] INFO:colcon.colcon_core.shell:Creating prefix script '/home/ysl/ros2_ws/install/local_setup.sh'
[19.076s] INFO:colcon.colcon_core.shell:Creating prefix util module '/home/ysl/ros2_ws/install/_local_setup_util_sh.py'
[19.076s] INFO:colcon.colcon_core.shell:Creating prefix chain script '/home/ysl/ros2_ws/install/setup.sh'
[19.079s] INFO:colcon.colcon_core.shell:Creating prefix script '/home/ysl/ros2_ws/install/local_setup.bash'
[19.081s] INFO:colcon.colcon_core.shell:Creating prefix chain script '/home/ysl/ros2_ws/install/setup.bash'
[19.083s] INFO:colcon.colcon_core.shell:Creating prefix script '/home/ysl/ros2_ws/install/local_setup.zsh'
[19.085s] INFO:colcon.colcon_core.shell:Creating prefix chain script '/home/ysl/ros2_ws/install/setup.zsh'
