-- The C compiler identification is GNU 13.3.0
-- The CXX compiler identification is GNU 13.3.0
-- Detecting C compiler ABI info
-- Detecting C compiler ABI info - done
-- Check for working C compiler: /usr/bin/cc - skipped
-- Detecting C compile features
-- Detecting C compile features - done
-- Detecting CXX compiler ABI info
-- Detecting CXX compiler ABI info - done
-- Check for working CXX compiler: /usr/bin/c++ - skipped
-- Detecting CXX compile features
-- Detecting CXX compile features - done
-- Found rclcpp: 28.1.9 (/opt/ros/jazzy/share/rclcpp/cmake)
-- Found Python3: /usr/bin/python3 (found version "3.12.3") found components: Interpreter 
-- Override CMake install command with custom implementation using symlinks instead of copying resources
-- Found rosidl_generator_c: 4.6.5 (/opt/ros/jazzy/share/rosidl_generator_c/cmake)
-- Found rosidl_generator_cpp: 4.6.5 (/opt/ros/jazzy/share/rosidl_generator_cpp/cmake)
-- Using all available rosidl_typesupport_c: rosidl_typesupport_fastrtps_c;rosidl_typesupport_introspection_c
-- Using all available rosidl_typesupport_cpp: rosidl_typesupport_fastrtps_cpp;rosidl_typesupport_introspection_cpp
-- Found rmw_implementation_cmake: 7.3.2 (/opt/ros/jazzy/share/rmw_implementation_cmake/cmake)
-- Found rmw_fastrtps_cpp: 8.4.2 (/opt/ros/jazzy/share/rmw_fastrtps_cpp/cmake)
-- Found OpenSSL: /usr/lib/x86_64-linux-gnu/libcrypto.so (found version "3.0.13")  
-- Found FastRTPS: /opt/ros/jazzy/include (Required is at least version "2.13") 
-- Using RMW implementation 'rmw_fastrtps_cpp' as default
-- Found rm_interfaces: 0.0.0 (/home/ysl/ros2_ws/install/rm_interfaces/share/rm_interfaces/cmake)
-- Configuring done (11.6s)
-- Generating done (0.0s)
-- Build files have been written to: /home/ysl/ros2_ws/build/cod_serial
[ 33%] [32mBuilding CXX object CMakeFiles/cod_serial.dir/src/cod_serial.cpp.o[0m
[ 66%] [32mBuilding CXX object CMakeFiles/cod_serial.dir/src/uart_transporter.cpp.o[0m
[01m[K/home/ysl/ros2_ws/COD_Serial/src/cod_serial.cpp:3:10:[m[K [01;31m[Kfatal error: [m[Krm_interfaces/msg/serial_receive_data.hpp: No such file or directory
    3 | #include [01;31m[K<rm_interfaces/msg/serial_receive_data.hpp>[m[K
      |          [01;31m[K^~~~~~~~~~~~~~~~~~~~~~~~~~~~~~~~~~~~~~~~~~~[m[K
compilation terminated.
gmake[2]: *** [CMakeFiles/cod_serial.dir/build.make:76: CMakeFiles/cod_serial.dir/src/cod_serial.cpp.o] Error 1
gmake[2]: *** Waiting for unfinished jobs....
gmake[1]: *** [CMakeFiles/Makefile2:137: CMakeFiles/cod_serial.dir/all] Error 2
gmake: *** [Makefile:146: all] Error 2
