[1.770s] DEBUG:colcon:Command line arguments: ['/usr/bin/colcon', 'build', '--symlink-install']
[1.770s] DEBUG:colcon:Parsed command line arguments: Namespace(log_base=None, log_level=None, verb_name='build', build_base='build', install_base='install', merge_install=False, symlink_install=True, test_result_base=None, continue_on_error=False, executor='parallel', parallel_workers=12, event_handlers=None, ignore_user_meta=False, metas=['./colcon.meta'], base_paths=['.'], packages_ignore=None, packages_ignore_regex=None, paths=None, packages_up_to=None, packages_up_to_regex=None, packages_above=None, packages_above_and_dependencies=None, packages_above_depth=None, packages_select_by_dep=None, packages_skip_by_dep=None, packages_skip_up_to=None, packages_select_build_failed=False, packages_skip_build_finished=False, packages_select_test_failures=False, packages_skip_test_passed=False, packages_select=None, packages_skip=None, packages_select_regex=None, packages_skip_regex=None, packages_start=None, packages_end=None, allow_overriding=[], cmake_args=None, cmake_target=None, cmake_target_skip_unavailable=False, cmake_clean_cache=False, cmake_clean_first=False, cmake_force_configure=False, ament_cmake_args=None, catkin_cmake_args=None, catkin_skip_building_tests=False, verb_parser=<colcon_defaults.argument_parser.defaults.DefaultArgumentsDecorator object at 0x7f4de2a8bfb0>, verb_extension=<colcon_core.verb.build.BuildVerb object at 0x7f4de2a8bc50>, main=<bound method BuildVerb.main of <colcon_core.verb.build.BuildVerb object at 0x7f4de2a8bc50>>)
[2.033s] Level 1:colcon.colcon_core.package_discovery:discover_packages(colcon_meta) check parameters
[2.033s] Level 1:colcon.colcon_core.package_discovery:discover_packages(recursive) check parameters
[2.034s] Level 1:colcon.colcon_core.package_discovery:discover_packages(ignore) check parameters
[2.034s] Level 1:colcon.colcon_core.package_discovery:discover_packages(path) check parameters
[2.034s] Level 1:colcon.colcon_core.package_discovery:discover_packages(colcon_meta) discover
[2.034s] Level 1:colcon.colcon_core.package_discovery:discover_packages(recursive) discover
[2.035s] INFO:colcon.colcon_core.package_discovery:Crawling recursively for packages in '/home/ysl/ros2_ws'
[2.035s] Level 1:colcon.colcon_core.package_identification:_identify(.) by extensions ['ignore', 'ignore_ament_install']
[2.036s] Level 1:colcon.colcon_core.package_identification:_identify(.) by extension 'ignore'
[2.036s] Level 1:colcon.colcon_core.package_identification:_identify(.) by extension 'ignore_ament_install'
[2.037s] Level 1:colcon.colcon_core.package_identification:_identify(.) by extensions ['colcon_pkg']
[2.037s] Level 1:colcon.colcon_core.package_identification:_identify(.) by extension 'colcon_pkg'
[2.037s] Level 1:colcon.colcon_core.package_identification:_identify(.) by extensions ['colcon_meta']
[2.037s] Level 1:colcon.colcon_core.package_identification:_identify(.) by extension 'colcon_meta'
[2.037s] Level 1:colcon.colcon_core.package_identification:_identify(.) by extensions ['ros']
[2.037s] Level 1:colcon.colcon_core.package_identification:_identify(.) by extension 'ros'
[2.287s] Level 1:colcon.colcon_core.package_identification:_identify(.) by extensions ['cmake', 'python']
[2.288s] Level 1:colcon.colcon_core.package_identification:_identify(.) by extension 'cmake'
[2.288s] Level 1:colcon.colcon_core.package_identification:_identify(.) by extension 'python'
[2.288s] Level 1:colcon.colcon_core.package_identification:_identify(.) by extensions ['python_setup_py']
[2.288s] Level 1:colcon.colcon_core.package_identification:_identify(.) by extension 'python_setup_py'
[2.288s] Level 1:colcon.colcon_core.package_identification:_identify(COD_Behavior) by extensions ['ignore', 'ignore_ament_install']
[2.289s] Level 1:colcon.colcon_core.package_identification:_identify(COD_Behavior) by extension 'ignore'
[2.289s] Level 1:colcon.colcon_core.package_identification:_identify(COD_Behavior) by extension 'ignore_ament_install'
[2.289s] Level 1:colcon.colcon_core.package_identification:_identify(COD_Behavior) by extensions ['colcon_pkg']
[2.290s] Level 1:colcon.colcon_core.package_identification:_identify(COD_Behavior) by extension 'colcon_pkg'
[2.290s] Level 1:colcon.colcon_core.package_identification:_identify(COD_Behavior) by extensions ['colcon_meta']
[2.290s] Level 1:colcon.colcon_core.package_identification:_identify(COD_Behavior) by extension 'colcon_meta'
[2.290s] Level 1:colcon.colcon_core.package_identification:_identify(COD_Behavior) by extensions ['ros']
[2.290s] Level 1:colcon.colcon_core.package_identification:_identify(COD_Behavior) by extension 'ros'
[2.317s] DEBUG:colcon.colcon_core.package_identification:Package 'COD_Behavior' with type 'ros.ament_cmake' and name 'cod_behavior'
[2.318s] Level 1:colcon.colcon_core.package_identification:_identify(COD_Serial) by extensions ['ignore', 'ignore_ament_install']
[2.318s] Level 1:colcon.colcon_core.package_identification:_identify(COD_Serial) by extension 'ignore'
[2.319s] Level 1:colcon.colcon_core.package_identification:_identify(COD_Serial) by extension 'ignore_ament_install'
[2.319s] Level 1:colcon.colcon_core.package_identification:_identify(COD_Serial) by extensions ['colcon_pkg']
[2.320s] Level 1:colcon.colcon_core.package_identification:_identify(COD_Serial) by extension 'colcon_pkg'
[2.320s] Level 1:colcon.colcon_core.package_identification:_identify(COD_Serial) by extensions ['colcon_meta']
[2.320s] Level 1:colcon.colcon_core.package_identification:_identify(COD_Serial) by extension 'colcon_meta'
[2.320s] Level 1:colcon.colcon_core.package_identification:_identify(COD_Serial) by extensions ['ros']
[2.320s] Level 1:colcon.colcon_core.package_identification:_identify(COD_Serial) by extension 'ros'
[2.323s] DEBUG:colcon.colcon_core.package_identification:Package 'COD_Serial' with type 'ros.ament_cmake' and name 'cod_serial'
[2.324s] Level 1:colcon.colcon_core.package_identification:_identify(build) by extensions ['ignore', 'ignore_ament_install']
[2.325s] Level 1:colcon.colcon_core.package_identification:_identify(build) by extension 'ignore'
[2.325s] Level 1:colcon.colcon_core.package_identification:_identify(build) ignored
[2.325s] Level 1:colcon.colcon_core.package_identification:_identify(cmake-build-debug) by extensions ['ignore', 'ignore_ament_install']
[2.326s] Level 1:colcon.colcon_core.package_identification:_identify(cmake-build-debug) by extension 'ignore'
[2.326s] Level 1:colcon.colcon_core.package_identification:_identify(cmake-build-debug) by extension 'ignore_ament_install'
[2.326s] Level 1:colcon.colcon_core.package_identification:_identify(cmake-build-debug) by extensions ['colcon_pkg']
[2.326s] Level 1:colcon.colcon_core.package_identification:_identify(cmake-build-debug) by extension 'colcon_pkg'
[2.326s] Level 1:colcon.colcon_core.package_identification:_identify(cmake-build-debug) by extensions ['colcon_meta']
[2.326s] Level 1:colcon.colcon_core.package_identification:_identify(cmake-build-debug) by extension 'colcon_meta'
[2.327s] Level 1:colcon.colcon_core.package_identification:_identify(cmake-build-debug) by extensions ['ros']
[2.327s] Level 1:colcon.colcon_core.package_identification:_identify(cmake-build-debug) by extension 'ros'
[2.327s] Level 1:colcon.colcon_core.package_identification:_identify(cmake-build-debug) by extensions ['cmake', 'python']
[2.327s] Level 1:colcon.colcon_core.package_identification:_identify(cmake-build-debug) by extension 'cmake'
[2.327s] Level 1:colcon.colcon_core.package_identification:_identify(cmake-build-debug) by extension 'python'
[2.327s] Level 1:colcon.colcon_core.package_identification:_identify(cmake-build-debug) by extensions ['python_setup_py']
[2.327s] Level 1:colcon.colcon_core.package_identification:_identify(cmake-build-debug) by extension 'python_setup_py'
[2.328s] Level 1:colcon.colcon_core.package_identification:_identify(cmake-build-debug/CMakeFiles) by extensions ['ignore', 'ignore_ament_install']
[2.328s] Level 1:colcon.colcon_core.package_identification:_identify(cmake-build-debug/CMakeFiles) by extension 'ignore'
[2.329s] Level 1:colcon.colcon_core.package_identification:_identify(cmake-build-debug/CMakeFiles) by extension 'ignore_ament_install'
[2.329s] Level 1:colcon.colcon_core.package_identification:_identify(cmake-build-debug/CMakeFiles) by extensions ['colcon_pkg']
[2.329s] Level 1:colcon.colcon_core.package_identification:_identify(cmake-build-debug/CMakeFiles) by extension 'colcon_pkg'
[2.329s] Level 1:colcon.colcon_core.package_identification:_identify(cmake-build-debug/CMakeFiles) by extensions ['colcon_meta']
[2.329s] Level 1:colcon.colcon_core.package_identification:_identify(cmake-build-debug/CMakeFiles) by extension 'colcon_meta'
[2.329s] Level 1:colcon.colcon_core.package_identification:_identify(cmake-build-debug/CMakeFiles) by extensions ['ros']
[2.329s] Level 1:colcon.colcon_core.package_identification:_identify(cmake-build-debug/CMakeFiles) by extension 'ros'
[2.330s] Level 1:colcon.colcon_core.package_identification:_identify(cmake-build-debug/CMakeFiles) by extensions ['cmake', 'python']
[2.330s] Level 1:colcon.colcon_core.package_identification:_identify(cmake-build-debug/CMakeFiles) by extension 'cmake'
[2.330s] Level 1:colcon.colcon_core.package_identification:_identify(cmake-build-debug/CMakeFiles) by extension 'python'
[2.330s] Level 1:colcon.colcon_core.package_identification:_identify(cmake-build-debug/CMakeFiles) by extensions ['python_setup_py']
[2.330s] Level 1:colcon.colcon_core.package_identification:_identify(cmake-build-debug/CMakeFiles) by extension 'python_setup_py'
[2.330s] Level 1:colcon.colcon_core.package_identification:_identify(cmake-build-debug/CMakeFiles/4.0.2) by extensions ['ignore', 'ignore_ament_install']
[2.330s] Level 1:colcon.colcon_core.package_identification:_identify(cmake-build-debug/CMakeFiles/4.0.2) by extension 'ignore'
[2.331s] Level 1:colcon.colcon_core.package_identification:_identify(cmake-build-debug/CMakeFiles/4.0.2) by extension 'ignore_ament_install'
[2.331s] Level 1:colcon.colcon_core.package_identification:_identify(cmake-build-debug/CMakeFiles/4.0.2) by extensions ['colcon_pkg']
[2.331s] Level 1:colcon.colcon_core.package_identification:_identify(cmake-build-debug/CMakeFiles/4.0.2) by extension 'colcon_pkg'
[2.331s] Level 1:colcon.colcon_core.package_identification:_identify(cmake-build-debug/CMakeFiles/4.0.2) by extensions ['colcon_meta']
[2.331s] Level 1:colcon.colcon_core.package_identification:_identify(cmake-build-debug/CMakeFiles/4.0.2) by extension 'colcon_meta'
[2.331s] Level 1:colcon.colcon_core.package_identification:_identify(cmake-build-debug/CMakeFiles/4.0.2) by extensions ['ros']
[2.331s] Level 1:colcon.colcon_core.package_identification:_identify(cmake-build-debug/CMakeFiles/4.0.2) by extension 'ros'
[2.332s] Level 1:colcon.colcon_core.package_identification:_identify(cmake-build-debug/CMakeFiles/4.0.2) by extensions ['cmake', 'python']
[2.332s] Level 1:colcon.colcon_core.package_identification:_identify(cmake-build-debug/CMakeFiles/4.0.2) by extension 'cmake'
[2.332s] Level 1:colcon.colcon_core.package_identification:_identify(cmake-build-debug/CMakeFiles/4.0.2) by extension 'python'
[2.332s] Level 1:colcon.colcon_core.package_identification:_identify(cmake-build-debug/CMakeFiles/4.0.2) by extensions ['python_setup_py']
[2.332s] Level 1:colcon.colcon_core.package_identification:_identify(cmake-build-debug/CMakeFiles/4.0.2) by extension 'python_setup_py'
[2.332s] Level 1:colcon.colcon_core.package_identification:_identify(cmake-build-debug/CMakeFiles/4.0.2/CompilerIdC) by extensions ['ignore', 'ignore_ament_install']
[2.332s] Level 1:colcon.colcon_core.package_identification:_identify(cmake-build-debug/CMakeFiles/4.0.2/CompilerIdC) by extension 'ignore'
[2.333s] Level 1:colcon.colcon_core.package_identification:_identify(cmake-build-debug/CMakeFiles/4.0.2/CompilerIdC) by extension 'ignore_ament_install'
[2.333s] Level 1:colcon.colcon_core.package_identification:_identify(cmake-build-debug/CMakeFiles/4.0.2/CompilerIdC) by extensions ['colcon_pkg']
[2.333s] Level 1:colcon.colcon_core.package_identification:_identify(cmake-build-debug/CMakeFiles/4.0.2/CompilerIdC) by extension 'colcon_pkg'
[2.333s] Level 1:colcon.colcon_core.package_identification:_identify(cmake-build-debug/CMakeFiles/4.0.2/CompilerIdC) by extensions ['colcon_meta']
[2.333s] Level 1:colcon.colcon_core.package_identification:_identify(cmake-build-debug/CMakeFiles/4.0.2/CompilerIdC) by extension 'colcon_meta'
[2.333s] Level 1:colcon.colcon_core.package_identification:_identify(cmake-build-debug/CMakeFiles/4.0.2/CompilerIdC) by extensions ['ros']
[2.333s] Level 1:colcon.colcon_core.package_identification:_identify(cmake-build-debug/CMakeFiles/4.0.2/CompilerIdC) by extension 'ros'
[2.334s] Level 1:colcon.colcon_core.package_identification:_identify(cmake-build-debug/CMakeFiles/4.0.2/CompilerIdC) by extensions ['cmake', 'python']
[2.334s] Level 1:colcon.colcon_core.package_identification:_identify(cmake-build-debug/CMakeFiles/4.0.2/CompilerIdC) by extension 'cmake'
[2.334s] Level 1:colcon.colcon_core.package_identification:_identify(cmake-build-debug/CMakeFiles/4.0.2/CompilerIdC) by extension 'python'
[2.334s] Level 1:colcon.colcon_core.package_identification:_identify(cmake-build-debug/CMakeFiles/4.0.2/CompilerIdC) by extensions ['python_setup_py']
[2.334s] Level 1:colcon.colcon_core.package_identification:_identify(cmake-build-debug/CMakeFiles/4.0.2/CompilerIdC) by extension 'python_setup_py'
[2.335s] Level 1:colcon.colcon_core.package_identification:_identify(cmake-build-debug/CMakeFiles/4.0.2/CompilerIdC/tmp) by extensions ['ignore', 'ignore_ament_install']
[2.335s] Level 1:colcon.colcon_core.package_identification:_identify(cmake-build-debug/CMakeFiles/4.0.2/CompilerIdC/tmp) by extension 'ignore'
[2.335s] Level 1:colcon.colcon_core.package_identification:_identify(cmake-build-debug/CMakeFiles/4.0.2/CompilerIdC/tmp) by extension 'ignore_ament_install'
[2.335s] Level 1:colcon.colcon_core.package_identification:_identify(cmake-build-debug/CMakeFiles/4.0.2/CompilerIdC/tmp) by extensions ['colcon_pkg']
[2.335s] Level 1:colcon.colcon_core.package_identification:_identify(cmake-build-debug/CMakeFiles/4.0.2/CompilerIdC/tmp) by extension 'colcon_pkg'
[2.335s] Level 1:colcon.colcon_core.package_identification:_identify(cmake-build-debug/CMakeFiles/4.0.2/CompilerIdC/tmp) by extensions ['colcon_meta']
[2.335s] Level 1:colcon.colcon_core.package_identification:_identify(cmake-build-debug/CMakeFiles/4.0.2/CompilerIdC/tmp) by extension 'colcon_meta'
[2.336s] Level 1:colcon.colcon_core.package_identification:_identify(cmake-build-debug/CMakeFiles/4.0.2/CompilerIdC/tmp) by extensions ['ros']
[2.336s] Level 1:colcon.colcon_core.package_identification:_identify(cmake-build-debug/CMakeFiles/4.0.2/CompilerIdC/tmp) by extension 'ros'
[2.336s] Level 1:colcon.colcon_core.package_identification:_identify(cmake-build-debug/CMakeFiles/4.0.2/CompilerIdC/tmp) by extensions ['cmake', 'python']
[2.336s] Level 1:colcon.colcon_core.package_identification:_identify(cmake-build-debug/CMakeFiles/4.0.2/CompilerIdC/tmp) by extension 'cmake'
[2.336s] Level 1:colcon.colcon_core.package_identification:_identify(cmake-build-debug/CMakeFiles/4.0.2/CompilerIdC/tmp) by extension 'python'
[2.337s] Level 1:colcon.colcon_core.package_identification:_identify(cmake-build-debug/CMakeFiles/4.0.2/CompilerIdC/tmp) by extensions ['python_setup_py']
[2.337s] Level 1:colcon.colcon_core.package_identification:_identify(cmake-build-debug/CMakeFiles/4.0.2/CompilerIdC/tmp) by extension 'python_setup_py'
[2.337s] Level 1:colcon.colcon_core.package_identification:_identify(cmake-build-debug/CMakeFiles/4.0.2/CompilerIdCXX) by extensions ['ignore', 'ignore_ament_install']
[2.337s] Level 1:colcon.colcon_core.package_identification:_identify(cmake-build-debug/CMakeFiles/4.0.2/CompilerIdCXX) by extension 'ignore'
[2.338s] Level 1:colcon.colcon_core.package_identification:_identify(cmake-build-debug/CMakeFiles/4.0.2/CompilerIdCXX) by extension 'ignore_ament_install'
[2.338s] Level 1:colcon.colcon_core.package_identification:_identify(cmake-build-debug/CMakeFiles/4.0.2/CompilerIdCXX) by extensions ['colcon_pkg']
[2.338s] Level 1:colcon.colcon_core.package_identification:_identify(cmake-build-debug/CMakeFiles/4.0.2/CompilerIdCXX) by extension 'colcon_pkg'
[2.338s] Level 1:colcon.colcon_core.package_identification:_identify(cmake-build-debug/CMakeFiles/4.0.2/CompilerIdCXX) by extensions ['colcon_meta']
[2.338s] Level 1:colcon.colcon_core.package_identification:_identify(cmake-build-debug/CMakeFiles/4.0.2/CompilerIdCXX) by extension 'colcon_meta'
[2.338s] Level 1:colcon.colcon_core.package_identification:_identify(cmake-build-debug/CMakeFiles/4.0.2/CompilerIdCXX) by extensions ['ros']
[2.338s] Level 1:colcon.colcon_core.package_identification:_identify(cmake-build-debug/CMakeFiles/4.0.2/CompilerIdCXX) by extension 'ros'
[2.339s] Level 1:colcon.colcon_core.package_identification:_identify(cmake-build-debug/CMakeFiles/4.0.2/CompilerIdCXX) by extensions ['cmake', 'python']
[2.339s] Level 1:colcon.colcon_core.package_identification:_identify(cmake-build-debug/CMakeFiles/4.0.2/CompilerIdCXX) by extension 'cmake'
[2.339s] Level 1:colcon.colcon_core.package_identification:_identify(cmake-build-debug/CMakeFiles/4.0.2/CompilerIdCXX) by extension 'python'
[2.339s] Level 1:colcon.colcon_core.package_identification:_identify(cmake-build-debug/CMakeFiles/4.0.2/CompilerIdCXX) by extensions ['python_setup_py']
[2.339s] Level 1:colcon.colcon_core.package_identification:_identify(cmake-build-debug/CMakeFiles/4.0.2/CompilerIdCXX) by extension 'python_setup_py'
[2.340s] Level 1:colcon.colcon_core.package_identification:_identify(cmake-build-debug/CMakeFiles/4.0.2/CompilerIdCXX/tmp) by extensions ['ignore', 'ignore_ament_install']
[2.340s] Level 1:colcon.colcon_core.package_identification:_identify(cmake-build-debug/CMakeFiles/4.0.2/CompilerIdCXX/tmp) by extension 'ignore'
[2.340s] Level 1:colcon.colcon_core.package_identification:_identify(cmake-build-debug/CMakeFiles/4.0.2/CompilerIdCXX/tmp) by extension 'ignore_ament_install'
[2.340s] Level 1:colcon.colcon_core.package_identification:_identify(cmake-build-debug/CMakeFiles/4.0.2/CompilerIdCXX/tmp) by extensions ['colcon_pkg']
[2.340s] Level 1:colcon.colcon_core.package_identification:_identify(cmake-build-debug/CMakeFiles/4.0.2/CompilerIdCXX/tmp) by extension 'colcon_pkg'
[2.340s] Level 1:colcon.colcon_core.package_identification:_identify(cmake-build-debug/CMakeFiles/4.0.2/CompilerIdCXX/tmp) by extensions ['colcon_meta']
[2.340s] Level 1:colcon.colcon_core.package_identification:_identify(cmake-build-debug/CMakeFiles/4.0.2/CompilerIdCXX/tmp) by extension 'colcon_meta'
[2.341s] Level 1:colcon.colcon_core.package_identification:_identify(cmake-build-debug/CMakeFiles/4.0.2/CompilerIdCXX/tmp) by extensions ['ros']
[2.341s] Level 1:colcon.colcon_core.package_identification:_identify(cmake-build-debug/CMakeFiles/4.0.2/CompilerIdCXX/tmp) by extension 'ros'
[2.341s] Level 1:colcon.colcon_core.package_identification:_identify(cmake-build-debug/CMakeFiles/4.0.2/CompilerIdCXX/tmp) by extensions ['cmake', 'python']
[2.341s] Level 1:colcon.colcon_core.package_identification:_identify(cmake-build-debug/CMakeFiles/4.0.2/CompilerIdCXX/tmp) by extension 'cmake'
[2.341s] Level 1:colcon.colcon_core.package_identification:_identify(cmake-build-debug/CMakeFiles/4.0.2/CompilerIdCXX/tmp) by extension 'python'
[2.341s] Level 1:colcon.colcon_core.package_identification:_identify(cmake-build-debug/CMakeFiles/4.0.2/CompilerIdCXX/tmp) by extensions ['python_setup_py']
[2.341s] Level 1:colcon.colcon_core.package_identification:_identify(cmake-build-debug/CMakeFiles/4.0.2/CompilerIdCXX/tmp) by extension 'python_setup_py'
[2.342s] Level 1:colcon.colcon_core.package_identification:_identify(cmake-build-debug/CMakeFiles/cod_serial.dir) by extensions ['ignore', 'ignore_ament_install']
[2.342s] Level 1:colcon.colcon_core.package_identification:_identify(cmake-build-debug/CMakeFiles/cod_serial.dir) by extension 'ignore'
[2.342s] Level 1:colcon.colcon_core.package_identification:_identify(cmake-build-debug/CMakeFiles/cod_serial.dir) by extension 'ignore_ament_install'
[2.342s] Level 1:colcon.colcon_core.package_identification:_identify(cmake-build-debug/CMakeFiles/cod_serial.dir) by extensions ['colcon_pkg']
[2.343s] Level 1:colcon.colcon_core.package_identification:_identify(cmake-build-debug/CMakeFiles/cod_serial.dir) by extension 'colcon_pkg'
[2.343s] Level 1:colcon.colcon_core.package_identification:_identify(cmake-build-debug/CMakeFiles/cod_serial.dir) by extensions ['colcon_meta']
[2.343s] Level 1:colcon.colcon_core.package_identification:_identify(cmake-build-debug/CMakeFiles/cod_serial.dir) by extension 'colcon_meta'
[2.343s] Level 1:colcon.colcon_core.package_identification:_identify(cmake-build-debug/CMakeFiles/cod_serial.dir) by extensions ['ros']
[2.343s] Level 1:colcon.colcon_core.package_identification:_identify(cmake-build-debug/CMakeFiles/cod_serial.dir) by extension 'ros'
[2.343s] Level 1:colcon.colcon_core.package_identification:_identify(cmake-build-debug/CMakeFiles/cod_serial.dir) by extensions ['cmake', 'python']
[2.343s] Level 1:colcon.colcon_core.package_identification:_identify(cmake-build-debug/CMakeFiles/cod_serial.dir) by extension 'cmake'
[2.344s] Level 1:colcon.colcon_core.package_identification:_identify(cmake-build-debug/CMakeFiles/cod_serial.dir) by extension 'python'
[2.344s] Level 1:colcon.colcon_core.package_identification:_identify(cmake-build-debug/CMakeFiles/cod_serial.dir) by extensions ['python_setup_py']
[2.344s] Level 1:colcon.colcon_core.package_identification:_identify(cmake-build-debug/CMakeFiles/cod_serial.dir) by extension 'python_setup_py'
[2.344s] Level 1:colcon.colcon_core.package_identification:_identify(cmake-build-debug/CMakeFiles/cod_serial.dir/src) by extensions ['ignore', 'ignore_ament_install']
[2.344s] Level 1:colcon.colcon_core.package_identification:_identify(cmake-build-debug/CMakeFiles/cod_serial.dir/src) by extension 'ignore'
[2.344s] Level 1:colcon.colcon_core.package_identification:_identify(cmake-build-debug/CMakeFiles/cod_serial.dir/src) by extension 'ignore_ament_install'
[2.344s] Level 1:colcon.colcon_core.package_identification:_identify(cmake-build-debug/CMakeFiles/cod_serial.dir/src) by extensions ['colcon_pkg']
[2.345s] Level 1:colcon.colcon_core.package_identification:_identify(cmake-build-debug/CMakeFiles/cod_serial.dir/src) by extension 'colcon_pkg'
[2.345s] Level 1:colcon.colcon_core.package_identification:_identify(cmake-build-debug/CMakeFiles/cod_serial.dir/src) by extensions ['colcon_meta']
[2.345s] Level 1:colcon.colcon_core.package_identification:_identify(cmake-build-debug/CMakeFiles/cod_serial.dir/src) by extension 'colcon_meta'
[2.345s] Level 1:colcon.colcon_core.package_identification:_identify(cmake-build-debug/CMakeFiles/cod_serial.dir/src) by extensions ['ros']
[2.345s] Level 1:colcon.colcon_core.package_identification:_identify(cmake-build-debug/CMakeFiles/cod_serial.dir/src) by extension 'ros'
[2.346s] Level 1:colcon.colcon_core.package_identification:_identify(cmake-build-debug/CMakeFiles/cod_serial.dir/src) by extensions ['cmake', 'python']
[2.346s] Level 1:colcon.colcon_core.package_identification:_identify(cmake-build-debug/CMakeFiles/cod_serial.dir/src) by extension 'cmake'
[2.346s] Level 1:colcon.colcon_core.package_identification:_identify(cmake-build-debug/CMakeFiles/cod_serial.dir/src) by extension 'python'
[2.346s] Level 1:colcon.colcon_core.package_identification:_identify(cmake-build-debug/CMakeFiles/cod_serial.dir/src) by extensions ['python_setup_py']
[2.346s] Level 1:colcon.colcon_core.package_identification:_identify(cmake-build-debug/CMakeFiles/cod_serial.dir/src) by extension 'python_setup_py'
[2.347s] Level 1:colcon.colcon_core.package_identification:_identify(cmake-build-debug/CMakeFiles/pkgRedirects) by extensions ['ignore', 'ignore_ament_install']
[2.347s] Level 1:colcon.colcon_core.package_identification:_identify(cmake-build-debug/CMakeFiles/pkgRedirects) by extension 'ignore'
[2.347s] Level 1:colcon.colcon_core.package_identification:_identify(cmake-build-debug/CMakeFiles/pkgRedirects) by extension 'ignore_ament_install'
[2.348s] Level 1:colcon.colcon_core.package_identification:_identify(cmake-build-debug/CMakeFiles/pkgRedirects) by extensions ['colcon_pkg']
[2.348s] Level 1:colcon.colcon_core.package_identification:_identify(cmake-build-debug/CMakeFiles/pkgRedirects) by extension 'colcon_pkg'
[2.348s] Level 1:colcon.colcon_core.package_identification:_identify(cmake-build-debug/CMakeFiles/pkgRedirects) by extensions ['colcon_meta']
[2.348s] Level 1:colcon.colcon_core.package_identification:_identify(cmake-build-debug/CMakeFiles/pkgRedirects) by extension 'colcon_meta'
[2.348s] Level 1:colcon.colcon_core.package_identification:_identify(cmake-build-debug/CMakeFiles/pkgRedirects) by extensions ['ros']
[2.348s] Level 1:colcon.colcon_core.package_identification:_identify(cmake-build-debug/CMakeFiles/pkgRedirects) by extension 'ros'
[2.348s] Level 1:colcon.colcon_core.package_identification:_identify(cmake-build-debug/CMakeFiles/pkgRedirects) by extensions ['cmake', 'python']
[2.348s] Level 1:colcon.colcon_core.package_identification:_identify(cmake-build-debug/CMakeFiles/pkgRedirects) by extension 'cmake'
[2.349s] Level 1:colcon.colcon_core.package_identification:_identify(cmake-build-debug/CMakeFiles/pkgRedirects) by extension 'python'
[2.349s] Level 1:colcon.colcon_core.package_identification:_identify(cmake-build-debug/CMakeFiles/pkgRedirects) by extensions ['python_setup_py']
[2.349s] Level 1:colcon.colcon_core.package_identification:_identify(cmake-build-debug/CMakeFiles/pkgRedirects) by extension 'python_setup_py'
[2.349s] Level 1:colcon.colcon_core.package_identification:_identify(cmake-build-debug/Testing) by extensions ['ignore', 'ignore_ament_install']
[2.350s] Level 1:colcon.colcon_core.package_identification:_identify(cmake-build-debug/Testing) by extension 'ignore'
[2.350s] Level 1:colcon.colcon_core.package_identification:_identify(cmake-build-debug/Testing) by extension 'ignore_ament_install'
[2.351s] Level 1:colcon.colcon_core.package_identification:_identify(cmake-build-debug/Testing) by extensions ['colcon_pkg']
[2.351s] Level 1:colcon.colcon_core.package_identification:_identify(cmake-build-debug/Testing) by extension 'colcon_pkg'
[2.351s] Level 1:colcon.colcon_core.package_identification:_identify(cmake-build-debug/Testing) by extensions ['colcon_meta']
[2.351s] Level 1:colcon.colcon_core.package_identification:_identify(cmake-build-debug/Testing) by extension 'colcon_meta'
[2.351s] Level 1:colcon.colcon_core.package_identification:_identify(cmake-build-debug/Testing) by extensions ['ros']
[2.351s] Level 1:colcon.colcon_core.package_identification:_identify(cmake-build-debug/Testing) by extension 'ros'
[2.352s] Level 1:colcon.colcon_core.package_identification:_identify(cmake-build-debug/Testing) by extensions ['cmake', 'python']
[2.352s] Level 1:colcon.colcon_core.package_identification:_identify(cmake-build-debug/Testing) by extension 'cmake'
[2.352s] Level 1:colcon.colcon_core.package_identification:_identify(cmake-build-debug/Testing) by extension 'python'
[2.352s] Level 1:colcon.colcon_core.package_identification:_identify(cmake-build-debug/Testing) by extensions ['python_setup_py']
[2.353s] Level 1:colcon.colcon_core.package_identification:_identify(cmake-build-debug/Testing) by extension 'python_setup_py'
[2.353s] Level 1:colcon.colcon_core.package_identification:_identify(cmake-build-debug/Testing/Temporary) by extensions ['ignore', 'ignore_ament_install']
[2.353s] Level 1:colcon.colcon_core.package_identification:_identify(cmake-build-debug/Testing/Temporary) by extension 'ignore'
[2.354s] Level 1:colcon.colcon_core.package_identification:_identify(cmake-build-debug/Testing/Temporary) by extension 'ignore_ament_install'
[2.354s] Level 1:colcon.colcon_core.package_identification:_identify(cmake-build-debug/Testing/Temporary) by extensions ['colcon_pkg']
[2.354s] Level 1:colcon.colcon_core.package_identification:_identify(cmake-build-debug/Testing/Temporary) by extension 'colcon_pkg'
[2.354s] Level 1:colcon.colcon_core.package_identification:_identify(cmake-build-debug/Testing/Temporary) by extensions ['colcon_meta']
[2.354s] Level 1:colcon.colcon_core.package_identification:_identify(cmake-build-debug/Testing/Temporary) by extension 'colcon_meta'
[2.354s] Level 1:colcon.colcon_core.package_identification:_identify(cmake-build-debug/Testing/Temporary) by extensions ['ros']
[2.354s] Level 1:colcon.colcon_core.package_identification:_identify(cmake-build-debug/Testing/Temporary) by extension 'ros'
[2.355s] Level 1:colcon.colcon_core.package_identification:_identify(cmake-build-debug/Testing/Temporary) by extensions ['cmake', 'python']
[2.355s] Level 1:colcon.colcon_core.package_identification:_identify(cmake-build-debug/Testing/Temporary) by extension 'cmake'
[2.355s] Level 1:colcon.colcon_core.package_identification:_identify(cmake-build-debug/Testing/Temporary) by extension 'python'
[2.355s] Level 1:colcon.colcon_core.package_identification:_identify(cmake-build-debug/Testing/Temporary) by extensions ['python_setup_py']
[2.355s] Level 1:colcon.colcon_core.package_identification:_identify(cmake-build-debug/Testing/Temporary) by extension 'python_setup_py'
[2.357s] Level 1:colcon.colcon_core.package_identification:_identify(install) by extensions ['ignore', 'ignore_ament_install']
[2.358s] Level 1:colcon.colcon_core.package_identification:_identify(install) by extension 'ignore'
[2.358s] Level 1:colcon.colcon_core.package_identification:_identify(install) ignored
[2.359s] Level 1:colcon.colcon_core.package_identification:_identify(log) by extensions ['ignore', 'ignore_ament_install']
[2.359s] Level 1:colcon.colcon_core.package_identification:_identify(log) by extension 'ignore'
[2.359s] Level 1:colcon.colcon_core.package_identification:_identify(log) ignored
[2.360s] Level 1:colcon.colcon_core.package_identification:_identify(rm_interfaces) by extensions ['ignore', 'ignore_ament_install']
[2.360s] Level 1:colcon.colcon_core.package_identification:_identify(rm_interfaces) by extension 'ignore'
[2.360s] Level 1:colcon.colcon_core.package_identification:_identify(rm_interfaces) by extension 'ignore_ament_install'
[2.361s] Level 1:colcon.colcon_core.package_identification:_identify(rm_interfaces) by extensions ['colcon_pkg']
[2.361s] Level 1:colcon.colcon_core.package_identification:_identify(rm_interfaces) by extension 'colcon_pkg'
[2.361s] Level 1:colcon.colcon_core.package_identification:_identify(rm_interfaces) by extensions ['colcon_meta']
[2.361s] Level 1:colcon.colcon_core.package_identification:_identify(rm_interfaces) by extension 'colcon_meta'
[2.361s] Level 1:colcon.colcon_core.package_identification:_identify(rm_interfaces) by extensions ['ros']
[2.361s] Level 1:colcon.colcon_core.package_identification:_identify(rm_interfaces) by extension 'ros'
[2.364s] DEBUG:colcon.colcon_core.package_identification:Package 'rm_interfaces' with type 'ros.ament_cmake' and name 'rm_interfaces'
[2.364s] Level 1:colcon.colcon_core.package_discovery:discover_packages(recursive) using defaults
[2.364s] Level 1:colcon.colcon_core.package_discovery:discover_packages(ignore) discover
[2.364s] Level 1:colcon.colcon_core.package_discovery:discover_packages(ignore) using defaults
[2.364s] Level 1:colcon.colcon_core.package_discovery:discover_packages(path) discover
[2.364s] Level 1:colcon.colcon_core.package_discovery:discover_packages(path) using defaults
[2.485s] Level 1:colcon.colcon_core.package_discovery:discover_packages(prefix_path) check parameters
[2.486s] Level 1:colcon.colcon_core.package_discovery:discover_packages(prefix_path) discover
[2.514s] DEBUG:colcon.colcon_installed_package_information.package_discovery:Found 1 installed packages in /home/ysl/BehaviorTree.CPP/install
[2.518s] DEBUG:colcon.colcon_installed_package_information.package_discovery:Found 3 installed packages in /home/ysl/ros2_ws/install
[2.526s] DEBUG:colcon.colcon_installed_package_information.package_discovery:Found 388 installed packages in /opt/ros/jazzy
[2.542s] Level 1:colcon.colcon_core.package_discovery:discover_packages(prefix_path) using defaults
[3.173s] Level 5:colcon.colcon_core.verb:set package 'rm_interfaces' build argument 'cmake_args' from command line to 'None'
[3.173s] Level 5:colcon.colcon_core.verb:set package 'rm_interfaces' build argument 'cmake_target' from command line to 'None'
[3.173s] Level 5:colcon.colcon_core.verb:set package 'rm_interfaces' build argument 'cmake_target_skip_unavailable' from command line to 'False'
[3.174s] Level 5:colcon.colcon_core.verb:set package 'rm_interfaces' build argument 'cmake_clean_cache' from command line to 'False'
[3.174s] Level 5:colcon.colcon_core.verb:set package 'rm_interfaces' build argument 'cmake_clean_first' from command line to 'False'
[3.174s] Level 5:colcon.colcon_core.verb:set package 'rm_interfaces' build argument 'cmake_force_configure' from command line to 'False'
[3.174s] Level 5:colcon.colcon_core.verb:set package 'rm_interfaces' build argument 'ament_cmake_args' from command line to 'None'
[3.174s] Level 5:colcon.colcon_core.verb:set package 'rm_interfaces' build argument 'catkin_cmake_args' from command line to 'None'
[3.174s] Level 5:colcon.colcon_core.verb:set package 'rm_interfaces' build argument 'catkin_skip_building_tests' from command line to 'False'
[3.174s] DEBUG:colcon.colcon_core.verb:Building package 'rm_interfaces' with the following arguments: {'ament_cmake_args': None, 'build_base': '/home/ysl/ros2_ws/build/rm_interfaces', 'catkin_cmake_args': None, 'catkin_skip_building_tests': False, 'cmake_args': None, 'cmake_clean_cache': False, 'cmake_clean_first': False, 'cmake_force_configure': False, 'cmake_target': None, 'cmake_target_skip_unavailable': False, 'install_base': '/home/ysl/ros2_ws/install/rm_interfaces', 'merge_install': False, 'path': '/home/ysl/ros2_ws/rm_interfaces', 'symlink_install': True, 'test_result_base': None}
[3.175s] Level 5:colcon.colcon_core.verb:set package 'cod_behavior' build argument 'cmake_args' from command line to 'None'
[3.175s] Level 5:colcon.colcon_core.verb:set package 'cod_behavior' build argument 'cmake_target' from command line to 'None'
[3.175s] Level 5:colcon.colcon_core.verb:set package 'cod_behavior' build argument 'cmake_target_skip_unavailable' from command line to 'False'
[3.175s] Level 5:colcon.colcon_core.verb:set package 'cod_behavior' build argument 'cmake_clean_cache' from command line to 'False'
[3.175s] Level 5:colcon.colcon_core.verb:set package 'cod_behavior' build argument 'cmake_clean_first' from command line to 'False'
[3.175s] Level 5:colcon.colcon_core.verb:set package 'cod_behavior' build argument 'cmake_force_configure' from command line to 'False'
[3.175s] Level 5:colcon.colcon_core.verb:set package 'cod_behavior' build argument 'ament_cmake_args' from command line to 'None'
[3.175s] Level 5:colcon.colcon_core.verb:set package 'cod_behavior' build argument 'catkin_cmake_args' from command line to 'None'
[3.175s] Level 5:colcon.colcon_core.verb:set package 'cod_behavior' build argument 'catkin_skip_building_tests' from command line to 'False'
[3.175s] DEBUG:colcon.colcon_core.verb:Building package 'cod_behavior' with the following arguments: {'ament_cmake_args': None, 'build_base': '/home/ysl/ros2_ws/build/cod_behavior', 'catkin_cmake_args': None, 'catkin_skip_building_tests': False, 'cmake_args': None, 'cmake_clean_cache': False, 'cmake_clean_first': False, 'cmake_force_configure': False, 'cmake_target': None, 'cmake_target_skip_unavailable': False, 'install_base': '/home/ysl/ros2_ws/install/cod_behavior', 'merge_install': False, 'path': '/home/ysl/ros2_ws/COD_Behavior', 'symlink_install': True, 'test_result_base': None}
[3.176s] Level 5:colcon.colcon_core.verb:set package 'cod_serial' build argument 'cmake_args' from command line to 'None'
[3.176s] Level 5:colcon.colcon_core.verb:set package 'cod_serial' build argument 'cmake_target' from command line to 'None'
[3.176s] Level 5:colcon.colcon_core.verb:set package 'cod_serial' build argument 'cmake_target_skip_unavailable' from command line to 'False'
[3.176s] Level 5:colcon.colcon_core.verb:set package 'cod_serial' build argument 'cmake_clean_cache' from command line to 'False'
[3.176s] Level 5:colcon.colcon_core.verb:set package 'cod_serial' build argument 'cmake_clean_first' from command line to 'False'
[3.176s] Level 5:colcon.colcon_core.verb:set package 'cod_serial' build argument 'cmake_force_configure' from command line to 'False'
[3.176s] Level 5:colcon.colcon_core.verb:set package 'cod_serial' build argument 'ament_cmake_args' from command line to 'None'
[3.177s] Level 5:colcon.colcon_core.verb:set package 'cod_serial' build argument 'catkin_cmake_args' from command line to 'None'
[3.177s] Level 5:colcon.colcon_core.verb:set package 'cod_serial' build argument 'catkin_skip_building_tests' from command line to 'False'
[3.177s] DEBUG:colcon.colcon_core.verb:Building package 'cod_serial' with the following arguments: {'ament_cmake_args': None, 'build_base': '/home/ysl/ros2_ws/build/cod_serial', 'catkin_cmake_args': None, 'catkin_skip_building_tests': False, 'cmake_args': None, 'cmake_clean_cache': False, 'cmake_clean_first': False, 'cmake_force_configure': False, 'cmake_target': None, 'cmake_target_skip_unavailable': False, 'install_base': '/home/ysl/ros2_ws/install/cod_serial', 'merge_install': False, 'path': '/home/ysl/ros2_ws/COD_Serial', 'symlink_install': True, 'test_result_base': None}
[3.177s] INFO:colcon.colcon_core.executor:Executing jobs using 'parallel' executor
[3.182s] DEBUG:colcon.colcon_parallel_executor.executor.parallel:run_until_complete
[3.183s] INFO:colcon.colcon_ros.task.ament_cmake.build:Building ROS package in '/home/ysl/ros2_ws/rm_interfaces' with build type 'ament_cmake'
[3.183s] INFO:colcon.colcon_cmake.task.cmake.build:Building CMake package in '/home/ysl/ros2_ws/rm_interfaces'
[3.207s] INFO:colcon.colcon_core.plugin_system:Skipping extension 'colcon_core.shell.bat': Not used on non-Windows systems
[3.208s] INFO:colcon.colcon_core.shell:Skip shell extension 'powershell' for command environment: Not usable outside of PowerShell
[3.208s] DEBUG:colcon.colcon_core.shell:Skip shell extension 'dsv' for command environment
[3.290s] DEBUG:colcon.colcon_core.event_handler.log_command:Invoking command in '/home/ysl/ros2_ws/build/rm_interfaces': CMAKE_PREFIX_PATH=${CMAKE_PREFIX_PATH}:/opt/ros/jazzy /usr/bin/cmake --build /home/ysl/ros2_ws/build/rm_interfaces -- -j12 -l12
[7.451s] DEBUG:colcon.colcon_core.event_handler.log_command:Invoked command in '/home/ysl/ros2_ws/build/rm_interfaces' returned '0': CMAKE_PREFIX_PATH=${CMAKE_PREFIX_PATH}:/opt/ros/jazzy /usr/bin/cmake --build /home/ysl/ros2_ws/build/rm_interfaces -- -j12 -l12
[7.484s] DEBUG:colcon.colcon_core.event_handler.log_command:Invoking command in '/home/ysl/ros2_ws/build/rm_interfaces': CMAKE_PREFIX_PATH=${CMAKE_PREFIX_PATH}:/opt/ros/jazzy /usr/bin/cmake --install /home/ysl/ros2_ws/build/rm_interfaces
[8.107s] Level 1:colcon.colcon_core.environment:create_environment_scripts_only(rm_interfaces)
[8.109s] DEBUG:colcon.colcon_core.event_handler.log_command:Invoked command in '/home/ysl/ros2_ws/build/rm_interfaces' returned '0': CMAKE_PREFIX_PATH=${CMAKE_PREFIX_PATH}:/opt/ros/jazzy /usr/bin/cmake --install /home/ysl/ros2_ws/build/rm_interfaces
[8.133s] Level 1:colcon.colcon_core.environment:checking '/home/ysl/ros2_ws/install/rm_interfaces' for CMake module files
[8.136s] Level 1:colcon.colcon_core.environment:checking '/home/ysl/ros2_ws/install/rm_interfaces' for CMake config files
[8.148s] Level 1:colcon.colcon_core.shell:create_environment_hook('rm_interfaces', 'cmake_prefix_path')
[8.148s] INFO:colcon.colcon_core.shell:Creating environment hook '/home/ysl/ros2_ws/install/rm_interfaces/share/rm_interfaces/hook/cmake_prefix_path.ps1'
[8.150s] INFO:colcon.colcon_core.shell:Creating environment descriptor '/home/ysl/ros2_ws/install/rm_interfaces/share/rm_interfaces/hook/cmake_prefix_path.dsv'
[8.152s] INFO:colcon.colcon_core.shell:Creating environment hook '/home/ysl/ros2_ws/install/rm_interfaces/share/rm_interfaces/hook/cmake_prefix_path.sh'
[8.161s] Level 1:colcon.colcon_core.environment:checking '/home/ysl/ros2_ws/install/rm_interfaces/lib'
[8.161s] Level 1:colcon.colcon_core.shell:create_environment_hook('rm_interfaces', 'ld_library_path_lib')
[8.162s] INFO:colcon.colcon_core.shell:Creating environment hook '/home/ysl/ros2_ws/install/rm_interfaces/share/rm_interfaces/hook/ld_library_path_lib.ps1'
[8.165s] INFO:colcon.colcon_core.shell:Creating environment descriptor '/home/ysl/ros2_ws/install/rm_interfaces/share/rm_interfaces/hook/ld_library_path_lib.dsv'
[8.166s] INFO:colcon.colcon_core.shell:Creating environment hook '/home/ysl/ros2_ws/install/rm_interfaces/share/rm_interfaces/hook/ld_library_path_lib.sh'
[8.167s] Level 1:colcon.colcon_core.environment:checking '/home/ysl/ros2_ws/install/rm_interfaces/bin'
[8.167s] Level 1:colcon.colcon_core.environment:checking '/home/ysl/ros2_ws/install/rm_interfaces/lib/pkgconfig/rm_interfaces.pc'
[8.167s] Level 1:colcon.colcon_core.environment:checking '/home/ysl/ros2_ws/install/rm_interfaces/lib/python3.12/site-packages'
[8.168s] Level 1:colcon.colcon_core.shell:create_environment_hook('rm_interfaces', 'pythonpath')
[8.168s] INFO:colcon.colcon_core.shell:Creating environment hook '/home/ysl/ros2_ws/install/rm_interfaces/share/rm_interfaces/hook/pythonpath.ps1'
[8.172s] INFO:colcon.colcon_core.shell:Creating environment descriptor '/home/ysl/ros2_ws/install/rm_interfaces/share/rm_interfaces/hook/pythonpath.dsv'
[8.174s] INFO:colcon.colcon_core.shell:Creating environment hook '/home/ysl/ros2_ws/install/rm_interfaces/share/rm_interfaces/hook/pythonpath.sh'
[8.176s] Level 1:colcon.colcon_core.environment:checking '/home/ysl/ros2_ws/install/rm_interfaces/bin'
[8.177s] INFO:colcon.colcon_core.shell:Creating package script '/home/ysl/ros2_ws/install/rm_interfaces/share/rm_interfaces/package.ps1'
[8.181s] INFO:colcon.colcon_core.shell:Creating package descriptor '/home/ysl/ros2_ws/install/rm_interfaces/share/rm_interfaces/package.dsv'
[8.184s] INFO:colcon.colcon_core.shell:Creating package script '/home/ysl/ros2_ws/install/rm_interfaces/share/rm_interfaces/package.sh'
[8.186s] INFO:colcon.colcon_core.shell:Creating package script '/home/ysl/ros2_ws/install/rm_interfaces/share/rm_interfaces/package.bash'
[8.187s] INFO:colcon.colcon_core.shell:Creating package script '/home/ysl/ros2_ws/install/rm_interfaces/share/rm_interfaces/package.zsh'
[8.189s] Level 1:colcon.colcon_core.environment:create_file_with_runtime_dependencies(/home/ysl/ros2_ws/install/rm_interfaces/share/colcon-core/packages/rm_interfaces)
[8.191s] Level 1:colcon.colcon_core.environment:create_environment_scripts_only(rm_interfaces)
[8.191s] Level 1:colcon.colcon_core.environment:checking '/home/ysl/ros2_ws/install/rm_interfaces' for CMake module files
[8.196s] Level 1:colcon.colcon_core.environment:checking '/home/ysl/ros2_ws/install/rm_interfaces' for CMake config files
[8.206s] Level 1:colcon.colcon_core.shell:create_environment_hook('rm_interfaces', 'cmake_prefix_path')
[8.206s] INFO:colcon.colcon_core.shell:Creating environment hook '/home/ysl/ros2_ws/install/rm_interfaces/share/rm_interfaces/hook/cmake_prefix_path.ps1'
[8.207s] INFO:colcon.colcon_core.shell:Creating environment descriptor '/home/ysl/ros2_ws/install/rm_interfaces/share/rm_interfaces/hook/cmake_prefix_path.dsv'
[8.208s] INFO:colcon.colcon_core.shell:Creating environment hook '/home/ysl/ros2_ws/install/rm_interfaces/share/rm_interfaces/hook/cmake_prefix_path.sh'
[8.210s] Level 1:colcon.colcon_core.environment:checking '/home/ysl/ros2_ws/install/rm_interfaces/lib'
[8.210s] Level 1:colcon.colcon_core.shell:create_environment_hook('rm_interfaces', 'ld_library_path_lib')
[8.211s] INFO:colcon.colcon_core.shell:Creating environment hook '/home/ysl/ros2_ws/install/rm_interfaces/share/rm_interfaces/hook/ld_library_path_lib.ps1'
[8.212s] INFO:colcon.colcon_core.shell:Creating environment descriptor '/home/ysl/ros2_ws/install/rm_interfaces/share/rm_interfaces/hook/ld_library_path_lib.dsv'
[8.213s] INFO:colcon.colcon_core.shell:Creating environment hook '/home/ysl/ros2_ws/install/rm_interfaces/share/rm_interfaces/hook/ld_library_path_lib.sh'
[8.215s] Level 1:colcon.colcon_core.environment:checking '/home/ysl/ros2_ws/install/rm_interfaces/bin'
[8.215s] Level 1:colcon.colcon_core.environment:checking '/home/ysl/ros2_ws/install/rm_interfaces/lib/pkgconfig/rm_interfaces.pc'
[8.215s] Level 1:colcon.colcon_core.environment:checking '/home/ysl/ros2_ws/install/rm_interfaces/lib/python3.12/site-packages'
[8.216s] Level 1:colcon.colcon_core.shell:create_environment_hook('rm_interfaces', 'pythonpath')
[8.216s] INFO:colcon.colcon_core.shell:Creating environment hook '/home/ysl/ros2_ws/install/rm_interfaces/share/rm_interfaces/hook/pythonpath.ps1'
[8.217s] INFO:colcon.colcon_core.shell:Creating environment descriptor '/home/ysl/ros2_ws/install/rm_interfaces/share/rm_interfaces/hook/pythonpath.dsv'
[8.219s] INFO:colcon.colcon_core.shell:Creating environment hook '/home/ysl/ros2_ws/install/rm_interfaces/share/rm_interfaces/hook/pythonpath.sh'
[8.221s] Level 1:colcon.colcon_core.environment:checking '/home/ysl/ros2_ws/install/rm_interfaces/bin'
[8.221s] INFO:colcon.colcon_core.shell:Creating package script '/home/ysl/ros2_ws/install/rm_interfaces/share/rm_interfaces/package.ps1'
[8.223s] INFO:colcon.colcon_core.shell:Creating package descriptor '/home/ysl/ros2_ws/install/rm_interfaces/share/rm_interfaces/package.dsv'
[8.224s] INFO:colcon.colcon_core.shell:Creating package script '/home/ysl/ros2_ws/install/rm_interfaces/share/rm_interfaces/package.sh'
[8.225s] INFO:colcon.colcon_core.shell:Creating package script '/home/ysl/ros2_ws/install/rm_interfaces/share/rm_interfaces/package.bash'
[8.226s] INFO:colcon.colcon_core.shell:Creating package script '/home/ysl/ros2_ws/install/rm_interfaces/share/rm_interfaces/package.zsh'
[8.227s] Level 1:colcon.colcon_core.environment:create_file_with_runtime_dependencies(/home/ysl/ros2_ws/install/rm_interfaces/share/colcon-core/packages/rm_interfaces)
[8.227s] INFO:colcon.colcon_ros.task.ament_cmake.build:Building ROS package in '/home/ysl/ros2_ws/COD_Behavior' with build type 'ament_cmake'
[8.228s] INFO:colcon.colcon_cmake.task.cmake.build:Building CMake package in '/home/ysl/ros2_ws/COD_Behavior'
[8.232s] INFO:colcon.colcon_core.shell:Skip shell extension 'powershell' for command environment: Not usable outside of PowerShell
[8.232s] DEBUG:colcon.colcon_core.shell:Skip shell extension 'dsv' for command environment
[8.250s] INFO:colcon.colcon_ros.task.ament_cmake.build:Building ROS package in '/home/ysl/ros2_ws/COD_Serial' with build type 'ament_cmake'
[8.251s] INFO:colcon.colcon_cmake.task.cmake.build:Building CMake package in '/home/ysl/ros2_ws/COD_Serial'
[8.252s] INFO:colcon.colcon_core.shell:Skip shell extension 'powershell' for command environment: Not usable outside of PowerShell
[8.252s] DEBUG:colcon.colcon_core.shell:Skip shell extension 'dsv' for command environment
[9.042s] DEBUG:colcon.colcon_core.event_handler.log_command:Invoking command in '/home/ysl/ros2_ws/build/cod_behavior': CMAKE_PREFIX_PATH=/home/ysl/ros2_ws/install/rm_interfaces:/home/ysl/ros2_ws/install/cod_serial:/home/ysl/ros2_ws/install/cod_behavior:/home/ysl/BehaviorTree.CPP/install/behaviortree_cpp:/opt/ros/jazzy/opt/gz_sim_vendor:/opt/ros/jazzy/opt/gz_sensors_vendor:/opt/ros/jazzy/opt/gz_physics_vendor:/opt/ros/jazzy/opt/sdformat_vendor:/opt/ros/jazzy/opt/gz_gui_vendor:/opt/ros/jazzy/opt/gz_transport_vendor:/opt/ros/jazzy/opt/gz_rendering_vendor:/opt/ros/jazzy/opt/gz_plugin_vendor:/opt/ros/jazzy/opt/gz_fuel_tools_vendor:/opt/ros/jazzy/opt/gz_msgs_vendor:/opt/ros/jazzy/opt/gz_common_vendor:/opt/ros/jazzy/opt/gz_math_vendor:/opt/ros/jazzy/opt/gz_utils_vendor:/opt/ros/jazzy/opt/gz_tools_vendor:/opt/ros/jazzy/opt/gz_ogre_next_vendor:/opt/ros/jazzy/opt/gz_dartsim_vendor:/opt/ros/jazzy/opt/gz_cmake_vendor:/opt/ros/jazzy /usr/bin/cmake --build /home/ysl/ros2_ws/build/cod_behavior -- -j12 -l12
[9.081s] DEBUG:colcon.colcon_core.event_handler.log_command:Invoking command in '/home/ysl/ros2_ws/build/cod_serial': CMAKE_PREFIX_PATH=/home/ysl/ros2_ws/install/rm_interfaces:/home/ysl/ros2_ws/install/cod_serial:/home/ysl/ros2_ws/install/cod_behavior:/home/ysl/BehaviorTree.CPP/install/behaviortree_cpp:/opt/ros/jazzy/opt/gz_sim_vendor:/opt/ros/jazzy/opt/gz_sensors_vendor:/opt/ros/jazzy/opt/gz_physics_vendor:/opt/ros/jazzy/opt/sdformat_vendor:/opt/ros/jazzy/opt/gz_gui_vendor:/opt/ros/jazzy/opt/gz_transport_vendor:/opt/ros/jazzy/opt/gz_rendering_vendor:/opt/ros/jazzy/opt/gz_plugin_vendor:/opt/ros/jazzy/opt/gz_fuel_tools_vendor:/opt/ros/jazzy/opt/gz_msgs_vendor:/opt/ros/jazzy/opt/gz_common_vendor:/opt/ros/jazzy/opt/gz_math_vendor:/opt/ros/jazzy/opt/gz_utils_vendor:/opt/ros/jazzy/opt/gz_tools_vendor:/opt/ros/jazzy/opt/gz_ogre_next_vendor:/opt/ros/jazzy/opt/gz_dartsim_vendor:/opt/ros/jazzy/opt/gz_cmake_vendor:/opt/ros/jazzy /usr/bin/cmake --build /home/ysl/ros2_ws/build/cod_serial -- -j12 -l12
[9.420s] DEBUG:colcon.colcon_core.event_handler.log_command:Invoked command in '/home/ysl/ros2_ws/build/cod_serial' returned '0': CMAKE_PREFIX_PATH=/home/ysl/ros2_ws/install/rm_interfaces:/home/ysl/ros2_ws/install/cod_serial:/home/ysl/ros2_ws/install/cod_behavior:/home/ysl/BehaviorTree.CPP/install/behaviortree_cpp:/opt/ros/jazzy/opt/gz_sim_vendor:/opt/ros/jazzy/opt/gz_sensors_vendor:/opt/ros/jazzy/opt/gz_physics_vendor:/opt/ros/jazzy/opt/sdformat_vendor:/opt/ros/jazzy/opt/gz_gui_vendor:/opt/ros/jazzy/opt/gz_transport_vendor:/opt/ros/jazzy/opt/gz_rendering_vendor:/opt/ros/jazzy/opt/gz_plugin_vendor:/opt/ros/jazzy/opt/gz_fuel_tools_vendor:/opt/ros/jazzy/opt/gz_msgs_vendor:/opt/ros/jazzy/opt/gz_common_vendor:/opt/ros/jazzy/opt/gz_math_vendor:/opt/ros/jazzy/opt/gz_utils_vendor:/opt/ros/jazzy/opt/gz_tools_vendor:/opt/ros/jazzy/opt/gz_ogre_next_vendor:/opt/ros/jazzy/opt/gz_dartsim_vendor:/opt/ros/jazzy/opt/gz_cmake_vendor:/opt/ros/jazzy /usr/bin/cmake --build /home/ysl/ros2_ws/build/cod_serial -- -j12 -l12
[9.421s] DEBUG:colcon.colcon_core.event_handler.log_command:Invoking command in '/home/ysl/ros2_ws/build/cod_serial': CMAKE_PREFIX_PATH=/home/ysl/ros2_ws/install/rm_interfaces:/home/ysl/ros2_ws/install/cod_serial:/home/ysl/ros2_ws/install/cod_behavior:/home/ysl/BehaviorTree.CPP/install/behaviortree_cpp:/opt/ros/jazzy/opt/gz_sim_vendor:/opt/ros/jazzy/opt/gz_sensors_vendor:/opt/ros/jazzy/opt/gz_physics_vendor:/opt/ros/jazzy/opt/sdformat_vendor:/opt/ros/jazzy/opt/gz_gui_vendor:/opt/ros/jazzy/opt/gz_transport_vendor:/opt/ros/jazzy/opt/gz_rendering_vendor:/opt/ros/jazzy/opt/gz_plugin_vendor:/opt/ros/jazzy/opt/gz_fuel_tools_vendor:/opt/ros/jazzy/opt/gz_msgs_vendor:/opt/ros/jazzy/opt/gz_common_vendor:/opt/ros/jazzy/opt/gz_math_vendor:/opt/ros/jazzy/opt/gz_utils_vendor:/opt/ros/jazzy/opt/gz_tools_vendor:/opt/ros/jazzy/opt/gz_ogre_next_vendor:/opt/ros/jazzy/opt/gz_dartsim_vendor:/opt/ros/jazzy/opt/gz_cmake_vendor:/opt/ros/jazzy /usr/bin/cmake --install /home/ysl/ros2_ws/build/cod_serial
[9.514s] Level 1:colcon.colcon_core.environment:create_environment_scripts_only(cod_serial)
[9.515s] Level 1:colcon.colcon_core.environment:checking '/home/ysl/ros2_ws/install/cod_serial' for CMake module files
[9.520s] Level 1:colcon.colcon_core.environment:checking '/home/ysl/ros2_ws/install/cod_serial' for CMake config files
[9.521s] Level 1:colcon.colcon_core.shell:create_environment_hook('cod_serial', 'cmake_prefix_path')
[9.521s] INFO:colcon.colcon_core.shell:Creating environment hook '/home/ysl/ros2_ws/install/cod_serial/share/cod_serial/hook/cmake_prefix_path.ps1'
[9.516s] DEBUG:colcon.colcon_core.event_handler.log_command:Invoked command in '/home/ysl/ros2_ws/build/cod_serial' returned '0': CMAKE_PREFIX_PATH=/home/ysl/ros2_ws/install/rm_interfaces:/home/ysl/ros2_ws/install/cod_serial:/home/ysl/ros2_ws/install/cod_behavior:/home/ysl/BehaviorTree.CPP/install/behaviortree_cpp:/opt/ros/jazzy/opt/gz_sim_vendor:/opt/ros/jazzy/opt/gz_sensors_vendor:/opt/ros/jazzy/opt/gz_physics_vendor:/opt/ros/jazzy/opt/sdformat_vendor:/opt/ros/jazzy/opt/gz_gui_vendor:/opt/ros/jazzy/opt/gz_transport_vendor:/opt/ros/jazzy/opt/gz_rendering_vendor:/opt/ros/jazzy/opt/gz_plugin_vendor:/opt/ros/jazzy/opt/gz_fuel_tools_vendor:/opt/ros/jazzy/opt/gz_msgs_vendor:/opt/ros/jazzy/opt/gz_common_vendor:/opt/ros/jazzy/opt/gz_math_vendor:/opt/ros/jazzy/opt/gz_utils_vendor:/opt/ros/jazzy/opt/gz_tools_vendor:/opt/ros/jazzy/opt/gz_ogre_next_vendor:/opt/ros/jazzy/opt/gz_dartsim_vendor:/opt/ros/jazzy/opt/gz_cmake_vendor:/opt/ros/jazzy /usr/bin/cmake --install /home/ysl/ros2_ws/build/cod_serial
[9.529s] INFO:colcon.colcon_core.shell:Creating environment descriptor '/home/ysl/ros2_ws/install/cod_serial/share/cod_serial/hook/cmake_prefix_path.dsv'
[9.535s] INFO:colcon.colcon_core.shell:Creating environment hook '/home/ysl/ros2_ws/install/cod_serial/share/cod_serial/hook/cmake_prefix_path.sh'
[9.537s] Level 1:colcon.colcon_core.environment:checking '/home/ysl/ros2_ws/install/cod_serial/lib'
[9.537s] Level 1:colcon.colcon_core.environment:checking '/home/ysl/ros2_ws/install/cod_serial/bin'
[9.537s] Level 1:colcon.colcon_core.environment:checking '/home/ysl/ros2_ws/install/cod_serial/lib/pkgconfig/cod_serial.pc'
[9.538s] Level 1:colcon.colcon_core.environment:checking '/home/ysl/ros2_ws/install/cod_serial/lib/python3.12/site-packages'
[9.538s] Level 1:colcon.colcon_core.environment:checking '/home/ysl/ros2_ws/install/cod_serial/bin'
[9.539s] INFO:colcon.colcon_core.shell:Creating package script '/home/ysl/ros2_ws/install/cod_serial/share/cod_serial/package.ps1'
[9.540s] INFO:colcon.colcon_core.shell:Creating package descriptor '/home/ysl/ros2_ws/install/cod_serial/share/cod_serial/package.dsv'
[9.541s] INFO:colcon.colcon_core.shell:Creating package script '/home/ysl/ros2_ws/install/cod_serial/share/cod_serial/package.sh'
[9.542s] INFO:colcon.colcon_core.shell:Creating package script '/home/ysl/ros2_ws/install/cod_serial/share/cod_serial/package.bash'
[9.543s] INFO:colcon.colcon_core.shell:Creating package script '/home/ysl/ros2_ws/install/cod_serial/share/cod_serial/package.zsh'
[9.544s] Level 1:colcon.colcon_core.environment:create_file_with_runtime_dependencies(/home/ysl/ros2_ws/install/cod_serial/share/colcon-core/packages/cod_serial)
[9.548s] Level 1:colcon.colcon_core.environment:create_environment_scripts_only(cod_serial)
[9.548s] Level 1:colcon.colcon_core.environment:checking '/home/ysl/ros2_ws/install/cod_serial' for CMake module files
[9.550s] Level 1:colcon.colcon_core.environment:checking '/home/ysl/ros2_ws/install/cod_serial' for CMake config files
[9.551s] Level 1:colcon.colcon_core.shell:create_environment_hook('cod_serial', 'cmake_prefix_path')
[9.552s] INFO:colcon.colcon_core.shell:Creating environment hook '/home/ysl/ros2_ws/install/cod_serial/share/cod_serial/hook/cmake_prefix_path.ps1'
[9.554s] INFO:colcon.colcon_core.shell:Creating environment descriptor '/home/ysl/ros2_ws/install/cod_serial/share/cod_serial/hook/cmake_prefix_path.dsv'
[9.554s] INFO:colcon.colcon_core.shell:Creating environment hook '/home/ysl/ros2_ws/install/cod_serial/share/cod_serial/hook/cmake_prefix_path.sh'
[9.556s] Level 1:colcon.colcon_core.environment:checking '/home/ysl/ros2_ws/install/cod_serial/lib'
[9.556s] Level 1:colcon.colcon_core.environment:checking '/home/ysl/ros2_ws/install/cod_serial/bin'
[9.556s] Level 1:colcon.colcon_core.environment:checking '/home/ysl/ros2_ws/install/cod_serial/lib/pkgconfig/cod_serial.pc'
[9.556s] Level 1:colcon.colcon_core.environment:checking '/home/ysl/ros2_ws/install/cod_serial/lib/python3.12/site-packages'
[9.557s] Level 1:colcon.colcon_core.environment:checking '/home/ysl/ros2_ws/install/cod_serial/bin'
[9.557s] INFO:colcon.colcon_core.shell:Creating package script '/home/ysl/ros2_ws/install/cod_serial/share/cod_serial/package.ps1'
[9.560s] INFO:colcon.colcon_core.shell:Creating package descriptor '/home/ysl/ros2_ws/install/cod_serial/share/cod_serial/package.dsv'
[9.562s] INFO:colcon.colcon_core.shell:Creating package script '/home/ysl/ros2_ws/install/cod_serial/share/cod_serial/package.sh'
[9.564s] INFO:colcon.colcon_core.shell:Creating package script '/home/ysl/ros2_ws/install/cod_serial/share/cod_serial/package.bash'
[9.565s] INFO:colcon.colcon_core.shell:Creating package script '/home/ysl/ros2_ws/install/cod_serial/share/cod_serial/package.zsh'
[9.567s] Level 1:colcon.colcon_core.environment:create_file_with_runtime_dependencies(/home/ysl/ros2_ws/install/cod_serial/share/colcon-core/packages/cod_serial)
[64.200s] DEBUG:colcon.colcon_core.event_handler.log_command:Invoked command in '/home/ysl/ros2_ws/build/cod_behavior' returned '0': CMAKE_PREFIX_PATH=/home/ysl/ros2_ws/install/rm_interfaces:/home/ysl/ros2_ws/install/cod_serial:/home/ysl/ros2_ws/install/cod_behavior:/home/ysl/BehaviorTree.CPP/install/behaviortree_cpp:/opt/ros/jazzy/opt/gz_sim_vendor:/opt/ros/jazzy/opt/gz_sensors_vendor:/opt/ros/jazzy/opt/gz_physics_vendor:/opt/ros/jazzy/opt/sdformat_vendor:/opt/ros/jazzy/opt/gz_gui_vendor:/opt/ros/jazzy/opt/gz_transport_vendor:/opt/ros/jazzy/opt/gz_rendering_vendor:/opt/ros/jazzy/opt/gz_plugin_vendor:/opt/ros/jazzy/opt/gz_fuel_tools_vendor:/opt/ros/jazzy/opt/gz_msgs_vendor:/opt/ros/jazzy/opt/gz_common_vendor:/opt/ros/jazzy/opt/gz_math_vendor:/opt/ros/jazzy/opt/gz_utils_vendor:/opt/ros/jazzy/opt/gz_tools_vendor:/opt/ros/jazzy/opt/gz_ogre_next_vendor:/opt/ros/jazzy/opt/gz_dartsim_vendor:/opt/ros/jazzy/opt/gz_cmake_vendor:/opt/ros/jazzy /usr/bin/cmake --build /home/ysl/ros2_ws/build/cod_behavior -- -j12 -l12
[64.201s] DEBUG:colcon.colcon_core.event_handler.log_command:Invoking command in '/home/ysl/ros2_ws/build/cod_behavior': CMAKE_PREFIX_PATH=/home/ysl/ros2_ws/install/rm_interfaces:/home/ysl/ros2_ws/install/cod_serial:/home/ysl/ros2_ws/install/cod_behavior:/home/ysl/BehaviorTree.CPP/install/behaviortree_cpp:/opt/ros/jazzy/opt/gz_sim_vendor:/opt/ros/jazzy/opt/gz_sensors_vendor:/opt/ros/jazzy/opt/gz_physics_vendor:/opt/ros/jazzy/opt/sdformat_vendor:/opt/ros/jazzy/opt/gz_gui_vendor:/opt/ros/jazzy/opt/gz_transport_vendor:/opt/ros/jazzy/opt/gz_rendering_vendor:/opt/ros/jazzy/opt/gz_plugin_vendor:/opt/ros/jazzy/opt/gz_fuel_tools_vendor:/opt/ros/jazzy/opt/gz_msgs_vendor:/opt/ros/jazzy/opt/gz_common_vendor:/opt/ros/jazzy/opt/gz_math_vendor:/opt/ros/jazzy/opt/gz_utils_vendor:/opt/ros/jazzy/opt/gz_tools_vendor:/opt/ros/jazzy/opt/gz_ogre_next_vendor:/opt/ros/jazzy/opt/gz_dartsim_vendor:/opt/ros/jazzy/opt/gz_cmake_vendor:/opt/ros/jazzy /usr/bin/cmake --install /home/ysl/ros2_ws/build/cod_behavior
[64.302s] Level 1:colcon.colcon_core.environment:create_environment_scripts_only(cod_behavior)
[64.304s] Level 1:colcon.colcon_core.environment:checking '/home/ysl/ros2_ws/install/cod_behavior' for CMake module files
[64.306s] Level 1:colcon.colcon_core.environment:checking '/home/ysl/ros2_ws/install/cod_behavior' for CMake config files
[64.307s] Level 1:colcon.colcon_core.shell:create_environment_hook('cod_behavior', 'cmake_prefix_path')
[64.308s] INFO:colcon.colcon_core.shell:Creating environment hook '/home/ysl/ros2_ws/install/cod_behavior/share/cod_behavior/hook/cmake_prefix_path.ps1'
[64.309s] DEBUG:colcon.colcon_core.event_handler.log_command:Invoked command in '/home/ysl/ros2_ws/build/cod_behavior' returned '0': CMAKE_PREFIX_PATH=/home/ysl/ros2_ws/install/rm_interfaces:/home/ysl/ros2_ws/install/cod_serial:/home/ysl/ros2_ws/install/cod_behavior:/home/ysl/BehaviorTree.CPP/install/behaviortree_cpp:/opt/ros/jazzy/opt/gz_sim_vendor:/opt/ros/jazzy/opt/gz_sensors_vendor:/opt/ros/jazzy/opt/gz_physics_vendor:/opt/ros/jazzy/opt/sdformat_vendor:/opt/ros/jazzy/opt/gz_gui_vendor:/opt/ros/jazzy/opt/gz_transport_vendor:/opt/ros/jazzy/opt/gz_rendering_vendor:/opt/ros/jazzy/opt/gz_plugin_vendor:/opt/ros/jazzy/opt/gz_fuel_tools_vendor:/opt/ros/jazzy/opt/gz_msgs_vendor:/opt/ros/jazzy/opt/gz_common_vendor:/opt/ros/jazzy/opt/gz_math_vendor:/opt/ros/jazzy/opt/gz_utils_vendor:/opt/ros/jazzy/opt/gz_tools_vendor:/opt/ros/jazzy/opt/gz_ogre_next_vendor:/opt/ros/jazzy/opt/gz_dartsim_vendor:/opt/ros/jazzy/opt/gz_cmake_vendor:/opt/ros/jazzy /usr/bin/cmake --install /home/ysl/ros2_ws/build/cod_behavior
[64.312s] INFO:colcon.colcon_core.shell:Creating environment descriptor '/home/ysl/ros2_ws/install/cod_behavior/share/cod_behavior/hook/cmake_prefix_path.dsv'
[64.313s] INFO:colcon.colcon_core.shell:Creating environment hook '/home/ysl/ros2_ws/install/cod_behavior/share/cod_behavior/hook/cmake_prefix_path.sh'
[64.315s] Level 1:colcon.colcon_core.environment:checking '/home/ysl/ros2_ws/install/cod_behavior/lib'
[64.315s] Level 1:colcon.colcon_core.environment:checking '/home/ysl/ros2_ws/install/cod_behavior/bin'
[64.316s] Level 1:colcon.colcon_core.environment:checking '/home/ysl/ros2_ws/install/cod_behavior/lib/pkgconfig/cod_behavior.pc'
[64.316s] Level 1:colcon.colcon_core.environment:checking '/home/ysl/ros2_ws/install/cod_behavior/lib/python3.12/site-packages'
[64.317s] Level 1:colcon.colcon_core.environment:checking '/home/ysl/ros2_ws/install/cod_behavior/bin'
[64.317s] INFO:colcon.colcon_core.shell:Creating package script '/home/ysl/ros2_ws/install/cod_behavior/share/cod_behavior/package.ps1'
[64.319s] INFO:colcon.colcon_core.shell:Creating package descriptor '/home/ysl/ros2_ws/install/cod_behavior/share/cod_behavior/package.dsv'
[64.324s] INFO:colcon.colcon_core.shell:Creating package script '/home/ysl/ros2_ws/install/cod_behavior/share/cod_behavior/package.sh'
[64.331s] INFO:colcon.colcon_core.shell:Creating package script '/home/ysl/ros2_ws/install/cod_behavior/share/cod_behavior/package.bash'
[64.333s] INFO:colcon.colcon_core.shell:Creating package script '/home/ysl/ros2_ws/install/cod_behavior/share/cod_behavior/package.zsh'
[64.334s] Level 1:colcon.colcon_core.environment:create_file_with_runtime_dependencies(/home/ysl/ros2_ws/install/cod_behavior/share/colcon-core/packages/cod_behavior)
[64.336s] Level 1:colcon.colcon_core.environment:create_environment_scripts_only(cod_behavior)
[64.336s] Level 1:colcon.colcon_core.environment:checking '/home/ysl/ros2_ws/install/cod_behavior' for CMake module files
[64.338s] Level 1:colcon.colcon_core.environment:checking '/home/ysl/ros2_ws/install/cod_behavior' for CMake config files
[64.342s] Level 1:colcon.colcon_core.shell:create_environment_hook('cod_behavior', 'cmake_prefix_path')
[64.342s] INFO:colcon.colcon_core.shell:Creating environment hook '/home/ysl/ros2_ws/install/cod_behavior/share/cod_behavior/hook/cmake_prefix_path.ps1'
[64.344s] INFO:colcon.colcon_core.shell:Creating environment descriptor '/home/ysl/ros2_ws/install/cod_behavior/share/cod_behavior/hook/cmake_prefix_path.dsv'
[64.347s] INFO:colcon.colcon_core.shell:Creating environment hook '/home/ysl/ros2_ws/install/cod_behavior/share/cod_behavior/hook/cmake_prefix_path.sh'
[64.349s] Level 1:colcon.colcon_core.environment:checking '/home/ysl/ros2_ws/install/cod_behavior/lib'
[64.349s] Level 1:colcon.colcon_core.environment:checking '/home/ysl/ros2_ws/install/cod_behavior/bin'
[64.349s] Level 1:colcon.colcon_core.environment:checking '/home/ysl/ros2_ws/install/cod_behavior/lib/pkgconfig/cod_behavior.pc'
[64.350s] Level 1:colcon.colcon_core.environment:checking '/home/ysl/ros2_ws/install/cod_behavior/lib/python3.12/site-packages'
[64.350s] Level 1:colcon.colcon_core.environment:checking '/home/ysl/ros2_ws/install/cod_behavior/bin'
[64.351s] INFO:colcon.colcon_core.shell:Creating package script '/home/ysl/ros2_ws/install/cod_behavior/share/cod_behavior/package.ps1'
[64.352s] INFO:colcon.colcon_core.shell:Creating package descriptor '/home/ysl/ros2_ws/install/cod_behavior/share/cod_behavior/package.dsv'
[64.353s] INFO:colcon.colcon_core.shell:Creating package script '/home/ysl/ros2_ws/install/cod_behavior/share/cod_behavior/package.sh'
[64.354s] INFO:colcon.colcon_core.shell:Creating package script '/home/ysl/ros2_ws/install/cod_behavior/share/cod_behavior/package.bash'
[64.355s] INFO:colcon.colcon_core.shell:Creating package script '/home/ysl/ros2_ws/install/cod_behavior/share/cod_behavior/package.zsh'
[64.357s] Level 1:colcon.colcon_core.environment:create_file_with_runtime_dependencies(/home/ysl/ros2_ws/install/cod_behavior/share/colcon-core/packages/cod_behavior)
[64.363s] DEBUG:colcon.colcon_parallel_executor.executor.parallel:closing loop
[64.363s] DEBUG:colcon.colcon_parallel_executor.executor.parallel:loop closed
[64.363s] DEBUG:colcon.colcon_parallel_executor.executor.parallel:run_until_complete finished with '0'
[64.364s] DEBUG:colcon.colcon_core.event_reactor:joining thread
[64.624s] INFO:colcon.colcon_core.plugin_system:Skipping extension 'colcon_notification.desktop_notification.notify_send': Could not find 'notify-send'
[64.625s] INFO:colcon.colcon_core.plugin_system:Skipping extension 'colcon_notification.desktop_notification.terminal_notifier': Not used on non-Darwin systems
[64.625s] INFO:colcon.colcon_core.plugin_system:Skipping extension 'colcon_notification.desktop_notification.win32': Not used on non-Windows systems
[64.625s] INFO:colcon.colcon_notification.desktop_notification:Sending desktop notification using 'notify2'
[64.640s] DEBUG:colcon.colcon_notification.desktop_notification.notify2:Failed to initialize notify2: org.freedesktop.DBus.Error.ServiceUnknown: The name org.freedesktop.Notifications was not provided by any .service files
[64.641s] DEBUG:colcon.colcon_core.event_reactor:joined thread
[64.642s] INFO:colcon.colcon_core.shell:Creating prefix script '/home/ysl/ros2_ws/install/local_setup.ps1'
[64.644s] INFO:colcon.colcon_core.shell:Creating prefix util module '/home/ysl/ros2_ws/install/_local_setup_util_ps1.py'
[64.653s] INFO:colcon.colcon_core.shell:Creating prefix chain script '/home/ysl/ros2_ws/install/setup.ps1'
[64.656s] INFO:colcon.colcon_core.shell:Creating prefix script '/home/ysl/ros2_ws/install/local_setup.sh'
[64.658s] INFO:colcon.colcon_core.shell:Creating prefix util module '/home/ysl/ros2_ws/install/_local_setup_util_sh.py'
[64.659s] INFO:colcon.colcon_core.shell:Creating prefix chain script '/home/ysl/ros2_ws/install/setup.sh'
[64.666s] INFO:colcon.colcon_core.shell:Creating prefix script '/home/ysl/ros2_ws/install/local_setup.bash'
[64.668s] INFO:colcon.colcon_core.shell:Creating prefix chain script '/home/ysl/ros2_ws/install/setup.bash'
[64.671s] INFO:colcon.colcon_core.shell:Creating prefix script '/home/ysl/ros2_ws/install/local_setup.zsh'
[64.673s] INFO:colcon.colcon_core.shell:Creating prefix chain script '/home/ysl/ros2_ws/install/setup.zsh'
