[0.770s] Invoking command in '/home/ysl/ros2_ws/build/btcpp_ros2_samples': AMENT_PREFIX_PATH=/home/ysl/ros2_ws/install/behaviortree_ros2:/home/ysl/ros2_ws/install/btcpp_ros2_interfaces:${AMENT_PREFIX_PATH} CMAKE_PREFIX_PATH=/home/ysl/ros2_ws/install/behaviortree_ros2:/home/ysl/ros2_ws/install/btcpp_ros2_interfaces:/home/ysl/BehaviorTree.CPP/install/behaviortree_cpp:/opt/ros/jazzy/opt/gz_sim_vendor:/opt/ros/jazzy/opt/gz_sensors_vendor:/opt/ros/jazzy/opt/gz_physics_vendor:/opt/ros/jazzy/opt/sdformat_vendor:/opt/ros/jazzy/opt/gz_gui_vendor:/opt/ros/jazzy/opt/gz_transport_vendor:/opt/ros/jazzy/opt/gz_rendering_vendor:/opt/ros/jazzy/opt/gz_plugin_vendor:/opt/ros/jazzy/opt/gz_fuel_tools_vendor:/opt/ros/jazzy/opt/gz_msgs_vendor:/opt/ros/jazzy/opt/gz_common_vendor:/opt/ros/jazzy/opt/gz_math_vendor:/opt/ros/jazzy/opt/gz_utils_vendor:/opt/ros/jazzy/opt/gz_tools_vendor:/opt/ros/jazzy/opt/gz_ogre_next_vendor:/opt/ros/jazzy/opt/gz_dartsim_vendor:/opt/ros/jazzy/opt/gz_cmake_vendor:/opt/ros/jazzy LD_LIBRARY_PATH=/home/ysl/ros2_ws/install/behaviortree_ros2/lib:/home/ysl/ros2_ws/install/btcpp_ros2_interfaces/lib:${LD_LIBRARY_PATH} PYTHONPATH=/home/ysl/ros2_ws/install/btcpp_ros2_interfaces/lib/python3.12/site-packages:${PYTHONPATH} /usr/bin/cmake --build /home/ysl/ros2_ws/build/btcpp_ros2_samples -- -j12 -l12
[1.039s] [ 16%] Built target sleep_client
[1.048s] [ 27%] Built target sleep_plugin
[1.069s] [ 38%] Built target sample_bt_executor
[1.100s] [ 55%] Built target bool_client
[1.102s] [ 66%] Built target subscriber_test
[1.111s] [ 77%] Built target sleep_server
[1.113s] [ 88%] Built target bool_server
[1.131s] [100%] Built target sleep_client_dyn
[1.155s] Invoked command in '/home/ysl/ros2_ws/build/btcpp_ros2_samples' returned '0': AMENT_PREFIX_PATH=/home/ysl/ros2_ws/install/behaviortree_ros2:/home/ysl/ros2_ws/install/btcpp_ros2_interfaces:${AMENT_PREFIX_PATH} CMAKE_PREFIX_PATH=/home/ysl/ros2_ws/install/behaviortree_ros2:/home/ysl/ros2_ws/install/btcpp_ros2_interfaces:/home/ysl/BehaviorTree.CPP/install/behaviortree_cpp:/opt/ros/jazzy/opt/gz_sim_vendor:/opt/ros/jazzy/opt/gz_sensors_vendor:/opt/ros/jazzy/opt/gz_physics_vendor:/opt/ros/jazzy/opt/sdformat_vendor:/opt/ros/jazzy/opt/gz_gui_vendor:/opt/ros/jazzy/opt/gz_transport_vendor:/opt/ros/jazzy/opt/gz_rendering_vendor:/opt/ros/jazzy/opt/gz_plugin_vendor:/opt/ros/jazzy/opt/gz_fuel_tools_vendor:/opt/ros/jazzy/opt/gz_msgs_vendor:/opt/ros/jazzy/opt/gz_common_vendor:/opt/ros/jazzy/opt/gz_math_vendor:/opt/ros/jazzy/opt/gz_utils_vendor:/opt/ros/jazzy/opt/gz_tools_vendor:/opt/ros/jazzy/opt/gz_ogre_next_vendor:/opt/ros/jazzy/opt/gz_dartsim_vendor:/opt/ros/jazzy/opt/gz_cmake_vendor:/opt/ros/jazzy LD_LIBRARY_PATH=/home/ysl/ros2_ws/install/behaviortree_ros2/lib:/home/ysl/ros2_ws/install/btcpp_ros2_interfaces/lib:${LD_LIBRARY_PATH} PYTHONPATH=/home/ysl/ros2_ws/install/btcpp_ros2_interfaces/lib/python3.12/site-packages:${PYTHONPATH} /usr/bin/cmake --build /home/ysl/ros2_ws/build/btcpp_ros2_samples -- -j12 -l12
[1.158s] Invoking command in '/home/ysl/ros2_ws/build/btcpp_ros2_samples': AMENT_PREFIX_PATH=/home/ysl/ros2_ws/install/behaviortree_ros2:/home/ysl/ros2_ws/install/btcpp_ros2_interfaces:${AMENT_PREFIX_PATH} CMAKE_PREFIX_PATH=/home/ysl/ros2_ws/install/behaviortree_ros2:/home/ysl/ros2_ws/install/btcpp_ros2_interfaces:/home/ysl/BehaviorTree.CPP/install/behaviortree_cpp:/opt/ros/jazzy/opt/gz_sim_vendor:/opt/ros/jazzy/opt/gz_sensors_vendor:/opt/ros/jazzy/opt/gz_physics_vendor:/opt/ros/jazzy/opt/sdformat_vendor:/opt/ros/jazzy/opt/gz_gui_vendor:/opt/ros/jazzy/opt/gz_transport_vendor:/opt/ros/jazzy/opt/gz_rendering_vendor:/opt/ros/jazzy/opt/gz_plugin_vendor:/opt/ros/jazzy/opt/gz_fuel_tools_vendor:/opt/ros/jazzy/opt/gz_msgs_vendor:/opt/ros/jazzy/opt/gz_common_vendor:/opt/ros/jazzy/opt/gz_math_vendor:/opt/ros/jazzy/opt/gz_utils_vendor:/opt/ros/jazzy/opt/gz_tools_vendor:/opt/ros/jazzy/opt/gz_ogre_next_vendor:/opt/ros/jazzy/opt/gz_dartsim_vendor:/opt/ros/jazzy/opt/gz_cmake_vendor:/opt/ros/jazzy LD_LIBRARY_PATH=/home/ysl/ros2_ws/install/behaviortree_ros2/lib:/home/ysl/ros2_ws/install/btcpp_ros2_interfaces/lib:${LD_LIBRARY_PATH} PYTHONPATH=/home/ysl/ros2_ws/install/btcpp_ros2_interfaces/lib/python3.12/site-packages:${PYTHONPATH} /usr/bin/cmake --install /home/ysl/ros2_ws/build/btcpp_ros2_samples
[1.631s] -- Install configuration: ""
[1.636s] -- Execute custom install script
[1.648s] -- Up-to-date symlink: /home/ysl/ros2_ws/install/btcpp_ros2_samples/lib/btcpp_ros2_samples/sleep_client
[1.649s] -- Up-to-date symlink: /home/ysl/ros2_ws/install/btcpp_ros2_samples/lib/btcpp_ros2_samples/sleep_client_dyn
[1.649s] -- Up-to-date symlink: /home/ysl/ros2_ws/install/btcpp_ros2_samples/lib/btcpp_ros2_samples/sleep_server
[1.654s] -- Up-to-date symlink: /home/ysl/ros2_ws/install/btcpp_ros2_samples/lib/btcpp_ros2_samples/libsleep_plugin.so
[1.654s] -- Up-to-date symlink: /home/ysl/ros2_ws/install/btcpp_ros2_samples/lib/btcpp_ros2_samples/subscriber_test
[1.655s] -- Up-to-date symlink: /home/ysl/ros2_ws/install/btcpp_ros2_samples/lib/btcpp_ros2_samples/sample_bt_executor
[1.655s] -- Up-to-date symlink: /home/ysl/ros2_ws/install/btcpp_ros2_samples/lib/btcpp_ros2_samples/bool_client
[1.656s] -- Up-to-date symlink: /home/ysl/ros2_ws/install/btcpp_ros2_samples/lib/btcpp_ros2_samples/bool_server
[1.659s] -- Up-to-date symlink: /home/ysl/ros2_ws/install/btcpp_ros2_samples/share/btcpp_ros2_samples/bt_plugins/libsleep_plugin.so
[1.662s] -- Up-to-date symlink: /home/ysl/ros2_ws/install/btcpp_ros2_samples/share/btcpp_ros2_samples//behavior_trees/cross_door.xml
[1.663s] -- Up-to-date symlink: /home/ysl/ros2_ws/install/btcpp_ros2_samples/share/btcpp_ros2_samples//behavior_trees/door_closed.xml
[1.664s] -- Up-to-date symlink: /home/ysl/ros2_ws/install/btcpp_ros2_samples/share/btcpp_ros2_samples//behavior_trees/sleep_action.xml
[1.666s] -- Up-to-date symlink: /home/ysl/ros2_ws/install/btcpp_ros2_samples/share/btcpp_ros2_samples//config/sample_bt_executor.yaml
[1.668s] -- Up-to-date symlink: /home/ysl/ros2_ws/install/btcpp_ros2_samples/share/btcpp_ros2_samples//launch/sample_bt_executor.launch.xml
[1.669s] -- Up-to-date symlink: /home/ysl/ros2_ws/install/btcpp_ros2_samples/share/ament_index/resource_index/package_run_dependencies/btcpp_ros2_samples
[1.670s] -- Up-to-date symlink: /home/ysl/ros2_ws/install/btcpp_ros2_samples/share/ament_index/resource_index/parent_prefix_path/btcpp_ros2_samples
[1.672s] -- Up-to-date symlink: /home/ysl/ros2_ws/install/btcpp_ros2_samples/share/btcpp_ros2_samples/environment/ament_prefix_path.sh
[1.673s] -- Up-to-date symlink: /home/ysl/ros2_ws/install/btcpp_ros2_samples/share/btcpp_ros2_samples/environment/ament_prefix_path.dsv
[1.673s] -- Up-to-date symlink: /home/ysl/ros2_ws/install/btcpp_ros2_samples/share/btcpp_ros2_samples/environment/path.sh
[1.674s] -- Up-to-date symlink: /home/ysl/ros2_ws/install/btcpp_ros2_samples/share/btcpp_ros2_samples/environment/path.dsv
[1.675s] -- Up-to-date symlink: /home/ysl/ros2_ws/install/btcpp_ros2_samples/share/btcpp_ros2_samples/local_setup.bash
[1.676s] -- Up-to-date symlink: /home/ysl/ros2_ws/install/btcpp_ros2_samples/share/btcpp_ros2_samples/local_setup.sh
[1.677s] -- Up-to-date symlink: /home/ysl/ros2_ws/install/btcpp_ros2_samples/share/btcpp_ros2_samples/local_setup.zsh
[1.678s] -- Up-to-date symlink: /home/ysl/ros2_ws/install/btcpp_ros2_samples/share/btcpp_ros2_samples/local_setup.dsv
[1.678s] -- Symlinking: /home/ysl/ros2_ws/install/btcpp_ros2_samples/share/btcpp_ros2_samples/package.dsv
[1.696s] -- Up-to-date symlink: /home/ysl/ros2_ws/install/btcpp_ros2_samples/share/ament_index/resource_index/packages/btcpp_ros2_samples
[1.697s] -- Up-to-date symlink: /home/ysl/ros2_ws/install/btcpp_ros2_samples/share/btcpp_ros2_samples/cmake/ament_cmake_export_dependencies-extras.cmake
[1.698s] -- Up-to-date symlink: /home/ysl/ros2_ws/install/btcpp_ros2_samples/share/btcpp_ros2_samples/cmake/btcpp_ros2_samplesConfig.cmake
[1.699s] -- Up-to-date symlink: /home/ysl/ros2_ws/install/btcpp_ros2_samples/share/btcpp_ros2_samples/cmake/btcpp_ros2_samplesConfig-version.cmake
[1.699s] -- Up-to-date symlink: /home/ysl/ros2_ws/install/btcpp_ros2_samples/share/btcpp_ros2_samples/package.xml
[1.704s] Invoked command in '/home/ysl/ros2_ws/build/btcpp_ros2_samples' returned '0': AMENT_PREFIX_PATH=/home/ysl/ros2_ws/install/behaviortree_ros2:/home/ysl/ros2_ws/install/btcpp_ros2_interfaces:${AMENT_PREFIX_PATH} CMAKE_PREFIX_PATH=/home/ysl/ros2_ws/install/behaviortree_ros2:/home/ysl/ros2_ws/install/btcpp_ros2_interfaces:/home/ysl/BehaviorTree.CPP/install/behaviortree_cpp:/opt/ros/jazzy/opt/gz_sim_vendor:/opt/ros/jazzy/opt/gz_sensors_vendor:/opt/ros/jazzy/opt/gz_physics_vendor:/opt/ros/jazzy/opt/sdformat_vendor:/opt/ros/jazzy/opt/gz_gui_vendor:/opt/ros/jazzy/opt/gz_transport_vendor:/opt/ros/jazzy/opt/gz_rendering_vendor:/opt/ros/jazzy/opt/gz_plugin_vendor:/opt/ros/jazzy/opt/gz_fuel_tools_vendor:/opt/ros/jazzy/opt/gz_msgs_vendor:/opt/ros/jazzy/opt/gz_common_vendor:/opt/ros/jazzy/opt/gz_math_vendor:/opt/ros/jazzy/opt/gz_utils_vendor:/opt/ros/jazzy/opt/gz_tools_vendor:/opt/ros/jazzy/opt/gz_ogre_next_vendor:/opt/ros/jazzy/opt/gz_dartsim_vendor:/opt/ros/jazzy/opt/gz_cmake_vendor:/opt/ros/jazzy LD_LIBRARY_PATH=/home/ysl/ros2_ws/install/behaviortree_ros2/lib:/home/ysl/ros2_ws/install/btcpp_ros2_interfaces/lib:${LD_LIBRARY_PATH} PYTHONPATH=/home/ysl/ros2_ws/install/btcpp_ros2_interfaces/lib/python3.12/site-packages:${PYTHONPATH} /usr/bin/cmake --install /home/ysl/ros2_ws/build/btcpp_ros2_samples
