[0.289s] Invoking command in '/home/ysl/ros2_ws/build/cod_serial': AMENT_PREFIX_PATH=/home/ysl/ros2_ws/install/rm_interfaces:${AMENT_PREFIX_PATH} CMAKE_PREFIX_PATH=/home/ysl/ros2_ws/install/rm_interfaces:/home/ysl/BehaviorTree.CPP/install/behaviortree_cpp:/opt/ros/jazzy/opt/gz_sim_vendor:/opt/ros/jazzy/opt/gz_sensors_vendor:/opt/ros/jazzy/opt/gz_physics_vendor:/opt/ros/jazzy/opt/sdformat_vendor:/opt/ros/jazzy/opt/gz_gui_vendor:/opt/ros/jazzy/opt/gz_transport_vendor:/opt/ros/jazzy/opt/gz_rendering_vendor:/opt/ros/jazzy/opt/gz_plugin_vendor:/opt/ros/jazzy/opt/gz_fuel_tools_vendor:/opt/ros/jazzy/opt/gz_msgs_vendor:/opt/ros/jazzy/opt/gz_common_vendor:/opt/ros/jazzy/opt/gz_math_vendor:/opt/ros/jazzy/opt/gz_utils_vendor:/opt/ros/jazzy/opt/gz_tools_vendor:/opt/ros/jazzy/opt/gz_ogre_next_vendor:/opt/ros/jazzy/opt/gz_dartsim_vendor:/opt/ros/jazzy/opt/gz_cmake_vendor:/opt/ros/jazzy LD_LIBRARY_PATH=/home/ysl/ros2_ws/install/rm_interfaces/lib:${LD_LIBRARY_PATH} PYTHONPATH=/home/ysl/ros2_ws/install/rm_interfaces/lib/python3.12/site-packages:${PYTHONPATH} /usr/bin/cmake --build /home/ysl/ros2_ws/build/cod_serial -- -j12 -l12
[0.430s] [100%] Built target cod_serial
[0.450s] Invoked command in '/home/ysl/ros2_ws/build/cod_serial' returned '0': AMENT_PREFIX_PATH=/home/ysl/ros2_ws/install/rm_interfaces:${AMENT_PREFIX_PATH} CMAKE_PREFIX_PATH=/home/ysl/ros2_ws/install/rm_interfaces:/home/ysl/BehaviorTree.CPP/install/behaviortree_cpp:/opt/ros/jazzy/opt/gz_sim_vendor:/opt/ros/jazzy/opt/gz_sensors_vendor:/opt/ros/jazzy/opt/gz_physics_vendor:/opt/ros/jazzy/opt/sdformat_vendor:/opt/ros/jazzy/opt/gz_gui_vendor:/opt/ros/jazzy/opt/gz_transport_vendor:/opt/ros/jazzy/opt/gz_rendering_vendor:/opt/ros/jazzy/opt/gz_plugin_vendor:/opt/ros/jazzy/opt/gz_fuel_tools_vendor:/opt/ros/jazzy/opt/gz_msgs_vendor:/opt/ros/jazzy/opt/gz_common_vendor:/opt/ros/jazzy/opt/gz_math_vendor:/opt/ros/jazzy/opt/gz_utils_vendor:/opt/ros/jazzy/opt/gz_tools_vendor:/opt/ros/jazzy/opt/gz_ogre_next_vendor:/opt/ros/jazzy/opt/gz_dartsim_vendor:/opt/ros/jazzy/opt/gz_cmake_vendor:/opt/ros/jazzy LD_LIBRARY_PATH=/home/ysl/ros2_ws/install/rm_interfaces/lib:${LD_LIBRARY_PATH} PYTHONPATH=/home/ysl/ros2_ws/install/rm_interfaces/lib/python3.12/site-packages:${PYTHONPATH} /usr/bin/cmake --build /home/ysl/ros2_ws/build/cod_serial -- -j12 -l12
[0.453s] Invoking command in '/home/ysl/ros2_ws/build/cod_serial': AMENT_PREFIX_PATH=/home/ysl/ros2_ws/install/rm_interfaces:${AMENT_PREFIX_PATH} CMAKE_PREFIX_PATH=/home/ysl/ros2_ws/install/rm_interfaces:/home/ysl/BehaviorTree.CPP/install/behaviortree_cpp:/opt/ros/jazzy/opt/gz_sim_vendor:/opt/ros/jazzy/opt/gz_sensors_vendor:/opt/ros/jazzy/opt/gz_physics_vendor:/opt/ros/jazzy/opt/sdformat_vendor:/opt/ros/jazzy/opt/gz_gui_vendor:/opt/ros/jazzy/opt/gz_transport_vendor:/opt/ros/jazzy/opt/gz_rendering_vendor:/opt/ros/jazzy/opt/gz_plugin_vendor:/opt/ros/jazzy/opt/gz_fuel_tools_vendor:/opt/ros/jazzy/opt/gz_msgs_vendor:/opt/ros/jazzy/opt/gz_common_vendor:/opt/ros/jazzy/opt/gz_math_vendor:/opt/ros/jazzy/opt/gz_utils_vendor:/opt/ros/jazzy/opt/gz_tools_vendor:/opt/ros/jazzy/opt/gz_ogre_next_vendor:/opt/ros/jazzy/opt/gz_dartsim_vendor:/opt/ros/jazzy/opt/gz_cmake_vendor:/opt/ros/jazzy LD_LIBRARY_PATH=/home/ysl/ros2_ws/install/rm_interfaces/lib:${LD_LIBRARY_PATH} PYTHONPATH=/home/ysl/ros2_ws/install/rm_interfaces/lib/python3.12/site-packages:${PYTHONPATH} /usr/bin/cmake --install /home/ysl/ros2_ws/build/cod_serial
[0.466s] -- Install configuration: ""
[0.467s] -- Execute custom install script
[0.468s] -- Up-to-date symlink: /home/ysl/ros2_ws/install/cod_serial/lib/cod_serial/cod_serial
[0.471s] -- Up-to-date symlink: /home/ysl/ros2_ws/install/cod_serial/share/ament_index/resource_index/package_run_dependencies/cod_serial
[0.472s] -- Up-to-date symlink: /home/ysl/ros2_ws/install/cod_serial/share/ament_index/resource_index/parent_prefix_path/cod_serial
[0.473s] -- Up-to-date symlink: /home/ysl/ros2_ws/install/cod_serial/share/cod_serial/environment/ament_prefix_path.sh
[0.474s] -- Up-to-date symlink: /home/ysl/ros2_ws/install/cod_serial/share/cod_serial/environment/ament_prefix_path.dsv
[0.475s] -- Up-to-date symlink: /home/ysl/ros2_ws/install/cod_serial/share/cod_serial/environment/path.sh
[0.475s] -- Up-to-date symlink: /home/ysl/ros2_ws/install/cod_serial/share/cod_serial/environment/path.dsv
[0.476s] -- Up-to-date symlink: /home/ysl/ros2_ws/install/cod_serial/share/cod_serial/local_setup.bash
[0.477s] -- Up-to-date symlink: /home/ysl/ros2_ws/install/cod_serial/share/cod_serial/local_setup.sh
[0.478s] -- Up-to-date symlink: /home/ysl/ros2_ws/install/cod_serial/share/cod_serial/local_setup.zsh
[0.478s] -- Up-to-date symlink: /home/ysl/ros2_ws/install/cod_serial/share/cod_serial/local_setup.dsv
[0.480s] -- Symlinking: /home/ysl/ros2_ws/install/cod_serial/share/cod_serial/package.dsv
[0.498s] -- Up-to-date symlink: /home/ysl/ros2_ws/install/cod_serial/share/ament_index/resource_index/packages/cod_serial
[0.500s] -- Up-to-date symlink: /home/ysl/ros2_ws/install/cod_serial/share/cod_serial/cmake/cod_serialConfig.cmake
[0.501s] -- Up-to-date symlink: /home/ysl/ros2_ws/install/cod_serial/share/cod_serial/cmake/cod_serialConfig-version.cmake
[0.501s] -- Up-to-date symlink: /home/ysl/ros2_ws/install/cod_serial/share/cod_serial/package.xml
[0.508s] Invoked command in '/home/ysl/ros2_ws/build/cod_serial' returned '0': AMENT_PREFIX_PATH=/home/ysl/ros2_ws/install/rm_interfaces:${AMENT_PREFIX_PATH} CMAKE_PREFIX_PATH=/home/ysl/ros2_ws/install/rm_interfaces:/home/ysl/BehaviorTree.CPP/install/behaviortree_cpp:/opt/ros/jazzy/opt/gz_sim_vendor:/opt/ros/jazzy/opt/gz_sensors_vendor:/opt/ros/jazzy/opt/gz_physics_vendor:/opt/ros/jazzy/opt/sdformat_vendor:/opt/ros/jazzy/opt/gz_gui_vendor:/opt/ros/jazzy/opt/gz_transport_vendor:/opt/ros/jazzy/opt/gz_rendering_vendor:/opt/ros/jazzy/opt/gz_plugin_vendor:/opt/ros/jazzy/opt/gz_fuel_tools_vendor:/opt/ros/jazzy/opt/gz_msgs_vendor:/opt/ros/jazzy/opt/gz_common_vendor:/opt/ros/jazzy/opt/gz_math_vendor:/opt/ros/jazzy/opt/gz_utils_vendor:/opt/ros/jazzy/opt/gz_tools_vendor:/opt/ros/jazzy/opt/gz_ogre_next_vendor:/opt/ros/jazzy/opt/gz_dartsim_vendor:/opt/ros/jazzy/opt/gz_cmake_vendor:/opt/ros/jazzy LD_LIBRARY_PATH=/home/ysl/ros2_ws/install/rm_interfaces/lib:${LD_LIBRARY_PATH} PYTHONPATH=/home/ysl/ros2_ws/install/rm_interfaces/lib/python3.12/site-packages:${PYTHONPATH} /usr/bin/cmake --install /home/ysl/ros2_ws/build/cod_serial
