[0.512s] Invoking command in '/home/ysl/ros2_ws/COD_Behavior/BehaviorTree.ROS2/build/behaviortree_ros2': AMENT_PREFIX_PATH=/home/ysl/ros2_ws/COD_Behavior/BehaviorTree.ROS2/install/btcpp_ros2_interfaces:${AMENT_PREFIX_PATH} CMAKE_PREFIX_PATH=/home/ysl/ros2_ws/COD_Behavior/BehaviorTree.ROS2/install/btcpp_ros2_interfaces:/home/ysl/BehaviorTree.CPP/install/behaviortree_cpp:/opt/ros/jazzy/opt/gz_sim_vendor:/opt/ros/jazzy/opt/gz_sensors_vendor:/opt/ros/jazzy/opt/gz_physics_vendor:/opt/ros/jazzy/opt/sdformat_vendor:/opt/ros/jazzy/opt/gz_gui_vendor:/opt/ros/jazzy/opt/gz_transport_vendor:/opt/ros/jazzy/opt/gz_rendering_vendor:/opt/ros/jazzy/opt/gz_plugin_vendor:/opt/ros/jazzy/opt/gz_fuel_tools_vendor:/opt/ros/jazzy/opt/gz_msgs_vendor:/opt/ros/jazzy/opt/gz_common_vendor:/opt/ros/jazzy/opt/gz_math_vendor:/opt/ros/jazzy/opt/gz_utils_vendor:/opt/ros/jazzy/opt/gz_tools_vendor:/opt/ros/jazzy/opt/gz_ogre_next_vendor:/opt/ros/jazzy/opt/gz_dartsim_vendor:/opt/ros/jazzy/opt/gz_cmake_vendor:/opt/ros/jazzy LD_LIBRARY_PATH=/home/ysl/ros2_ws/COD_Behavior/BehaviorTree.ROS2/install/btcpp_ros2_interfaces/lib:${LD_LIBRARY_PATH} PYTHONPATH=/home/ysl/ros2_ws/COD_Behavior/BehaviorTree.ROS2/install/btcpp_ros2_interfaces/lib/python3.12/site-packages:${PYTHONPATH} /usr/bin/cmake /home/ysl/ros2_ws/COD_Behavior/BehaviorTree.ROS2/behaviortree_ros2 -DAMENT_CMAKE_SYMLINK_INSTALL=1 -DCMAKE_INSTALL_PREFIX=/home/ysl/ros2_ws/COD_Behavior/BehaviorTree.ROS2/install/behaviortree_ros2
[0.930s] -- The C compiler identification is GNU 13.3.0
[3.404s] -- The CXX compiler identification is GNU 13.3.0
[5.798s] -- Detecting C compiler ABI info
[6.629s] -- Detecting C compiler ABI info - done
[6.643s] -- Check for working C compiler: /usr/bin/cc - skipped
[6.643s] -- Detecting C compile features
[6.644s] -- Detecting C compile features - done
[7.011s] -- Detecting CXX compiler ABI info
[7.844s] -- Detecting CXX compiler ABI info - done
[7.864s] -- Check for working CXX compiler: /usr/bin/c++ - skipped
[7.865s] -- Detecting CXX compile features
[7.866s] -- Detecting CXX compile features - done
[7.875s] -- Found ament_cmake: 2.5.4 (/opt/ros/jazzy/share/ament_cmake/cmake)
[8.137s] -- Found Python3: /usr/bin/python3 (found version "3.12.3") found components: Interpreter 
[8.258s] -- Override CMake install command with custom implementation using symlinks instead of copying resources
[8.370s] -- Found rclcpp: 28.1.9 (/opt/ros/jazzy/share/rclcpp/cmake)
[8.989s] -- Found rosidl_generator_c: 4.6.5 (/opt/ros/jazzy/share/rosidl_generator_c/cmake)
[9.022s] -- Found rosidl_generator_cpp: 4.6.5 (/opt/ros/jazzy/share/rosidl_generator_cpp/cmake)
[9.060s] -- Using all available rosidl_typesupport_c: rosidl_typesupport_fastrtps_c;rosidl_typesupport_introspection_c
[9.101s] -- Using all available rosidl_typesupport_cpp: rosidl_typesupport_fastrtps_cpp;rosidl_typesupport_introspection_cpp
[9.296s] -- Found rmw_implementation_cmake: 7.3.2 (/opt/ros/jazzy/share/rmw_implementation_cmake/cmake)
[9.308s] -- Found rmw_fastrtps_cpp: 8.4.2 (/opt/ros/jazzy/share/rmw_fastrtps_cpp/cmake)
[9.517s] -- Found OpenSSL: /usr/lib/x86_64-linux-gnu/libcrypto.so (found version "3.0.13")  
[10.230s] -- Found FastRTPS: /opt/ros/jazzy/include (Required is at least version "2.13") 
[10.614s] -- Using RMW implementation 'rmw_fastrtps_cpp' as default
[11.317s] -- Found rclcpp_action: 28.1.9 (/opt/ros/jazzy/share/rclcpp_action/cmake)
[11.428s] -- Found behaviortree_cpp: 4.8.2 (/home/ysl/BehaviorTree.CPP/install/behaviortree_cpp/share/behaviortree_cpp/cmake)
[11.435s] -- Found btcpp_ros2_interfaces: 0.3.0 (/home/ysl/ros2_ws/COD_Behavior/BehaviorTree.ROS2/install/btcpp_ros2_interfaces/share/btcpp_ros2_interfaces/cmake)
[11.484s] -- Found generate_parameter_library: 0.5.0 (/opt/ros/jazzy/share/generate_parameter_library/cmake)
[11.503s] -- Found parameter_traits: 0.5.0 (/opt/ros/jazzy/share/parameter_traits/cmake)
[11.567s] -- Found rclcpp_lifecycle: 28.1.9 (/opt/ros/jazzy/share/rclcpp_lifecycle/cmake)
[11.808s] -- Configuring done (11.3s)
[11.837s] -- Generating done (0.0s)
[11.843s] -- Build files have been written to: /home/ysl/ros2_ws/COD_Behavior/BehaviorTree.ROS2/build/behaviortree_ros2
[11.869s] Invoked command in '/home/ysl/ros2_ws/COD_Behavior/BehaviorTree.ROS2/build/behaviortree_ros2' returned '0': AMENT_PREFIX_PATH=/home/ysl/ros2_ws/COD_Behavior/BehaviorTree.ROS2/install/btcpp_ros2_interfaces:${AMENT_PREFIX_PATH} CMAKE_PREFIX_PATH=/home/ysl/ros2_ws/COD_Behavior/BehaviorTree.ROS2/install/btcpp_ros2_interfaces:/home/ysl/BehaviorTree.CPP/install/behaviortree_cpp:/opt/ros/jazzy/opt/gz_sim_vendor:/opt/ros/jazzy/opt/gz_sensors_vendor:/opt/ros/jazzy/opt/gz_physics_vendor:/opt/ros/jazzy/opt/sdformat_vendor:/opt/ros/jazzy/opt/gz_gui_vendor:/opt/ros/jazzy/opt/gz_transport_vendor:/opt/ros/jazzy/opt/gz_rendering_vendor:/opt/ros/jazzy/opt/gz_plugin_vendor:/opt/ros/jazzy/opt/gz_fuel_tools_vendor:/opt/ros/jazzy/opt/gz_msgs_vendor:/opt/ros/jazzy/opt/gz_common_vendor:/opt/ros/jazzy/opt/gz_math_vendor:/opt/ros/jazzy/opt/gz_utils_vendor:/opt/ros/jazzy/opt/gz_tools_vendor:/opt/ros/jazzy/opt/gz_ogre_next_vendor:/opt/ros/jazzy/opt/gz_dartsim_vendor:/opt/ros/jazzy/opt/gz_cmake_vendor:/opt/ros/jazzy LD_LIBRARY_PATH=/home/ysl/ros2_ws/COD_Behavior/BehaviorTree.ROS2/install/btcpp_ros2_interfaces/lib:${LD_LIBRARY_PATH} PYTHONPATH=/home/ysl/ros2_ws/COD_Behavior/BehaviorTree.ROS2/install/btcpp_ros2_interfaces/lib/python3.12/site-packages:${PYTHONPATH} /usr/bin/cmake /home/ysl/ros2_ws/COD_Behavior/BehaviorTree.ROS2/behaviortree_ros2 -DAMENT_CMAKE_SYMLINK_INSTALL=1 -DCMAKE_INSTALL_PREFIX=/home/ysl/ros2_ws/COD_Behavior/BehaviorTree.ROS2/install/behaviortree_ros2
[11.871s] Invoking command in '/home/ysl/ros2_ws/COD_Behavior/BehaviorTree.ROS2/build/behaviortree_ros2': AMENT_PREFIX_PATH=/home/ysl/ros2_ws/COD_Behavior/BehaviorTree.ROS2/install/btcpp_ros2_interfaces:${AMENT_PREFIX_PATH} CMAKE_PREFIX_PATH=/home/ysl/ros2_ws/COD_Behavior/BehaviorTree.ROS2/install/btcpp_ros2_interfaces:/home/ysl/BehaviorTree.CPP/install/behaviortree_cpp:/opt/ros/jazzy/opt/gz_sim_vendor:/opt/ros/jazzy/opt/gz_sensors_vendor:/opt/ros/jazzy/opt/gz_physics_vendor:/opt/ros/jazzy/opt/sdformat_vendor:/opt/ros/jazzy/opt/gz_gui_vendor:/opt/ros/jazzy/opt/gz_transport_vendor:/opt/ros/jazzy/opt/gz_rendering_vendor:/opt/ros/jazzy/opt/gz_plugin_vendor:/opt/ros/jazzy/opt/gz_fuel_tools_vendor:/opt/ros/jazzy/opt/gz_msgs_vendor:/opt/ros/jazzy/opt/gz_common_vendor:/opt/ros/jazzy/opt/gz_math_vendor:/opt/ros/jazzy/opt/gz_utils_vendor:/opt/ros/jazzy/opt/gz_tools_vendor:/opt/ros/jazzy/opt/gz_ogre_next_vendor:/opt/ros/jazzy/opt/gz_dartsim_vendor:/opt/ros/jazzy/opt/gz_cmake_vendor:/opt/ros/jazzy LD_LIBRARY_PATH=/home/ysl/ros2_ws/COD_Behavior/BehaviorTree.ROS2/install/btcpp_ros2_interfaces/lib:${LD_LIBRARY_PATH} PYTHONPATH=/home/ysl/ros2_ws/COD_Behavior/BehaviorTree.ROS2/install/btcpp_ros2_interfaces/lib/python3.12/site-packages:${PYTHONPATH} /usr/bin/cmake --build /home/ysl/ros2_ws/COD_Behavior/BehaviorTree.ROS2/build/behaviortree_ros2 -- -j12 -l12
[11.963s] [ 14%] [34m[1mRunning `/opt/ros/jazzy/bin/generate_parameter_library_cpp /home/ysl/ros2_ws/COD_Behavior/BehaviorTree.ROS2/build/behaviortree_ros2/include/behaviortree_ros2/bt_executor_parameters.hpp /home/ysl/ros2_ws/COD_Behavior/BehaviorTree.ROS2/behaviortree_ros2/src/bt_executor_parameters.yaml `[0m
[13.125s] [ 28%] [34m[1mCreating deprecated header file /home/ysl/ros2_ws/COD_Behavior/BehaviorTree.ROS2/build/behaviortree_ros2/include/bt_executor_parameters.hpp[0m
[13.157s] [ 28%] Built target bt_executor_parameters
[13.197s] [ 42%] [32mBuilding CXX object CMakeFiles/behaviortree_ros2.dir/src/tree_execution_server.cpp.o[0m
[13.198s] [ 57%] [32mBuilding CXX object CMakeFiles/behaviortree_ros2.dir/src/bt_utils.cpp.o[0m
[13.198s] [ 71%] [32mBuilding CXX object CMakeFiles/behaviortree_ros2.dir/src/bt_ros_logger.cpp.o[0m
[13.199s] [ 85%] [32mBuilding CXX object CMakeFiles/behaviortree_ros2.dir/src/bt_ros2.cpp.o[0m
[27.094s] [100%] [32m[1mLinking CXX static library libbehaviortree_ros2.a[0m
[27.255s] [100%] Built target behaviortree_ros2
[27.277s] Invoked command in '/home/ysl/ros2_ws/COD_Behavior/BehaviorTree.ROS2/build/behaviortree_ros2' returned '0': AMENT_PREFIX_PATH=/home/ysl/ros2_ws/COD_Behavior/BehaviorTree.ROS2/install/btcpp_ros2_interfaces:${AMENT_PREFIX_PATH} CMAKE_PREFIX_PATH=/home/ysl/ros2_ws/COD_Behavior/BehaviorTree.ROS2/install/btcpp_ros2_interfaces:/home/ysl/BehaviorTree.CPP/install/behaviortree_cpp:/opt/ros/jazzy/opt/gz_sim_vendor:/opt/ros/jazzy/opt/gz_sensors_vendor:/opt/ros/jazzy/opt/gz_physics_vendor:/opt/ros/jazzy/opt/sdformat_vendor:/opt/ros/jazzy/opt/gz_gui_vendor:/opt/ros/jazzy/opt/gz_transport_vendor:/opt/ros/jazzy/opt/gz_rendering_vendor:/opt/ros/jazzy/opt/gz_plugin_vendor:/opt/ros/jazzy/opt/gz_fuel_tools_vendor:/opt/ros/jazzy/opt/gz_msgs_vendor:/opt/ros/jazzy/opt/gz_common_vendor:/opt/ros/jazzy/opt/gz_math_vendor:/opt/ros/jazzy/opt/gz_utils_vendor:/opt/ros/jazzy/opt/gz_tools_vendor:/opt/ros/jazzy/opt/gz_ogre_next_vendor:/opt/ros/jazzy/opt/gz_dartsim_vendor:/opt/ros/jazzy/opt/gz_cmake_vendor:/opt/ros/jazzy LD_LIBRARY_PATH=/home/ysl/ros2_ws/COD_Behavior/BehaviorTree.ROS2/install/btcpp_ros2_interfaces/lib:${LD_LIBRARY_PATH} PYTHONPATH=/home/ysl/ros2_ws/COD_Behavior/BehaviorTree.ROS2/install/btcpp_ros2_interfaces/lib/python3.12/site-packages:${PYTHONPATH} /usr/bin/cmake --build /home/ysl/ros2_ws/COD_Behavior/BehaviorTree.ROS2/build/behaviortree_ros2 -- -j12 -l12
[27.279s] Invoking command in '/home/ysl/ros2_ws/COD_Behavior/BehaviorTree.ROS2/build/behaviortree_ros2': AMENT_PREFIX_PATH=/home/ysl/ros2_ws/COD_Behavior/BehaviorTree.ROS2/install/btcpp_ros2_interfaces:${AMENT_PREFIX_PATH} CMAKE_PREFIX_PATH=/home/ysl/ros2_ws/COD_Behavior/BehaviorTree.ROS2/install/btcpp_ros2_interfaces:/home/ysl/BehaviorTree.CPP/install/behaviortree_cpp:/opt/ros/jazzy/opt/gz_sim_vendor:/opt/ros/jazzy/opt/gz_sensors_vendor:/opt/ros/jazzy/opt/gz_physics_vendor:/opt/ros/jazzy/opt/sdformat_vendor:/opt/ros/jazzy/opt/gz_gui_vendor:/opt/ros/jazzy/opt/gz_transport_vendor:/opt/ros/jazzy/opt/gz_rendering_vendor:/opt/ros/jazzy/opt/gz_plugin_vendor:/opt/ros/jazzy/opt/gz_fuel_tools_vendor:/opt/ros/jazzy/opt/gz_msgs_vendor:/opt/ros/jazzy/opt/gz_common_vendor:/opt/ros/jazzy/opt/gz_math_vendor:/opt/ros/jazzy/opt/gz_utils_vendor:/opt/ros/jazzy/opt/gz_tools_vendor:/opt/ros/jazzy/opt/gz_ogre_next_vendor:/opt/ros/jazzy/opt/gz_dartsim_vendor:/opt/ros/jazzy/opt/gz_cmake_vendor:/opt/ros/jazzy LD_LIBRARY_PATH=/home/ysl/ros2_ws/COD_Behavior/BehaviorTree.ROS2/install/btcpp_ros2_interfaces/lib:${LD_LIBRARY_PATH} PYTHONPATH=/home/ysl/ros2_ws/COD_Behavior/BehaviorTree.ROS2/install/btcpp_ros2_interfaces/lib/python3.12/site-packages:${PYTHONPATH} /usr/bin/cmake --install /home/ysl/ros2_ws/COD_Behavior/BehaviorTree.ROS2/build/behaviortree_ros2
[27.294s] -- Install configuration: ""
[27.295s] -- Execute custom install script
[27.297s] -- Symlinking: /home/ysl/ros2_ws/COD_Behavior/BehaviorTree.ROS2/install/behaviortree_ros2/include/behaviortree_ros2/bt_executor_parameters.hpp
[27.314s] -- Symlinking: /home/ysl/ros2_ws/COD_Behavior/BehaviorTree.ROS2/install/behaviortree_ros2/include//behaviortree_ros2/bt_action_node.hpp
[27.330s] -- Symlinking: /home/ysl/ros2_ws/COD_Behavior/BehaviorTree.ROS2/install/behaviortree_ros2/include//behaviortree_ros2/bt_ros_logger.hpp
[27.346s] -- Symlinking: /home/ysl/ros2_ws/COD_Behavior/BehaviorTree.ROS2/install/behaviortree_ros2/include//behaviortree_ros2/bt_service_node.hpp
[27.362s] -- Symlinking: /home/ysl/ros2_ws/COD_Behavior/BehaviorTree.ROS2/install/behaviortree_ros2/include//behaviortree_ros2/bt_topic_pub_node.hpp
[27.382s] -- Symlinking: /home/ysl/ros2_ws/COD_Behavior/BehaviorTree.ROS2/install/behaviortree_ros2/include//behaviortree_ros2/bt_topic_sub_node.hpp
[27.396s] -- Symlinking: /home/ysl/ros2_ws/COD_Behavior/BehaviorTree.ROS2/install/behaviortree_ros2/include//behaviortree_ros2/bt_utils.hpp
[27.412s] -- Symlinking: /home/ysl/ros2_ws/COD_Behavior/BehaviorTree.ROS2/install/behaviortree_ros2/include//behaviortree_ros2/plugins.hpp
[27.427s] -- Symlinking: /home/ysl/ros2_ws/COD_Behavior/BehaviorTree.ROS2/install/behaviortree_ros2/include//behaviortree_ros2/ros_node_params.hpp
[27.448s] -- Symlinking: /home/ysl/ros2_ws/COD_Behavior/BehaviorTree.ROS2/install/behaviortree_ros2/include//behaviortree_ros2/tree_execution_server.hpp
[27.464s] -- Symlinking: /home/ysl/ros2_ws/COD_Behavior/BehaviorTree.ROS2/install/behaviortree_ros2/share/behaviortree_ros2/environment/library_path.sh
[27.479s] -- Symlinking: /home/ysl/ros2_ws/COD_Behavior/BehaviorTree.ROS2/install/behaviortree_ros2/share/behaviortree_ros2/environment/library_path.dsv
[27.496s] -- Symlinking: /home/ysl/ros2_ws/COD_Behavior/BehaviorTree.ROS2/install/behaviortree_ros2/share/ament_index/resource_index/package_run_dependencies/behaviortree_ros2
[27.512s] -- Symlinking: /home/ysl/ros2_ws/COD_Behavior/BehaviorTree.ROS2/install/behaviortree_ros2/share/ament_index/resource_index/parent_prefix_path/behaviortree_ros2
[27.527s] -- Symlinking: /home/ysl/ros2_ws/COD_Behavior/BehaviorTree.ROS2/install/behaviortree_ros2/share/behaviortree_ros2/environment/ament_prefix_path.sh
[27.542s] -- Symlinking: /home/ysl/ros2_ws/COD_Behavior/BehaviorTree.ROS2/install/behaviortree_ros2/share/behaviortree_ros2/environment/ament_prefix_path.dsv
[27.557s] -- Symlinking: /home/ysl/ros2_ws/COD_Behavior/BehaviorTree.ROS2/install/behaviortree_ros2/share/behaviortree_ros2/environment/path.sh
[27.573s] -- Symlinking: /home/ysl/ros2_ws/COD_Behavior/BehaviorTree.ROS2/install/behaviortree_ros2/share/behaviortree_ros2/environment/path.dsv
[27.589s] -- Symlinking: /home/ysl/ros2_ws/COD_Behavior/BehaviorTree.ROS2/install/behaviortree_ros2/share/behaviortree_ros2/local_setup.bash
[27.603s] -- Symlinking: /home/ysl/ros2_ws/COD_Behavior/BehaviorTree.ROS2/install/behaviortree_ros2/share/behaviortree_ros2/local_setup.sh
[27.618s] -- Symlinking: /home/ysl/ros2_ws/COD_Behavior/BehaviorTree.ROS2/install/behaviortree_ros2/share/behaviortree_ros2/local_setup.zsh
[27.634s] -- Symlinking: /home/ysl/ros2_ws/COD_Behavior/BehaviorTree.ROS2/install/behaviortree_ros2/share/behaviortree_ros2/local_setup.dsv
[27.650s] -- Symlinking: /home/ysl/ros2_ws/COD_Behavior/BehaviorTree.ROS2/install/behaviortree_ros2/share/behaviortree_ros2/package.dsv
[27.666s] -- Symlinking: /home/ysl/ros2_ws/COD_Behavior/BehaviorTree.ROS2/install/behaviortree_ros2/share/ament_index/resource_index/packages/behaviortree_ros2
[27.683s] -- Symlinking: /home/ysl/ros2_ws/COD_Behavior/BehaviorTree.ROS2/install/behaviortree_ros2/share/behaviortree_ros2/cmake/ament_cmake_export_dependencies-extras.cmake
[27.700s] -- Symlinking: /home/ysl/ros2_ws/COD_Behavior/BehaviorTree.ROS2/install/behaviortree_ros2/share/behaviortree_ros2/cmake/ament_cmake_export_targets-extras.cmake
[27.715s] -- Symlinking: /home/ysl/ros2_ws/COD_Behavior/BehaviorTree.ROS2/install/behaviortree_ros2/share/behaviortree_ros2/cmake/ament_cmake_export_include_directories-extras.cmake
[27.731s] -- Symlinking: /home/ysl/ros2_ws/COD_Behavior/BehaviorTree.ROS2/install/behaviortree_ros2/share/behaviortree_ros2/cmake/ament_cmake_export_libraries-extras.cmake
[27.747s] -- Symlinking: /home/ysl/ros2_ws/COD_Behavior/BehaviorTree.ROS2/install/behaviortree_ros2/share/behaviortree_ros2/cmake/behaviortree_ros2Config.cmake
[27.762s] -- Symlinking: /home/ysl/ros2_ws/COD_Behavior/BehaviorTree.ROS2/install/behaviortree_ros2/share/behaviortree_ros2/cmake/behaviortree_ros2Config-version.cmake
[27.779s] -- Symlinking: /home/ysl/ros2_ws/COD_Behavior/BehaviorTree.ROS2/install/behaviortree_ros2/share/behaviortree_ros2/package.xml
[27.797s] -- Installing: /home/ysl/ros2_ws/COD_Behavior/BehaviorTree.ROS2/install/behaviortree_ros2/lib/libbehaviortree_ros2.a
[27.807s] -- Installing: /home/ysl/ros2_ws/COD_Behavior/BehaviorTree.ROS2/install/behaviortree_ros2/share/behaviortree_ros2/cmake/behaviortree_ros2TargetsExport.cmake
[27.808s] -- Installing: /home/ysl/ros2_ws/COD_Behavior/BehaviorTree.ROS2/install/behaviortree_ros2/share/behaviortree_ros2/cmake/behaviortree_ros2TargetsExport-noconfig.cmake
[27.813s] Invoked command in '/home/ysl/ros2_ws/COD_Behavior/BehaviorTree.ROS2/build/behaviortree_ros2' returned '0': AMENT_PREFIX_PATH=/home/ysl/ros2_ws/COD_Behavior/BehaviorTree.ROS2/install/btcpp_ros2_interfaces:${AMENT_PREFIX_PATH} CMAKE_PREFIX_PATH=/home/ysl/ros2_ws/COD_Behavior/BehaviorTree.ROS2/install/btcpp_ros2_interfaces:/home/ysl/BehaviorTree.CPP/install/behaviortree_cpp:/opt/ros/jazzy/opt/gz_sim_vendor:/opt/ros/jazzy/opt/gz_sensors_vendor:/opt/ros/jazzy/opt/gz_physics_vendor:/opt/ros/jazzy/opt/sdformat_vendor:/opt/ros/jazzy/opt/gz_gui_vendor:/opt/ros/jazzy/opt/gz_transport_vendor:/opt/ros/jazzy/opt/gz_rendering_vendor:/opt/ros/jazzy/opt/gz_plugin_vendor:/opt/ros/jazzy/opt/gz_fuel_tools_vendor:/opt/ros/jazzy/opt/gz_msgs_vendor:/opt/ros/jazzy/opt/gz_common_vendor:/opt/ros/jazzy/opt/gz_math_vendor:/opt/ros/jazzy/opt/gz_utils_vendor:/opt/ros/jazzy/opt/gz_tools_vendor:/opt/ros/jazzy/opt/gz_ogre_next_vendor:/opt/ros/jazzy/opt/gz_dartsim_vendor:/opt/ros/jazzy/opt/gz_cmake_vendor:/opt/ros/jazzy LD_LIBRARY_PATH=/home/ysl/ros2_ws/COD_Behavior/BehaviorTree.ROS2/install/btcpp_ros2_interfaces/lib:${LD_LIBRARY_PATH} PYTHONPATH=/home/ysl/ros2_ws/COD_Behavior/BehaviorTree.ROS2/install/btcpp_ros2_interfaces/lib/python3.12/site-packages:${PYTHONPATH} /usr/bin/cmake --install /home/ysl/ros2_ws/COD_Behavior/BehaviorTree.ROS2/build/behaviortree_ros2
