[0.521s] Invoking command in '/home/ysl/ros2_ws/build/behaviortree_ros2': AMENT_PREFIX_PATH=/home/ysl/ros2_ws/install/btcpp_ros2_interfaces:${AMENT_PREFIX_PATH} CMAKE_PREFIX_PATH=/home/ysl/ros2_ws/install/btcpp_ros2_interfaces:/home/ysl/BehaviorTree.CPP/install/behaviortree_cpp:/opt/ros/jazzy/opt/gz_sim_vendor:/opt/ros/jazzy/opt/gz_sensors_vendor:/opt/ros/jazzy/opt/gz_physics_vendor:/opt/ros/jazzy/opt/sdformat_vendor:/opt/ros/jazzy/opt/gz_gui_vendor:/opt/ros/jazzy/opt/gz_transport_vendor:/opt/ros/jazzy/opt/gz_rendering_vendor:/opt/ros/jazzy/opt/gz_plugin_vendor:/opt/ros/jazzy/opt/gz_fuel_tools_vendor:/opt/ros/jazzy/opt/gz_msgs_vendor:/opt/ros/jazzy/opt/gz_common_vendor:/opt/ros/jazzy/opt/gz_math_vendor:/opt/ros/jazzy/opt/gz_utils_vendor:/opt/ros/jazzy/opt/gz_tools_vendor:/opt/ros/jazzy/opt/gz_ogre_next_vendor:/opt/ros/jazzy/opt/gz_dartsim_vendor:/opt/ros/jazzy/opt/gz_cmake_vendor:/opt/ros/jazzy LD_LIBRARY_PATH=/home/ysl/ros2_ws/install/btcpp_ros2_interfaces/lib:${LD_LIBRARY_PATH} PYTHONPATH=/home/ysl/ros2_ws/install/btcpp_ros2_interfaces/lib/python3.12/site-packages:${PYTHONPATH} /usr/bin/cmake /home/ysl/ros2_ws/BehaviorTree.ROS2/behaviortree_ros2 -DAMENT_CMAKE_SYMLINK_INSTALL=1 -DCMAKE_INSTALL_PREFIX=/home/ysl/ros2_ws/install/behaviortree_ros2
[0.944s] -- The C compiler identification is GNU 13.3.0
[3.526s] -- The CXX compiler identification is GNU 13.3.0
[5.894s] -- Detecting C compiler ABI info
[6.720s] -- Detecting C compiler ABI info - done
[6.742s] -- Check for working C compiler: /usr/bin/cc - skipped
[6.743s] -- Detecting C compile features
[6.743s] -- Detecting C compile features - done
[7.088s] -- Detecting CXX compiler ABI info
[7.928s] -- Detecting CXX compiler ABI info - done
[7.944s] -- Check for working CXX compiler: /usr/bin/c++ - skipped
[7.944s] -- Detecting CXX compile features
[7.945s] -- Detecting CXX compile features - done
[7.956s] -- Found ament_cmake: 2.5.4 (/opt/ros/jazzy/share/ament_cmake/cmake)
[8.222s] -- Found Python3: /usr/bin/python3 (found version "3.12.3") found components: Interpreter 
[8.336s] -- Override CMake install command with custom implementation using symlinks instead of copying resources
[8.443s] -- Found rclcpp: 28.1.9 (/opt/ros/jazzy/share/rclcpp/cmake)
[9.080s] -- Found rosidl_generator_c: 4.6.5 (/opt/ros/jazzy/share/rosidl_generator_c/cmake)
[9.113s] -- Found rosidl_generator_cpp: 4.6.5 (/opt/ros/jazzy/share/rosidl_generator_cpp/cmake)
[9.151s] -- Using all available rosidl_typesupport_c: rosidl_typesupport_fastrtps_c;rosidl_typesupport_introspection_c
[9.191s] -- Using all available rosidl_typesupport_cpp: rosidl_typesupport_fastrtps_cpp;rosidl_typesupport_introspection_cpp
[9.366s] -- Found rmw_implementation_cmake: 7.3.2 (/opt/ros/jazzy/share/rmw_implementation_cmake/cmake)
[9.374s] -- Found rmw_fastrtps_cpp: 8.4.2 (/opt/ros/jazzy/share/rmw_fastrtps_cpp/cmake)
[9.539s] -- Found OpenSSL: /usr/lib/x86_64-linux-gnu/libcrypto.so (found version "3.0.13")  
[10.266s] -- Found FastRTPS: /opt/ros/jazzy/include (Required is at least version "2.13") 
[10.648s] -- Using RMW implementation 'rmw_fastrtps_cpp' as default
[11.329s] -- Found rclcpp_action: 28.1.9 (/opt/ros/jazzy/share/rclcpp_action/cmake)
[11.423s] -- Found behaviortree_cpp: 4.8.2 (/home/ysl/BehaviorTree.CPP/install/behaviortree_cpp/share/behaviortree_cpp/cmake)
[11.430s] -- Found btcpp_ros2_interfaces: 0.3.0 (/home/ysl/ros2_ws/install/btcpp_ros2_interfaces/share/btcpp_ros2_interfaces/cmake)
[11.476s] -- Found generate_parameter_library: 0.5.0 (/opt/ros/jazzy/share/generate_parameter_library/cmake)
[11.496s] -- Found parameter_traits: 0.5.0 (/opt/ros/jazzy/share/parameter_traits/cmake)
[11.560s] -- Found rclcpp_lifecycle: 28.1.9 (/opt/ros/jazzy/share/rclcpp_lifecycle/cmake)
[11.805s] -- Configuring done (11.3s)
[11.831s] -- Generating done (0.0s)
[11.837s] -- Build files have been written to: /home/ysl/ros2_ws/build/behaviortree_ros2
[11.854s] Invoked command in '/home/ysl/ros2_ws/build/behaviortree_ros2' returned '0': AMENT_PREFIX_PATH=/home/ysl/ros2_ws/install/btcpp_ros2_interfaces:${AMENT_PREFIX_PATH} CMAKE_PREFIX_PATH=/home/ysl/ros2_ws/install/btcpp_ros2_interfaces:/home/ysl/BehaviorTree.CPP/install/behaviortree_cpp:/opt/ros/jazzy/opt/gz_sim_vendor:/opt/ros/jazzy/opt/gz_sensors_vendor:/opt/ros/jazzy/opt/gz_physics_vendor:/opt/ros/jazzy/opt/sdformat_vendor:/opt/ros/jazzy/opt/gz_gui_vendor:/opt/ros/jazzy/opt/gz_transport_vendor:/opt/ros/jazzy/opt/gz_rendering_vendor:/opt/ros/jazzy/opt/gz_plugin_vendor:/opt/ros/jazzy/opt/gz_fuel_tools_vendor:/opt/ros/jazzy/opt/gz_msgs_vendor:/opt/ros/jazzy/opt/gz_common_vendor:/opt/ros/jazzy/opt/gz_math_vendor:/opt/ros/jazzy/opt/gz_utils_vendor:/opt/ros/jazzy/opt/gz_tools_vendor:/opt/ros/jazzy/opt/gz_ogre_next_vendor:/opt/ros/jazzy/opt/gz_dartsim_vendor:/opt/ros/jazzy/opt/gz_cmake_vendor:/opt/ros/jazzy LD_LIBRARY_PATH=/home/ysl/ros2_ws/install/btcpp_ros2_interfaces/lib:${LD_LIBRARY_PATH} PYTHONPATH=/home/ysl/ros2_ws/install/btcpp_ros2_interfaces/lib/python3.12/site-packages:${PYTHONPATH} /usr/bin/cmake /home/ysl/ros2_ws/BehaviorTree.ROS2/behaviortree_ros2 -DAMENT_CMAKE_SYMLINK_INSTALL=1 -DCMAKE_INSTALL_PREFIX=/home/ysl/ros2_ws/install/behaviortree_ros2
[11.857s] Invoking command in '/home/ysl/ros2_ws/build/behaviortree_ros2': AMENT_PREFIX_PATH=/home/ysl/ros2_ws/install/btcpp_ros2_interfaces:${AMENT_PREFIX_PATH} CMAKE_PREFIX_PATH=/home/ysl/ros2_ws/install/btcpp_ros2_interfaces:/home/ysl/BehaviorTree.CPP/install/behaviortree_cpp:/opt/ros/jazzy/opt/gz_sim_vendor:/opt/ros/jazzy/opt/gz_sensors_vendor:/opt/ros/jazzy/opt/gz_physics_vendor:/opt/ros/jazzy/opt/sdformat_vendor:/opt/ros/jazzy/opt/gz_gui_vendor:/opt/ros/jazzy/opt/gz_transport_vendor:/opt/ros/jazzy/opt/gz_rendering_vendor:/opt/ros/jazzy/opt/gz_plugin_vendor:/opt/ros/jazzy/opt/gz_fuel_tools_vendor:/opt/ros/jazzy/opt/gz_msgs_vendor:/opt/ros/jazzy/opt/gz_common_vendor:/opt/ros/jazzy/opt/gz_math_vendor:/opt/ros/jazzy/opt/gz_utils_vendor:/opt/ros/jazzy/opt/gz_tools_vendor:/opt/ros/jazzy/opt/gz_ogre_next_vendor:/opt/ros/jazzy/opt/gz_dartsim_vendor:/opt/ros/jazzy/opt/gz_cmake_vendor:/opt/ros/jazzy LD_LIBRARY_PATH=/home/ysl/ros2_ws/install/btcpp_ros2_interfaces/lib:${LD_LIBRARY_PATH} PYTHONPATH=/home/ysl/ros2_ws/install/btcpp_ros2_interfaces/lib/python3.12/site-packages:${PYTHONPATH} /usr/bin/cmake --build /home/ysl/ros2_ws/build/behaviortree_ros2 -- -j12 -l12
[11.941s] [ 14%] [34m[1mRunning `/opt/ros/jazzy/bin/generate_parameter_library_cpp /home/ysl/ros2_ws/build/behaviortree_ros2/include/behaviortree_ros2/bt_executor_parameters.hpp /home/ysl/ros2_ws/BehaviorTree.ROS2/behaviortree_ros2/src/bt_executor_parameters.yaml `[0m
[12.958s] [ 28%] [34m[1mCreating deprecated header file /home/ysl/ros2_ws/build/behaviortree_ros2/include/bt_executor_parameters.hpp[0m
[12.994s] [ 28%] Built target bt_executor_parameters
[13.034s] [ 57%] [32mBuilding CXX object CMakeFiles/behaviortree_ros2.dir/src/bt_ros_logger.cpp.o[0m
[13.034s] [ 57%] [32mBuilding CXX object CMakeFiles/behaviortree_ros2.dir/src/tree_execution_server.cpp.o[0m
[13.035s] [ 71%] [32mBuilding CXX object CMakeFiles/behaviortree_ros2.dir/src/bt_ros2.cpp.o[0m
[13.037s] [ 85%] [32mBuilding CXX object CMakeFiles/behaviortree_ros2.dir/src/bt_utils.cpp.o[0m
[25.786s] [100%] [32m[1mLinking CXX static library libbehaviortree_ros2.a[0m
[25.941s] [100%] Built target behaviortree_ros2
[25.962s] Invoked command in '/home/ysl/ros2_ws/build/behaviortree_ros2' returned '0': AMENT_PREFIX_PATH=/home/ysl/ros2_ws/install/btcpp_ros2_interfaces:${AMENT_PREFIX_PATH} CMAKE_PREFIX_PATH=/home/ysl/ros2_ws/install/btcpp_ros2_interfaces:/home/ysl/BehaviorTree.CPP/install/behaviortree_cpp:/opt/ros/jazzy/opt/gz_sim_vendor:/opt/ros/jazzy/opt/gz_sensors_vendor:/opt/ros/jazzy/opt/gz_physics_vendor:/opt/ros/jazzy/opt/sdformat_vendor:/opt/ros/jazzy/opt/gz_gui_vendor:/opt/ros/jazzy/opt/gz_transport_vendor:/opt/ros/jazzy/opt/gz_rendering_vendor:/opt/ros/jazzy/opt/gz_plugin_vendor:/opt/ros/jazzy/opt/gz_fuel_tools_vendor:/opt/ros/jazzy/opt/gz_msgs_vendor:/opt/ros/jazzy/opt/gz_common_vendor:/opt/ros/jazzy/opt/gz_math_vendor:/opt/ros/jazzy/opt/gz_utils_vendor:/opt/ros/jazzy/opt/gz_tools_vendor:/opt/ros/jazzy/opt/gz_ogre_next_vendor:/opt/ros/jazzy/opt/gz_dartsim_vendor:/opt/ros/jazzy/opt/gz_cmake_vendor:/opt/ros/jazzy LD_LIBRARY_PATH=/home/ysl/ros2_ws/install/btcpp_ros2_interfaces/lib:${LD_LIBRARY_PATH} PYTHONPATH=/home/ysl/ros2_ws/install/btcpp_ros2_interfaces/lib/python3.12/site-packages:${PYTHONPATH} /usr/bin/cmake --build /home/ysl/ros2_ws/build/behaviortree_ros2 -- -j12 -l12
[25.965s] Invoking command in '/home/ysl/ros2_ws/build/behaviortree_ros2': AMENT_PREFIX_PATH=/home/ysl/ros2_ws/install/btcpp_ros2_interfaces:${AMENT_PREFIX_PATH} CMAKE_PREFIX_PATH=/home/ysl/ros2_ws/install/btcpp_ros2_interfaces:/home/ysl/BehaviorTree.CPP/install/behaviortree_cpp:/opt/ros/jazzy/opt/gz_sim_vendor:/opt/ros/jazzy/opt/gz_sensors_vendor:/opt/ros/jazzy/opt/gz_physics_vendor:/opt/ros/jazzy/opt/sdformat_vendor:/opt/ros/jazzy/opt/gz_gui_vendor:/opt/ros/jazzy/opt/gz_transport_vendor:/opt/ros/jazzy/opt/gz_rendering_vendor:/opt/ros/jazzy/opt/gz_plugin_vendor:/opt/ros/jazzy/opt/gz_fuel_tools_vendor:/opt/ros/jazzy/opt/gz_msgs_vendor:/opt/ros/jazzy/opt/gz_common_vendor:/opt/ros/jazzy/opt/gz_math_vendor:/opt/ros/jazzy/opt/gz_utils_vendor:/opt/ros/jazzy/opt/gz_tools_vendor:/opt/ros/jazzy/opt/gz_ogre_next_vendor:/opt/ros/jazzy/opt/gz_dartsim_vendor:/opt/ros/jazzy/opt/gz_cmake_vendor:/opt/ros/jazzy LD_LIBRARY_PATH=/home/ysl/ros2_ws/install/btcpp_ros2_interfaces/lib:${LD_LIBRARY_PATH} PYTHONPATH=/home/ysl/ros2_ws/install/btcpp_ros2_interfaces/lib/python3.12/site-packages:${PYTHONPATH} /usr/bin/cmake --install /home/ysl/ros2_ws/build/behaviortree_ros2
[25.980s] -- Install configuration: ""
[25.980s] -- Execute custom install script
[25.982s] -- Symlinking: /home/ysl/ros2_ws/install/behaviortree_ros2/include/behaviortree_ros2/bt_executor_parameters.hpp
[26.003s] -- Symlinking: /home/ysl/ros2_ws/install/behaviortree_ros2/include//behaviortree_ros2/bt_action_node.hpp
[26.021s] -- Symlinking: /home/ysl/ros2_ws/install/behaviortree_ros2/include//behaviortree_ros2/bt_ros_logger.hpp
[26.037s] -- Symlinking: /home/ysl/ros2_ws/install/behaviortree_ros2/include//behaviortree_ros2/bt_service_node.hpp
[26.054s] -- Symlinking: /home/ysl/ros2_ws/install/behaviortree_ros2/include//behaviortree_ros2/bt_topic_pub_node.hpp
[26.071s] -- Symlinking: /home/ysl/ros2_ws/install/behaviortree_ros2/include//behaviortree_ros2/bt_topic_sub_node.hpp
[26.088s] -- Symlinking: /home/ysl/ros2_ws/install/behaviortree_ros2/include//behaviortree_ros2/bt_utils.hpp
[26.106s] -- Symlinking: /home/ysl/ros2_ws/install/behaviortree_ros2/include//behaviortree_ros2/plugins.hpp
[26.122s] -- Symlinking: /home/ysl/ros2_ws/install/behaviortree_ros2/include//behaviortree_ros2/ros_node_params.hpp
[26.138s] -- Symlinking: /home/ysl/ros2_ws/install/behaviortree_ros2/include//behaviortree_ros2/tree_execution_server.hpp
[26.155s] -- Symlinking: /home/ysl/ros2_ws/install/behaviortree_ros2/share/behaviortree_ros2/environment/library_path.sh
[26.171s] -- Symlinking: /home/ysl/ros2_ws/install/behaviortree_ros2/share/behaviortree_ros2/environment/library_path.dsv
[26.191s] -- Symlinking: /home/ysl/ros2_ws/install/behaviortree_ros2/share/ament_index/resource_index/package_run_dependencies/behaviortree_ros2
[26.208s] -- Symlinking: /home/ysl/ros2_ws/install/behaviortree_ros2/share/ament_index/resource_index/parent_prefix_path/behaviortree_ros2
[26.225s] -- Symlinking: /home/ysl/ros2_ws/install/behaviortree_ros2/share/behaviortree_ros2/environment/ament_prefix_path.sh
[26.242s] -- Symlinking: /home/ysl/ros2_ws/install/behaviortree_ros2/share/behaviortree_ros2/environment/ament_prefix_path.dsv
[26.258s] -- Symlinking: /home/ysl/ros2_ws/install/behaviortree_ros2/share/behaviortree_ros2/environment/path.sh
[26.273s] -- Symlinking: /home/ysl/ros2_ws/install/behaviortree_ros2/share/behaviortree_ros2/environment/path.dsv
[26.289s] -- Symlinking: /home/ysl/ros2_ws/install/behaviortree_ros2/share/behaviortree_ros2/local_setup.bash
[26.311s] -- Symlinking: /home/ysl/ros2_ws/install/behaviortree_ros2/share/behaviortree_ros2/local_setup.sh
[26.328s] -- Symlinking: /home/ysl/ros2_ws/install/behaviortree_ros2/share/behaviortree_ros2/local_setup.zsh
[26.345s] -- Symlinking: /home/ysl/ros2_ws/install/behaviortree_ros2/share/behaviortree_ros2/local_setup.dsv
[26.360s] -- Symlinking: /home/ysl/ros2_ws/install/behaviortree_ros2/share/behaviortree_ros2/package.dsv
[26.376s] -- Symlinking: /home/ysl/ros2_ws/install/behaviortree_ros2/share/ament_index/resource_index/packages/behaviortree_ros2
[26.392s] -- Symlinking: /home/ysl/ros2_ws/install/behaviortree_ros2/share/behaviortree_ros2/cmake/ament_cmake_export_dependencies-extras.cmake
[26.409s] -- Symlinking: /home/ysl/ros2_ws/install/behaviortree_ros2/share/behaviortree_ros2/cmake/ament_cmake_export_targets-extras.cmake
[26.425s] -- Symlinking: /home/ysl/ros2_ws/install/behaviortree_ros2/share/behaviortree_ros2/cmake/ament_cmake_export_include_directories-extras.cmake
[26.440s] -- Symlinking: /home/ysl/ros2_ws/install/behaviortree_ros2/share/behaviortree_ros2/cmake/ament_cmake_export_libraries-extras.cmake
[26.455s] -- Symlinking: /home/ysl/ros2_ws/install/behaviortree_ros2/share/behaviortree_ros2/cmake/behaviortree_ros2Config.cmake
[26.470s] -- Symlinking: /home/ysl/ros2_ws/install/behaviortree_ros2/share/behaviortree_ros2/cmake/behaviortree_ros2Config-version.cmake
[26.485s] -- Symlinking: /home/ysl/ros2_ws/install/behaviortree_ros2/share/behaviortree_ros2/package.xml
[26.502s] -- Installing: /home/ysl/ros2_ws/install/behaviortree_ros2/lib/libbehaviortree_ros2.a
[26.511s] -- Installing: /home/ysl/ros2_ws/install/behaviortree_ros2/share/behaviortree_ros2/cmake/behaviortree_ros2TargetsExport.cmake
[26.511s] -- Installing: /home/ysl/ros2_ws/install/behaviortree_ros2/share/behaviortree_ros2/cmake/behaviortree_ros2TargetsExport-noconfig.cmake
[26.515s] Invoked command in '/home/ysl/ros2_ws/build/behaviortree_ros2' returned '0': AMENT_PREFIX_PATH=/home/ysl/ros2_ws/install/btcpp_ros2_interfaces:${AMENT_PREFIX_PATH} CMAKE_PREFIX_PATH=/home/ysl/ros2_ws/install/btcpp_ros2_interfaces:/home/ysl/BehaviorTree.CPP/install/behaviortree_cpp:/opt/ros/jazzy/opt/gz_sim_vendor:/opt/ros/jazzy/opt/gz_sensors_vendor:/opt/ros/jazzy/opt/gz_physics_vendor:/opt/ros/jazzy/opt/sdformat_vendor:/opt/ros/jazzy/opt/gz_gui_vendor:/opt/ros/jazzy/opt/gz_transport_vendor:/opt/ros/jazzy/opt/gz_rendering_vendor:/opt/ros/jazzy/opt/gz_plugin_vendor:/opt/ros/jazzy/opt/gz_fuel_tools_vendor:/opt/ros/jazzy/opt/gz_msgs_vendor:/opt/ros/jazzy/opt/gz_common_vendor:/opt/ros/jazzy/opt/gz_math_vendor:/opt/ros/jazzy/opt/gz_utils_vendor:/opt/ros/jazzy/opt/gz_tools_vendor:/opt/ros/jazzy/opt/gz_ogre_next_vendor:/opt/ros/jazzy/opt/gz_dartsim_vendor:/opt/ros/jazzy/opt/gz_cmake_vendor:/opt/ros/jazzy LD_LIBRARY_PATH=/home/ysl/ros2_ws/install/btcpp_ros2_interfaces/lib:${LD_LIBRARY_PATH} PYTHONPATH=/home/ysl/ros2_ws/install/btcpp_ros2_interfaces/lib/python3.12/site-packages:${PYTHONPATH} /usr/bin/cmake --install /home/ysl/ros2_ws/build/behaviortree_ros2
