[0.614s] Invoking command in '/home/ysl/ros2_ws/build/cod_behavior': CMAKE_PREFIX_PATH=/home/ysl/ros2_ws/install/rm_interfaces:/home/ysl/ros2_ws/install/cod_serial:/home/ysl/ros2_ws/install/cod_behavior:/home/ysl/ros2_ws/install/btcpp_ros2_samples:/home/ysl/ros2_ws/install/behaviortree_ros2:/home/ysl/ros2_ws/install/btcpp_ros2_interfaces:/home/ysl/BehaviorTree.CPP/install/behaviortree_cpp:/opt/ros/jazzy/opt/gz_sim_vendor:/opt/ros/jazzy/opt/gz_sensors_vendor:/opt/ros/jazzy/opt/gz_physics_vendor:/opt/ros/jazzy/opt/sdformat_vendor:/opt/ros/jazzy/opt/gz_gui_vendor:/opt/ros/jazzy/opt/gz_transport_vendor:/opt/ros/jazzy/opt/gz_rendering_vendor:/opt/ros/jazzy/opt/gz_plugin_vendor:/opt/ros/jazzy/opt/gz_fuel_tools_vendor:/opt/ros/jazzy/opt/gz_msgs_vendor:/opt/ros/jazzy/opt/gz_common_vendor:/opt/ros/jazzy/opt/gz_math_vendor:/opt/ros/jazzy/opt/gz_utils_vendor:/opt/ros/jazzy/opt/gz_tools_vendor:/opt/ros/jazzy/opt/gz_ogre_next_vendor:/opt/ros/jazzy/opt/gz_dartsim_vendor:/opt/ros/jazzy/opt/gz_cmake_vendor:/opt/ros/jazzy /usr/bin/cmake --build /home/ysl/ros2_ws/build/cod_behavior -- -j12 -l12
[0.905s] [ 16%] Built target cod_behavior
[1.005s] [ 33%] Built target test_2
[1.095s] [ 50%] Built target test_1
[1.201s] [ 66%] Built target msgtest
[1.357s] [ 75%] [32mBuilding CXX object CMakeFiles/tree_1.dir/src/tree_1.cpp.o[0m
[45.521s] [ 83%] [32m[1mLinking CXX executable tree_1[0m
[48.282s] [ 83%] Built target tree_1
[48.426s] [100%] Built target checkNavResult
[48.462s] Invoked command in '/home/ysl/ros2_ws/build/cod_behavior' returned '0': CMAKE_PREFIX_PATH=/home/ysl/ros2_ws/install/rm_interfaces:/home/ysl/ros2_ws/install/cod_serial:/home/ysl/ros2_ws/install/cod_behavior:/home/ysl/ros2_ws/install/btcpp_ros2_samples:/home/ysl/ros2_ws/install/behaviortree_ros2:/home/ysl/ros2_ws/install/btcpp_ros2_interfaces:/home/ysl/BehaviorTree.CPP/install/behaviortree_cpp:/opt/ros/jazzy/opt/gz_sim_vendor:/opt/ros/jazzy/opt/gz_sensors_vendor:/opt/ros/jazzy/opt/gz_physics_vendor:/opt/ros/jazzy/opt/sdformat_vendor:/opt/ros/jazzy/opt/gz_gui_vendor:/opt/ros/jazzy/opt/gz_transport_vendor:/opt/ros/jazzy/opt/gz_rendering_vendor:/opt/ros/jazzy/opt/gz_plugin_vendor:/opt/ros/jazzy/opt/gz_fuel_tools_vendor:/opt/ros/jazzy/opt/gz_msgs_vendor:/opt/ros/jazzy/opt/gz_common_vendor:/opt/ros/jazzy/opt/gz_math_vendor:/opt/ros/jazzy/opt/gz_utils_vendor:/opt/ros/jazzy/opt/gz_tools_vendor:/opt/ros/jazzy/opt/gz_ogre_next_vendor:/opt/ros/jazzy/opt/gz_dartsim_vendor:/opt/ros/jazzy/opt/gz_cmake_vendor:/opt/ros/jazzy /usr/bin/cmake --build /home/ysl/ros2_ws/build/cod_behavior -- -j12 -l12
[48.469s] Invoking command in '/home/ysl/ros2_ws/build/cod_behavior': CMAKE_PREFIX_PATH=/home/ysl/ros2_ws/install/rm_interfaces:/home/ysl/ros2_ws/install/cod_serial:/home/ysl/ros2_ws/install/cod_behavior:/home/ysl/ros2_ws/install/btcpp_ros2_samples:/home/ysl/ros2_ws/install/behaviortree_ros2:/home/ysl/ros2_ws/install/btcpp_ros2_interfaces:/home/ysl/BehaviorTree.CPP/install/behaviortree_cpp:/opt/ros/jazzy/opt/gz_sim_vendor:/opt/ros/jazzy/opt/gz_sensors_vendor:/opt/ros/jazzy/opt/gz_physics_vendor:/opt/ros/jazzy/opt/sdformat_vendor:/opt/ros/jazzy/opt/gz_gui_vendor:/opt/ros/jazzy/opt/gz_transport_vendor:/opt/ros/jazzy/opt/gz_rendering_vendor:/opt/ros/jazzy/opt/gz_plugin_vendor:/opt/ros/jazzy/opt/gz_fuel_tools_vendor:/opt/ros/jazzy/opt/gz_msgs_vendor:/opt/ros/jazzy/opt/gz_common_vendor:/opt/ros/jazzy/opt/gz_math_vendor:/opt/ros/jazzy/opt/gz_utils_vendor:/opt/ros/jazzy/opt/gz_tools_vendor:/opt/ros/jazzy/opt/gz_ogre_next_vendor:/opt/ros/jazzy/opt/gz_dartsim_vendor:/opt/ros/jazzy/opt/gz_cmake_vendor:/opt/ros/jazzy /usr/bin/cmake --install /home/ysl/ros2_ws/build/cod_behavior
[48.508s] -- Install configuration: ""
[48.510s] -- Execute custom install script
[48.513s] -- Up-to-date symlink: /home/ysl/ros2_ws/install/cod_behavior/lib/cod_behavior/cod_behavior
[48.517s] -- Up-to-date symlink: /home/ysl/ros2_ws/install/cod_behavior/lib/cod_behavior/checkNavResult
[48.519s] -- Up-to-date symlink: /home/ysl/ros2_ws/install/cod_behavior/lib/cod_behavior/tree_1
[48.520s] -- Up-to-date symlink: /home/ysl/ros2_ws/install/cod_behavior/lib/cod_behavior/msgtest
[48.523s] -- Up-to-date symlink: /home/ysl/ros2_ws/install/cod_behavior/lib/cod_behavior/test_1
[48.523s] -- Up-to-date symlink: /home/ysl/ros2_ws/install/cod_behavior/lib/cod_behavior/test_2
[48.525s] -- Up-to-date symlink: /home/ysl/ros2_ws/install/cod_behavior/share/cod_behavior/launch/bringup.launch.py
[48.526s] -- Up-to-date symlink: /home/ysl/ros2_ws/install/cod_behavior/share/cod_behavior/launch/bringup_behavior.launch.py
[48.527s] -- Up-to-date symlink: /home/ysl/ros2_ws/install/cod_behavior/share/cod_behavior/launch/nav_pose.yaml
[48.527s] -- Up-to-date symlink: /home/ysl/ros2_ws/install/cod_behavior/share/ament_index/resource_index/package_run_dependencies/cod_behavior
[48.529s] -- Up-to-date symlink: /home/ysl/ros2_ws/install/cod_behavior/share/ament_index/resource_index/parent_prefix_path/cod_behavior
[48.530s] -- Up-to-date symlink: /home/ysl/ros2_ws/install/cod_behavior/share/cod_behavior/environment/ament_prefix_path.sh
[48.540s] -- Up-to-date symlink: /home/ysl/ros2_ws/install/cod_behavior/share/cod_behavior/environment/ament_prefix_path.dsv
[48.540s] -- Up-to-date symlink: /home/ysl/ros2_ws/install/cod_behavior/share/cod_behavior/environment/path.sh
[48.541s] -- Up-to-date symlink: /home/ysl/ros2_ws/install/cod_behavior/share/cod_behavior/environment/path.dsv
[48.541s] -- Up-to-date symlink: /home/ysl/ros2_ws/install/cod_behavior/share/cod_behavior/local_setup.bash
[48.541s] -- Up-to-date symlink: /home/ysl/ros2_ws/install/cod_behavior/share/cod_behavior/local_setup.sh
[48.541s] -- Up-to-date symlink: /home/ysl/ros2_ws/install/cod_behavior/share/cod_behavior/local_setup.zsh
[48.542s] -- Up-to-date symlink: /home/ysl/ros2_ws/install/cod_behavior/share/cod_behavior/local_setup.dsv
[48.542s] -- Symlinking: /home/ysl/ros2_ws/install/cod_behavior/share/cod_behavior/package.dsv
[48.587s] -- Up-to-date symlink: /home/ysl/ros2_ws/install/cod_behavior/share/ament_index/resource_index/packages/cod_behavior
[48.608s] -- Up-to-date symlink: /home/ysl/ros2_ws/install/cod_behavior/share/cod_behavior/cmake/cod_behaviorConfig.cmake
[48.614s] -- Up-to-date symlink: /home/ysl/ros2_ws/install/cod_behavior/share/cod_behavior/cmake/cod_behaviorConfig-version.cmake
[48.614s] -- Up-to-date symlink: /home/ysl/ros2_ws/install/cod_behavior/share/cod_behavior/package.xml
[48.628s] Invoked command in '/home/ysl/ros2_ws/build/cod_behavior' returned '0': CMAKE_PREFIX_PATH=/home/ysl/ros2_ws/install/rm_interfaces:/home/ysl/ros2_ws/install/cod_serial:/home/ysl/ros2_ws/install/cod_behavior:/home/ysl/ros2_ws/install/btcpp_ros2_samples:/home/ysl/ros2_ws/install/behaviortree_ros2:/home/ysl/ros2_ws/install/btcpp_ros2_interfaces:/home/ysl/BehaviorTree.CPP/install/behaviortree_cpp:/opt/ros/jazzy/opt/gz_sim_vendor:/opt/ros/jazzy/opt/gz_sensors_vendor:/opt/ros/jazzy/opt/gz_physics_vendor:/opt/ros/jazzy/opt/sdformat_vendor:/opt/ros/jazzy/opt/gz_gui_vendor:/opt/ros/jazzy/opt/gz_transport_vendor:/opt/ros/jazzy/opt/gz_rendering_vendor:/opt/ros/jazzy/opt/gz_plugin_vendor:/opt/ros/jazzy/opt/gz_fuel_tools_vendor:/opt/ros/jazzy/opt/gz_msgs_vendor:/opt/ros/jazzy/opt/gz_common_vendor:/opt/ros/jazzy/opt/gz_math_vendor:/opt/ros/jazzy/opt/gz_utils_vendor:/opt/ros/jazzy/opt/gz_tools_vendor:/opt/ros/jazzy/opt/gz_ogre_next_vendor:/opt/ros/jazzy/opt/gz_dartsim_vendor:/opt/ros/jazzy/opt/gz_cmake_vendor:/opt/ros/jazzy /usr/bin/cmake --install /home/ysl/ros2_ws/build/cod_behavior
