[0.643s] Invoking command in '/home/ysl/ros2_ws/build/cod_serial': CMAKE_PREFIX_PATH=/home/ysl/ros2_ws/install/rm_interfaces:/home/ysl/ros2_ws/install/cod_serial:/home/ysl/ros2_ws/install/cod_behavior:/home/ysl/BehaviorTree.CPP/install/behaviortree_cpp:/opt/ros/jazzy/opt/gz_sim_vendor:/opt/ros/jazzy/opt/gz_sensors_vendor:/opt/ros/jazzy/opt/gz_physics_vendor:/opt/ros/jazzy/opt/sdformat_vendor:/opt/ros/jazzy/opt/gz_gui_vendor:/opt/ros/jazzy/opt/gz_transport_vendor:/opt/ros/jazzy/opt/gz_rendering_vendor:/opt/ros/jazzy/opt/gz_plugin_vendor:/opt/ros/jazzy/opt/gz_fuel_tools_vendor:/opt/ros/jazzy/opt/gz_msgs_vendor:/opt/ros/jazzy/opt/gz_common_vendor:/opt/ros/jazzy/opt/gz_math_vendor:/opt/ros/jazzy/opt/gz_utils_vendor:/opt/ros/jazzy/opt/gz_tools_vendor:/opt/ros/jazzy/opt/gz_ogre_next_vendor:/opt/ros/jazzy/opt/gz_dartsim_vendor:/opt/ros/jazzy/opt/gz_cmake_vendor:/opt/ros/jazzy /usr/bin/cmake /home/ysl/ros2_ws/COD_Serial -DAMENT_CMAKE_SYMLINK_INSTALL=1 -DCMAKE_INSTALL_PREFIX=/home/ysl/ros2_ws/install/cod_serial
[1.543s] -- The C compiler identification is GNU 13.3.0
[5.641s] -- The CXX compiler identification is GNU 13.3.0
[9.114s] -- Detecting C compiler ABI info
[10.672s] -- Detecting C compiler ABI info - done
[10.743s] -- Check for working C compiler: /usr/bin/cc - skipped
[10.748s] -- Detecting C compile features
[10.748s] -- Detecting C compile features - done
[11.383s] -- Detecting CXX compiler ABI info
[12.822s] -- Detecting CXX compiler ABI info - done
[12.850s] -- Check for working CXX compiler: /usr/bin/c++ - skipped
[12.851s] -- Detecting CXX compile features
[12.852s] -- Detecting CXX compile features - done
[12.874s] -- Found rclcpp: 28.1.9 (/opt/ros/jazzy/share/rclcpp/cmake)
[13.713s] -- Found Python3: /usr/bin/python3 (found version "3.12.3") found components: Interpreter 
[14.079s] -- Override CMake install command with custom implementation using symlinks instead of copying resources
[15.250s] -- Found rosidl_generator_c: 4.6.5 (/opt/ros/jazzy/share/rosidl_generator_c/cmake)
[15.308s] -- Found rosidl_generator_cpp: 4.6.5 (/opt/ros/jazzy/share/rosidl_generator_cpp/cmake)
[15.366s] -- Using all available rosidl_typesupport_c: rosidl_typesupport_fastrtps_c;rosidl_typesupport_introspection_c
[15.561s] -- Using all available rosidl_typesupport_cpp: rosidl_typesupport_fastrtps_cpp;rosidl_typesupport_introspection_cpp
[16.106s] -- Found rmw_implementation_cmake: 7.3.2 (/opt/ros/jazzy/share/rmw_implementation_cmake/cmake)
[16.134s] -- Found rmw_fastrtps_cpp: 8.4.2 (/opt/ros/jazzy/share/rmw_fastrtps_cpp/cmake)
[16.618s] -- Found OpenSSL: /usr/lib/x86_64-linux-gnu/libcrypto.so (found version "3.0.13")  
[17.474s] -- Found FastRTPS: /opt/ros/jazzy/include (Required is at least version "2.13") 
[17.978s] -- Using RMW implementation 'rmw_fastrtps_cpp' as default
[18.998s] -- Found rm_interfaces: 0.0.0 (/home/ysl/ros2_ws/install/rm_interfaces/share/rm_interfaces/cmake)
[19.902s] -- Configuring done (19.2s)
[20.000s] -- Generating done (0.1s)
[20.037s] -- Build files have been written to: /home/ysl/ros2_ws/build/cod_serial
[20.132s] Invoked command in '/home/ysl/ros2_ws/build/cod_serial' returned '0': CMAKE_PREFIX_PATH=/home/ysl/ros2_ws/install/rm_interfaces:/home/ysl/ros2_ws/install/cod_serial:/home/ysl/ros2_ws/install/cod_behavior:/home/ysl/BehaviorTree.CPP/install/behaviortree_cpp:/opt/ros/jazzy/opt/gz_sim_vendor:/opt/ros/jazzy/opt/gz_sensors_vendor:/opt/ros/jazzy/opt/gz_physics_vendor:/opt/ros/jazzy/opt/sdformat_vendor:/opt/ros/jazzy/opt/gz_gui_vendor:/opt/ros/jazzy/opt/gz_transport_vendor:/opt/ros/jazzy/opt/gz_rendering_vendor:/opt/ros/jazzy/opt/gz_plugin_vendor:/opt/ros/jazzy/opt/gz_fuel_tools_vendor:/opt/ros/jazzy/opt/gz_msgs_vendor:/opt/ros/jazzy/opt/gz_common_vendor:/opt/ros/jazzy/opt/gz_math_vendor:/opt/ros/jazzy/opt/gz_utils_vendor:/opt/ros/jazzy/opt/gz_tools_vendor:/opt/ros/jazzy/opt/gz_ogre_next_vendor:/opt/ros/jazzy/opt/gz_dartsim_vendor:/opt/ros/jazzy/opt/gz_cmake_vendor:/opt/ros/jazzy /usr/bin/cmake /home/ysl/ros2_ws/COD_Serial -DAMENT_CMAKE_SYMLINK_INSTALL=1 -DCMAKE_INSTALL_PREFIX=/home/ysl/ros2_ws/install/cod_serial
[20.133s] Invoking command in '/home/ysl/ros2_ws/build/cod_serial': CMAKE_PREFIX_PATH=/home/ysl/ros2_ws/install/rm_interfaces:/home/ysl/ros2_ws/install/cod_serial:/home/ysl/ros2_ws/install/cod_behavior:/home/ysl/BehaviorTree.CPP/install/behaviortree_cpp:/opt/ros/jazzy/opt/gz_sim_vendor:/opt/ros/jazzy/opt/gz_sensors_vendor:/opt/ros/jazzy/opt/gz_physics_vendor:/opt/ros/jazzy/opt/sdformat_vendor:/opt/ros/jazzy/opt/gz_gui_vendor:/opt/ros/jazzy/opt/gz_transport_vendor:/opt/ros/jazzy/opt/gz_rendering_vendor:/opt/ros/jazzy/opt/gz_plugin_vendor:/opt/ros/jazzy/opt/gz_fuel_tools_vendor:/opt/ros/jazzy/opt/gz_msgs_vendor:/opt/ros/jazzy/opt/gz_common_vendor:/opt/ros/jazzy/opt/gz_math_vendor:/opt/ros/jazzy/opt/gz_utils_vendor:/opt/ros/jazzy/opt/gz_tools_vendor:/opt/ros/jazzy/opt/gz_ogre_next_vendor:/opt/ros/jazzy/opt/gz_dartsim_vendor:/opt/ros/jazzy/opt/gz_cmake_vendor:/opt/ros/jazzy /usr/bin/cmake --build /home/ysl/ros2_ws/build/cod_serial -- -j12 -l12
[20.396s] [ 33%] [32mBuilding CXX object CMakeFiles/cod_serial.dir/src/uart_transporter.cpp.o[0m
[21.962s] [ 66%] [32mBuilding CXX object CMakeFiles/cod_serial.dir/src/test.cpp.o[0m
[51.460s] [100%] [32m[1mLinking CXX executable cod_serial[0m
[52.930s] [100%] Built target cod_serial
[52.967s] Invoked command in '/home/ysl/ros2_ws/build/cod_serial' returned '0': CMAKE_PREFIX_PATH=/home/ysl/ros2_ws/install/rm_interfaces:/home/ysl/ros2_ws/install/cod_serial:/home/ysl/ros2_ws/install/cod_behavior:/home/ysl/BehaviorTree.CPP/install/behaviortree_cpp:/opt/ros/jazzy/opt/gz_sim_vendor:/opt/ros/jazzy/opt/gz_sensors_vendor:/opt/ros/jazzy/opt/gz_physics_vendor:/opt/ros/jazzy/opt/sdformat_vendor:/opt/ros/jazzy/opt/gz_gui_vendor:/opt/ros/jazzy/opt/gz_transport_vendor:/opt/ros/jazzy/opt/gz_rendering_vendor:/opt/ros/jazzy/opt/gz_plugin_vendor:/opt/ros/jazzy/opt/gz_fuel_tools_vendor:/opt/ros/jazzy/opt/gz_msgs_vendor:/opt/ros/jazzy/opt/gz_common_vendor:/opt/ros/jazzy/opt/gz_math_vendor:/opt/ros/jazzy/opt/gz_utils_vendor:/opt/ros/jazzy/opt/gz_tools_vendor:/opt/ros/jazzy/opt/gz_ogre_next_vendor:/opt/ros/jazzy/opt/gz_dartsim_vendor:/opt/ros/jazzy/opt/gz_cmake_vendor:/opt/ros/jazzy /usr/bin/cmake --build /home/ysl/ros2_ws/build/cod_serial -- -j12 -l12
[52.971s] Invoking command in '/home/ysl/ros2_ws/build/cod_serial': CMAKE_PREFIX_PATH=/home/ysl/ros2_ws/install/rm_interfaces:/home/ysl/ros2_ws/install/cod_serial:/home/ysl/ros2_ws/install/cod_behavior:/home/ysl/BehaviorTree.CPP/install/behaviortree_cpp:/opt/ros/jazzy/opt/gz_sim_vendor:/opt/ros/jazzy/opt/gz_sensors_vendor:/opt/ros/jazzy/opt/gz_physics_vendor:/opt/ros/jazzy/opt/sdformat_vendor:/opt/ros/jazzy/opt/gz_gui_vendor:/opt/ros/jazzy/opt/gz_transport_vendor:/opt/ros/jazzy/opt/gz_rendering_vendor:/opt/ros/jazzy/opt/gz_plugin_vendor:/opt/ros/jazzy/opt/gz_fuel_tools_vendor:/opt/ros/jazzy/opt/gz_msgs_vendor:/opt/ros/jazzy/opt/gz_common_vendor:/opt/ros/jazzy/opt/gz_math_vendor:/opt/ros/jazzy/opt/gz_utils_vendor:/opt/ros/jazzy/opt/gz_tools_vendor:/opt/ros/jazzy/opt/gz_ogre_next_vendor:/opt/ros/jazzy/opt/gz_dartsim_vendor:/opt/ros/jazzy/opt/gz_cmake_vendor:/opt/ros/jazzy /usr/bin/cmake --install /home/ysl/ros2_ws/build/cod_serial
[52.991s] -- Install configuration: ""
[52.993s] -- Execute custom install script
[52.995s] -- Symlinking: /home/ysl/ros2_ws/install/cod_serial/lib/cod_serial/cod_serial
[53.041s] -- Symlinking: /home/ysl/ros2_ws/install/cod_serial/share/ament_index/resource_index/package_run_dependencies/cod_serial
[53.085s] -- Symlinking: /home/ysl/ros2_ws/install/cod_serial/share/ament_index/resource_index/parent_prefix_path/cod_serial
[53.124s] -- Symlinking: /home/ysl/ros2_ws/install/cod_serial/share/cod_serial/environment/ament_prefix_path.sh
[53.150s] -- Symlinking: /home/ysl/ros2_ws/install/cod_serial/share/cod_serial/environment/ament_prefix_path.dsv
[53.201s] -- Symlinking: /home/ysl/ros2_ws/install/cod_serial/share/cod_serial/environment/path.sh
[53.249s] -- Symlinking: /home/ysl/ros2_ws/install/cod_serial/share/cod_serial/environment/path.dsv
[53.308s] -- Symlinking: /home/ysl/ros2_ws/install/cod_serial/share/cod_serial/local_setup.bash
[53.366s] -- Symlinking: /home/ysl/ros2_ws/install/cod_serial/share/cod_serial/local_setup.sh
[53.411s] -- Symlinking: /home/ysl/ros2_ws/install/cod_serial/share/cod_serial/local_setup.zsh
[53.440s] -- Symlinking: /home/ysl/ros2_ws/install/cod_serial/share/cod_serial/local_setup.dsv
[53.483s] -- Symlinking: /home/ysl/ros2_ws/install/cod_serial/share/cod_serial/package.dsv
[53.516s] -- Symlinking: /home/ysl/ros2_ws/install/cod_serial/share/ament_index/resource_index/packages/cod_serial
[53.554s] -- Symlinking: /home/ysl/ros2_ws/install/cod_serial/share/cod_serial/cmake/cod_serialConfig.cmake
[53.587s] -- Symlinking: /home/ysl/ros2_ws/install/cod_serial/share/cod_serial/cmake/cod_serialConfig-version.cmake
[53.631s] -- Symlinking: /home/ysl/ros2_ws/install/cod_serial/share/cod_serial/package.xml
[53.711s] Invoked command in '/home/ysl/ros2_ws/build/cod_serial' returned '0': CMAKE_PREFIX_PATH=/home/ysl/ros2_ws/install/rm_interfaces:/home/ysl/ros2_ws/install/cod_serial:/home/ysl/ros2_ws/install/cod_behavior:/home/ysl/BehaviorTree.CPP/install/behaviortree_cpp:/opt/ros/jazzy/opt/gz_sim_vendor:/opt/ros/jazzy/opt/gz_sensors_vendor:/opt/ros/jazzy/opt/gz_physics_vendor:/opt/ros/jazzy/opt/sdformat_vendor:/opt/ros/jazzy/opt/gz_gui_vendor:/opt/ros/jazzy/opt/gz_transport_vendor:/opt/ros/jazzy/opt/gz_rendering_vendor:/opt/ros/jazzy/opt/gz_plugin_vendor:/opt/ros/jazzy/opt/gz_fuel_tools_vendor:/opt/ros/jazzy/opt/gz_msgs_vendor:/opt/ros/jazzy/opt/gz_common_vendor:/opt/ros/jazzy/opt/gz_math_vendor:/opt/ros/jazzy/opt/gz_utils_vendor:/opt/ros/jazzy/opt/gz_tools_vendor:/opt/ros/jazzy/opt/gz_ogre_next_vendor:/opt/ros/jazzy/opt/gz_dartsim_vendor:/opt/ros/jazzy/opt/gz_cmake_vendor:/opt/ros/jazzy /usr/bin/cmake --install /home/ysl/ros2_ws/build/cod_serial
