-- Found ament_cmake: 2.5.4 (/opt/ros/jazzy/share/ament_cmake/cmake)
-- Override CMake install command with custom implementation using symlinks instead of copying resources
-- Found rclcpp: 28.1.9 (/opt/ros/jazzy/share/rclcpp/cmake)
-- Found rosidl_generator_c: 4.6.5 (/opt/ros/jazzy/share/rosidl_generator_c/cmake)
-- Found rosidl_generator_cpp: 4.6.5 (/opt/ros/jazzy/share/rosidl_generator_cpp/cmake)
-- Using all available rosidl_typesupport_c: rosidl_typesupport_fastrtps_c;rosidl_typesupport_introspection_c
-- Using all available rosidl_typesupport_cpp: rosidl_typesupport_fastrtps_cpp;rosidl_typesupport_introspection_cpp
-- Found rmw_implementation_cmake: 7.3.2 (/opt/ros/jazzy/share/rmw_implementation_cmake/cmake)
-- Found rmw_fastrtps_cpp: 8.4.2 (/opt/ros/jazzy/share/rmw_fastrtps_cpp/cmake)
-- Using RMW implementation 'rmw_fastrtps_cpp' as default
-- Found behaviortree_cpp: 4.8.2 (/home/ysl/BehaviorTree.CPP/install/behaviortree_cpp/share/behaviortree_cpp/cmake)
-- Found nav2_msgs: 1.3.10 (/opt/ros/jazzy/share/nav2_msgs/cmake)
-- Found example_interfaces: 0.12.0 (/opt/ros/jazzy/share/example_interfaces/cmake)
-- Found rclcpp_action: 28.1.9 (/opt/ros/jazzy/share/rclcpp_action/cmake)
-- Found rm_interfaces: 0.0.0 (/home/ysl/ros2_ws/install/rm_interfaces/share/rm_interfaces/cmake)
-- Found tf2_geometry_msgs: 0.36.11 (/opt/ros/jazzy/share/tf2_geometry_msgs/cmake)
-- Found eigen3_cmake_module: 0.3.0 (/opt/ros/jazzy/share/eigen3_cmake_module/cmake)
-- Ensuring Eigen3 include directory is part of orocos-kdl CMake target
-- Configuring done (5.1s)
-- Generating done (0.1s)
-- Build files have been written to: /home/ysl/ros2_ws/build/cod_behavior
[ 16%] Built target cod_behavior
[ 33%] Built target test_2
[ 50%] Built target test_1
[ 66%] Built target msgtest
[ 75%] [32m[1mLinking CXX executable tree_1[0m
/usr/bin/ld: CMakeFiles/tree_1.dir/src/tree_1.cpp.o: in function `tbb::detail::d1::execution_slot(tbb::detail::d1::execution_data const&)':
tree_1.cpp:(.text._ZN3tbb6detail2d114execution_slotERKNS1_14execution_dataE[_ZN3tbb6detail2d114execution_slotERKNS1_14execution_dataE]+0x18): undefined reference to `tbb::detail::r1::execution_slot(tbb::detail::d1::execution_data const*)'
/usr/bin/ld: CMakeFiles/tree_1.dir/src/tree_1.cpp.o: in function `tbb::detail::d1::current_thread_index()':
tree_1.cpp:(.text._ZN3tbb6detail2d120current_thread_indexEv[_ZN3tbb6detail2d120current_thread_indexEv]+0x12): undefined reference to `tbb::detail::r1::execution_slot(tbb::detail::d1::execution_data const*)'
collect2: error: ld returned 1 exit status
gmake[2]: *** [CMakeFiles/tree_1.dir/build.make:247: tree_1] Error 1
gmake[1]: *** [CMakeFiles/Makefile2:199: CMakeFiles/tree_1.dir/all] Error 2
gmake: *** [Makefile:146: all] Error 2
