[0.514s] Invoking command in '/home/ysl/ros2_ws/build/btcpp_ros2_samples': AMENT_PREFIX_PATH=/home/ysl/ros2_ws/install/behaviortree_ros2:/home/ysl/ros2_ws/install/btcpp_ros2_interfaces:${AMENT_PREFIX_PATH} CMAKE_PREFIX_PATH=/home/ysl/ros2_ws/install/behaviortree_ros2:/home/ysl/ros2_ws/install/btcpp_ros2_interfaces:/home/ysl/BehaviorTree.CPP/install/behaviortree_cpp:/opt/ros/jazzy/opt/gz_sim_vendor:/opt/ros/jazzy/opt/gz_sensors_vendor:/opt/ros/jazzy/opt/gz_physics_vendor:/opt/ros/jazzy/opt/sdformat_vendor:/opt/ros/jazzy/opt/gz_gui_vendor:/opt/ros/jazzy/opt/gz_transport_vendor:/opt/ros/jazzy/opt/gz_rendering_vendor:/opt/ros/jazzy/opt/gz_plugin_vendor:/opt/ros/jazzy/opt/gz_fuel_tools_vendor:/opt/ros/jazzy/opt/gz_msgs_vendor:/opt/ros/jazzy/opt/gz_common_vendor:/opt/ros/jazzy/opt/gz_math_vendor:/opt/ros/jazzy/opt/gz_utils_vendor:/opt/ros/jazzy/opt/gz_tools_vendor:/opt/ros/jazzy/opt/gz_ogre_next_vendor:/opt/ros/jazzy/opt/gz_dartsim_vendor:/opt/ros/jazzy/opt/gz_cmake_vendor:/opt/ros/jazzy LD_LIBRARY_PATH=/home/ysl/ros2_ws/install/behaviortree_ros2/lib:/home/ysl/ros2_ws/install/btcpp_ros2_interfaces/lib:${LD_LIBRARY_PATH} PYTHONPATH=/home/ysl/ros2_ws/install/btcpp_ros2_interfaces/lib/python3.12/site-packages:${PYTHONPATH} /usr/bin/cmake /home/ysl/ros2_ws/BehaviorTree.ROS2/btcpp_ros2_samples -DAMENT_CMAKE_SYMLINK_INSTALL=1 -DCMAKE_INSTALL_PREFIX=/home/ysl/ros2_ws/install/btcpp_ros2_samples
[0.936s] -- The C compiler identification is GNU 13.3.0
[3.146s] -- The CXX compiler identification is GNU 13.3.0
[5.430s] -- Detecting C compiler ABI info
[6.545s] -- Detecting C compiler ABI info - done
[6.568s] -- Check for working C compiler: /usr/bin/cc - skipped
[6.568s] -- Detecting C compile features
[6.569s] -- Detecting C compile features - done
[6.985s] -- Detecting CXX compiler ABI info
[7.970s] -- Detecting CXX compiler ABI info - done
[7.995s] -- Check for working CXX compiler: /usr/bin/c++ - skipped
[7.996s] -- Detecting CXX compile features
[7.997s] -- Detecting CXX compile features - done
[8.008s] -- Found ament_cmake: 2.5.4 (/opt/ros/jazzy/share/ament_cmake/cmake)
[8.364s] -- Found Python3: /usr/bin/python3 (found version "3.12.3") found components: Interpreter 
[8.534s] -- Override CMake install command with custom implementation using symlinks instead of copying resources
[8.676s] -- Found behaviortree_ros2: 0.3.0 (/home/ysl/ros2_ws/install/behaviortree_ros2/share/behaviortree_ros2/cmake)
[9.472s] -- Found rosidl_generator_c: 4.6.5 (/opt/ros/jazzy/share/rosidl_generator_c/cmake)
[9.532s] -- Found rosidl_generator_cpp: 4.6.5 (/opt/ros/jazzy/share/rosidl_generator_cpp/cmake)
[9.582s] -- Using all available rosidl_typesupport_c: rosidl_typesupport_fastrtps_c;rosidl_typesupport_introspection_c
[9.643s] -- Using all available rosidl_typesupport_cpp: rosidl_typesupport_fastrtps_cpp;rosidl_typesupport_introspection_cpp
[9.888s] -- Found rmw_implementation_cmake: 7.3.2 (/opt/ros/jazzy/share/rmw_implementation_cmake/cmake)
[9.899s] -- Found rmw_fastrtps_cpp: 8.4.2 (/opt/ros/jazzy/share/rmw_fastrtps_cpp/cmake)
[10.142s] -- Found OpenSSL: /usr/lib/x86_64-linux-gnu/libcrypto.so (found version "3.0.13")  
[10.988s] -- Found FastRTPS: /opt/ros/jazzy/include (Required is at least version "2.13") 
[11.469s] -- Using RMW implementation 'rmw_fastrtps_cpp' as default
[12.884s] -- Found std_msgs: 5.3.6 (/opt/ros/jazzy/share/std_msgs/cmake)
[12.950s] -- Found std_srvs: 5.3.6 (/opt/ros/jazzy/share/std_srvs/cmake)
[13.479s] -- Configuring done (13.0s)
[13.752s] -- Generating done (0.2s)
[13.811s] -- Build files have been written to: /home/ysl/ros2_ws/build/btcpp_ros2_samples
[13.879s] Invoked command in '/home/ysl/ros2_ws/build/btcpp_ros2_samples' returned '0': AMENT_PREFIX_PATH=/home/ysl/ros2_ws/install/behaviortree_ros2:/home/ysl/ros2_ws/install/btcpp_ros2_interfaces:${AMENT_PREFIX_PATH} CMAKE_PREFIX_PATH=/home/ysl/ros2_ws/install/behaviortree_ros2:/home/ysl/ros2_ws/install/btcpp_ros2_interfaces:/home/ysl/BehaviorTree.CPP/install/behaviortree_cpp:/opt/ros/jazzy/opt/gz_sim_vendor:/opt/ros/jazzy/opt/gz_sensors_vendor:/opt/ros/jazzy/opt/gz_physics_vendor:/opt/ros/jazzy/opt/sdformat_vendor:/opt/ros/jazzy/opt/gz_gui_vendor:/opt/ros/jazzy/opt/gz_transport_vendor:/opt/ros/jazzy/opt/gz_rendering_vendor:/opt/ros/jazzy/opt/gz_plugin_vendor:/opt/ros/jazzy/opt/gz_fuel_tools_vendor:/opt/ros/jazzy/opt/gz_msgs_vendor:/opt/ros/jazzy/opt/gz_common_vendor:/opt/ros/jazzy/opt/gz_math_vendor:/opt/ros/jazzy/opt/gz_utils_vendor:/opt/ros/jazzy/opt/gz_tools_vendor:/opt/ros/jazzy/opt/gz_ogre_next_vendor:/opt/ros/jazzy/opt/gz_dartsim_vendor:/opt/ros/jazzy/opt/gz_cmake_vendor:/opt/ros/jazzy LD_LIBRARY_PATH=/home/ysl/ros2_ws/install/behaviortree_ros2/lib:/home/ysl/ros2_ws/install/btcpp_ros2_interfaces/lib:${LD_LIBRARY_PATH} PYTHONPATH=/home/ysl/ros2_ws/install/btcpp_ros2_interfaces/lib/python3.12/site-packages:${PYTHONPATH} /usr/bin/cmake /home/ysl/ros2_ws/BehaviorTree.ROS2/btcpp_ros2_samples -DAMENT_CMAKE_SYMLINK_INSTALL=1 -DCMAKE_INSTALL_PREFIX=/home/ysl/ros2_ws/install/btcpp_ros2_samples
[13.881s] Invoking command in '/home/ysl/ros2_ws/build/btcpp_ros2_samples': AMENT_PREFIX_PATH=/home/ysl/ros2_ws/install/behaviortree_ros2:/home/ysl/ros2_ws/install/btcpp_ros2_interfaces:${AMENT_PREFIX_PATH} CMAKE_PREFIX_PATH=/home/ysl/ros2_ws/install/behaviortree_ros2:/home/ysl/ros2_ws/install/btcpp_ros2_interfaces:/home/ysl/BehaviorTree.CPP/install/behaviortree_cpp:/opt/ros/jazzy/opt/gz_sim_vendor:/opt/ros/jazzy/opt/gz_sensors_vendor:/opt/ros/jazzy/opt/gz_physics_vendor:/opt/ros/jazzy/opt/sdformat_vendor:/opt/ros/jazzy/opt/gz_gui_vendor:/opt/ros/jazzy/opt/gz_transport_vendor:/opt/ros/jazzy/opt/gz_rendering_vendor:/opt/ros/jazzy/opt/gz_plugin_vendor:/opt/ros/jazzy/opt/gz_fuel_tools_vendor:/opt/ros/jazzy/opt/gz_msgs_vendor:/opt/ros/jazzy/opt/gz_common_vendor:/opt/ros/jazzy/opt/gz_math_vendor:/opt/ros/jazzy/opt/gz_utils_vendor:/opt/ros/jazzy/opt/gz_tools_vendor:/opt/ros/jazzy/opt/gz_ogre_next_vendor:/opt/ros/jazzy/opt/gz_dartsim_vendor:/opt/ros/jazzy/opt/gz_cmake_vendor:/opt/ros/jazzy LD_LIBRARY_PATH=/home/ysl/ros2_ws/install/behaviortree_ros2/lib:/home/ysl/ros2_ws/install/btcpp_ros2_interfaces/lib:${LD_LIBRARY_PATH} PYTHONPATH=/home/ysl/ros2_ws/install/btcpp_ros2_interfaces/lib/python3.12/site-packages:${PYTHONPATH} /usr/bin/cmake --build /home/ysl/ros2_ws/build/btcpp_ros2_samples -- -j12 -l12
[14.104s] [  5%] [32mBuilding CXX object CMakeFiles/sleep_plugin.dir/src/sleep_action.cpp.o[0m
[14.113s] [ 11%] [32mBuilding CXX object CMakeFiles/sample_bt_executor.dir/src/sample_bt_executor.cpp.o[0m
[14.123s] [ 16%] [32mBuilding CXX object CMakeFiles/sleep_client.dir/src/sleep_action.cpp.o[0m
[14.127s] [ 22%] [32mBuilding CXX object CMakeFiles/bool_client.dir/src/bool_client.cpp.o[0m
[14.139s] [ 27%] [32mBuilding CXX object CMakeFiles/sleep_client.dir/src/sleep_client.cpp.o[0m
[14.142s] [ 33%] [32mBuilding CXX object CMakeFiles/sleep_server.dir/src/sleep_server.cpp.o[0m
[14.157s] [ 38%] [32mBuilding CXX object CMakeFiles/bool_client.dir/src/set_bool_node.cpp.o[0m
[14.157s] [ 44%] [32mBuilding CXX object CMakeFiles/bool_server.dir/src/bool_server.cpp.o[0m
[14.162s] [ 50%] [32mBuilding CXX object CMakeFiles/subscriber_test.dir/src/subscriber_test.cpp.o[0m
