[  5%] [32mBuilding CXX object CMakeFiles/sleep_client.dir/src/sleep_action.cpp.o[0m
[ 16%] [32mBuilding CXX object CMakeFiles/sleep_server.dir/src/sleep_server.cpp.o[0m
[ 16%] [32mBuilding CXX object CMakeFiles/bool_server.dir/src/bool_server.cpp.o[0m
[ 22%] [32mBuilding CXX object CMakeFiles/sleep_client.dir/src/sleep_client.cpp.o[0m
[ 27%] [32mBuilding CXX object CMakeFiles/sleep_plugin.dir/src/sleep_action.cpp.o[0m
[ 33%] [32mBuilding CXX object CMakeFiles/bool_client.dir/src/bool_client.cpp.o[0m
[ 38%] [32mBuilding CXX object CMakeFiles/bool_client.dir/src/set_bool_node.cpp.o[0m
[ 44%] [32mBuilding CXX object CMakeFiles/subscriber_test.dir/src/subscriber_test.cpp.o[0m
[ 50%] [32mBuilding CXX object CMakeFiles/sample_bt_executor.dir/src/sample_bt_executor.cpp.o[0m
[ 55%] [32m[1mLinking CXX executable bool_server[0m
[ 55%] Built target bool_server
[ 61%] [32m[1mLinking CXX executable sleep_server[0m
[ 66%] [32m[1mLinking CXX executable bool_client[0m
[ 66%] Built target sleep_server
[ 66%] Built target bool_client
[ 72%] [32m[1mLinking CXX shared library libsleep_plugin.so[0m
[ 77%] [32m[1mLinking CXX executable sleep_client[0m
[ 77%] Built target sleep_plugin
[ 83%] [32mBuilding CXX object CMakeFiles/sleep_client_dyn.dir/src/sleep_client.cpp.o[0m
[ 83%] Built target sleep_client
[ 88%] [32m[1mLinking CXX executable sample_bt_executor[0m
[ 88%] Built target sample_bt_executor
[ 94%] [32m[1mLinking CXX executable subscriber_test[0m
[ 94%] Built target subscriber_test
[100%] [32m[1mLinking CXX executable sleep_client_dyn[0m
[100%] Built target sleep_client_dyn
