[0.628s] Invoking command in '/home/ysl/ros2_ws/build/cod_behavior': AMENT_PREFIX_PATH=/home/ysl/ros2_ws/install/rm_interfaces:${AMENT_PREFIX_PATH} CMAKE_PREFIX_PATH=/home/ysl/ros2_ws/install/rm_interfaces:/home/ysl/BehaviorTree.CPP/install/behaviortree_cpp:/opt/ros/jazzy/opt/gz_sim_vendor:/opt/ros/jazzy/opt/gz_sensors_vendor:/opt/ros/jazzy/opt/gz_physics_vendor:/opt/ros/jazzy/opt/sdformat_vendor:/opt/ros/jazzy/opt/gz_gui_vendor:/opt/ros/jazzy/opt/gz_transport_vendor:/opt/ros/jazzy/opt/gz_rendering_vendor:/opt/ros/jazzy/opt/gz_plugin_vendor:/opt/ros/jazzy/opt/gz_fuel_tools_vendor:/opt/ros/jazzy/opt/gz_msgs_vendor:/opt/ros/jazzy/opt/gz_common_vendor:/opt/ros/jazzy/opt/gz_math_vendor:/opt/ros/jazzy/opt/gz_utils_vendor:/opt/ros/jazzy/opt/gz_tools_vendor:/opt/ros/jazzy/opt/gz_ogre_next_vendor:/opt/ros/jazzy/opt/gz_dartsim_vendor:/opt/ros/jazzy/opt/gz_cmake_vendor:/opt/ros/jazzy LD_LIBRARY_PATH=/home/ysl/ros2_ws/install/rm_interfaces/lib:${LD_LIBRARY_PATH} PYTHONPATH=/home/ysl/ros2_ws/install/rm_interfaces/lib/python3.12/site-packages:${PYTHONPATH} /usr/bin/cmake --build /home/ysl/ros2_ws/build/cod_behavior -- -j12 -l12
[0.822s] [ 20%] Built target cod_behavior
[0.939s] [ 40%] Built target test_1
[1.030s] [ 60%] Built target msgtest
[1.116s] [ 80%] Built target tree_1
[1.221s] [100%] Built target checkNavResult
[1.261s] Invoked command in '/home/ysl/ros2_ws/build/cod_behavior' returned '0': AMENT_PREFIX_PATH=/home/ysl/ros2_ws/install/rm_interfaces:${AMENT_PREFIX_PATH} CMAKE_PREFIX_PATH=/home/ysl/ros2_ws/install/rm_interfaces:/home/ysl/BehaviorTree.CPP/install/behaviortree_cpp:/opt/ros/jazzy/opt/gz_sim_vendor:/opt/ros/jazzy/opt/gz_sensors_vendor:/opt/ros/jazzy/opt/gz_physics_vendor:/opt/ros/jazzy/opt/sdformat_vendor:/opt/ros/jazzy/opt/gz_gui_vendor:/opt/ros/jazzy/opt/gz_transport_vendor:/opt/ros/jazzy/opt/gz_rendering_vendor:/opt/ros/jazzy/opt/gz_plugin_vendor:/opt/ros/jazzy/opt/gz_fuel_tools_vendor:/opt/ros/jazzy/opt/gz_msgs_vendor:/opt/ros/jazzy/opt/gz_common_vendor:/opt/ros/jazzy/opt/gz_math_vendor:/opt/ros/jazzy/opt/gz_utils_vendor:/opt/ros/jazzy/opt/gz_tools_vendor:/opt/ros/jazzy/opt/gz_ogre_next_vendor:/opt/ros/jazzy/opt/gz_dartsim_vendor:/opt/ros/jazzy/opt/gz_cmake_vendor:/opt/ros/jazzy LD_LIBRARY_PATH=/home/ysl/ros2_ws/install/rm_interfaces/lib:${LD_LIBRARY_PATH} PYTHONPATH=/home/ysl/ros2_ws/install/rm_interfaces/lib/python3.12/site-packages:${PYTHONPATH} /usr/bin/cmake --build /home/ysl/ros2_ws/build/cod_behavior -- -j12 -l12
[1.265s] Invoking command in '/home/ysl/ros2_ws/build/cod_behavior': AMENT_PREFIX_PATH=/home/ysl/ros2_ws/install/rm_interfaces:${AMENT_PREFIX_PATH} CMAKE_PREFIX_PATH=/home/ysl/ros2_ws/install/rm_interfaces:/home/ysl/BehaviorTree.CPP/install/behaviortree_cpp:/opt/ros/jazzy/opt/gz_sim_vendor:/opt/ros/jazzy/opt/gz_sensors_vendor:/opt/ros/jazzy/opt/gz_physics_vendor:/opt/ros/jazzy/opt/sdformat_vendor:/opt/ros/jazzy/opt/gz_gui_vendor:/opt/ros/jazzy/opt/gz_transport_vendor:/opt/ros/jazzy/opt/gz_rendering_vendor:/opt/ros/jazzy/opt/gz_plugin_vendor:/opt/ros/jazzy/opt/gz_fuel_tools_vendor:/opt/ros/jazzy/opt/gz_msgs_vendor:/opt/ros/jazzy/opt/gz_common_vendor:/opt/ros/jazzy/opt/gz_math_vendor:/opt/ros/jazzy/opt/gz_utils_vendor:/opt/ros/jazzy/opt/gz_tools_vendor:/opt/ros/jazzy/opt/gz_ogre_next_vendor:/opt/ros/jazzy/opt/gz_dartsim_vendor:/opt/ros/jazzy/opt/gz_cmake_vendor:/opt/ros/jazzy LD_LIBRARY_PATH=/home/ysl/ros2_ws/install/rm_interfaces/lib:${LD_LIBRARY_PATH} PYTHONPATH=/home/ysl/ros2_ws/install/rm_interfaces/lib/python3.12/site-packages:${PYTHONPATH} /usr/bin/cmake --install /home/ysl/ros2_ws/build/cod_behavior
[1.289s] -- Install configuration: ""
[1.289s] -- Execute custom install script
[1.289s] -- Up-to-date symlink: /home/ysl/ros2_ws/install/cod_behavior/lib/cod_behavior/cod_behavior
[1.290s] -- Up-to-date symlink: /home/ysl/ros2_ws/install/cod_behavior/lib/cod_behavior/checkNavResult
[1.291s] -- Up-to-date symlink: /home/ysl/ros2_ws/install/cod_behavior/lib/cod_behavior/tree_1
[1.291s] -- Up-to-date symlink: /home/ysl/ros2_ws/install/cod_behavior/lib/cod_behavior/msgtest
[1.292s] -- Up-to-date symlink: /home/ysl/ros2_ws/install/cod_behavior/lib/cod_behavior/test_1
[1.293s] -- Up-to-date symlink: /home/ysl/ros2_ws/install/cod_behavior/share/cod_behavior/launch/bringup_behavior.launch.py
[1.293s] -- Up-to-date symlink: /home/ysl/ros2_ws/install/cod_behavior/share/ament_index/resource_index/package_run_dependencies/cod_behavior
[1.294s] -- Up-to-date symlink: /home/ysl/ros2_ws/install/cod_behavior/share/ament_index/resource_index/parent_prefix_path/cod_behavior
[1.295s] -- Up-to-date symlink: /home/ysl/ros2_ws/install/cod_behavior/share/cod_behavior/environment/ament_prefix_path.sh
[1.295s] -- Up-to-date symlink: /home/ysl/ros2_ws/install/cod_behavior/share/cod_behavior/environment/ament_prefix_path.dsv
[1.295s] -- Up-to-date symlink: /home/ysl/ros2_ws/install/cod_behavior/share/cod_behavior/environment/path.sh
[1.296s] -- Up-to-date symlink: /home/ysl/ros2_ws/install/cod_behavior/share/cod_behavior/environment/path.dsv
[1.297s] -- Up-to-date symlink: /home/ysl/ros2_ws/install/cod_behavior/share/cod_behavior/local_setup.bash
[1.297s] -- Up-to-date symlink: /home/ysl/ros2_ws/install/cod_behavior/share/cod_behavior/local_setup.sh
[1.298s] -- Up-to-date symlink: /home/ysl/ros2_ws/install/cod_behavior/share/cod_behavior/local_setup.zsh
[1.298s] -- Up-to-date symlink: /home/ysl/ros2_ws/install/cod_behavior/share/cod_behavior/local_setup.dsv
[1.298s] -- Symlinking: /home/ysl/ros2_ws/install/cod_behavior/share/cod_behavior/package.dsv
[1.331s] -- Up-to-date symlink: /home/ysl/ros2_ws/install/cod_behavior/share/ament_index/resource_index/packages/cod_behavior
[1.332s] -- Up-to-date symlink: /home/ysl/ros2_ws/install/cod_behavior/share/cod_behavior/cmake/cod_behaviorConfig.cmake
[1.333s] -- Up-to-date symlink: /home/ysl/ros2_ws/install/cod_behavior/share/cod_behavior/cmake/cod_behaviorConfig-version.cmake
[1.334s] -- Up-to-date symlink: /home/ysl/ros2_ws/install/cod_behavior/share/cod_behavior/package.xml
[1.358s] Invoked command in '/home/ysl/ros2_ws/build/cod_behavior' returned '0': AMENT_PREFIX_PATH=/home/ysl/ros2_ws/install/rm_interfaces:${AMENT_PREFIX_PATH} CMAKE_PREFIX_PATH=/home/ysl/ros2_ws/install/rm_interfaces:/home/ysl/BehaviorTree.CPP/install/behaviortree_cpp:/opt/ros/jazzy/opt/gz_sim_vendor:/opt/ros/jazzy/opt/gz_sensors_vendor:/opt/ros/jazzy/opt/gz_physics_vendor:/opt/ros/jazzy/opt/sdformat_vendor:/opt/ros/jazzy/opt/gz_gui_vendor:/opt/ros/jazzy/opt/gz_transport_vendor:/opt/ros/jazzy/opt/gz_rendering_vendor:/opt/ros/jazzy/opt/gz_plugin_vendor:/opt/ros/jazzy/opt/gz_fuel_tools_vendor:/opt/ros/jazzy/opt/gz_msgs_vendor:/opt/ros/jazzy/opt/gz_common_vendor:/opt/ros/jazzy/opt/gz_math_vendor:/opt/ros/jazzy/opt/gz_utils_vendor:/opt/ros/jazzy/opt/gz_tools_vendor:/opt/ros/jazzy/opt/gz_ogre_next_vendor:/opt/ros/jazzy/opt/gz_dartsim_vendor:/opt/ros/jazzy/opt/gz_cmake_vendor:/opt/ros/jazzy LD_LIBRARY_PATH=/home/ysl/ros2_ws/install/rm_interfaces/lib:${LD_LIBRARY_PATH} PYTHONPATH=/home/ysl/ros2_ws/install/rm_interfaces/lib/python3.12/site-packages:${PYTHONPATH} /usr/bin/cmake --install /home/ysl/ros2_ws/build/cod_behavior
