[0.031s] Invoking command in '/home/ysl/ros2_ws/build/btcpp_ros2_interfaces': CMAKE_PREFIX_PATH=${CMAKE_PREFIX_PATH}:/opt/ros/jazzy /usr/bin/cmake --build /home/ysl/ros2_ws/build/btcpp_ros2_interfaces -- -j12 -l12
[0.315s] [  1%] Built target btcpp_ros2_interfaces__rosidl_generator_type_description
[0.327s] [  1%] Built target ament_cmake_python_symlink_btcpp_ros2_interfaces
[0.371s] [  3%] Built target btcpp_ros2_interfaces__cpp
[0.395s] [ 25%] Built target btcpp_ros2_interfaces__rosidl_generator_c
[0.506s] [ 34%] Built target btcpp_ros2_interfaces__rosidl_typesupport_cpp
[0.531s] [ 43%] Built target btcpp_ros2_interfaces__rosidl_typesupport_introspection_c
[0.560s] [ 53%] Built target btcpp_ros2_interfaces__rosidl_typesupport_fastrtps_c
[0.563s] [ 62%] Built target btcpp_ros2_interfaces__rosidl_typesupport_c
[0.566s] [ 71%] Built target btcpp_ros2_interfaces__rosidl_typesupport_fastrtps_cpp
[0.593s] [ 81%] Built target btcpp_ros2_interfaces__rosidl_typesupport_introspection_cpp
[0.640s] [ 81%] Built target btcpp_ros2_interfaces
[0.690s] [ 82%] Built target btcpp_ros2_interfaces__py
[0.766s] [ 90%] Built target btcpp_ros2_interfaces__rosidl_generator_py
[0.820s] [ 93%] Built target btcpp_ros2_interfaces_s__rosidl_typesupport_introspection_c
[0.820s] [ 98%] Built target btcpp_ros2_interfaces_s__rosidl_typesupport_fastrtps_c
[0.821s] [100%] Built target btcpp_ros2_interfaces_s__rosidl_typesupport_c
[0.845s] running egg_info
[0.899s] writing btcpp_ros2_interfaces.egg-info/PKG-INFO
[0.900s] writing dependency_links to btcpp_ros2_interfaces.egg-info/dependency_links.txt
[0.901s] writing top-level names to btcpp_ros2_interfaces.egg-info/top_level.txt
[1.063s] reading manifest file 'btcpp_ros2_interfaces.egg-info/SOURCES.txt'
[1.065s] writing manifest file 'btcpp_ros2_interfaces.egg-info/SOURCES.txt'
[1.124s] [100%] Built target ament_cmake_python_build_btcpp_ros2_interfaces_egg
[1.149s] Invoked command in '/home/ysl/ros2_ws/build/btcpp_ros2_interfaces' returned '0': CMAKE_PREFIX_PATH=${CMAKE_PREFIX_PATH}:/opt/ros/jazzy /usr/bin/cmake --build /home/ysl/ros2_ws/build/btcpp_ros2_interfaces -- -j12 -l12
[1.169s] Invoking command in '/home/ysl/ros2_ws/build/btcpp_ros2_interfaces': CMAKE_PREFIX_PATH=${CMAKE_PREFIX_PATH}:/opt/ros/jazzy /usr/bin/cmake --install /home/ysl/ros2_ws/build/btcpp_ros2_interfaces
[1.186s] -- Install configuration: ""
[1.188s] -- Execute custom install script
[1.192s] -- Up-to-date symlink: /home/ysl/ros2_ws/install/btcpp_ros2_interfaces/share/ament_index/resource_index/rosidl_interfaces/btcpp_ros2_interfaces
[1.194s] -- Up-to-date symlink: /home/ysl/ros2_ws/install/btcpp_ros2_interfaces/share/btcpp_ros2_interfaces/msg/NodeStatus.json
[1.195s] -- Up-to-date symlink: /home/ysl/ros2_ws/install/btcpp_ros2_interfaces/share/btcpp_ros2_interfaces/srv/GetTrees.json
[1.196s] -- Up-to-date symlink: /home/ysl/ros2_ws/install/btcpp_ros2_interfaces/share/btcpp_ros2_interfaces/action/ExecuteTree.json
[1.197s] -- Up-to-date symlink: /home/ysl/ros2_ws/install/btcpp_ros2_interfaces/share/btcpp_ros2_interfaces/action/Sleep.json
[1.202s] -- Up-to-date symlink: /home/ysl/ros2_ws/install/btcpp_ros2_interfaces/include/btcpp_ros2_interfaces/btcpp_ros2_interfaces/action/detail/execute_tree__functions.h
[1.203s] -- Up-to-date symlink: /home/ysl/ros2_ws/install/btcpp_ros2_interfaces/include/btcpp_ros2_interfaces/btcpp_ros2_interfaces/action/detail/execute_tree__struct.h
[1.203s] -- Up-to-date symlink: /home/ysl/ros2_ws/install/btcpp_ros2_interfaces/include/btcpp_ros2_interfaces/btcpp_ros2_interfaces/action/detail/execute_tree__type_support.h
[1.204s] -- Up-to-date symlink: /home/ysl/ros2_ws/install/btcpp_ros2_interfaces/include/btcpp_ros2_interfaces/btcpp_ros2_interfaces/action/detail/sleep__functions.h
[1.204s] -- Up-to-date symlink: /home/ysl/ros2_ws/install/btcpp_ros2_interfaces/include/btcpp_ros2_interfaces/btcpp_ros2_interfaces/action/detail/sleep__struct.h
[1.205s] -- Up-to-date symlink: /home/ysl/ros2_ws/install/btcpp_ros2_interfaces/include/btcpp_ros2_interfaces/btcpp_ros2_interfaces/action/detail/sleep__type_support.h
[1.205s] -- Up-to-date symlink: /home/ysl/ros2_ws/install/btcpp_ros2_interfaces/include/btcpp_ros2_interfaces/btcpp_ros2_interfaces/action/execute_tree.h
[1.206s] -- Up-to-date symlink: /home/ysl/ros2_ws/install/btcpp_ros2_interfaces/include/btcpp_ros2_interfaces/btcpp_ros2_interfaces/action/sleep.h
[1.207s] -- Up-to-date symlink: /home/ysl/ros2_ws/install/btcpp_ros2_interfaces/include/btcpp_ros2_interfaces/btcpp_ros2_interfaces/msg/detail/node_status__functions.h
[1.208s] -- Up-to-date symlink: /home/ysl/ros2_ws/install/btcpp_ros2_interfaces/include/btcpp_ros2_interfaces/btcpp_ros2_interfaces/msg/detail/node_status__struct.h
[1.209s] -- Up-to-date symlink: /home/ysl/ros2_ws/install/btcpp_ros2_interfaces/include/btcpp_ros2_interfaces/btcpp_ros2_interfaces/msg/detail/node_status__type_support.h
[1.209s] -- Up-to-date symlink: /home/ysl/ros2_ws/install/btcpp_ros2_interfaces/include/btcpp_ros2_interfaces/btcpp_ros2_interfaces/msg/node_status.h
[1.210s] -- Up-to-date symlink: /home/ysl/ros2_ws/install/btcpp_ros2_interfaces/include/btcpp_ros2_interfaces/btcpp_ros2_interfaces/msg/rosidl_generator_c__visibility_control.h
[1.211s] -- Up-to-date symlink: /home/ysl/ros2_ws/install/btcpp_ros2_interfaces/include/btcpp_ros2_interfaces/btcpp_ros2_interfaces/srv/detail/get_trees__functions.h
[1.212s] -- Up-to-date symlink: /home/ysl/ros2_ws/install/btcpp_ros2_interfaces/include/btcpp_ros2_interfaces/btcpp_ros2_interfaces/srv/detail/get_trees__struct.h
[1.212s] -- Up-to-date symlink: /home/ysl/ros2_ws/install/btcpp_ros2_interfaces/include/btcpp_ros2_interfaces/btcpp_ros2_interfaces/srv/detail/get_trees__type_support.h
[1.213s] -- Up-to-date symlink: /home/ysl/ros2_ws/install/btcpp_ros2_interfaces/include/btcpp_ros2_interfaces/btcpp_ros2_interfaces/srv/get_trees.h
[1.214s] -- Up-to-date symlink: /home/ysl/ros2_ws/install/btcpp_ros2_interfaces/share/btcpp_ros2_interfaces/environment/library_path.sh
[1.215s] -- Up-to-date symlink: /home/ysl/ros2_ws/install/btcpp_ros2_interfaces/share/btcpp_ros2_interfaces/environment/library_path.dsv
[1.217s] -- Up-to-date symlink: /home/ysl/ros2_ws/install/btcpp_ros2_interfaces/include/btcpp_ros2_interfaces/btcpp_ros2_interfaces/action/detail/execute_tree__rosidl_typesupport_fastrtps_c.h
[1.217s] -- Up-to-date symlink: /home/ysl/ros2_ws/install/btcpp_ros2_interfaces/include/btcpp_ros2_interfaces/btcpp_ros2_interfaces/action/detail/sleep__rosidl_typesupport_fastrtps_c.h
[1.218s] -- Up-to-date symlink: /home/ysl/ros2_ws/install/btcpp_ros2_interfaces/include/btcpp_ros2_interfaces/btcpp_ros2_interfaces/msg/detail/node_status__rosidl_typesupport_fastrtps_c.h
[1.218s] -- Up-to-date symlink: /home/ysl/ros2_ws/install/btcpp_ros2_interfaces/include/btcpp_ros2_interfaces/btcpp_ros2_interfaces/msg/rosidl_typesupport_fastrtps_c__visibility_control.h
[1.219s] -- Up-to-date symlink: /home/ysl/ros2_ws/install/btcpp_ros2_interfaces/include/btcpp_ros2_interfaces/btcpp_ros2_interfaces/srv/detail/get_trees__rosidl_typesupport_fastrtps_c.h
[1.221s] -- Up-to-date symlink: /home/ysl/ros2_ws/install/btcpp_ros2_interfaces/include/btcpp_ros2_interfaces/btcpp_ros2_interfaces/action/detail/execute_tree__rosidl_typesupport_introspection_c.h
[1.221s] -- Up-to-date symlink: /home/ysl/ros2_ws/install/btcpp_ros2_interfaces/include/btcpp_ros2_interfaces/btcpp_ros2_interfaces/action/detail/sleep__rosidl_typesupport_introspection_c.h
[1.222s] -- Up-to-date symlink: /home/ysl/ros2_ws/install/btcpp_ros2_interfaces/include/btcpp_ros2_interfaces/btcpp_ros2_interfaces/msg/detail/node_status__rosidl_typesupport_introspection_c.h
[1.222s] -- Up-to-date symlink: /home/ysl/ros2_ws/install/btcpp_ros2_interfaces/include/btcpp_ros2_interfaces/btcpp_ros2_interfaces/msg/rosidl_typesupport_introspection_c__visibility_control.h
[1.223s] -- Up-to-date symlink: /home/ysl/ros2_ws/install/btcpp_ros2_interfaces/include/btcpp_ros2_interfaces/btcpp_ros2_interfaces/srv/detail/get_trees__rosidl_typesupport_introspection_c.h
[1.225s] -- Up-to-date symlink: /home/ysl/ros2_ws/install/btcpp_ros2_interfaces/include/btcpp_ros2_interfaces/btcpp_ros2_interfaces/action/detail/execute_tree__builder.hpp
[1.225s] -- Up-to-date symlink: /home/ysl/ros2_ws/install/btcpp_ros2_interfaces/include/btcpp_ros2_interfaces/btcpp_ros2_interfaces/action/detail/execute_tree__struct.hpp
[1.226s] -- Up-to-date symlink: /home/ysl/ros2_ws/install/btcpp_ros2_interfaces/include/btcpp_ros2_interfaces/btcpp_ros2_interfaces/action/detail/execute_tree__traits.hpp
[1.226s] -- Up-to-date symlink: /home/ysl/ros2_ws/install/btcpp_ros2_interfaces/include/btcpp_ros2_interfaces/btcpp_ros2_interfaces/action/detail/execute_tree__type_support.hpp
[1.227s] -- Up-to-date symlink: /home/ysl/ros2_ws/install/btcpp_ros2_interfaces/include/btcpp_ros2_interfaces/btcpp_ros2_interfaces/action/detail/sleep__builder.hpp
[1.228s] -- Up-to-date symlink: /home/ysl/ros2_ws/install/btcpp_ros2_interfaces/include/btcpp_ros2_interfaces/btcpp_ros2_interfaces/action/detail/sleep__struct.hpp
[1.228s] -- Up-to-date symlink: /home/ysl/ros2_ws/install/btcpp_ros2_interfaces/include/btcpp_ros2_interfaces/btcpp_ros2_interfaces/action/detail/sleep__traits.hpp
[1.229s] -- Up-to-date symlink: /home/ysl/ros2_ws/install/btcpp_ros2_interfaces/include/btcpp_ros2_interfaces/btcpp_ros2_interfaces/action/detail/sleep__type_support.hpp
[1.230s] -- Up-to-date symlink: /home/ysl/ros2_ws/install/btcpp_ros2_interfaces/include/btcpp_ros2_interfaces/btcpp_ros2_interfaces/action/execute_tree.hpp
[1.230s] -- Up-to-date symlink: /home/ysl/ros2_ws/install/btcpp_ros2_interfaces/include/btcpp_ros2_interfaces/btcpp_ros2_interfaces/action/sleep.hpp
[1.230s] -- Up-to-date symlink: /home/ysl/ros2_ws/install/btcpp_ros2_interfaces/include/btcpp_ros2_interfaces/btcpp_ros2_interfaces/msg/detail/node_status__builder.hpp
[1.231s] -- Up-to-date symlink: /home/ysl/ros2_ws/install/btcpp_ros2_interfaces/include/btcpp_ros2_interfaces/btcpp_ros2_interfaces/msg/detail/node_status__struct.hpp
[1.232s] -- Up-to-date symlink: /home/ysl/ros2_ws/install/btcpp_ros2_interfaces/include/btcpp_ros2_interfaces/btcpp_ros2_interfaces/msg/detail/node_status__traits.hpp
[1.232s] -- Up-to-date symlink: /home/ysl/ros2_ws/install/btcpp_ros2_interfaces/include/btcpp_ros2_interfaces/btcpp_ros2_interfaces/msg/detail/node_status__type_support.hpp
[1.234s] -- Up-to-date symlink: /home/ysl/ros2_ws/install/btcpp_ros2_interfaces/include/btcpp_ros2_interfaces/btcpp_ros2_interfaces/msg/node_status.hpp
[1.234s] -- Up-to-date symlink: /home/ysl/ros2_ws/install/btcpp_ros2_interfaces/include/btcpp_ros2_interfaces/btcpp_ros2_interfaces/msg/rosidl_generator_cpp__visibility_control.hpp
[1.235s] -- Up-to-date symlink: /home/ysl/ros2_ws/install/btcpp_ros2_interfaces/include/btcpp_ros2_interfaces/btcpp_ros2_interfaces/srv/detail/get_trees__builder.hpp
[1.236s] -- Up-to-date symlink: /home/ysl/ros2_ws/install/btcpp_ros2_interfaces/include/btcpp_ros2_interfaces/btcpp_ros2_interfaces/srv/detail/get_trees__struct.hpp
[1.236s] -- Up-to-date symlink: /home/ysl/ros2_ws/install/btcpp_ros2_interfaces/include/btcpp_ros2_interfaces/btcpp_ros2_interfaces/srv/detail/get_trees__traits.hpp
[1.237s] -- Up-to-date symlink: /home/ysl/ros2_ws/install/btcpp_ros2_interfaces/include/btcpp_ros2_interfaces/btcpp_ros2_interfaces/srv/detail/get_trees__type_support.hpp
[1.237s] -- Up-to-date symlink: /home/ysl/ros2_ws/install/btcpp_ros2_interfaces/include/btcpp_ros2_interfaces/btcpp_ros2_interfaces/srv/get_trees.hpp
[1.239s] -- Up-to-date symlink: /home/ysl/ros2_ws/install/btcpp_ros2_interfaces/include/btcpp_ros2_interfaces/btcpp_ros2_interfaces/action/detail/execute_tree__rosidl_typesupport_fastrtps_cpp.hpp
[1.240s] -- Up-to-date symlink: /home/ysl/ros2_ws/install/btcpp_ros2_interfaces/include/btcpp_ros2_interfaces/btcpp_ros2_interfaces/action/detail/sleep__rosidl_typesupport_fastrtps_cpp.hpp
[1.240s] -- Up-to-date symlink: /home/ysl/ros2_ws/install/btcpp_ros2_interfaces/include/btcpp_ros2_interfaces/btcpp_ros2_interfaces/msg/detail/node_status__rosidl_typesupport_fastrtps_cpp.hpp
[1.241s] -- Up-to-date symlink: /home/ysl/ros2_ws/install/btcpp_ros2_interfaces/include/btcpp_ros2_interfaces/btcpp_ros2_interfaces/msg/rosidl_typesupport_fastrtps_cpp__visibility_control.h
[1.242s] -- Up-to-date symlink: /home/ysl/ros2_ws/install/btcpp_ros2_interfaces/include/btcpp_ros2_interfaces/btcpp_ros2_interfaces/srv/detail/get_trees__rosidl_typesupport_fastrtps_cpp.hpp
[1.243s] -- Up-to-date symlink: /home/ysl/ros2_ws/install/btcpp_ros2_interfaces/include/btcpp_ros2_interfaces/btcpp_ros2_interfaces/action/detail/execute_tree__rosidl_typesupport_introspection_cpp.hpp
[1.244s] -- Up-to-date symlink: /home/ysl/ros2_ws/install/btcpp_ros2_interfaces/include/btcpp_ros2_interfaces/btcpp_ros2_interfaces/action/detail/sleep__rosidl_typesupport_introspection_cpp.hpp
[1.244s] -- Up-to-date symlink: /home/ysl/ros2_ws/install/btcpp_ros2_interfaces/include/btcpp_ros2_interfaces/btcpp_ros2_interfaces/msg/detail/node_status__rosidl_typesupport_introspection_cpp.hpp
[1.245s] -- Up-to-date symlink: /home/ysl/ros2_ws/install/btcpp_ros2_interfaces/include/btcpp_ros2_interfaces/btcpp_ros2_interfaces/srv/detail/get_trees__rosidl_typesupport_introspection_cpp.hpp
[1.245s] -- Up-to-date symlink: /home/ysl/ros2_ws/install/btcpp_ros2_interfaces/share/btcpp_ros2_interfaces/environment/pythonpath.sh
[1.246s] -- Up-to-date symlink: /home/ysl/ros2_ws/install/btcpp_ros2_interfaces/share/btcpp_ros2_interfaces/environment/pythonpath.dsv
[1.249s] -- Up-to-date symlink: /home/ysl/ros2_ws/install/btcpp_ros2_interfaces/lib/python3.12/site-packages/btcpp_ros2_interfaces-0.3.0-py3.12.egg-info/PKG-INFO
[1.249s] -- Up-to-date symlink: /home/ysl/ros2_ws/install/btcpp_ros2_interfaces/lib/python3.12/site-packages/btcpp_ros2_interfaces-0.3.0-py3.12.egg-info/SOURCES.txt
[1.250s] -- Up-to-date symlink: /home/ysl/ros2_ws/install/btcpp_ros2_interfaces/lib/python3.12/site-packages/btcpp_ros2_interfaces-0.3.0-py3.12.egg-info/dependency_links.txt
[1.251s] -- Up-to-date symlink: /home/ysl/ros2_ws/install/btcpp_ros2_interfaces/lib/python3.12/site-packages/btcpp_ros2_interfaces-0.3.0-py3.12.egg-info/top_level.txt
[1.252s] -- Up-to-date symlink: /home/ysl/ros2_ws/install/btcpp_ros2_interfaces/lib/python3.12/site-packages/btcpp_ros2_interfaces/__init__.py
[1.253s] -- Up-to-date symlink: /home/ysl/ros2_ws/install/btcpp_ros2_interfaces/lib/python3.12/site-packages/btcpp_ros2_interfaces/_btcpp_ros2_interfaces_s.ep.rosidl_typesupport_c.c
[1.253s] -- Up-to-date symlink: /home/ysl/ros2_ws/install/btcpp_ros2_interfaces/lib/python3.12/site-packages/btcpp_ros2_interfaces/_btcpp_ros2_interfaces_s.ep.rosidl_typesupport_fastrtps_c.c
[1.254s] -- Up-to-date symlink: /home/ysl/ros2_ws/install/btcpp_ros2_interfaces/lib/python3.12/site-packages/btcpp_ros2_interfaces/_btcpp_ros2_interfaces_s.ep.rosidl_typesupport_introspection_c.c
[1.255s] -- Up-to-date symlink: /home/ysl/ros2_ws/install/btcpp_ros2_interfaces/lib/python3.12/site-packages/btcpp_ros2_interfaces/action/__init__.py
[1.255s] -- Up-to-date symlink: /home/ysl/ros2_ws/install/btcpp_ros2_interfaces/lib/python3.12/site-packages/btcpp_ros2_interfaces/action/_execute_tree.py
[1.256s] -- Up-to-date symlink: /home/ysl/ros2_ws/install/btcpp_ros2_interfaces/lib/python3.12/site-packages/btcpp_ros2_interfaces/action/_execute_tree_s.c
[1.256s] -- Up-to-date symlink: /home/ysl/ros2_ws/install/btcpp_ros2_interfaces/lib/python3.12/site-packages/btcpp_ros2_interfaces/action/_sleep.py
[1.257s] -- Up-to-date symlink: /home/ysl/ros2_ws/install/btcpp_ros2_interfaces/lib/python3.12/site-packages/btcpp_ros2_interfaces/action/_sleep_s.c
[1.257s] -- Up-to-date symlink: /home/ysl/ros2_ws/install/btcpp_ros2_interfaces/lib/python3.12/site-packages/btcpp_ros2_interfaces/btcpp_ros2_interfaces_s__rosidl_typesupport_c.so
[1.258s] -- Up-to-date symlink: /home/ysl/ros2_ws/install/btcpp_ros2_interfaces/lib/python3.12/site-packages/btcpp_ros2_interfaces/btcpp_ros2_interfaces_s__rosidl_typesupport_fastrtps_c.so
[1.259s] -- Up-to-date symlink: /home/ysl/ros2_ws/install/btcpp_ros2_interfaces/lib/python3.12/site-packages/btcpp_ros2_interfaces/btcpp_ros2_interfaces_s__rosidl_typesupport_introspection_c.so
[1.260s] -- Up-to-date symlink: /home/ysl/ros2_ws/install/btcpp_ros2_interfaces/lib/python3.12/site-packages/btcpp_ros2_interfaces/msg/__init__.py
[1.260s] -- Up-to-date symlink: /home/ysl/ros2_ws/install/btcpp_ros2_interfaces/lib/python3.12/site-packages/btcpp_ros2_interfaces/msg/_node_status.py
[1.261s] -- Up-to-date symlink: /home/ysl/ros2_ws/install/btcpp_ros2_interfaces/lib/python3.12/site-packages/btcpp_ros2_interfaces/msg/_node_status_s.c
[1.262s] -- Up-to-date symlink: /home/ysl/ros2_ws/install/btcpp_ros2_interfaces/lib/python3.12/site-packages/btcpp_ros2_interfaces/srv/__init__.py
[1.263s] -- Up-to-date symlink: /home/ysl/ros2_ws/install/btcpp_ros2_interfaces/lib/python3.12/site-packages/btcpp_ros2_interfaces/srv/_get_trees.py
[1.264s] -- Up-to-date symlink: /home/ysl/ros2_ws/install/btcpp_ros2_interfaces/lib/python3.12/site-packages/btcpp_ros2_interfaces/srv/_get_trees_s.c
[1.264s] -- Up-to-date symlink: /home/ysl/ros2_ws/install/btcpp_ros2_interfaces/lib/python3.12/site-packages/btcpp_ros2_interfaces/btcpp_ros2_interfaces_s__rosidl_typesupport_fastrtps_c.so
[1.265s] -- Up-to-date symlink: /home/ysl/ros2_ws/install/btcpp_ros2_interfaces/lib/python3.12/site-packages/btcpp_ros2_interfaces/btcpp_ros2_interfaces_s__rosidl_typesupport_introspection_c.so
[1.266s] -- Up-to-date symlink: /home/ysl/ros2_ws/install/btcpp_ros2_interfaces/lib/python3.12/site-packages/btcpp_ros2_interfaces/btcpp_ros2_interfaces_s__rosidl_typesupport_c.so
[1.267s] -- Up-to-date symlink: /home/ysl/ros2_ws/install/btcpp_ros2_interfaces/share/btcpp_ros2_interfaces/msg/NodeStatus.idl
[1.267s] -- Up-to-date symlink: /home/ysl/ros2_ws/install/btcpp_ros2_interfaces/share/btcpp_ros2_interfaces/srv/GetTrees.idl
[1.268s] -- Up-to-date symlink: /home/ysl/ros2_ws/install/btcpp_ros2_interfaces/share/btcpp_ros2_interfaces/action/ExecuteTree.idl
[1.269s] -- Up-to-date symlink: /home/ysl/ros2_ws/install/btcpp_ros2_interfaces/share/btcpp_ros2_interfaces/action/Sleep.idl
[1.269s] -- Up-to-date symlink: /home/ysl/ros2_ws/install/btcpp_ros2_interfaces/share/btcpp_ros2_interfaces/msg/NodeStatus.msg
[1.270s] -- Up-to-date symlink: /home/ysl/ros2_ws/install/btcpp_ros2_interfaces/share/btcpp_ros2_interfaces/srv/GetTrees.srv
[1.271s] -- Up-to-date symlink: /home/ysl/ros2_ws/install/btcpp_ros2_interfaces/share/btcpp_ros2_interfaces/action/ExecuteTree.action
[1.271s] -- Up-to-date symlink: /home/ysl/ros2_ws/install/btcpp_ros2_interfaces/share/btcpp_ros2_interfaces/action/Sleep.action
[1.273s] -- Up-to-date symlink: /home/ysl/ros2_ws/install/btcpp_ros2_interfaces/share/ament_index/resource_index/package_run_dependencies/btcpp_ros2_interfaces
[1.273s] -- Up-to-date symlink: /home/ysl/ros2_ws/install/btcpp_ros2_interfaces/share/ament_index/resource_index/parent_prefix_path/btcpp_ros2_interfaces
[1.274s] -- Up-to-date symlink: /home/ysl/ros2_ws/install/btcpp_ros2_interfaces/share/btcpp_ros2_interfaces/environment/ament_prefix_path.sh
[1.275s] -- Up-to-date symlink: /home/ysl/ros2_ws/install/btcpp_ros2_interfaces/share/btcpp_ros2_interfaces/environment/ament_prefix_path.dsv
[1.276s] -- Up-to-date symlink: /home/ysl/ros2_ws/install/btcpp_ros2_interfaces/share/btcpp_ros2_interfaces/environment/path.sh
[1.277s] -- Up-to-date symlink: /home/ysl/ros2_ws/install/btcpp_ros2_interfaces/share/btcpp_ros2_interfaces/environment/path.dsv
[1.277s] -- Up-to-date symlink: /home/ysl/ros2_ws/install/btcpp_ros2_interfaces/share/btcpp_ros2_interfaces/local_setup.bash
[1.278s] -- Up-to-date symlink: /home/ysl/ros2_ws/install/btcpp_ros2_interfaces/share/btcpp_ros2_interfaces/local_setup.sh
[1.279s] -- Up-to-date symlink: /home/ysl/ros2_ws/install/btcpp_ros2_interfaces/share/btcpp_ros2_interfaces/local_setup.zsh
[1.279s] -- Up-to-date symlink: /home/ysl/ros2_ws/install/btcpp_ros2_interfaces/share/btcpp_ros2_interfaces/local_setup.dsv
[1.279s] -- Symlinking: /home/ysl/ros2_ws/install/btcpp_ros2_interfaces/share/btcpp_ros2_interfaces/package.dsv
[1.305s] -- Up-to-date symlink: /home/ysl/ros2_ws/install/btcpp_ros2_interfaces/share/ament_index/resource_index/packages/btcpp_ros2_interfaces
[1.306s] -- Up-to-date symlink: /home/ysl/ros2_ws/install/btcpp_ros2_interfaces/share/btcpp_ros2_interfaces/cmake/rosidl_cmake-extras.cmake
[1.306s] -- Up-to-date symlink: /home/ysl/ros2_ws/install/btcpp_ros2_interfaces/share/btcpp_ros2_interfaces/cmake/ament_cmake_export_dependencies-extras.cmake
[1.307s] -- Up-to-date symlink: /home/ysl/ros2_ws/install/btcpp_ros2_interfaces/share/btcpp_ros2_interfaces/cmake/ament_cmake_export_include_directories-extras.cmake
[1.308s] -- Up-to-date symlink: /home/ysl/ros2_ws/install/btcpp_ros2_interfaces/share/btcpp_ros2_interfaces/cmake/ament_cmake_export_libraries-extras.cmake
[1.309s] -- Up-to-date symlink: /home/ysl/ros2_ws/install/btcpp_ros2_interfaces/share/btcpp_ros2_interfaces/cmake/ament_cmake_export_targets-extras.cmake
[1.309s] -- Up-to-date symlink: /home/ysl/ros2_ws/install/btcpp_ros2_interfaces/share/btcpp_ros2_interfaces/cmake/rosidl_cmake_export_typesupport_targets-extras.cmake
[1.310s] -- Up-to-date symlink: /home/ysl/ros2_ws/install/btcpp_ros2_interfaces/share/btcpp_ros2_interfaces/cmake/rosidl_cmake_export_typesupport_libraries-extras.cmake
[1.311s] -- Up-to-date symlink: /home/ysl/ros2_ws/install/btcpp_ros2_interfaces/share/btcpp_ros2_interfaces/cmake/btcpp_ros2_interfacesConfig.cmake
[1.311s] -- Up-to-date symlink: /home/ysl/ros2_ws/install/btcpp_ros2_interfaces/share/btcpp_ros2_interfaces/cmake/btcpp_ros2_interfacesConfig-version.cmake
[1.312s] -- Up-to-date symlink: /home/ysl/ros2_ws/install/btcpp_ros2_interfaces/share/btcpp_ros2_interfaces/package.xml
[1.314s] -- Up-to-date: /home/ysl/ros2_ws/install/btcpp_ros2_interfaces/lib/libbtcpp_ros2_interfaces__rosidl_generator_c.so
[1.316s] -- Up-to-date: /home/ysl/ros2_ws/install/btcpp_ros2_interfaces/lib/libbtcpp_ros2_interfaces__rosidl_typesupport_fastrtps_c.so
[1.318s] -- Up-to-date: /home/ysl/ros2_ws/install/btcpp_ros2_interfaces/lib/libbtcpp_ros2_interfaces__rosidl_typesupport_introspection_c.so
[1.319s] -- Up-to-date: /home/ysl/ros2_ws/install/btcpp_ros2_interfaces/lib/libbtcpp_ros2_interfaces__rosidl_typesupport_c.so
[1.322s] -- Up-to-date: /home/ysl/ros2_ws/install/btcpp_ros2_interfaces/lib/libbtcpp_ros2_interfaces__rosidl_typesupport_fastrtps_cpp.so
[1.324s] -- Up-to-date: /home/ysl/ros2_ws/install/btcpp_ros2_interfaces/lib/libbtcpp_ros2_interfaces__rosidl_typesupport_introspection_cpp.so
[1.325s] -- Up-to-date: /home/ysl/ros2_ws/install/btcpp_ros2_interfaces/lib/libbtcpp_ros2_interfaces__rosidl_typesupport_cpp.so
[1.410s] Listing '/home/ysl/ros2_ws/install/btcpp_ros2_interfaces/lib/python3.12/site-packages/btcpp_ros2_interfaces'...
[1.410s] Listing '/home/ysl/ros2_ws/install/btcpp_ros2_interfaces/lib/python3.12/site-packages/btcpp_ros2_interfaces/action'...
[1.410s] Listing '/home/ysl/ros2_ws/install/btcpp_ros2_interfaces/lib/python3.12/site-packages/btcpp_ros2_interfaces/msg'...
[1.410s] Listing '/home/ysl/ros2_ws/install/btcpp_ros2_interfaces/lib/python3.12/site-packages/btcpp_ros2_interfaces/srv'...
[1.424s] -- Up-to-date: /home/ysl/ros2_ws/install/btcpp_ros2_interfaces/lib/libbtcpp_ros2_interfaces__rosidl_generator_py.so
[1.427s] -- Up-to-date: /home/ysl/ros2_ws/install/btcpp_ros2_interfaces/share/btcpp_ros2_interfaces/cmake/export_btcpp_ros2_interfaces__rosidl_generator_cExport.cmake
[1.427s] -- Up-to-date: /home/ysl/ros2_ws/install/btcpp_ros2_interfaces/share/btcpp_ros2_interfaces/cmake/export_btcpp_ros2_interfaces__rosidl_generator_cExport-noconfig.cmake
[1.428s] -- Up-to-date: /home/ysl/ros2_ws/install/btcpp_ros2_interfaces/share/btcpp_ros2_interfaces/cmake/export_btcpp_ros2_interfaces__rosidl_typesupport_fastrtps_cExport.cmake
[1.428s] -- Up-to-date: /home/ysl/ros2_ws/install/btcpp_ros2_interfaces/share/btcpp_ros2_interfaces/cmake/export_btcpp_ros2_interfaces__rosidl_typesupport_fastrtps_cExport-noconfig.cmake
[1.429s] -- Up-to-date: /home/ysl/ros2_ws/install/btcpp_ros2_interfaces/share/btcpp_ros2_interfaces/cmake/btcpp_ros2_interfaces__rosidl_typesupport_introspection_cExport.cmake
[1.429s] -- Up-to-date: /home/ysl/ros2_ws/install/btcpp_ros2_interfaces/share/btcpp_ros2_interfaces/cmake/btcpp_ros2_interfaces__rosidl_typesupport_introspection_cExport-noconfig.cmake
[1.431s] -- Up-to-date: /home/ysl/ros2_ws/install/btcpp_ros2_interfaces/share/btcpp_ros2_interfaces/cmake/btcpp_ros2_interfaces__rosidl_typesupport_cExport.cmake
[1.431s] -- Up-to-date: /home/ysl/ros2_ws/install/btcpp_ros2_interfaces/share/btcpp_ros2_interfaces/cmake/btcpp_ros2_interfaces__rosidl_typesupport_cExport-noconfig.cmake
[1.431s] -- Up-to-date: /home/ysl/ros2_ws/install/btcpp_ros2_interfaces/share/btcpp_ros2_interfaces/cmake/export_btcpp_ros2_interfaces__rosidl_generator_cppExport.cmake
[1.433s] -- Up-to-date: /home/ysl/ros2_ws/install/btcpp_ros2_interfaces/share/btcpp_ros2_interfaces/cmake/export_btcpp_ros2_interfaces__rosidl_typesupport_fastrtps_cppExport.cmake
[1.433s] -- Up-to-date: /home/ysl/ros2_ws/install/btcpp_ros2_interfaces/share/btcpp_ros2_interfaces/cmake/export_btcpp_ros2_interfaces__rosidl_typesupport_fastrtps_cppExport-noconfig.cmake
[1.434s] -- Up-to-date: /home/ysl/ros2_ws/install/btcpp_ros2_interfaces/share/btcpp_ros2_interfaces/cmake/btcpp_ros2_interfaces__rosidl_typesupport_introspection_cppExport.cmake
[1.434s] -- Up-to-date: /home/ysl/ros2_ws/install/btcpp_ros2_interfaces/share/btcpp_ros2_interfaces/cmake/btcpp_ros2_interfaces__rosidl_typesupport_introspection_cppExport-noconfig.cmake
[1.434s] -- Up-to-date: /home/ysl/ros2_ws/install/btcpp_ros2_interfaces/share/btcpp_ros2_interfaces/cmake/btcpp_ros2_interfaces__rosidl_typesupport_cppExport.cmake
[1.435s] -- Up-to-date: /home/ysl/ros2_ws/install/btcpp_ros2_interfaces/share/btcpp_ros2_interfaces/cmake/btcpp_ros2_interfaces__rosidl_typesupport_cppExport-noconfig.cmake
[1.435s] -- Up-to-date: /home/ysl/ros2_ws/install/btcpp_ros2_interfaces/share/btcpp_ros2_interfaces/cmake/export_btcpp_ros2_interfaces__rosidl_generator_pyExport.cmake
[1.435s] -- Up-to-date: /home/ysl/ros2_ws/install/btcpp_ros2_interfaces/share/btcpp_ros2_interfaces/cmake/export_btcpp_ros2_interfaces__rosidl_generator_pyExport-noconfig.cmake
[1.440s] Invoked command in '/home/ysl/ros2_ws/build/btcpp_ros2_interfaces' returned '0': CMAKE_PREFIX_PATH=${CMAKE_PREFIX_PATH}:/opt/ros/jazzy /usr/bin/cmake --install /home/ysl/ros2_ws/build/btcpp_ros2_interfaces
