-- Found rclcpp: 28.1.9 (/opt/ros/jazzy/share/rclcpp/cmake)
-- Override CMake install command with custom implementation using symlinks instead of copying resources
-- Found rosidl_generator_c: 4.6.5 (/opt/ros/jazzy/share/rosidl_generator_c/cmake)
-- Found rosidl_generator_cpp: 4.6.5 (/opt/ros/jazzy/share/rosidl_generator_cpp/cmake)
-- Using all available rosidl_typesupport_c: rosidl_typesupport_fastrtps_c;rosidl_typesupport_introspection_c
-- Using all available rosidl_typesupport_cpp: rosidl_typesupport_fastrtps_cpp;rosidl_typesupport_introspection_cpp
-- Found rmw_implementation_cmake: 7.3.2 (/opt/ros/jazzy/share/rmw_implementation_cmake/cmake)
-- Found rmw_fastrtps_cpp: 8.4.2 (/opt/ros/jazzy/share/rmw_fastrtps_cpp/cmake)
-- Using RMW implementation 'rmw_fastrtps_cpp' as default
-- Found rm_interfaces: 0.0.0 (/home/ysl/ros2_ws/install/rm_interfaces/share/rm_interfaces/cmake)
-- Configuring done (2.8s)
-- Generating done (0.0s)
-- Build files have been written to: /home/ysl/ros2_ws/build/cod_serial
[ 33%] [32mBuilding CXX object CMakeFiles/cod_serial.dir/src/cod_serial.cpp.o[0m
[ 66%] [32mBuilding CXX object CMakeFiles/cod_serial.dir/src/uart_transporter.cpp.o[0m
[01m[K/home/ysl/ros2_ws/COD_Serial/src/cod_serial.cpp:12:3:[m[K [01;31m[Kerror: [m[K‘[01m[Kint16[m[K’ does not name a type; did you mean ‘[01m[Kint16_t[m[K’?
   12 |   [01;31m[Kint16[m[K hp = 0;
      |   [01;31m[K^~~~~[m[K
      |   [32m[Kint16_t[m[K
[01m[K/home/ysl/ros2_ws/COD_Serial/src/cod_serial.cpp:13:3:[m[K [01;31m[Kerror: [m[K‘[01m[Kuint32[m[K’ does not name a type; did you mean ‘[01m[Kuint32_t[m[K’?
   13 |   [01;31m[Kuint32[m[K zone_status = 0;
      |   [01;31m[K^~~~~~[m[K
      |   [32m[Kuint32_t[m[K
[01m[K/home/ysl/ros2_ws/COD_Serial/src/cod_serial.cpp:[m[K In member function ‘[01m[Kbool CODSerial::[01;32m[KparseFrame[m[K(SerialData&)[m[K’:
[01m[K/home/ysl/ros2_ws/COD_Serial/src/cod_serial.cpp:45:11:[m[K [01;31m[Kerror: [m[K‘[01m[Kstruct SerialData[m[K’ has no member named ‘[01m[Khp[m[K’
   45 |       out.[01;31m[Khp[m[K = rx_cache_[2];
      |           [01;31m[K^~[m[K
[01m[K/home/ysl/ros2_ws/COD_Serial/src/cod_serial.cpp:46:11:[m[K [01;31m[Kerror: [m[K‘[01m[Kstruct SerialData[m[K’ has no member named ‘[01m[Kzone_status[m[K’
   46 |       out.[01;31m[Kzone_status[m[K = rx_cache_[3];
      |           [01;31m[K^~~~~~~~~~~[m[K
[01m[K/home/ysl/ros2_ws/COD_Serial/src/cod_serial.cpp:[m[K In member function ‘[01m[Kvoid CODSerialNode::[01;32m[Kloop[m[K()[m[K’:
[01m[K/home/ysl/ros2_ws/COD_Serial/src/cod_serial.cpp:98:39:[m[K [01;31m[Kerror: [m[K‘[01m[Kstruct SerialData[m[K’ has no member named ‘[01m[Khp[m[K’
   98 |       msg.judge_system_data.hp = data.[01;31m[Khp[m[K;
      |                                       [01;31m[K^~[m[K
[01m[K/home/ysl/ros2_ws/COD_Serial/src/cod_serial.cpp:99:48:[m[K [01;31m[Kerror: [m[K‘[01m[Kstruct SerialData[m[K’ has no member named ‘[01m[Kzone_status[m[K’
   99 |       msg.judge_system_data.zone_status = data.[01;31m[Kzone_status[m[K;
      |                                                [01;31m[K^~~~~~~~~~~[m[K
gmake[2]: *** [CMakeFiles/cod_serial.dir/build.make:76: CMakeFiles/cod_serial.dir/src/cod_serial.cpp.o] Error 1
gmake[1]: *** [CMakeFiles/Makefile2:137: CMakeFiles/cod_serial.dir/all] Error 2
gmake: *** [Makefile:146: all] Error 2
