[0.066s] Invoking command in '/home/ysl/ros2_ws/build/btcpp_ros2_interfaces': CMAKE_PREFIX_PATH=${CMAKE_PREFIX_PATH}:/opt/ros/jazzy /usr/bin/cmake --build /home/ysl/ros2_ws/build/btcpp_ros2_interfaces -- -j12 -l12
[0.316s] [  1%] Built target btcpp_ros2_interfaces__rosidl_generator_type_description
[0.427s] [  1%] Built target ament_cmake_python_symlink_btcpp_ros2_interfaces
[0.521s] [ 23%] Built target btcpp_ros2_interfaces__rosidl_generator_c
[1.253s] running egg_info
[1.350s] writing btcpp_ros2_interfaces.egg-info/PKG-INFO
[1.351s] writing dependency_links to btcpp_ros2_interfaces.egg-info/dependency_links.txt
[1.353s] writing top-level names to btcpp_ros2_interfaces.egg-info/top_level.txt
[1.555s] reading manifest file 'btcpp_ros2_interfaces.egg-info/SOURCES.txt'
[1.557s] writing manifest file 'btcpp_ros2_interfaces.egg-info/SOURCES.txt'
[1.641s] [ 23%] Built target ament_cmake_python_build_btcpp_ros2_interfaces_egg
[1.724s] [ 32%] Built target btcpp_ros2_interfaces__rosidl_typesupport_c
[1.805s] [ 42%] Built target btcpp_ros2_interfaces__rosidl_typesupport_introspection_c
[1.900s] [ 51%] Built target btcpp_ros2_interfaces__rosidl_typesupport_fastrtps_c
[1.966s] [ 53%] Built target btcpp_ros2_interfaces__cpp
[2.038s] [ 62%] Built target btcpp_ros2_interfaces__rosidl_typesupport_cpp
[2.109s] [ 71%] Built target btcpp_ros2_interfaces__rosidl_typesupport_introspection_cpp
[2.187s] [ 81%] Built target btcpp_ros2_interfaces__rosidl_typesupport_fastrtps_cpp
[2.238s] [ 81%] Built target btcpp_ros2_interfaces
[2.313s] [ 82%] Built target btcpp_ros2_interfaces__py
[2.383s] [ 90%] Built target btcpp_ros2_interfaces__rosidl_generator_py
[2.451s] [ 93%] Built target btcpp_ros2_interfaces_s__rosidl_typesupport_fastrtps_c
[2.523s] [ 96%] Built target btcpp_ros2_interfaces_s__rosidl_typesupport_c
[2.591s] [100%] Built target btcpp_ros2_interfaces_s__rosidl_typesupport_introspection_c
[2.635s] Invoked command in '/home/ysl/ros2_ws/build/btcpp_ros2_interfaces' returned '0': CMAKE_PREFIX_PATH=${CMAKE_PREFIX_PATH}:/opt/ros/jazzy /usr/bin/cmake --build /home/ysl/ros2_ws/build/btcpp_ros2_interfaces -- -j12 -l12
[2.661s] Invoking command in '/home/ysl/ros2_ws/build/btcpp_ros2_interfaces': CMAKE_PREFIX_PATH=${CMAKE_PREFIX_PATH}:/opt/ros/jazzy /usr/bin/cmake --install /home/ysl/ros2_ws/build/btcpp_ros2_interfaces
[2.685s] -- Install configuration: ""
[2.694s] -- Execute custom install script
[2.695s] -- Up-to-date symlink: /home/ysl/ros2_ws/install/btcpp_ros2_interfaces/share/ament_index/resource_index/rosidl_interfaces/btcpp_ros2_interfaces
[2.696s] -- Up-to-date symlink: /home/ysl/ros2_ws/install/btcpp_ros2_interfaces/share/btcpp_ros2_interfaces/msg/NodeStatus.json
[2.696s] -- Up-to-date symlink: /home/ysl/ros2_ws/install/btcpp_ros2_interfaces/share/btcpp_ros2_interfaces/srv/GetTrees.json
[2.697s] -- Up-to-date symlink: /home/ysl/ros2_ws/install/btcpp_ros2_interfaces/share/btcpp_ros2_interfaces/action/ExecuteTree.json
[2.698s] -- Up-to-date symlink: /home/ysl/ros2_ws/install/btcpp_ros2_interfaces/share/btcpp_ros2_interfaces/action/Sleep.json
[2.700s] -- Up-to-date symlink: /home/ysl/ros2_ws/install/btcpp_ros2_interfaces/include/btcpp_ros2_interfaces/btcpp_ros2_interfaces/action/detail/execute_tree__functions.h
[2.700s] -- Up-to-date symlink: /home/ysl/ros2_ws/install/btcpp_ros2_interfaces/include/btcpp_ros2_interfaces/btcpp_ros2_interfaces/action/detail/execute_tree__struct.h
[2.702s] -- Up-to-date symlink: /home/ysl/ros2_ws/install/btcpp_ros2_interfaces/include/btcpp_ros2_interfaces/btcpp_ros2_interfaces/action/detail/execute_tree__type_support.h
[2.703s] -- Up-to-date symlink: /home/ysl/ros2_ws/install/btcpp_ros2_interfaces/include/btcpp_ros2_interfaces/btcpp_ros2_interfaces/action/detail/sleep__functions.h
[2.703s] -- Up-to-date symlink: /home/ysl/ros2_ws/install/btcpp_ros2_interfaces/include/btcpp_ros2_interfaces/btcpp_ros2_interfaces/action/detail/sleep__struct.h
[2.703s] -- Up-to-date symlink: /home/ysl/ros2_ws/install/btcpp_ros2_interfaces/include/btcpp_ros2_interfaces/btcpp_ros2_interfaces/action/detail/sleep__type_support.h
[2.704s] -- Up-to-date symlink: /home/ysl/ros2_ws/install/btcpp_ros2_interfaces/include/btcpp_ros2_interfaces/btcpp_ros2_interfaces/action/execute_tree.h
[2.709s] -- Up-to-date symlink: /home/ysl/ros2_ws/install/btcpp_ros2_interfaces/include/btcpp_ros2_interfaces/btcpp_ros2_interfaces/action/sleep.h
[2.709s] -- Up-to-date symlink: /home/ysl/ros2_ws/install/btcpp_ros2_interfaces/include/btcpp_ros2_interfaces/btcpp_ros2_interfaces/msg/detail/node_status__functions.h
[2.709s] -- Up-to-date symlink: /home/ysl/ros2_ws/install/btcpp_ros2_interfaces/include/btcpp_ros2_interfaces/btcpp_ros2_interfaces/msg/detail/node_status__struct.h
[2.718s] -- Up-to-date symlink: /home/ysl/ros2_ws/install/btcpp_ros2_interfaces/include/btcpp_ros2_interfaces/btcpp_ros2_interfaces/msg/detail/node_status__type_support.h
[2.719s] -- Up-to-date symlink: /home/ysl/ros2_ws/install/btcpp_ros2_interfaces/include/btcpp_ros2_interfaces/btcpp_ros2_interfaces/msg/node_status.h
[2.721s] -- Up-to-date symlink: /home/ysl/ros2_ws/install/btcpp_ros2_interfaces/include/btcpp_ros2_interfaces/btcpp_ros2_interfaces/msg/rosidl_generator_c__visibility_control.h
[2.722s] -- Up-to-date symlink: /home/ysl/ros2_ws/install/btcpp_ros2_interfaces/include/btcpp_ros2_interfaces/btcpp_ros2_interfaces/srv/detail/get_trees__functions.h
[2.723s] -- Up-to-date symlink: /home/ysl/ros2_ws/install/btcpp_ros2_interfaces/include/btcpp_ros2_interfaces/btcpp_ros2_interfaces/srv/detail/get_trees__struct.h
[2.723s] -- Up-to-date symlink: /home/ysl/ros2_ws/install/btcpp_ros2_interfaces/include/btcpp_ros2_interfaces/btcpp_ros2_interfaces/srv/detail/get_trees__type_support.h
[2.724s] -- Up-to-date symlink: /home/ysl/ros2_ws/install/btcpp_ros2_interfaces/include/btcpp_ros2_interfaces/btcpp_ros2_interfaces/srv/get_trees.h
[2.725s] -- Up-to-date symlink: /home/ysl/ros2_ws/install/btcpp_ros2_interfaces/share/btcpp_ros2_interfaces/environment/library_path.sh
[2.725s] -- Up-to-date symlink: /home/ysl/ros2_ws/install/btcpp_ros2_interfaces/share/btcpp_ros2_interfaces/environment/library_path.dsv
[2.726s] -- Up-to-date symlink: /home/ysl/ros2_ws/install/btcpp_ros2_interfaces/include/btcpp_ros2_interfaces/btcpp_ros2_interfaces/action/detail/execute_tree__rosidl_typesupport_fastrtps_c.h
[2.729s] -- Up-to-date symlink: /home/ysl/ros2_ws/install/btcpp_ros2_interfaces/include/btcpp_ros2_interfaces/btcpp_ros2_interfaces/action/detail/sleep__rosidl_typesupport_fastrtps_c.h
[2.730s] -- Up-to-date symlink: /home/ysl/ros2_ws/install/btcpp_ros2_interfaces/include/btcpp_ros2_interfaces/btcpp_ros2_interfaces/msg/detail/node_status__rosidl_typesupport_fastrtps_c.h
[2.730s] -- Up-to-date symlink: /home/ysl/ros2_ws/install/btcpp_ros2_interfaces/include/btcpp_ros2_interfaces/btcpp_ros2_interfaces/msg/rosidl_typesupport_fastrtps_c__visibility_control.h
[2.730s] -- Up-to-date symlink: /home/ysl/ros2_ws/install/btcpp_ros2_interfaces/include/btcpp_ros2_interfaces/btcpp_ros2_interfaces/srv/detail/get_trees__rosidl_typesupport_fastrtps_c.h
[2.731s] -- Up-to-date symlink: /home/ysl/ros2_ws/install/btcpp_ros2_interfaces/include/btcpp_ros2_interfaces/btcpp_ros2_interfaces/action/detail/execute_tree__rosidl_typesupport_introspection_c.h
[2.732s] -- Up-to-date symlink: /home/ysl/ros2_ws/install/btcpp_ros2_interfaces/include/btcpp_ros2_interfaces/btcpp_ros2_interfaces/action/detail/sleep__rosidl_typesupport_introspection_c.h
[2.732s] -- Up-to-date symlink: /home/ysl/ros2_ws/install/btcpp_ros2_interfaces/include/btcpp_ros2_interfaces/btcpp_ros2_interfaces/msg/detail/node_status__rosidl_typesupport_introspection_c.h
[2.733s] -- Up-to-date symlink: /home/ysl/ros2_ws/install/btcpp_ros2_interfaces/include/btcpp_ros2_interfaces/btcpp_ros2_interfaces/msg/rosidl_typesupport_introspection_c__visibility_control.h
[2.734s] -- Up-to-date symlink: /home/ysl/ros2_ws/install/btcpp_ros2_interfaces/include/btcpp_ros2_interfaces/btcpp_ros2_interfaces/srv/detail/get_trees__rosidl_typesupport_introspection_c.h
[2.738s] -- Up-to-date symlink: /home/ysl/ros2_ws/install/btcpp_ros2_interfaces/include/btcpp_ros2_interfaces/btcpp_ros2_interfaces/action/detail/execute_tree__builder.hpp
[2.739s] -- Up-to-date symlink: /home/ysl/ros2_ws/install/btcpp_ros2_interfaces/include/btcpp_ros2_interfaces/btcpp_ros2_interfaces/action/detail/execute_tree__struct.hpp
[2.739s] -- Up-to-date symlink: /home/ysl/ros2_ws/install/btcpp_ros2_interfaces/include/btcpp_ros2_interfaces/btcpp_ros2_interfaces/action/detail/execute_tree__traits.hpp
[2.739s] -- Up-to-date symlink: /home/ysl/ros2_ws/install/btcpp_ros2_interfaces/include/btcpp_ros2_interfaces/btcpp_ros2_interfaces/action/detail/execute_tree__type_support.hpp
[2.739s] -- Up-to-date symlink: /home/ysl/ros2_ws/install/btcpp_ros2_interfaces/include/btcpp_ros2_interfaces/btcpp_ros2_interfaces/action/detail/sleep__builder.hpp
[2.739s] -- Up-to-date symlink: /home/ysl/ros2_ws/install/btcpp_ros2_interfaces/include/btcpp_ros2_interfaces/btcpp_ros2_interfaces/action/detail/sleep__struct.hpp
[2.741s] -- Up-to-date symlink: /home/ysl/ros2_ws/install/btcpp_ros2_interfaces/include/btcpp_ros2_interfaces/btcpp_ros2_interfaces/action/detail/sleep__traits.hpp
[2.743s] -- Up-to-date symlink: /home/ysl/ros2_ws/install/btcpp_ros2_interfaces/include/btcpp_ros2_interfaces/btcpp_ros2_interfaces/action/detail/sleep__type_support.hpp
[2.743s] -- Up-to-date symlink: /home/ysl/ros2_ws/install/btcpp_ros2_interfaces/include/btcpp_ros2_interfaces/btcpp_ros2_interfaces/action/execute_tree.hpp
[2.744s] -- Up-to-date symlink: /home/ysl/ros2_ws/install/btcpp_ros2_interfaces/include/btcpp_ros2_interfaces/btcpp_ros2_interfaces/action/sleep.hpp
[2.744s] -- Up-to-date symlink: /home/ysl/ros2_ws/install/btcpp_ros2_interfaces/include/btcpp_ros2_interfaces/btcpp_ros2_interfaces/msg/detail/node_status__builder.hpp
[2.744s] -- Up-to-date symlink: /home/ysl/ros2_ws/install/btcpp_ros2_interfaces/include/btcpp_ros2_interfaces/btcpp_ros2_interfaces/msg/detail/node_status__struct.hpp
[2.744s] -- Up-to-date symlink: /home/ysl/ros2_ws/install/btcpp_ros2_interfaces/include/btcpp_ros2_interfaces/btcpp_ros2_interfaces/msg/detail/node_status__traits.hpp
[2.745s] -- Up-to-date symlink: /home/ysl/ros2_ws/install/btcpp_ros2_interfaces/include/btcpp_ros2_interfaces/btcpp_ros2_interfaces/msg/detail/node_status__type_support.hpp
[2.745s] -- Up-to-date symlink: /home/ysl/ros2_ws/install/btcpp_ros2_interfaces/include/btcpp_ros2_interfaces/btcpp_ros2_interfaces/msg/node_status.hpp
[2.746s] -- Up-to-date symlink: /home/ysl/ros2_ws/install/btcpp_ros2_interfaces/include/btcpp_ros2_interfaces/btcpp_ros2_interfaces/msg/rosidl_generator_cpp__visibility_control.hpp
[2.747s] -- Up-to-date symlink: /home/ysl/ros2_ws/install/btcpp_ros2_interfaces/include/btcpp_ros2_interfaces/btcpp_ros2_interfaces/srv/detail/get_trees__builder.hpp
[2.748s] -- Up-to-date symlink: /home/ysl/ros2_ws/install/btcpp_ros2_interfaces/include/btcpp_ros2_interfaces/btcpp_ros2_interfaces/srv/detail/get_trees__struct.hpp
[2.749s] -- Up-to-date symlink: /home/ysl/ros2_ws/install/btcpp_ros2_interfaces/include/btcpp_ros2_interfaces/btcpp_ros2_interfaces/srv/detail/get_trees__traits.hpp
[2.750s] -- Up-to-date symlink: /home/ysl/ros2_ws/install/btcpp_ros2_interfaces/include/btcpp_ros2_interfaces/btcpp_ros2_interfaces/srv/detail/get_trees__type_support.hpp
[2.750s] -- Up-to-date symlink: /home/ysl/ros2_ws/install/btcpp_ros2_interfaces/include/btcpp_ros2_interfaces/btcpp_ros2_interfaces/srv/get_trees.hpp
[2.751s] -- Up-to-date symlink: /home/ysl/ros2_ws/install/btcpp_ros2_interfaces/include/btcpp_ros2_interfaces/btcpp_ros2_interfaces/action/detail/execute_tree__rosidl_typesupport_fastrtps_cpp.hpp
[2.752s] -- Up-to-date symlink: /home/ysl/ros2_ws/install/btcpp_ros2_interfaces/include/btcpp_ros2_interfaces/btcpp_ros2_interfaces/action/detail/sleep__rosidl_typesupport_fastrtps_cpp.hpp
[2.752s] -- Up-to-date symlink: /home/ysl/ros2_ws/install/btcpp_ros2_interfaces/include/btcpp_ros2_interfaces/btcpp_ros2_interfaces/msg/detail/node_status__rosidl_typesupport_fastrtps_cpp.hpp
[2.753s] -- Up-to-date symlink: /home/ysl/ros2_ws/install/btcpp_ros2_interfaces/include/btcpp_ros2_interfaces/btcpp_ros2_interfaces/msg/rosidl_typesupport_fastrtps_cpp__visibility_control.h
[2.753s] -- Up-to-date symlink: /home/ysl/ros2_ws/install/btcpp_ros2_interfaces/include/btcpp_ros2_interfaces/btcpp_ros2_interfaces/srv/detail/get_trees__rosidl_typesupport_fastrtps_cpp.hpp
[2.754s] -- Up-to-date symlink: /home/ysl/ros2_ws/install/btcpp_ros2_interfaces/include/btcpp_ros2_interfaces/btcpp_ros2_interfaces/action/detail/execute_tree__rosidl_typesupport_introspection_cpp.hpp
[2.754s] -- Up-to-date symlink: /home/ysl/ros2_ws/install/btcpp_ros2_interfaces/include/btcpp_ros2_interfaces/btcpp_ros2_interfaces/action/detail/sleep__rosidl_typesupport_introspection_cpp.hpp
[2.755s] -- Up-to-date symlink: /home/ysl/ros2_ws/install/btcpp_ros2_interfaces/include/btcpp_ros2_interfaces/btcpp_ros2_interfaces/msg/detail/node_status__rosidl_typesupport_introspection_cpp.hpp
[2.755s] -- Up-to-date symlink: /home/ysl/ros2_ws/install/btcpp_ros2_interfaces/include/btcpp_ros2_interfaces/btcpp_ros2_interfaces/srv/detail/get_trees__rosidl_typesupport_introspection_cpp.hpp
[2.756s] -- Up-to-date symlink: /home/ysl/ros2_ws/install/btcpp_ros2_interfaces/share/btcpp_ros2_interfaces/environment/pythonpath.sh
[2.765s] -- Up-to-date symlink: /home/ysl/ros2_ws/install/btcpp_ros2_interfaces/share/btcpp_ros2_interfaces/environment/pythonpath.dsv
[2.766s] -- Up-to-date symlink: /home/ysl/ros2_ws/install/btcpp_ros2_interfaces/lib/python3.12/site-packages/btcpp_ros2_interfaces-0.3.0-py3.12.egg-info/PKG-INFO
[2.766s] -- Up-to-date symlink: /home/ysl/ros2_ws/install/btcpp_ros2_interfaces/lib/python3.12/site-packages/btcpp_ros2_interfaces-0.3.0-py3.12.egg-info/SOURCES.txt
[2.767s] -- Up-to-date symlink: /home/ysl/ros2_ws/install/btcpp_ros2_interfaces/lib/python3.12/site-packages/btcpp_ros2_interfaces-0.3.0-py3.12.egg-info/dependency_links.txt
[2.767s] -- Up-to-date symlink: /home/ysl/ros2_ws/install/btcpp_ros2_interfaces/lib/python3.12/site-packages/btcpp_ros2_interfaces-0.3.0-py3.12.egg-info/top_level.txt
[2.767s] -- Up-to-date symlink: /home/ysl/ros2_ws/install/btcpp_ros2_interfaces/lib/python3.12/site-packages/btcpp_ros2_interfaces/__init__.py
[2.769s] -- Up-to-date symlink: /home/ysl/ros2_ws/install/btcpp_ros2_interfaces/lib/python3.12/site-packages/btcpp_ros2_interfaces/_btcpp_ros2_interfaces_s.ep.rosidl_typesupport_c.c
[2.769s] -- Up-to-date symlink: /home/ysl/ros2_ws/install/btcpp_ros2_interfaces/lib/python3.12/site-packages/btcpp_ros2_interfaces/_btcpp_ros2_interfaces_s.ep.rosidl_typesupport_fastrtps_c.c
[2.769s] -- Up-to-date symlink: /home/ysl/ros2_ws/install/btcpp_ros2_interfaces/lib/python3.12/site-packages/btcpp_ros2_interfaces/_btcpp_ros2_interfaces_s.ep.rosidl_typesupport_introspection_c.c
[2.769s] -- Up-to-date symlink: /home/ysl/ros2_ws/install/btcpp_ros2_interfaces/lib/python3.12/site-packages/btcpp_ros2_interfaces/action/__init__.py
[2.769s] -- Up-to-date symlink: /home/ysl/ros2_ws/install/btcpp_ros2_interfaces/lib/python3.12/site-packages/btcpp_ros2_interfaces/action/_execute_tree.py
[2.769s] -- Up-to-date symlink: /home/ysl/ros2_ws/install/btcpp_ros2_interfaces/lib/python3.12/site-packages/btcpp_ros2_interfaces/action/_execute_tree_s.c
[2.770s] -- Up-to-date symlink: /home/ysl/ros2_ws/install/btcpp_ros2_interfaces/lib/python3.12/site-packages/btcpp_ros2_interfaces/action/_sleep.py
[2.770s] -- Up-to-date symlink: /home/ysl/ros2_ws/install/btcpp_ros2_interfaces/lib/python3.12/site-packages/btcpp_ros2_interfaces/action/_sleep_s.c
[2.770s] -- Up-to-date symlink: /home/ysl/ros2_ws/install/btcpp_ros2_interfaces/lib/python3.12/site-packages/btcpp_ros2_interfaces/btcpp_ros2_interfaces_s__rosidl_typesupport_c.so
[2.770s] -- Up-to-date symlink: /home/ysl/ros2_ws/install/btcpp_ros2_interfaces/lib/python3.12/site-packages/btcpp_ros2_interfaces/btcpp_ros2_interfaces_s__rosidl_typesupport_fastrtps_c.so
[2.770s] -- Up-to-date symlink: /home/ysl/ros2_ws/install/btcpp_ros2_interfaces/lib/python3.12/site-packages/btcpp_ros2_interfaces/btcpp_ros2_interfaces_s__rosidl_typesupport_introspection_c.so
[2.770s] -- Up-to-date symlink: /home/ysl/ros2_ws/install/btcpp_ros2_interfaces/lib/python3.12/site-packages/btcpp_ros2_interfaces/msg/__init__.py
[2.770s] -- Up-to-date symlink: /home/ysl/ros2_ws/install/btcpp_ros2_interfaces/lib/python3.12/site-packages/btcpp_ros2_interfaces/msg/_node_status.py
[2.771s] -- Up-to-date symlink: /home/ysl/ros2_ws/install/btcpp_ros2_interfaces/lib/python3.12/site-packages/btcpp_ros2_interfaces/msg/_node_status_s.c
[2.771s] -- Up-to-date symlink: /home/ysl/ros2_ws/install/btcpp_ros2_interfaces/lib/python3.12/site-packages/btcpp_ros2_interfaces/srv/__init__.py
[2.772s] -- Up-to-date symlink: /home/ysl/ros2_ws/install/btcpp_ros2_interfaces/lib/python3.12/site-packages/btcpp_ros2_interfaces/srv/_get_trees.py
[2.772s] -- Up-to-date symlink: /home/ysl/ros2_ws/install/btcpp_ros2_interfaces/lib/python3.12/site-packages/btcpp_ros2_interfaces/srv/_get_trees_s.c
[2.772s] -- Up-to-date symlink: /home/ysl/ros2_ws/install/btcpp_ros2_interfaces/lib/python3.12/site-packages/btcpp_ros2_interfaces/btcpp_ros2_interfaces_s__rosidl_typesupport_fastrtps_c.so
[2.774s] -- Up-to-date symlink: /home/ysl/ros2_ws/install/btcpp_ros2_interfaces/lib/python3.12/site-packages/btcpp_ros2_interfaces/btcpp_ros2_interfaces_s__rosidl_typesupport_introspection_c.so
[2.775s] -- Up-to-date symlink: /home/ysl/ros2_ws/install/btcpp_ros2_interfaces/lib/python3.12/site-packages/btcpp_ros2_interfaces/btcpp_ros2_interfaces_s__rosidl_typesupport_c.so
[2.775s] -- Up-to-date symlink: /home/ysl/ros2_ws/install/btcpp_ros2_interfaces/share/btcpp_ros2_interfaces/msg/NodeStatus.idl
[2.776s] -- Up-to-date symlink: /home/ysl/ros2_ws/install/btcpp_ros2_interfaces/share/btcpp_ros2_interfaces/srv/GetTrees.idl
[2.776s] -- Up-to-date symlink: /home/ysl/ros2_ws/install/btcpp_ros2_interfaces/share/btcpp_ros2_interfaces/action/ExecuteTree.idl
[2.776s] -- Up-to-date symlink: /home/ysl/ros2_ws/install/btcpp_ros2_interfaces/share/btcpp_ros2_interfaces/action/Sleep.idl
[2.777s] -- Up-to-date symlink: /home/ysl/ros2_ws/install/btcpp_ros2_interfaces/share/btcpp_ros2_interfaces/msg/NodeStatus.msg
[2.777s] -- Up-to-date symlink: /home/ysl/ros2_ws/install/btcpp_ros2_interfaces/share/btcpp_ros2_interfaces/srv/GetTrees.srv
[2.778s] -- Up-to-date symlink: /home/ysl/ros2_ws/install/btcpp_ros2_interfaces/share/btcpp_ros2_interfaces/action/ExecuteTree.action
[2.778s] -- Up-to-date symlink: /home/ysl/ros2_ws/install/btcpp_ros2_interfaces/share/btcpp_ros2_interfaces/action/Sleep.action
[2.779s] -- Up-to-date symlink: /home/ysl/ros2_ws/install/btcpp_ros2_interfaces/share/ament_index/resource_index/package_run_dependencies/btcpp_ros2_interfaces
[2.779s] -- Up-to-date symlink: /home/ysl/ros2_ws/install/btcpp_ros2_interfaces/share/ament_index/resource_index/parent_prefix_path/btcpp_ros2_interfaces
[2.780s] -- Up-to-date symlink: /home/ysl/ros2_ws/install/btcpp_ros2_interfaces/share/btcpp_ros2_interfaces/environment/ament_prefix_path.sh
[2.780s] -- Up-to-date symlink: /home/ysl/ros2_ws/install/btcpp_ros2_interfaces/share/btcpp_ros2_interfaces/environment/ament_prefix_path.dsv
[2.780s] -- Up-to-date symlink: /home/ysl/ros2_ws/install/btcpp_ros2_interfaces/share/btcpp_ros2_interfaces/environment/path.sh
[2.781s] -- Up-to-date symlink: /home/ysl/ros2_ws/install/btcpp_ros2_interfaces/share/btcpp_ros2_interfaces/environment/path.dsv
[2.781s] -- Up-to-date symlink: /home/ysl/ros2_ws/install/btcpp_ros2_interfaces/share/btcpp_ros2_interfaces/local_setup.bash
[2.782s] -- Up-to-date symlink: /home/ysl/ros2_ws/install/btcpp_ros2_interfaces/share/btcpp_ros2_interfaces/local_setup.sh
[2.782s] -- Up-to-date symlink: /home/ysl/ros2_ws/install/btcpp_ros2_interfaces/share/btcpp_ros2_interfaces/local_setup.zsh
[2.787s] -- Up-to-date symlink: /home/ysl/ros2_ws/install/btcpp_ros2_interfaces/share/btcpp_ros2_interfaces/local_setup.dsv
[2.787s] -- Symlinking: /home/ysl/ros2_ws/install/btcpp_ros2_interfaces/share/btcpp_ros2_interfaces/package.dsv
[2.870s] -- Up-to-date symlink: /home/ysl/ros2_ws/install/btcpp_ros2_interfaces/share/ament_index/resource_index/packages/btcpp_ros2_interfaces
[2.870s] -- Up-to-date symlink: /home/ysl/ros2_ws/install/btcpp_ros2_interfaces/share/btcpp_ros2_interfaces/cmake/rosidl_cmake-extras.cmake
[2.871s] -- Up-to-date symlink: /home/ysl/ros2_ws/install/btcpp_ros2_interfaces/share/btcpp_ros2_interfaces/cmake/ament_cmake_export_dependencies-extras.cmake
[2.871s] -- Up-to-date symlink: /home/ysl/ros2_ws/install/btcpp_ros2_interfaces/share/btcpp_ros2_interfaces/cmake/ament_cmake_export_include_directories-extras.cmake
[2.871s] -- Up-to-date symlink: /home/ysl/ros2_ws/install/btcpp_ros2_interfaces/share/btcpp_ros2_interfaces/cmake/ament_cmake_export_libraries-extras.cmake
[2.871s] -- Up-to-date symlink: /home/ysl/ros2_ws/install/btcpp_ros2_interfaces/share/btcpp_ros2_interfaces/cmake/ament_cmake_export_targets-extras.cmake
[2.872s] -- Up-to-date symlink: /home/ysl/ros2_ws/install/btcpp_ros2_interfaces/share/btcpp_ros2_interfaces/cmake/rosidl_cmake_export_typesupport_targets-extras.cmake
[2.872s] -- Up-to-date symlink: /home/ysl/ros2_ws/install/btcpp_ros2_interfaces/share/btcpp_ros2_interfaces/cmake/rosidl_cmake_export_typesupport_libraries-extras.cmake
[2.872s] -- Up-to-date symlink: /home/ysl/ros2_ws/install/btcpp_ros2_interfaces/share/btcpp_ros2_interfaces/cmake/btcpp_ros2_interfacesConfig.cmake
[2.873s] -- Up-to-date symlink: /home/ysl/ros2_ws/install/btcpp_ros2_interfaces/share/btcpp_ros2_interfaces/cmake/btcpp_ros2_interfacesConfig-version.cmake
[2.873s] -- Up-to-date symlink: /home/ysl/ros2_ws/install/btcpp_ros2_interfaces/share/btcpp_ros2_interfaces/package.xml
[2.873s] -- Up-to-date: /home/ysl/ros2_ws/install/btcpp_ros2_interfaces/lib/libbtcpp_ros2_interfaces__rosidl_generator_c.so
[2.873s] -- Up-to-date: /home/ysl/ros2_ws/install/btcpp_ros2_interfaces/lib/libbtcpp_ros2_interfaces__rosidl_typesupport_fastrtps_c.so
[2.873s] -- Up-to-date: /home/ysl/ros2_ws/install/btcpp_ros2_interfaces/lib/libbtcpp_ros2_interfaces__rosidl_typesupport_introspection_c.so
[2.873s] -- Up-to-date: /home/ysl/ros2_ws/install/btcpp_ros2_interfaces/lib/libbtcpp_ros2_interfaces__rosidl_typesupport_c.so
[2.873s] -- Up-to-date: /home/ysl/ros2_ws/install/btcpp_ros2_interfaces/lib/libbtcpp_ros2_interfaces__rosidl_typesupport_fastrtps_cpp.so
[2.873s] -- Up-to-date: /home/ysl/ros2_ws/install/btcpp_ros2_interfaces/lib/libbtcpp_ros2_interfaces__rosidl_typesupport_introspection_cpp.so
[2.874s] -- Up-to-date: /home/ysl/ros2_ws/install/btcpp_ros2_interfaces/lib/libbtcpp_ros2_interfaces__rosidl_typesupport_cpp.so
[2.964s] Listing '/home/ysl/ros2_ws/install/btcpp_ros2_interfaces/lib/python3.12/site-packages/btcpp_ros2_interfaces'...
[2.964s] Listing '/home/ysl/ros2_ws/install/btcpp_ros2_interfaces/lib/python3.12/site-packages/btcpp_ros2_interfaces/action'...
[2.966s] Listing '/home/ysl/ros2_ws/install/btcpp_ros2_interfaces/lib/python3.12/site-packages/btcpp_ros2_interfaces/msg'...
[2.966s] Listing '/home/ysl/ros2_ws/install/btcpp_ros2_interfaces/lib/python3.12/site-packages/btcpp_ros2_interfaces/srv'...
[2.987s] -- Up-to-date: /home/ysl/ros2_ws/install/btcpp_ros2_interfaces/lib/libbtcpp_ros2_interfaces__rosidl_generator_py.so
[3.003s] -- Up-to-date: /home/ysl/ros2_ws/install/btcpp_ros2_interfaces/share/btcpp_ros2_interfaces/cmake/export_btcpp_ros2_interfaces__rosidl_generator_cExport.cmake
[3.008s] -- Up-to-date: /home/ysl/ros2_ws/install/btcpp_ros2_interfaces/share/btcpp_ros2_interfaces/cmake/export_btcpp_ros2_interfaces__rosidl_generator_cExport-noconfig.cmake
[3.027s] -- Up-to-date: /home/ysl/ros2_ws/install/btcpp_ros2_interfaces/share/btcpp_ros2_interfaces/cmake/export_btcpp_ros2_interfaces__rosidl_typesupport_fastrtps_cExport.cmake
[3.027s] -- Up-to-date: /home/ysl/ros2_ws/install/btcpp_ros2_interfaces/share/btcpp_ros2_interfaces/cmake/export_btcpp_ros2_interfaces__rosidl_typesupport_fastrtps_cExport-noconfig.cmake
[3.030s] -- Up-to-date: /home/ysl/ros2_ws/install/btcpp_ros2_interfaces/share/btcpp_ros2_interfaces/cmake/btcpp_ros2_interfaces__rosidl_typesupport_introspection_cExport.cmake
[3.030s] -- Up-to-date: /home/ysl/ros2_ws/install/btcpp_ros2_interfaces/share/btcpp_ros2_interfaces/cmake/btcpp_ros2_interfaces__rosidl_typesupport_introspection_cExport-noconfig.cmake
[3.030s] -- Up-to-date: /home/ysl/ros2_ws/install/btcpp_ros2_interfaces/share/btcpp_ros2_interfaces/cmake/btcpp_ros2_interfaces__rosidl_typesupport_cExport.cmake
[3.033s] -- Up-to-date: /home/ysl/ros2_ws/install/btcpp_ros2_interfaces/share/btcpp_ros2_interfaces/cmake/btcpp_ros2_interfaces__rosidl_typesupport_cExport-noconfig.cmake
[3.033s] -- Up-to-date: /home/ysl/ros2_ws/install/btcpp_ros2_interfaces/share/btcpp_ros2_interfaces/cmake/export_btcpp_ros2_interfaces__rosidl_generator_cppExport.cmake
[3.049s] -- Up-to-date: /home/ysl/ros2_ws/install/btcpp_ros2_interfaces/share/btcpp_ros2_interfaces/cmake/export_btcpp_ros2_interfaces__rosidl_typesupport_fastrtps_cppExport.cmake
[3.049s] -- Up-to-date: /home/ysl/ros2_ws/install/btcpp_ros2_interfaces/share/btcpp_ros2_interfaces/cmake/export_btcpp_ros2_interfaces__rosidl_typesupport_fastrtps_cppExport-noconfig.cmake
[3.052s] -- Up-to-date: /home/ysl/ros2_ws/install/btcpp_ros2_interfaces/share/btcpp_ros2_interfaces/cmake/btcpp_ros2_interfaces__rosidl_typesupport_introspection_cppExport.cmake
[3.053s] -- Up-to-date: /home/ysl/ros2_ws/install/btcpp_ros2_interfaces/share/btcpp_ros2_interfaces/cmake/btcpp_ros2_interfaces__rosidl_typesupport_introspection_cppExport-noconfig.cmake
[3.063s] -- Up-to-date: /home/ysl/ros2_ws/install/btcpp_ros2_interfaces/share/btcpp_ros2_interfaces/cmake/btcpp_ros2_interfaces__rosidl_typesupport_cppExport.cmake
[3.064s] -- Up-to-date: /home/ysl/ros2_ws/install/btcpp_ros2_interfaces/share/btcpp_ros2_interfaces/cmake/btcpp_ros2_interfaces__rosidl_typesupport_cppExport-noconfig.cmake
[3.064s] -- Up-to-date: /home/ysl/ros2_ws/install/btcpp_ros2_interfaces/share/btcpp_ros2_interfaces/cmake/export_btcpp_ros2_interfaces__rosidl_generator_pyExport.cmake
[3.065s] -- Up-to-date: /home/ysl/ros2_ws/install/btcpp_ros2_interfaces/share/btcpp_ros2_interfaces/cmake/export_btcpp_ros2_interfaces__rosidl_generator_pyExport-noconfig.cmake
[3.072s] Invoked command in '/home/ysl/ros2_ws/build/btcpp_ros2_interfaces' returned '0': CMAKE_PREFIX_PATH=${CMAKE_PREFIX_PATH}:/opt/ros/jazzy /usr/bin/cmake --install /home/ysl/ros2_ws/build/btcpp_ros2_interfaces
