[0.053s] Invoking command in '/home/ysl/ros2_ws/build/rm_interfaces': CMAKE_PREFIX_PATH=${CMAKE_PREFIX_PATH}:/opt/ros/jazzy /usr/bin/cmake --build /home/ysl/ros2_ws/build/rm_interfaces -- -j12 -l12
[0.290s] [  0%] Built target rm_interfaces__rosidl_generator_type_description
[0.365s] [  0%] Built target ament_cmake_python_symlink_rm_interfaces
[0.485s] [ 28%] Built target rm_interfaces__rosidl_generator_c
[1.098s] running egg_info
[1.163s] writing rm_interfaces.egg-info/PKG-INFO
[1.167s] writing dependency_links to rm_interfaces.egg-info/dependency_links.txt
[1.169s] writing top-level names to rm_interfaces.egg-info/top_level.txt
[1.339s] reading manifest file 'rm_interfaces.egg-info/SOURCES.txt'
[1.341s] writing manifest file 'rm_interfaces.egg-info/SOURCES.txt'
[1.427s] [ 28%] Built target ament_cmake_python_build_rm_interfaces_egg
[1.519s] [ 38%] Built target rm_interfaces__rosidl_typesupport_c
[1.608s] [ 48%] Built target rm_interfaces__rosidl_typesupport_introspection_c
[1.710s] [ 58%] Built target rm_interfaces__rosidl_typesupport_fastrtps_c
[1.782s] [ 58%] Built target rm_interfaces__cpp
[1.900s] [ 68%] Built target rm_interfaces__rosidl_typesupport_cpp
[2.013s] [ 78%] Built target rm_interfaces__rosidl_typesupport_introspection_cpp
[2.119s] [ 87%] Built target rm_interfaces__rosidl_typesupport_fastrtps_cpp
[2.171s] [ 87%] Built target rm_interfaces
[2.247s] [ 87%] Built target rm_interfaces__py
[2.373s] [ 97%] Built target rm_interfaces__rosidl_generator_py
[2.464s] [ 98%] Built target rm_interfaces_s__rosidl_typesupport_fastrtps_c
[2.527s] [ 99%] Built target rm_interfaces_s__rosidl_typesupport_c
[2.601s] [100%] Built target rm_interfaces_s__rosidl_typesupport_introspection_c
[2.650s] Invoked command in '/home/ysl/ros2_ws/build/rm_interfaces' returned '0': CMAKE_PREFIX_PATH=${CMAKE_PREFIX_PATH}:/opt/ros/jazzy /usr/bin/cmake --build /home/ysl/ros2_ws/build/rm_interfaces -- -j12 -l12
[2.674s] Invoking command in '/home/ysl/ros2_ws/build/rm_interfaces': CMAKE_PREFIX_PATH=${CMAKE_PREFIX_PATH}:/opt/ros/jazzy /usr/bin/cmake --install /home/ysl/ros2_ws/build/rm_interfaces
[2.700s] -- Install configuration: ""
[2.701s] -- Execute custom install script
[2.702s] -- Up-to-date symlink: /home/ysl/ros2_ws/install/rm_interfaces/share/ament_index/resource_index/rosidl_interfaces/rm_interfaces
[2.702s] -- Up-to-date symlink: /home/ysl/ros2_ws/install/rm_interfaces/share/rm_interfaces/msg/Armor.json
[2.703s] -- Up-to-date symlink: /home/ysl/ros2_ws/install/rm_interfaces/share/rm_interfaces/msg/Armors.json
[2.703s] -- Up-to-date symlink: /home/ysl/ros2_ws/install/rm_interfaces/share/rm_interfaces/msg/Target.json
[2.704s] -- Up-to-date symlink: /home/ysl/ros2_ws/install/rm_interfaces/share/rm_interfaces/msg/RuneTarget.json
[2.705s] -- Up-to-date symlink: /home/ysl/ros2_ws/install/rm_interfaces/share/rm_interfaces/msg/Point2d.json
[2.707s] -- Up-to-date symlink: /home/ysl/ros2_ws/install/rm_interfaces/share/rm_interfaces/msg/GimbalCmd.json
[2.708s] -- Up-to-date symlink: /home/ysl/ros2_ws/install/rm_interfaces/share/rm_interfaces/msg/ChassisCmd.json
[2.710s] -- Up-to-date symlink: /home/ysl/ros2_ws/install/rm_interfaces/share/rm_interfaces/msg/DebugLight.json
[2.711s] -- Up-to-date symlink: /home/ysl/ros2_ws/install/rm_interfaces/share/rm_interfaces/msg/DebugLights.json
[2.712s] -- Up-to-date symlink: /home/ysl/ros2_ws/install/rm_interfaces/share/rm_interfaces/msg/DebugArmor.json
[2.715s] -- Up-to-date symlink: /home/ysl/ros2_ws/install/rm_interfaces/share/rm_interfaces/msg/DebugArmors.json
[2.716s] -- Up-to-date symlink: /home/ysl/ros2_ws/install/rm_interfaces/share/rm_interfaces/msg/DebugRuneAngle.json
[2.716s] -- Up-to-date symlink: /home/ysl/ros2_ws/install/rm_interfaces/share/rm_interfaces/msg/Measurement.json
[2.716s] -- Up-to-date symlink: /home/ysl/ros2_ws/install/rm_interfaces/share/rm_interfaces/msg/JudgeSystemData.json
[2.716s] -- Up-to-date symlink: /home/ysl/ros2_ws/install/rm_interfaces/share/rm_interfaces/msg/OperatorCommand.json
[2.716s] -- Up-to-date symlink: /home/ysl/ros2_ws/install/rm_interfaces/share/rm_interfaces/msg/SerialReceiveData.json
[2.717s] -- Up-to-date symlink: /home/ysl/ros2_ws/install/rm_interfaces/share/rm_interfaces/msg/EkfP.json
[2.718s] -- Up-to-date symlink: /home/ysl/ros2_ws/install/rm_interfaces/share/rm_interfaces/msg/Want.json
[2.718s] -- Up-to-date symlink: /home/ysl/ros2_ws/install/rm_interfaces/share/rm_interfaces/msg/LimitAngle.json
[2.719s] -- Up-to-date symlink: /home/ysl/ros2_ws/install/rm_interfaces/share/rm_interfaces/msg/ShootFireTarget.json
[2.744s] -- Up-to-date symlink: /home/ysl/ros2_ws/install/rm_interfaces/share/rm_interfaces/msg/ShootFireTargets.json
[2.745s] -- Up-to-date symlink: /home/ysl/ros2_ws/install/rm_interfaces/share/rm_interfaces/srv/SetMode.json
[2.748s] -- Up-to-date symlink: /home/ysl/ros2_ws/install/rm_interfaces/include/rm_interfaces/rm_interfaces/msg/armor.h
[2.749s] -- Up-to-date symlink: /home/ysl/ros2_ws/install/rm_interfaces/include/rm_interfaces/rm_interfaces/msg/armors.h
[2.749s] -- Up-to-date symlink: /home/ysl/ros2_ws/install/rm_interfaces/include/rm_interfaces/rm_interfaces/msg/chassis_cmd.h
[2.750s] -- Up-to-date symlink: /home/ysl/ros2_ws/install/rm_interfaces/include/rm_interfaces/rm_interfaces/msg/debug_armor.h
[2.751s] -- Up-to-date symlink: /home/ysl/ros2_ws/install/rm_interfaces/include/rm_interfaces/rm_interfaces/msg/debug_armors.h
[2.752s] -- Up-to-date symlink: /home/ysl/ros2_ws/install/rm_interfaces/include/rm_interfaces/rm_interfaces/msg/debug_light.h
[2.752s] -- Up-to-date symlink: /home/ysl/ros2_ws/install/rm_interfaces/include/rm_interfaces/rm_interfaces/msg/debug_lights.h
[2.753s] -- Up-to-date symlink: /home/ysl/ros2_ws/install/rm_interfaces/include/rm_interfaces/rm_interfaces/msg/debug_rune_angle.h
[2.753s] -- Up-to-date symlink: /home/ysl/ros2_ws/install/rm_interfaces/include/rm_interfaces/rm_interfaces/msg/detail/armor__functions.h
[2.753s] -- Up-to-date symlink: /home/ysl/ros2_ws/install/rm_interfaces/include/rm_interfaces/rm_interfaces/msg/detail/armor__struct.h
[2.754s] -- Up-to-date symlink: /home/ysl/ros2_ws/install/rm_interfaces/include/rm_interfaces/rm_interfaces/msg/detail/armor__type_support.h
[2.754s] -- Up-to-date symlink: /home/ysl/ros2_ws/install/rm_interfaces/include/rm_interfaces/rm_interfaces/msg/detail/armors__functions.h
[2.754s] -- Up-to-date symlink: /home/ysl/ros2_ws/install/rm_interfaces/include/rm_interfaces/rm_interfaces/msg/detail/armors__struct.h
[2.754s] -- Up-to-date symlink: /home/ysl/ros2_ws/install/rm_interfaces/include/rm_interfaces/rm_interfaces/msg/detail/armors__type_support.h
[2.754s] -- Up-to-date symlink: /home/ysl/ros2_ws/install/rm_interfaces/include/rm_interfaces/rm_interfaces/msg/detail/chassis_cmd__functions.h
[2.754s] -- Up-to-date symlink: /home/ysl/ros2_ws/install/rm_interfaces/include/rm_interfaces/rm_interfaces/msg/detail/chassis_cmd__struct.h
[2.755s] -- Up-to-date symlink: /home/ysl/ros2_ws/install/rm_interfaces/include/rm_interfaces/rm_interfaces/msg/detail/chassis_cmd__type_support.h
[2.755s] -- Up-to-date symlink: /home/ysl/ros2_ws/install/rm_interfaces/include/rm_interfaces/rm_interfaces/msg/detail/debug_armor__functions.h
[2.755s] -- Up-to-date symlink: /home/ysl/ros2_ws/install/rm_interfaces/include/rm_interfaces/rm_interfaces/msg/detail/debug_armor__struct.h
[2.756s] -- Up-to-date symlink: /home/ysl/ros2_ws/install/rm_interfaces/include/rm_interfaces/rm_interfaces/msg/detail/debug_armor__type_support.h
[2.757s] -- Up-to-date symlink: /home/ysl/ros2_ws/install/rm_interfaces/include/rm_interfaces/rm_interfaces/msg/detail/debug_armors__functions.h
[2.757s] -- Up-to-date symlink: /home/ysl/ros2_ws/install/rm_interfaces/include/rm_interfaces/rm_interfaces/msg/detail/debug_armors__struct.h
[2.757s] -- Up-to-date symlink: /home/ysl/ros2_ws/install/rm_interfaces/include/rm_interfaces/rm_interfaces/msg/detail/debug_armors__type_support.h
[2.758s] -- Up-to-date symlink: /home/ysl/ros2_ws/install/rm_interfaces/include/rm_interfaces/rm_interfaces/msg/detail/debug_light__functions.h
[2.758s] -- Up-to-date symlink: /home/ysl/ros2_ws/install/rm_interfaces/include/rm_interfaces/rm_interfaces/msg/detail/debug_light__struct.h
[2.758s] -- Up-to-date symlink: /home/ysl/ros2_ws/install/rm_interfaces/include/rm_interfaces/rm_interfaces/msg/detail/debug_light__type_support.h
[2.758s] -- Up-to-date symlink: /home/ysl/ros2_ws/install/rm_interfaces/include/rm_interfaces/rm_interfaces/msg/detail/debug_lights__functions.h
[2.758s] -- Up-to-date symlink: /home/ysl/ros2_ws/install/rm_interfaces/include/rm_interfaces/rm_interfaces/msg/detail/debug_lights__struct.h
[2.760s] -- Up-to-date symlink: /home/ysl/ros2_ws/install/rm_interfaces/include/rm_interfaces/rm_interfaces/msg/detail/debug_lights__type_support.h
[2.760s] -- Up-to-date symlink: /home/ysl/ros2_ws/install/rm_interfaces/include/rm_interfaces/rm_interfaces/msg/detail/debug_rune_angle__functions.h
[2.761s] -- Up-to-date symlink: /home/ysl/ros2_ws/install/rm_interfaces/include/rm_interfaces/rm_interfaces/msg/detail/debug_rune_angle__struct.h
[2.761s] -- Up-to-date symlink: /home/ysl/ros2_ws/install/rm_interfaces/include/rm_interfaces/rm_interfaces/msg/detail/debug_rune_angle__type_support.h
[2.761s] -- Up-to-date symlink: /home/ysl/ros2_ws/install/rm_interfaces/include/rm_interfaces/rm_interfaces/msg/detail/ekf_p__functions.h
[2.762s] -- Up-to-date symlink: /home/ysl/ros2_ws/install/rm_interfaces/include/rm_interfaces/rm_interfaces/msg/detail/ekf_p__struct.h
[2.762s] -- Up-to-date symlink: /home/ysl/ros2_ws/install/rm_interfaces/include/rm_interfaces/rm_interfaces/msg/detail/ekf_p__type_support.h
[2.762s] -- Up-to-date symlink: /home/ysl/ros2_ws/install/rm_interfaces/include/rm_interfaces/rm_interfaces/msg/detail/gimbal_cmd__functions.h
[2.762s] -- Up-to-date symlink: /home/ysl/ros2_ws/install/rm_interfaces/include/rm_interfaces/rm_interfaces/msg/detail/gimbal_cmd__struct.h
[2.763s] -- Up-to-date symlink: /home/ysl/ros2_ws/install/rm_interfaces/include/rm_interfaces/rm_interfaces/msg/detail/gimbal_cmd__type_support.h
[2.763s] -- Up-to-date symlink: /home/ysl/ros2_ws/install/rm_interfaces/include/rm_interfaces/rm_interfaces/msg/detail/judge_system_data__functions.h
[2.763s] -- Up-to-date symlink: /home/ysl/ros2_ws/install/rm_interfaces/include/rm_interfaces/rm_interfaces/msg/detail/judge_system_data__struct.h
[2.763s] -- Up-to-date symlink: /home/ysl/ros2_ws/install/rm_interfaces/include/rm_interfaces/rm_interfaces/msg/detail/judge_system_data__type_support.h
[2.764s] -- Up-to-date symlink: /home/ysl/ros2_ws/install/rm_interfaces/include/rm_interfaces/rm_interfaces/msg/detail/limit_angle__functions.h
[2.764s] -- Up-to-date symlink: /home/ysl/ros2_ws/install/rm_interfaces/include/rm_interfaces/rm_interfaces/msg/detail/limit_angle__struct.h
[2.765s] -- Up-to-date symlink: /home/ysl/ros2_ws/install/rm_interfaces/include/rm_interfaces/rm_interfaces/msg/detail/limit_angle__type_support.h
[2.765s] -- Up-to-date symlink: /home/ysl/ros2_ws/install/rm_interfaces/include/rm_interfaces/rm_interfaces/msg/detail/measurement__functions.h
[2.765s] -- Up-to-date symlink: /home/ysl/ros2_ws/install/rm_interfaces/include/rm_interfaces/rm_interfaces/msg/detail/measurement__struct.h
[2.765s] -- Up-to-date symlink: /home/ysl/ros2_ws/install/rm_interfaces/include/rm_interfaces/rm_interfaces/msg/detail/measurement__type_support.h
[2.765s] -- Up-to-date symlink: /home/ysl/ros2_ws/install/rm_interfaces/include/rm_interfaces/rm_interfaces/msg/detail/operator_command__functions.h
[2.765s] -- Up-to-date symlink: /home/ysl/ros2_ws/install/rm_interfaces/include/rm_interfaces/rm_interfaces/msg/detail/operator_command__struct.h
[2.766s] -- Up-to-date symlink: /home/ysl/ros2_ws/install/rm_interfaces/include/rm_interfaces/rm_interfaces/msg/detail/operator_command__type_support.h
[2.766s] -- Up-to-date symlink: /home/ysl/ros2_ws/install/rm_interfaces/include/rm_interfaces/rm_interfaces/msg/detail/point2d__functions.h
[2.766s] -- Up-to-date symlink: /home/ysl/ros2_ws/install/rm_interfaces/include/rm_interfaces/rm_interfaces/msg/detail/point2d__struct.h
[2.771s] -- Up-to-date symlink: /home/ysl/ros2_ws/install/rm_interfaces/include/rm_interfaces/rm_interfaces/msg/detail/point2d__type_support.h
[2.771s] -- Up-to-date symlink: /home/ysl/ros2_ws/install/rm_interfaces/include/rm_interfaces/rm_interfaces/msg/detail/rune_target__functions.h
[2.772s] -- Up-to-date symlink: /home/ysl/ros2_ws/install/rm_interfaces/include/rm_interfaces/rm_interfaces/msg/detail/rune_target__struct.h
[2.772s] -- Up-to-date symlink: /home/ysl/ros2_ws/install/rm_interfaces/include/rm_interfaces/rm_interfaces/msg/detail/rune_target__type_support.h
[2.773s] -- Up-to-date symlink: /home/ysl/ros2_ws/install/rm_interfaces/include/rm_interfaces/rm_interfaces/msg/detail/serial_receive_data__functions.h
[2.773s] -- Up-to-date symlink: /home/ysl/ros2_ws/install/rm_interfaces/include/rm_interfaces/rm_interfaces/msg/detail/serial_receive_data__struct.h
[2.773s] -- Up-to-date symlink: /home/ysl/ros2_ws/install/rm_interfaces/include/rm_interfaces/rm_interfaces/msg/detail/serial_receive_data__type_support.h
[2.773s] -- Up-to-date symlink: /home/ysl/ros2_ws/install/rm_interfaces/include/rm_interfaces/rm_interfaces/msg/detail/shoot_fire_target__functions.h
[2.774s] -- Up-to-date symlink: /home/ysl/ros2_ws/install/rm_interfaces/include/rm_interfaces/rm_interfaces/msg/detail/shoot_fire_target__struct.h
[2.774s] -- Up-to-date symlink: /home/ysl/ros2_ws/install/rm_interfaces/include/rm_interfaces/rm_interfaces/msg/detail/shoot_fire_target__type_support.h
[2.774s] -- Up-to-date symlink: /home/ysl/ros2_ws/install/rm_interfaces/include/rm_interfaces/rm_interfaces/msg/detail/shoot_fire_targets__functions.h
[2.774s] -- Up-to-date symlink: /home/ysl/ros2_ws/install/rm_interfaces/include/rm_interfaces/rm_interfaces/msg/detail/shoot_fire_targets__struct.h
[2.774s] -- Up-to-date symlink: /home/ysl/ros2_ws/install/rm_interfaces/include/rm_interfaces/rm_interfaces/msg/detail/shoot_fire_targets__type_support.h
[2.775s] -- Up-to-date symlink: /home/ysl/ros2_ws/install/rm_interfaces/include/rm_interfaces/rm_interfaces/msg/detail/target__functions.h
[2.775s] -- Up-to-date symlink: /home/ysl/ros2_ws/install/rm_interfaces/include/rm_interfaces/rm_interfaces/msg/detail/target__struct.h
[2.775s] -- Up-to-date symlink: /home/ysl/ros2_ws/install/rm_interfaces/include/rm_interfaces/rm_interfaces/msg/detail/target__type_support.h
[2.775s] -- Up-to-date symlink: /home/ysl/ros2_ws/install/rm_interfaces/include/rm_interfaces/rm_interfaces/msg/detail/want__functions.h
[2.775s] -- Up-to-date symlink: /home/ysl/ros2_ws/install/rm_interfaces/include/rm_interfaces/rm_interfaces/msg/detail/want__struct.h
[2.776s] -- Up-to-date symlink: /home/ysl/ros2_ws/install/rm_interfaces/include/rm_interfaces/rm_interfaces/msg/detail/want__type_support.h
[2.776s] -- Up-to-date symlink: /home/ysl/ros2_ws/install/rm_interfaces/include/rm_interfaces/rm_interfaces/msg/ekf_p.h
[2.776s] -- Up-to-date symlink: /home/ysl/ros2_ws/install/rm_interfaces/include/rm_interfaces/rm_interfaces/msg/gimbal_cmd.h
[2.776s] -- Up-to-date symlink: /home/ysl/ros2_ws/install/rm_interfaces/include/rm_interfaces/rm_interfaces/msg/judge_system_data.h
[2.778s] -- Up-to-date symlink: /home/ysl/ros2_ws/install/rm_interfaces/include/rm_interfaces/rm_interfaces/msg/limit_angle.h
[2.778s] -- Up-to-date symlink: /home/ysl/ros2_ws/install/rm_interfaces/include/rm_interfaces/rm_interfaces/msg/measurement.h
[2.778s] -- Up-to-date symlink: /home/ysl/ros2_ws/install/rm_interfaces/include/rm_interfaces/rm_interfaces/msg/operator_command.h
[2.779s] -- Up-to-date symlink: /home/ysl/ros2_ws/install/rm_interfaces/include/rm_interfaces/rm_interfaces/msg/point2d.h
[2.780s] -- Up-to-date symlink: /home/ysl/ros2_ws/install/rm_interfaces/include/rm_interfaces/rm_interfaces/msg/rosidl_generator_c__visibility_control.h
[2.780s] -- Up-to-date symlink: /home/ysl/ros2_ws/install/rm_interfaces/include/rm_interfaces/rm_interfaces/msg/rune_target.h
[2.780s] -- Up-to-date symlink: /home/ysl/ros2_ws/install/rm_interfaces/include/rm_interfaces/rm_interfaces/msg/serial_receive_data.h
[2.780s] -- Up-to-date symlink: /home/ysl/ros2_ws/install/rm_interfaces/include/rm_interfaces/rm_interfaces/msg/shoot_fire_target.h
[2.781s] -- Up-to-date symlink: /home/ysl/ros2_ws/install/rm_interfaces/include/rm_interfaces/rm_interfaces/msg/shoot_fire_targets.h
[2.781s] -- Up-to-date symlink: /home/ysl/ros2_ws/install/rm_interfaces/include/rm_interfaces/rm_interfaces/msg/target.h
[2.781s] -- Up-to-date symlink: /home/ysl/ros2_ws/install/rm_interfaces/include/rm_interfaces/rm_interfaces/msg/want.h
[2.782s] -- Up-to-date symlink: /home/ysl/ros2_ws/install/rm_interfaces/include/rm_interfaces/rm_interfaces/srv/detail/set_mode__functions.h
[2.782s] -- Up-to-date symlink: /home/ysl/ros2_ws/install/rm_interfaces/include/rm_interfaces/rm_interfaces/srv/detail/set_mode__struct.h
[2.782s] -- Up-to-date symlink: /home/ysl/ros2_ws/install/rm_interfaces/include/rm_interfaces/rm_interfaces/srv/detail/set_mode__type_support.h
[2.783s] -- Up-to-date symlink: /home/ysl/ros2_ws/install/rm_interfaces/include/rm_interfaces/rm_interfaces/srv/set_mode.h
[2.783s] -- Up-to-date symlink: /home/ysl/ros2_ws/install/rm_interfaces/share/rm_interfaces/environment/library_path.sh
[2.783s] -- Up-to-date symlink: /home/ysl/ros2_ws/install/rm_interfaces/share/rm_interfaces/environment/library_path.dsv
[2.795s] -- Up-to-date symlink: /home/ysl/ros2_ws/install/rm_interfaces/include/rm_interfaces/rm_interfaces/msg/detail/armor__rosidl_typesupport_fastrtps_c.h
[2.796s] -- Up-to-date symlink: /home/ysl/ros2_ws/install/rm_interfaces/include/rm_interfaces/rm_interfaces/msg/detail/armors__rosidl_typesupport_fastrtps_c.h
[2.796s] -- Up-to-date symlink: /home/ysl/ros2_ws/install/rm_interfaces/include/rm_interfaces/rm_interfaces/msg/detail/chassis_cmd__rosidl_typesupport_fastrtps_c.h
[2.797s] -- Up-to-date symlink: /home/ysl/ros2_ws/install/rm_interfaces/include/rm_interfaces/rm_interfaces/msg/detail/debug_armor__rosidl_typesupport_fastrtps_c.h
[2.797s] -- Up-to-date symlink: /home/ysl/ros2_ws/install/rm_interfaces/include/rm_interfaces/rm_interfaces/msg/detail/debug_armors__rosidl_typesupport_fastrtps_c.h
[2.797s] -- Up-to-date symlink: /home/ysl/ros2_ws/install/rm_interfaces/include/rm_interfaces/rm_interfaces/msg/detail/debug_light__rosidl_typesupport_fastrtps_c.h
[2.798s] -- Up-to-date symlink: /home/ysl/ros2_ws/install/rm_interfaces/include/rm_interfaces/rm_interfaces/msg/detail/debug_lights__rosidl_typesupport_fastrtps_c.h
[2.798s] -- Up-to-date symlink: /home/ysl/ros2_ws/install/rm_interfaces/include/rm_interfaces/rm_interfaces/msg/detail/debug_rune_angle__rosidl_typesupport_fastrtps_c.h
[2.798s] -- Up-to-date symlink: /home/ysl/ros2_ws/install/rm_interfaces/include/rm_interfaces/rm_interfaces/msg/detail/ekf_p__rosidl_typesupport_fastrtps_c.h
[2.801s] -- Up-to-date symlink: /home/ysl/ros2_ws/install/rm_interfaces/include/rm_interfaces/rm_interfaces/msg/detail/gimbal_cmd__rosidl_typesupport_fastrtps_c.h
[2.801s] -- Up-to-date symlink: /home/ysl/ros2_ws/install/rm_interfaces/include/rm_interfaces/rm_interfaces/msg/detail/judge_system_data__rosidl_typesupport_fastrtps_c.h
[2.802s] -- Up-to-date symlink: /home/ysl/ros2_ws/install/rm_interfaces/include/rm_interfaces/rm_interfaces/msg/detail/limit_angle__rosidl_typesupport_fastrtps_c.h
[2.803s] -- Up-to-date symlink: /home/ysl/ros2_ws/install/rm_interfaces/include/rm_interfaces/rm_interfaces/msg/detail/measurement__rosidl_typesupport_fastrtps_c.h
[2.803s] -- Up-to-date symlink: /home/ysl/ros2_ws/install/rm_interfaces/include/rm_interfaces/rm_interfaces/msg/detail/operator_command__rosidl_typesupport_fastrtps_c.h
[2.804s] -- Up-to-date symlink: /home/ysl/ros2_ws/install/rm_interfaces/include/rm_interfaces/rm_interfaces/msg/detail/point2d__rosidl_typesupport_fastrtps_c.h
[2.804s] -- Up-to-date symlink: /home/ysl/ros2_ws/install/rm_interfaces/include/rm_interfaces/rm_interfaces/msg/detail/rune_target__rosidl_typesupport_fastrtps_c.h
[2.805s] -- Up-to-date symlink: /home/ysl/ros2_ws/install/rm_interfaces/include/rm_interfaces/rm_interfaces/msg/detail/serial_receive_data__rosidl_typesupport_fastrtps_c.h
[2.805s] -- Up-to-date symlink: /home/ysl/ros2_ws/install/rm_interfaces/include/rm_interfaces/rm_interfaces/msg/detail/shoot_fire_target__rosidl_typesupport_fastrtps_c.h
[2.805s] -- Up-to-date symlink: /home/ysl/ros2_ws/install/rm_interfaces/include/rm_interfaces/rm_interfaces/msg/detail/shoot_fire_targets__rosidl_typesupport_fastrtps_c.h
[2.806s] -- Up-to-date symlink: /home/ysl/ros2_ws/install/rm_interfaces/include/rm_interfaces/rm_interfaces/msg/detail/target__rosidl_typesupport_fastrtps_c.h
[2.806s] -- Up-to-date symlink: /home/ysl/ros2_ws/install/rm_interfaces/include/rm_interfaces/rm_interfaces/msg/detail/want__rosidl_typesupport_fastrtps_c.h
[2.806s] -- Up-to-date symlink: /home/ysl/ros2_ws/install/rm_interfaces/include/rm_interfaces/rm_interfaces/msg/rosidl_typesupport_fastrtps_c__visibility_control.h
[2.807s] -- Up-to-date symlink: /home/ysl/ros2_ws/install/rm_interfaces/include/rm_interfaces/rm_interfaces/srv/detail/set_mode__rosidl_typesupport_fastrtps_c.h
[2.808s] -- Up-to-date symlink: /home/ysl/ros2_ws/install/rm_interfaces/include/rm_interfaces/rm_interfaces/msg/detail/armor__rosidl_typesupport_introspection_c.h
[2.808s] -- Up-to-date symlink: /home/ysl/ros2_ws/install/rm_interfaces/include/rm_interfaces/rm_interfaces/msg/detail/armors__rosidl_typesupport_introspection_c.h
[2.809s] -- Up-to-date symlink: /home/ysl/ros2_ws/install/rm_interfaces/include/rm_interfaces/rm_interfaces/msg/detail/chassis_cmd__rosidl_typesupport_introspection_c.h
[2.809s] -- Up-to-date symlink: /home/ysl/ros2_ws/install/rm_interfaces/include/rm_interfaces/rm_interfaces/msg/detail/debug_armor__rosidl_typesupport_introspection_c.h
[2.810s] -- Up-to-date symlink: /home/ysl/ros2_ws/install/rm_interfaces/include/rm_interfaces/rm_interfaces/msg/detail/debug_armors__rosidl_typesupport_introspection_c.h
[2.810s] -- Up-to-date symlink: /home/ysl/ros2_ws/install/rm_interfaces/include/rm_interfaces/rm_interfaces/msg/detail/debug_light__rosidl_typesupport_introspection_c.h
[2.810s] -- Up-to-date symlink: /home/ysl/ros2_ws/install/rm_interfaces/include/rm_interfaces/rm_interfaces/msg/detail/debug_lights__rosidl_typesupport_introspection_c.h
[2.811s] -- Up-to-date symlink: /home/ysl/ros2_ws/install/rm_interfaces/include/rm_interfaces/rm_interfaces/msg/detail/debug_rune_angle__rosidl_typesupport_introspection_c.h
[2.811s] -- Up-to-date symlink: /home/ysl/ros2_ws/install/rm_interfaces/include/rm_interfaces/rm_interfaces/msg/detail/ekf_p__rosidl_typesupport_introspection_c.h
[2.811s] -- Up-to-date symlink: /home/ysl/ros2_ws/install/rm_interfaces/include/rm_interfaces/rm_interfaces/msg/detail/gimbal_cmd__rosidl_typesupport_introspection_c.h
[2.811s] -- Up-to-date symlink: /home/ysl/ros2_ws/install/rm_interfaces/include/rm_interfaces/rm_interfaces/msg/detail/judge_system_data__rosidl_typesupport_introspection_c.h
[2.812s] -- Up-to-date symlink: /home/ysl/ros2_ws/install/rm_interfaces/include/rm_interfaces/rm_interfaces/msg/detail/limit_angle__rosidl_typesupport_introspection_c.h
[2.812s] -- Up-to-date symlink: /home/ysl/ros2_ws/install/rm_interfaces/include/rm_interfaces/rm_interfaces/msg/detail/measurement__rosidl_typesupport_introspection_c.h
[2.813s] -- Up-to-date symlink: /home/ysl/ros2_ws/install/rm_interfaces/include/rm_interfaces/rm_interfaces/msg/detail/operator_command__rosidl_typesupport_introspection_c.h
[2.813s] -- Up-to-date symlink: /home/ysl/ros2_ws/install/rm_interfaces/include/rm_interfaces/rm_interfaces/msg/detail/point2d__rosidl_typesupport_introspection_c.h
[2.814s] -- Up-to-date symlink: /home/ysl/ros2_ws/install/rm_interfaces/include/rm_interfaces/rm_interfaces/msg/detail/rune_target__rosidl_typesupport_introspection_c.h
[2.815s] -- Up-to-date symlink: /home/ysl/ros2_ws/install/rm_interfaces/include/rm_interfaces/rm_interfaces/msg/detail/serial_receive_data__rosidl_typesupport_introspection_c.h
[2.815s] -- Up-to-date symlink: /home/ysl/ros2_ws/install/rm_interfaces/include/rm_interfaces/rm_interfaces/msg/detail/shoot_fire_target__rosidl_typesupport_introspection_c.h
[2.815s] -- Up-to-date symlink: /home/ysl/ros2_ws/install/rm_interfaces/include/rm_interfaces/rm_interfaces/msg/detail/shoot_fire_targets__rosidl_typesupport_introspection_c.h
[2.816s] -- Up-to-date symlink: /home/ysl/ros2_ws/install/rm_interfaces/include/rm_interfaces/rm_interfaces/msg/detail/target__rosidl_typesupport_introspection_c.h
[2.816s] -- Up-to-date symlink: /home/ysl/ros2_ws/install/rm_interfaces/include/rm_interfaces/rm_interfaces/msg/detail/want__rosidl_typesupport_introspection_c.h
[2.816s] -- Up-to-date symlink: /home/ysl/ros2_ws/install/rm_interfaces/include/rm_interfaces/rm_interfaces/msg/rosidl_typesupport_introspection_c__visibility_control.h
[2.817s] -- Up-to-date symlink: /home/ysl/ros2_ws/install/rm_interfaces/include/rm_interfaces/rm_interfaces/srv/detail/set_mode__rosidl_typesupport_introspection_c.h
[2.820s] -- Up-to-date symlink: /home/ysl/ros2_ws/install/rm_interfaces/include/rm_interfaces/rm_interfaces/msg/armor.hpp
[2.821s] -- Up-to-date symlink: /home/ysl/ros2_ws/install/rm_interfaces/include/rm_interfaces/rm_interfaces/msg/armors.hpp
[2.821s] -- Up-to-date symlink: /home/ysl/ros2_ws/install/rm_interfaces/include/rm_interfaces/rm_interfaces/msg/chassis_cmd.hpp
[2.821s] -- Up-to-date symlink: /home/ysl/ros2_ws/install/rm_interfaces/include/rm_interfaces/rm_interfaces/msg/debug_armor.hpp
[2.822s] -- Up-to-date symlink: /home/ysl/ros2_ws/install/rm_interfaces/include/rm_interfaces/rm_interfaces/msg/debug_armors.hpp
[2.822s] -- Up-to-date symlink: /home/ysl/ros2_ws/install/rm_interfaces/include/rm_interfaces/rm_interfaces/msg/debug_light.hpp
[2.822s] -- Up-to-date symlink: /home/ysl/ros2_ws/install/rm_interfaces/include/rm_interfaces/rm_interfaces/msg/debug_lights.hpp
[2.823s] -- Up-to-date symlink: /home/ysl/ros2_ws/install/rm_interfaces/include/rm_interfaces/rm_interfaces/msg/debug_rune_angle.hpp
[2.823s] -- Up-to-date symlink: /home/ysl/ros2_ws/install/rm_interfaces/include/rm_interfaces/rm_interfaces/msg/detail/armor__builder.hpp
[2.823s] -- Up-to-date symlink: /home/ysl/ros2_ws/install/rm_interfaces/include/rm_interfaces/rm_interfaces/msg/detail/armor__struct.hpp
[2.823s] -- Up-to-date symlink: /home/ysl/ros2_ws/install/rm_interfaces/include/rm_interfaces/rm_interfaces/msg/detail/armor__traits.hpp
[2.830s] -- Up-to-date symlink: /home/ysl/ros2_ws/install/rm_interfaces/include/rm_interfaces/rm_interfaces/msg/detail/armor__type_support.hpp
[2.830s] -- Up-to-date symlink: /home/ysl/ros2_ws/install/rm_interfaces/include/rm_interfaces/rm_interfaces/msg/detail/armors__builder.hpp
[2.831s] -- Up-to-date symlink: /home/ysl/ros2_ws/install/rm_interfaces/include/rm_interfaces/rm_interfaces/msg/detail/armors__struct.hpp
[2.832s] -- Up-to-date symlink: /home/ysl/ros2_ws/install/rm_interfaces/include/rm_interfaces/rm_interfaces/msg/detail/armors__traits.hpp
[2.832s] -- Up-to-date symlink: /home/ysl/ros2_ws/install/rm_interfaces/include/rm_interfaces/rm_interfaces/msg/detail/armors__type_support.hpp
[2.833s] -- Up-to-date symlink: /home/ysl/ros2_ws/install/rm_interfaces/include/rm_interfaces/rm_interfaces/msg/detail/chassis_cmd__builder.hpp
[2.833s] -- Up-to-date symlink: /home/ysl/ros2_ws/install/rm_interfaces/include/rm_interfaces/rm_interfaces/msg/detail/chassis_cmd__struct.hpp
[2.833s] -- Up-to-date symlink: /home/ysl/ros2_ws/install/rm_interfaces/include/rm_interfaces/rm_interfaces/msg/detail/chassis_cmd__traits.hpp
[2.834s] -- Up-to-date symlink: /home/ysl/ros2_ws/install/rm_interfaces/include/rm_interfaces/rm_interfaces/msg/detail/chassis_cmd__type_support.hpp
[2.834s] -- Up-to-date symlink: /home/ysl/ros2_ws/install/rm_interfaces/include/rm_interfaces/rm_interfaces/msg/detail/debug_armor__builder.hpp
[2.834s] -- Up-to-date symlink: /home/ysl/ros2_ws/install/rm_interfaces/include/rm_interfaces/rm_interfaces/msg/detail/debug_armor__struct.hpp
[2.835s] -- Up-to-date symlink: /home/ysl/ros2_ws/install/rm_interfaces/include/rm_interfaces/rm_interfaces/msg/detail/debug_armor__traits.hpp
[2.835s] -- Up-to-date symlink: /home/ysl/ros2_ws/install/rm_interfaces/include/rm_interfaces/rm_interfaces/msg/detail/debug_armor__type_support.hpp
[2.835s] -- Up-to-date symlink: /home/ysl/ros2_ws/install/rm_interfaces/include/rm_interfaces/rm_interfaces/msg/detail/debug_armors__builder.hpp
[2.836s] -- Up-to-date symlink: /home/ysl/ros2_ws/install/rm_interfaces/include/rm_interfaces/rm_interfaces/msg/detail/debug_armors__struct.hpp
[2.836s] -- Up-to-date symlink: /home/ysl/ros2_ws/install/rm_interfaces/include/rm_interfaces/rm_interfaces/msg/detail/debug_armors__traits.hpp
[2.836s] -- Up-to-date symlink: /home/ysl/ros2_ws/install/rm_interfaces/include/rm_interfaces/rm_interfaces/msg/detail/debug_armors__type_support.hpp
[2.841s] -- Up-to-date symlink: /home/ysl/ros2_ws/install/rm_interfaces/include/rm_interfaces/rm_interfaces/msg/detail/debug_light__builder.hpp
[2.841s] -- Up-to-date symlink: /home/ysl/ros2_ws/install/rm_interfaces/include/rm_interfaces/rm_interfaces/msg/detail/debug_light__struct.hpp
[2.842s] -- Up-to-date symlink: /home/ysl/ros2_ws/install/rm_interfaces/include/rm_interfaces/rm_interfaces/msg/detail/debug_light__traits.hpp
[2.842s] -- Up-to-date symlink: /home/ysl/ros2_ws/install/rm_interfaces/include/rm_interfaces/rm_interfaces/msg/detail/debug_light__type_support.hpp
[2.842s] -- Up-to-date symlink: /home/ysl/ros2_ws/install/rm_interfaces/include/rm_interfaces/rm_interfaces/msg/detail/debug_lights__builder.hpp
[2.844s] -- Up-to-date symlink: /home/ysl/ros2_ws/install/rm_interfaces/include/rm_interfaces/rm_interfaces/msg/detail/debug_lights__struct.hpp
[2.846s] -- Up-to-date symlink: /home/ysl/ros2_ws/install/rm_interfaces/include/rm_interfaces/rm_interfaces/msg/detail/debug_lights__traits.hpp
[2.846s] -- Up-to-date symlink: /home/ysl/ros2_ws/install/rm_interfaces/include/rm_interfaces/rm_interfaces/msg/detail/debug_lights__type_support.hpp
[2.847s] -- Up-to-date symlink: /home/ysl/ros2_ws/install/rm_interfaces/include/rm_interfaces/rm_interfaces/msg/detail/debug_rune_angle__builder.hpp
[2.847s] -- Up-to-date symlink: /home/ysl/ros2_ws/install/rm_interfaces/include/rm_interfaces/rm_interfaces/msg/detail/debug_rune_angle__struct.hpp
[2.847s] -- Up-to-date symlink: /home/ysl/ros2_ws/install/rm_interfaces/include/rm_interfaces/rm_interfaces/msg/detail/debug_rune_angle__traits.hpp
[2.847s] -- Up-to-date symlink: /home/ysl/ros2_ws/install/rm_interfaces/include/rm_interfaces/rm_interfaces/msg/detail/debug_rune_angle__type_support.hpp
[2.848s] -- Up-to-date symlink: /home/ysl/ros2_ws/install/rm_interfaces/include/rm_interfaces/rm_interfaces/msg/detail/ekf_p__builder.hpp
[2.852s] -- Up-to-date symlink: /home/ysl/ros2_ws/install/rm_interfaces/include/rm_interfaces/rm_interfaces/msg/detail/ekf_p__struct.hpp
[2.853s] -- Up-to-date symlink: /home/ysl/ros2_ws/install/rm_interfaces/include/rm_interfaces/rm_interfaces/msg/detail/ekf_p__traits.hpp
[2.853s] -- Up-to-date symlink: /home/ysl/ros2_ws/install/rm_interfaces/include/rm_interfaces/rm_interfaces/msg/detail/ekf_p__type_support.hpp
[2.861s] -- Up-to-date symlink: /home/ysl/ros2_ws/install/rm_interfaces/include/rm_interfaces/rm_interfaces/msg/detail/gimbal_cmd__builder.hpp
[2.862s] -- Up-to-date symlink: /home/ysl/ros2_ws/install/rm_interfaces/include/rm_interfaces/rm_interfaces/msg/detail/gimbal_cmd__struct.hpp
[2.862s] -- Up-to-date symlink: /home/ysl/ros2_ws/install/rm_interfaces/include/rm_interfaces/rm_interfaces/msg/detail/gimbal_cmd__traits.hpp
[2.863s] -- Up-to-date symlink: /home/ysl/ros2_ws/install/rm_interfaces/include/rm_interfaces/rm_interfaces/msg/detail/gimbal_cmd__type_support.hpp
[2.863s] -- Up-to-date symlink: /home/ysl/ros2_ws/install/rm_interfaces/include/rm_interfaces/rm_interfaces/msg/detail/judge_system_data__builder.hpp
[2.864s] -- Up-to-date symlink: /home/ysl/ros2_ws/install/rm_interfaces/include/rm_interfaces/rm_interfaces/msg/detail/judge_system_data__struct.hpp
[2.864s] -- Up-to-date symlink: /home/ysl/ros2_ws/install/rm_interfaces/include/rm_interfaces/rm_interfaces/msg/detail/judge_system_data__traits.hpp
[2.864s] -- Up-to-date symlink: /home/ysl/ros2_ws/install/rm_interfaces/include/rm_interfaces/rm_interfaces/msg/detail/judge_system_data__type_support.hpp
[2.864s] -- Up-to-date symlink: /home/ysl/ros2_ws/install/rm_interfaces/include/rm_interfaces/rm_interfaces/msg/detail/limit_angle__builder.hpp
[2.865s] -- Up-to-date symlink: /home/ysl/ros2_ws/install/rm_interfaces/include/rm_interfaces/rm_interfaces/msg/detail/limit_angle__struct.hpp
[2.865s] -- Up-to-date symlink: /home/ysl/ros2_ws/install/rm_interfaces/include/rm_interfaces/rm_interfaces/msg/detail/limit_angle__traits.hpp
[2.865s] -- Up-to-date symlink: /home/ysl/ros2_ws/install/rm_interfaces/include/rm_interfaces/rm_interfaces/msg/detail/limit_angle__type_support.hpp
[2.865s] -- Up-to-date symlink: /home/ysl/ros2_ws/install/rm_interfaces/include/rm_interfaces/rm_interfaces/msg/detail/measurement__builder.hpp
[2.865s] -- Up-to-date symlink: /home/ysl/ros2_ws/install/rm_interfaces/include/rm_interfaces/rm_interfaces/msg/detail/measurement__struct.hpp
[2.865s] -- Up-to-date symlink: /home/ysl/ros2_ws/install/rm_interfaces/include/rm_interfaces/rm_interfaces/msg/detail/measurement__traits.hpp
[2.865s] -- Up-to-date symlink: /home/ysl/ros2_ws/install/rm_interfaces/include/rm_interfaces/rm_interfaces/msg/detail/measurement__type_support.hpp
[2.866s] -- Up-to-date symlink: /home/ysl/ros2_ws/install/rm_interfaces/include/rm_interfaces/rm_interfaces/msg/detail/operator_command__builder.hpp
[2.866s] -- Up-to-date symlink: /home/ysl/ros2_ws/install/rm_interfaces/include/rm_interfaces/rm_interfaces/msg/detail/operator_command__struct.hpp
[2.866s] -- Up-to-date symlink: /home/ysl/ros2_ws/install/rm_interfaces/include/rm_interfaces/rm_interfaces/msg/detail/operator_command__traits.hpp
[2.867s] -- Up-to-date symlink: /home/ysl/ros2_ws/install/rm_interfaces/include/rm_interfaces/rm_interfaces/msg/detail/operator_command__type_support.hpp
[2.867s] -- Up-to-date symlink: /home/ysl/ros2_ws/install/rm_interfaces/include/rm_interfaces/rm_interfaces/msg/detail/point2d__builder.hpp
[2.868s] -- Up-to-date symlink: /home/ysl/ros2_ws/install/rm_interfaces/include/rm_interfaces/rm_interfaces/msg/detail/point2d__struct.hpp
[2.869s] -- Up-to-date symlink: /home/ysl/ros2_ws/install/rm_interfaces/include/rm_interfaces/rm_interfaces/msg/detail/point2d__traits.hpp
[2.870s] -- Up-to-date symlink: /home/ysl/ros2_ws/install/rm_interfaces/include/rm_interfaces/rm_interfaces/msg/detail/point2d__type_support.hpp
[2.870s] -- Up-to-date symlink: /home/ysl/ros2_ws/install/rm_interfaces/include/rm_interfaces/rm_interfaces/msg/detail/rune_target__builder.hpp
[2.870s] -- Up-to-date symlink: /home/ysl/ros2_ws/install/rm_interfaces/include/rm_interfaces/rm_interfaces/msg/detail/rune_target__struct.hpp
[2.870s] -- Up-to-date symlink: /home/ysl/ros2_ws/install/rm_interfaces/include/rm_interfaces/rm_interfaces/msg/detail/rune_target__traits.hpp
[2.871s] -- Up-to-date symlink: /home/ysl/ros2_ws/install/rm_interfaces/include/rm_interfaces/rm_interfaces/msg/detail/rune_target__type_support.hpp
[2.871s] -- Up-to-date symlink: /home/ysl/ros2_ws/install/rm_interfaces/include/rm_interfaces/rm_interfaces/msg/detail/serial_receive_data__builder.hpp
[2.871s] -- Up-to-date symlink: /home/ysl/ros2_ws/install/rm_interfaces/include/rm_interfaces/rm_interfaces/msg/detail/serial_receive_data__struct.hpp
[2.871s] -- Up-to-date symlink: /home/ysl/ros2_ws/install/rm_interfaces/include/rm_interfaces/rm_interfaces/msg/detail/serial_receive_data__traits.hpp
[2.871s] -- Up-to-date symlink: /home/ysl/ros2_ws/install/rm_interfaces/include/rm_interfaces/rm_interfaces/msg/detail/serial_receive_data__type_support.hpp
[2.872s] -- Up-to-date symlink: /home/ysl/ros2_ws/install/rm_interfaces/include/rm_interfaces/rm_interfaces/msg/detail/shoot_fire_target__builder.hpp
[2.872s] -- Up-to-date symlink: /home/ysl/ros2_ws/install/rm_interfaces/include/rm_interfaces/rm_interfaces/msg/detail/shoot_fire_target__struct.hpp
[2.872s] -- Up-to-date symlink: /home/ysl/ros2_ws/install/rm_interfaces/include/rm_interfaces/rm_interfaces/msg/detail/shoot_fire_target__traits.hpp
[2.872s] -- Up-to-date symlink: /home/ysl/ros2_ws/install/rm_interfaces/include/rm_interfaces/rm_interfaces/msg/detail/shoot_fire_target__type_support.hpp
[2.872s] -- Up-to-date symlink: /home/ysl/ros2_ws/install/rm_interfaces/include/rm_interfaces/rm_interfaces/msg/detail/shoot_fire_targets__builder.hpp
[2.872s] -- Up-to-date symlink: /home/ysl/ros2_ws/install/rm_interfaces/include/rm_interfaces/rm_interfaces/msg/detail/shoot_fire_targets__struct.hpp
[2.873s] -- Up-to-date symlink: /home/ysl/ros2_ws/install/rm_interfaces/include/rm_interfaces/rm_interfaces/msg/detail/shoot_fire_targets__traits.hpp
[2.873s] -- Up-to-date symlink: /home/ysl/ros2_ws/install/rm_interfaces/include/rm_interfaces/rm_interfaces/msg/detail/shoot_fire_targets__type_support.hpp
[2.873s] -- Up-to-date symlink: /home/ysl/ros2_ws/install/rm_interfaces/include/rm_interfaces/rm_interfaces/msg/detail/target__builder.hpp
[2.873s] -- Up-to-date symlink: /home/ysl/ros2_ws/install/rm_interfaces/include/rm_interfaces/rm_interfaces/msg/detail/target__struct.hpp
[2.873s] -- Up-to-date symlink: /home/ysl/ros2_ws/install/rm_interfaces/include/rm_interfaces/rm_interfaces/msg/detail/target__traits.hpp
[2.873s] -- Up-to-date symlink: /home/ysl/ros2_ws/install/rm_interfaces/include/rm_interfaces/rm_interfaces/msg/detail/target__type_support.hpp
[2.874s] -- Up-to-date symlink: /home/ysl/ros2_ws/install/rm_interfaces/include/rm_interfaces/rm_interfaces/msg/detail/want__builder.hpp
[2.874s] -- Up-to-date symlink: /home/ysl/ros2_ws/install/rm_interfaces/include/rm_interfaces/rm_interfaces/msg/detail/want__struct.hpp
[2.874s] -- Up-to-date symlink: /home/ysl/ros2_ws/install/rm_interfaces/include/rm_interfaces/rm_interfaces/msg/detail/want__traits.hpp
[2.874s] -- Up-to-date symlink: /home/ysl/ros2_ws/install/rm_interfaces/include/rm_interfaces/rm_interfaces/msg/detail/want__type_support.hpp
[2.875s] -- Up-to-date symlink: /home/ysl/ros2_ws/install/rm_interfaces/include/rm_interfaces/rm_interfaces/msg/ekf_p.hpp
[2.875s] -- Up-to-date symlink: /home/ysl/ros2_ws/install/rm_interfaces/include/rm_interfaces/rm_interfaces/msg/gimbal_cmd.hpp
[2.875s] -- Up-to-date symlink: /home/ysl/ros2_ws/install/rm_interfaces/include/rm_interfaces/rm_interfaces/msg/judge_system_data.hpp
[2.876s] -- Up-to-date symlink: /home/ysl/ros2_ws/install/rm_interfaces/include/rm_interfaces/rm_interfaces/msg/limit_angle.hpp
[2.876s] -- Up-to-date symlink: /home/ysl/ros2_ws/install/rm_interfaces/include/rm_interfaces/rm_interfaces/msg/measurement.hpp
[2.876s] -- Up-to-date symlink: /home/ysl/ros2_ws/install/rm_interfaces/include/rm_interfaces/rm_interfaces/msg/operator_command.hpp
[2.877s] -- Up-to-date symlink: /home/ysl/ros2_ws/install/rm_interfaces/include/rm_interfaces/rm_interfaces/msg/point2d.hpp
[2.877s] -- Up-to-date symlink: /home/ysl/ros2_ws/install/rm_interfaces/include/rm_interfaces/rm_interfaces/msg/rosidl_generator_cpp__visibility_control.hpp
[2.877s] -- Up-to-date symlink: /home/ysl/ros2_ws/install/rm_interfaces/include/rm_interfaces/rm_interfaces/msg/rune_target.hpp
[2.878s] -- Up-to-date symlink: /home/ysl/ros2_ws/install/rm_interfaces/include/rm_interfaces/rm_interfaces/msg/serial_receive_data.hpp
[2.878s] -- Up-to-date symlink: /home/ysl/ros2_ws/install/rm_interfaces/include/rm_interfaces/rm_interfaces/msg/shoot_fire_target.hpp
[2.878s] -- Up-to-date symlink: /home/ysl/ros2_ws/install/rm_interfaces/include/rm_interfaces/rm_interfaces/msg/shoot_fire_targets.hpp
[2.878s] -- Up-to-date symlink: /home/ysl/ros2_ws/install/rm_interfaces/include/rm_interfaces/rm_interfaces/msg/target.hpp
[2.878s] -- Up-to-date symlink: /home/ysl/ros2_ws/install/rm_interfaces/include/rm_interfaces/rm_interfaces/msg/want.hpp
[2.879s] -- Up-to-date symlink: /home/ysl/ros2_ws/install/rm_interfaces/include/rm_interfaces/rm_interfaces/srv/detail/set_mode__builder.hpp
[2.879s] -- Up-to-date symlink: /home/ysl/ros2_ws/install/rm_interfaces/include/rm_interfaces/rm_interfaces/srv/detail/set_mode__struct.hpp
[2.879s] -- Up-to-date symlink: /home/ysl/ros2_ws/install/rm_interfaces/include/rm_interfaces/rm_interfaces/srv/detail/set_mode__traits.hpp
[2.880s] -- Up-to-date symlink: /home/ysl/ros2_ws/install/rm_interfaces/include/rm_interfaces/rm_interfaces/srv/detail/set_mode__type_support.hpp
[2.880s] -- Up-to-date symlink: /home/ysl/ros2_ws/install/rm_interfaces/include/rm_interfaces/rm_interfaces/srv/set_mode.hpp
[2.880s] -- Up-to-date symlink: /home/ysl/ros2_ws/install/rm_interfaces/include/rm_interfaces/rm_interfaces/msg/detail/armor__rosidl_typesupport_fastrtps_cpp.hpp
[2.881s] -- Up-to-date symlink: /home/ysl/ros2_ws/install/rm_interfaces/include/rm_interfaces/rm_interfaces/msg/detail/armors__rosidl_typesupport_fastrtps_cpp.hpp
[2.881s] -- Up-to-date symlink: /home/ysl/ros2_ws/install/rm_interfaces/include/rm_interfaces/rm_interfaces/msg/detail/chassis_cmd__rosidl_typesupport_fastrtps_cpp.hpp
[2.881s] -- Up-to-date symlink: /home/ysl/ros2_ws/install/rm_interfaces/include/rm_interfaces/rm_interfaces/msg/detail/debug_armor__rosidl_typesupport_fastrtps_cpp.hpp
[2.882s] -- Up-to-date symlink: /home/ysl/ros2_ws/install/rm_interfaces/include/rm_interfaces/rm_interfaces/msg/detail/debug_armors__rosidl_typesupport_fastrtps_cpp.hpp
[2.882s] -- Up-to-date symlink: /home/ysl/ros2_ws/install/rm_interfaces/include/rm_interfaces/rm_interfaces/msg/detail/debug_light__rosidl_typesupport_fastrtps_cpp.hpp
[2.882s] -- Up-to-date symlink: /home/ysl/ros2_ws/install/rm_interfaces/include/rm_interfaces/rm_interfaces/msg/detail/debug_lights__rosidl_typesupport_fastrtps_cpp.hpp
[2.883s] -- Up-to-date symlink: /home/ysl/ros2_ws/install/rm_interfaces/include/rm_interfaces/rm_interfaces/msg/detail/debug_rune_angle__rosidl_typesupport_fastrtps_cpp.hpp
[2.883s] -- Up-to-date symlink: /home/ysl/ros2_ws/install/rm_interfaces/include/rm_interfaces/rm_interfaces/msg/detail/ekf_p__rosidl_typesupport_fastrtps_cpp.hpp
[2.883s] -- Up-to-date symlink: /home/ysl/ros2_ws/install/rm_interfaces/include/rm_interfaces/rm_interfaces/msg/detail/gimbal_cmd__rosidl_typesupport_fastrtps_cpp.hpp
[2.884s] -- Up-to-date symlink: /home/ysl/ros2_ws/install/rm_interfaces/include/rm_interfaces/rm_interfaces/msg/detail/judge_system_data__rosidl_typesupport_fastrtps_cpp.hpp
[2.884s] -- Up-to-date symlink: /home/ysl/ros2_ws/install/rm_interfaces/include/rm_interfaces/rm_interfaces/msg/detail/limit_angle__rosidl_typesupport_fastrtps_cpp.hpp
[2.884s] -- Up-to-date symlink: /home/ysl/ros2_ws/install/rm_interfaces/include/rm_interfaces/rm_interfaces/msg/detail/measurement__rosidl_typesupport_fastrtps_cpp.hpp
[2.884s] -- Up-to-date symlink: /home/ysl/ros2_ws/install/rm_interfaces/include/rm_interfaces/rm_interfaces/msg/detail/operator_command__rosidl_typesupport_fastrtps_cpp.hpp
[2.884s] -- Up-to-date symlink: /home/ysl/ros2_ws/install/rm_interfaces/include/rm_interfaces/rm_interfaces/msg/detail/point2d__rosidl_typesupport_fastrtps_cpp.hpp
[2.884s] -- Up-to-date symlink: /home/ysl/ros2_ws/install/rm_interfaces/include/rm_interfaces/rm_interfaces/msg/detail/rune_target__rosidl_typesupport_fastrtps_cpp.hpp
[2.885s] -- Up-to-date symlink: /home/ysl/ros2_ws/install/rm_interfaces/include/rm_interfaces/rm_interfaces/msg/detail/serial_receive_data__rosidl_typesupport_fastrtps_cpp.hpp
[2.885s] -- Up-to-date symlink: /home/ysl/ros2_ws/install/rm_interfaces/include/rm_interfaces/rm_interfaces/msg/detail/shoot_fire_target__rosidl_typesupport_fastrtps_cpp.hpp
[2.885s] -- Up-to-date symlink: /home/ysl/ros2_ws/install/rm_interfaces/include/rm_interfaces/rm_interfaces/msg/detail/shoot_fire_targets__rosidl_typesupport_fastrtps_cpp.hpp
[2.885s] -- Up-to-date symlink: /home/ysl/ros2_ws/install/rm_interfaces/include/rm_interfaces/rm_interfaces/msg/detail/target__rosidl_typesupport_fastrtps_cpp.hpp
[2.886s] -- Up-to-date symlink: /home/ysl/ros2_ws/install/rm_interfaces/include/rm_interfaces/rm_interfaces/msg/detail/want__rosidl_typesupport_fastrtps_cpp.hpp
[2.886s] -- Up-to-date symlink: /home/ysl/ros2_ws/install/rm_interfaces/include/rm_interfaces/rm_interfaces/msg/rosidl_typesupport_fastrtps_cpp__visibility_control.h
[2.886s] -- Up-to-date symlink: /home/ysl/ros2_ws/install/rm_interfaces/include/rm_interfaces/rm_interfaces/srv/detail/set_mode__rosidl_typesupport_fastrtps_cpp.hpp
[2.886s] -- Up-to-date symlink: /home/ysl/ros2_ws/install/rm_interfaces/include/rm_interfaces/rm_interfaces/msg/detail/armor__rosidl_typesupport_introspection_cpp.hpp
[2.886s] -- Up-to-date symlink: /home/ysl/ros2_ws/install/rm_interfaces/include/rm_interfaces/rm_interfaces/msg/detail/armors__rosidl_typesupport_introspection_cpp.hpp
[2.887s] -- Up-to-date symlink: /home/ysl/ros2_ws/install/rm_interfaces/include/rm_interfaces/rm_interfaces/msg/detail/chassis_cmd__rosidl_typesupport_introspection_cpp.hpp
[2.887s] -- Up-to-date symlink: /home/ysl/ros2_ws/install/rm_interfaces/include/rm_interfaces/rm_interfaces/msg/detail/debug_armor__rosidl_typesupport_introspection_cpp.hpp
[2.887s] -- Up-to-date symlink: /home/ysl/ros2_ws/install/rm_interfaces/include/rm_interfaces/rm_interfaces/msg/detail/debug_armors__rosidl_typesupport_introspection_cpp.hpp
[2.887s] -- Up-to-date symlink: /home/ysl/ros2_ws/install/rm_interfaces/include/rm_interfaces/rm_interfaces/msg/detail/debug_light__rosidl_typesupport_introspection_cpp.hpp
[2.887s] -- Up-to-date symlink: /home/ysl/ros2_ws/install/rm_interfaces/include/rm_interfaces/rm_interfaces/msg/detail/debug_lights__rosidl_typesupport_introspection_cpp.hpp
[2.888s] -- Up-to-date symlink: /home/ysl/ros2_ws/install/rm_interfaces/include/rm_interfaces/rm_interfaces/msg/detail/debug_rune_angle__rosidl_typesupport_introspection_cpp.hpp
[2.888s] -- Up-to-date symlink: /home/ysl/ros2_ws/install/rm_interfaces/include/rm_interfaces/rm_interfaces/msg/detail/ekf_p__rosidl_typesupport_introspection_cpp.hpp
[2.888s] -- Up-to-date symlink: /home/ysl/ros2_ws/install/rm_interfaces/include/rm_interfaces/rm_interfaces/msg/detail/gimbal_cmd__rosidl_typesupport_introspection_cpp.hpp
[2.888s] -- Up-to-date symlink: /home/ysl/ros2_ws/install/rm_interfaces/include/rm_interfaces/rm_interfaces/msg/detail/judge_system_data__rosidl_typesupport_introspection_cpp.hpp
[2.889s] -- Up-to-date symlink: /home/ysl/ros2_ws/install/rm_interfaces/include/rm_interfaces/rm_interfaces/msg/detail/limit_angle__rosidl_typesupport_introspection_cpp.hpp
[2.889s] -- Up-to-date symlink: /home/ysl/ros2_ws/install/rm_interfaces/include/rm_interfaces/rm_interfaces/msg/detail/measurement__rosidl_typesupport_introspection_cpp.hpp
[2.889s] -- Up-to-date symlink: /home/ysl/ros2_ws/install/rm_interfaces/include/rm_interfaces/rm_interfaces/msg/detail/operator_command__rosidl_typesupport_introspection_cpp.hpp
[2.889s] -- Up-to-date symlink: /home/ysl/ros2_ws/install/rm_interfaces/include/rm_interfaces/rm_interfaces/msg/detail/point2d__rosidl_typesupport_introspection_cpp.hpp
[2.890s] -- Up-to-date symlink: /home/ysl/ros2_ws/install/rm_interfaces/include/rm_interfaces/rm_interfaces/msg/detail/rune_target__rosidl_typesupport_introspection_cpp.hpp
[2.890s] -- Up-to-date symlink: /home/ysl/ros2_ws/install/rm_interfaces/include/rm_interfaces/rm_interfaces/msg/detail/serial_receive_data__rosidl_typesupport_introspection_cpp.hpp
[2.890s] -- Up-to-date symlink: /home/ysl/ros2_ws/install/rm_interfaces/include/rm_interfaces/rm_interfaces/msg/detail/shoot_fire_target__rosidl_typesupport_introspection_cpp.hpp
[2.890s] -- Up-to-date symlink: /home/ysl/ros2_ws/install/rm_interfaces/include/rm_interfaces/rm_interfaces/msg/detail/shoot_fire_targets__rosidl_typesupport_introspection_cpp.hpp
[2.890s] -- Up-to-date symlink: /home/ysl/ros2_ws/install/rm_interfaces/include/rm_interfaces/rm_interfaces/msg/detail/target__rosidl_typesupport_introspection_cpp.hpp
[2.890s] -- Up-to-date symlink: /home/ysl/ros2_ws/install/rm_interfaces/include/rm_interfaces/rm_interfaces/msg/detail/want__rosidl_typesupport_introspection_cpp.hpp
[2.890s] -- Up-to-date symlink: /home/ysl/ros2_ws/install/rm_interfaces/include/rm_interfaces/rm_interfaces/srv/detail/set_mode__rosidl_typesupport_introspection_cpp.hpp
[2.891s] -- Up-to-date symlink: /home/ysl/ros2_ws/install/rm_interfaces/share/rm_interfaces/environment/pythonpath.sh
[2.891s] -- Up-to-date symlink: /home/ysl/ros2_ws/install/rm_interfaces/share/rm_interfaces/environment/pythonpath.dsv
[2.891s] -- Up-to-date symlink: /home/ysl/ros2_ws/install/rm_interfaces/lib/python3.12/site-packages/rm_interfaces-0.0.0-py3.12.egg-info/PKG-INFO
[2.891s] -- Up-to-date symlink: /home/ysl/ros2_ws/install/rm_interfaces/lib/python3.12/site-packages/rm_interfaces-0.0.0-py3.12.egg-info/SOURCES.txt
[2.892s] -- Up-to-date symlink: /home/ysl/ros2_ws/install/rm_interfaces/lib/python3.12/site-packages/rm_interfaces-0.0.0-py3.12.egg-info/dependency_links.txt
[2.892s] -- Up-to-date symlink: /home/ysl/ros2_ws/install/rm_interfaces/lib/python3.12/site-packages/rm_interfaces-0.0.0-py3.12.egg-info/top_level.txt
[2.892s] -- Up-to-date symlink: /home/ysl/ros2_ws/install/rm_interfaces/lib/python3.12/site-packages/rm_interfaces/__init__.py
[2.893s] -- Up-to-date symlink: /home/ysl/ros2_ws/install/rm_interfaces/lib/python3.12/site-packages/rm_interfaces/_rm_interfaces_s.ep.rosidl_typesupport_c.c
[2.893s] -- Up-to-date symlink: /home/ysl/ros2_ws/install/rm_interfaces/lib/python3.12/site-packages/rm_interfaces/_rm_interfaces_s.ep.rosidl_typesupport_fastrtps_c.c
[2.893s] -- Up-to-date symlink: /home/ysl/ros2_ws/install/rm_interfaces/lib/python3.12/site-packages/rm_interfaces/_rm_interfaces_s.ep.rosidl_typesupport_introspection_c.c
[2.904s] -- Up-to-date symlink: /home/ysl/ros2_ws/install/rm_interfaces/lib/python3.12/site-packages/rm_interfaces/msg/__init__.py
[2.905s] -- Up-to-date symlink: /home/ysl/ros2_ws/install/rm_interfaces/lib/python3.12/site-packages/rm_interfaces/msg/_armor.py
[2.905s] -- Up-to-date symlink: /home/ysl/ros2_ws/install/rm_interfaces/lib/python3.12/site-packages/rm_interfaces/msg/_armor_s.c
[2.906s] -- Up-to-date symlink: /home/ysl/ros2_ws/install/rm_interfaces/lib/python3.12/site-packages/rm_interfaces/msg/_armors.py
[2.907s] -- Up-to-date symlink: /home/ysl/ros2_ws/install/rm_interfaces/lib/python3.12/site-packages/rm_interfaces/msg/_armors_s.c
[2.907s] -- Up-to-date symlink: /home/ysl/ros2_ws/install/rm_interfaces/lib/python3.12/site-packages/rm_interfaces/msg/_chassis_cmd.py
[2.907s] -- Up-to-date symlink: /home/ysl/ros2_ws/install/rm_interfaces/lib/python3.12/site-packages/rm_interfaces/msg/_chassis_cmd_s.c
[2.907s] -- Up-to-date symlink: /home/ysl/ros2_ws/install/rm_interfaces/lib/python3.12/site-packages/rm_interfaces/msg/_debug_armor.py
[2.907s] -- Up-to-date symlink: /home/ysl/ros2_ws/install/rm_interfaces/lib/python3.12/site-packages/rm_interfaces/msg/_debug_armor_s.c
[2.908s] -- Up-to-date symlink: /home/ysl/ros2_ws/install/rm_interfaces/lib/python3.12/site-packages/rm_interfaces/msg/_debug_armors.py
[2.908s] -- Up-to-date symlink: /home/ysl/ros2_ws/install/rm_interfaces/lib/python3.12/site-packages/rm_interfaces/msg/_debug_armors_s.c
[2.908s] -- Up-to-date symlink: /home/ysl/ros2_ws/install/rm_interfaces/lib/python3.12/site-packages/rm_interfaces/msg/_debug_light.py
[2.908s] -- Up-to-date symlink: /home/ysl/ros2_ws/install/rm_interfaces/lib/python3.12/site-packages/rm_interfaces/msg/_debug_light_s.c
[2.909s] -- Up-to-date symlink: /home/ysl/ros2_ws/install/rm_interfaces/lib/python3.12/site-packages/rm_interfaces/msg/_debug_lights.py
[2.909s] -- Up-to-date symlink: /home/ysl/ros2_ws/install/rm_interfaces/lib/python3.12/site-packages/rm_interfaces/msg/_debug_lights_s.c
[2.909s] -- Up-to-date symlink: /home/ysl/ros2_ws/install/rm_interfaces/lib/python3.12/site-packages/rm_interfaces/msg/_debug_rune_angle.py
[2.909s] -- Up-to-date symlink: /home/ysl/ros2_ws/install/rm_interfaces/lib/python3.12/site-packages/rm_interfaces/msg/_debug_rune_angle_s.c
[2.910s] -- Up-to-date symlink: /home/ysl/ros2_ws/install/rm_interfaces/lib/python3.12/site-packages/rm_interfaces/msg/_ekf_p.py
[2.910s] -- Up-to-date symlink: /home/ysl/ros2_ws/install/rm_interfaces/lib/python3.12/site-packages/rm_interfaces/msg/_ekf_p_s.c
[2.910s] -- Up-to-date symlink: /home/ysl/ros2_ws/install/rm_interfaces/lib/python3.12/site-packages/rm_interfaces/msg/_gimbal_cmd.py
[2.910s] -- Up-to-date symlink: /home/ysl/ros2_ws/install/rm_interfaces/lib/python3.12/site-packages/rm_interfaces/msg/_gimbal_cmd_s.c
[2.911s] -- Up-to-date symlink: /home/ysl/ros2_ws/install/rm_interfaces/lib/python3.12/site-packages/rm_interfaces/msg/_judge_system_data.py
[2.911s] -- Up-to-date symlink: /home/ysl/ros2_ws/install/rm_interfaces/lib/python3.12/site-packages/rm_interfaces/msg/_judge_system_data_s.c
[2.911s] -- Up-to-date symlink: /home/ysl/ros2_ws/install/rm_interfaces/lib/python3.12/site-packages/rm_interfaces/msg/_limit_angle.py
[2.912s] -- Up-to-date symlink: /home/ysl/ros2_ws/install/rm_interfaces/lib/python3.12/site-packages/rm_interfaces/msg/_limit_angle_s.c
[2.912s] -- Up-to-date symlink: /home/ysl/ros2_ws/install/rm_interfaces/lib/python3.12/site-packages/rm_interfaces/msg/_measurement.py
[2.912s] -- Up-to-date symlink: /home/ysl/ros2_ws/install/rm_interfaces/lib/python3.12/site-packages/rm_interfaces/msg/_measurement_s.c
[2.912s] -- Up-to-date symlink: /home/ysl/ros2_ws/install/rm_interfaces/lib/python3.12/site-packages/rm_interfaces/msg/_operator_command.py
[2.913s] -- Up-to-date symlink: /home/ysl/ros2_ws/install/rm_interfaces/lib/python3.12/site-packages/rm_interfaces/msg/_operator_command_s.c
[2.913s] -- Up-to-date symlink: /home/ysl/ros2_ws/install/rm_interfaces/lib/python3.12/site-packages/rm_interfaces/msg/_point2d.py
[2.913s] -- Up-to-date symlink: /home/ysl/ros2_ws/install/rm_interfaces/lib/python3.12/site-packages/rm_interfaces/msg/_point2d_s.c
[2.913s] -- Up-to-date symlink: /home/ysl/ros2_ws/install/rm_interfaces/lib/python3.12/site-packages/rm_interfaces/msg/_rune_target.py
[2.913s] -- Up-to-date symlink: /home/ysl/ros2_ws/install/rm_interfaces/lib/python3.12/site-packages/rm_interfaces/msg/_rune_target_s.c
[2.914s] -- Up-to-date symlink: /home/ysl/ros2_ws/install/rm_interfaces/lib/python3.12/site-packages/rm_interfaces/msg/_serial_receive_data.py
[2.914s] -- Up-to-date symlink: /home/ysl/ros2_ws/install/rm_interfaces/lib/python3.12/site-packages/rm_interfaces/msg/_serial_receive_data_s.c
[2.914s] -- Up-to-date symlink: /home/ysl/ros2_ws/install/rm_interfaces/lib/python3.12/site-packages/rm_interfaces/msg/_shoot_fire_target.py
[2.915s] -- Up-to-date symlink: /home/ysl/ros2_ws/install/rm_interfaces/lib/python3.12/site-packages/rm_interfaces/msg/_shoot_fire_target_s.c
[2.915s] -- Up-to-date symlink: /home/ysl/ros2_ws/install/rm_interfaces/lib/python3.12/site-packages/rm_interfaces/msg/_shoot_fire_targets.py
[2.915s] -- Up-to-date symlink: /home/ysl/ros2_ws/install/rm_interfaces/lib/python3.12/site-packages/rm_interfaces/msg/_shoot_fire_targets_s.c
[2.915s] -- Up-to-date symlink: /home/ysl/ros2_ws/install/rm_interfaces/lib/python3.12/site-packages/rm_interfaces/msg/_target.py
[2.915s] -- Up-to-date symlink: /home/ysl/ros2_ws/install/rm_interfaces/lib/python3.12/site-packages/rm_interfaces/msg/_target_s.c
[2.916s] -- Up-to-date symlink: /home/ysl/ros2_ws/install/rm_interfaces/lib/python3.12/site-packages/rm_interfaces/msg/_want.py
[2.916s] -- Up-to-date symlink: /home/ysl/ros2_ws/install/rm_interfaces/lib/python3.12/site-packages/rm_interfaces/msg/_want_s.c
[2.916s] -- Up-to-date symlink: /home/ysl/ros2_ws/install/rm_interfaces/lib/python3.12/site-packages/rm_interfaces/rm_interfaces_s__rosidl_typesupport_c.so
[2.917s] -- Up-to-date symlink: /home/ysl/ros2_ws/install/rm_interfaces/lib/python3.12/site-packages/rm_interfaces/rm_interfaces_s__rosidl_typesupport_fastrtps_c.so
[2.917s] -- Up-to-date symlink: /home/ysl/ros2_ws/install/rm_interfaces/lib/python3.12/site-packages/rm_interfaces/rm_interfaces_s__rosidl_typesupport_introspection_c.so
[2.918s] -- Up-to-date symlink: /home/ysl/ros2_ws/install/rm_interfaces/lib/python3.12/site-packages/rm_interfaces/srv/__init__.py
[2.918s] -- Up-to-date symlink: /home/ysl/ros2_ws/install/rm_interfaces/lib/python3.12/site-packages/rm_interfaces/srv/_set_mode.py
[2.918s] -- Up-to-date symlink: /home/ysl/ros2_ws/install/rm_interfaces/lib/python3.12/site-packages/rm_interfaces/srv/_set_mode_s.c
[2.918s] -- Up-to-date symlink: /home/ysl/ros2_ws/install/rm_interfaces/lib/python3.12/site-packages/rm_interfaces/rm_interfaces_s__rosidl_typesupport_fastrtps_c.so
[2.919s] -- Up-to-date symlink: /home/ysl/ros2_ws/install/rm_interfaces/lib/python3.12/site-packages/rm_interfaces/rm_interfaces_s__rosidl_typesupport_introspection_c.so
[2.919s] -- Up-to-date symlink: /home/ysl/ros2_ws/install/rm_interfaces/lib/python3.12/site-packages/rm_interfaces/rm_interfaces_s__rosidl_typesupport_c.so
[2.919s] -- Up-to-date symlink: /home/ysl/ros2_ws/install/rm_interfaces/share/rm_interfaces/msg/Armor.idl
[2.920s] -- Up-to-date symlink: /home/ysl/ros2_ws/install/rm_interfaces/share/rm_interfaces/msg/Armors.idl
[2.920s] -- Up-to-date symlink: /home/ysl/ros2_ws/install/rm_interfaces/share/rm_interfaces/msg/Target.idl
[2.920s] -- Up-to-date symlink: /home/ysl/ros2_ws/install/rm_interfaces/share/rm_interfaces/msg/RuneTarget.idl
[2.920s] -- Up-to-date symlink: /home/ysl/ros2_ws/install/rm_interfaces/share/rm_interfaces/msg/Point2d.idl
[2.921s] -- Up-to-date symlink: /home/ysl/ros2_ws/install/rm_interfaces/share/rm_interfaces/msg/GimbalCmd.idl
[2.922s] -- Up-to-date symlink: /home/ysl/ros2_ws/install/rm_interfaces/share/rm_interfaces/msg/ChassisCmd.idl
[2.922s] -- Up-to-date symlink: /home/ysl/ros2_ws/install/rm_interfaces/share/rm_interfaces/msg/DebugLight.idl
[2.922s] -- Up-to-date symlink: /home/ysl/ros2_ws/install/rm_interfaces/share/rm_interfaces/msg/DebugLights.idl
[2.923s] -- Up-to-date symlink: /home/ysl/ros2_ws/install/rm_interfaces/share/rm_interfaces/msg/DebugArmor.idl
[2.924s] -- Up-to-date symlink: /home/ysl/ros2_ws/install/rm_interfaces/share/rm_interfaces/msg/DebugArmors.idl
[2.924s] -- Up-to-date symlink: /home/ysl/ros2_ws/install/rm_interfaces/share/rm_interfaces/msg/DebugRuneAngle.idl
[2.924s] -- Up-to-date symlink: /home/ysl/ros2_ws/install/rm_interfaces/share/rm_interfaces/msg/Measurement.idl
[2.925s] -- Up-to-date symlink: /home/ysl/ros2_ws/install/rm_interfaces/share/rm_interfaces/msg/JudgeSystemData.idl
[2.925s] -- Up-to-date symlink: /home/ysl/ros2_ws/install/rm_interfaces/share/rm_interfaces/msg/OperatorCommand.idl
[2.925s] -- Up-to-date symlink: /home/ysl/ros2_ws/install/rm_interfaces/share/rm_interfaces/msg/SerialReceiveData.idl
[2.925s] -- Up-to-date symlink: /home/ysl/ros2_ws/install/rm_interfaces/share/rm_interfaces/msg/EkfP.idl
[2.926s] -- Up-to-date symlink: /home/ysl/ros2_ws/install/rm_interfaces/share/rm_interfaces/msg/Want.idl
[2.926s] -- Up-to-date symlink: /home/ysl/ros2_ws/install/rm_interfaces/share/rm_interfaces/msg/LimitAngle.idl
[2.926s] -- Up-to-date symlink: /home/ysl/ros2_ws/install/rm_interfaces/share/rm_interfaces/msg/ShootFireTarget.idl
[2.927s] -- Up-to-date symlink: /home/ysl/ros2_ws/install/rm_interfaces/share/rm_interfaces/msg/ShootFireTargets.idl
[2.927s] -- Up-to-date symlink: /home/ysl/ros2_ws/install/rm_interfaces/share/rm_interfaces/srv/SetMode.idl
[2.927s] -- Up-to-date symlink: /home/ysl/ros2_ws/install/rm_interfaces/share/rm_interfaces/msg/Armor.msg
[2.928s] -- Up-to-date symlink: /home/ysl/ros2_ws/install/rm_interfaces/share/rm_interfaces/msg/Armors.msg
[2.928s] -- Up-to-date symlink: /home/ysl/ros2_ws/install/rm_interfaces/share/rm_interfaces/msg/Target.msg
[2.928s] -- Up-to-date symlink: /home/ysl/ros2_ws/install/rm_interfaces/share/rm_interfaces/msg/RuneTarget.msg
[2.928s] -- Up-to-date symlink: /home/ysl/ros2_ws/install/rm_interfaces/share/rm_interfaces/msg/Point2d.msg
[2.929s] -- Up-to-date symlink: /home/ysl/ros2_ws/install/rm_interfaces/share/rm_interfaces/msg/GimbalCmd.msg
[2.929s] -- Up-to-date symlink: /home/ysl/ros2_ws/install/rm_interfaces/share/rm_interfaces/msg/ChassisCmd.msg
[2.929s] -- Up-to-date symlink: /home/ysl/ros2_ws/install/rm_interfaces/share/rm_interfaces/msg/DebugLight.msg
[2.930s] -- Up-to-date symlink: /home/ysl/ros2_ws/install/rm_interfaces/share/rm_interfaces/msg/DebugLights.msg
[2.930s] -- Up-to-date symlink: /home/ysl/ros2_ws/install/rm_interfaces/share/rm_interfaces/msg/DebugArmor.msg
[2.930s] -- Up-to-date symlink: /home/ysl/ros2_ws/install/rm_interfaces/share/rm_interfaces/msg/DebugArmors.msg
[2.931s] -- Up-to-date symlink: /home/ysl/ros2_ws/install/rm_interfaces/share/rm_interfaces/msg/DebugRuneAngle.msg
[2.931s] -- Up-to-date symlink: /home/ysl/ros2_ws/install/rm_interfaces/share/rm_interfaces/msg/Measurement.msg
[2.931s] -- Up-to-date symlink: /home/ysl/ros2_ws/install/rm_interfaces/share/rm_interfaces/msg/JudgeSystemData.msg
[2.931s] -- Up-to-date symlink: /home/ysl/ros2_ws/install/rm_interfaces/share/rm_interfaces/msg/OperatorCommand.msg
[2.931s] -- Up-to-date symlink: /home/ysl/ros2_ws/install/rm_interfaces/share/rm_interfaces/msg/SerialReceiveData.msg
[2.931s] -- Up-to-date symlink: /home/ysl/ros2_ws/install/rm_interfaces/share/rm_interfaces/msg/EkfP.msg
[2.932s] -- Up-to-date symlink: /home/ysl/ros2_ws/install/rm_interfaces/share/rm_interfaces/msg/Want.msg
[2.932s] -- Up-to-date symlink: /home/ysl/ros2_ws/install/rm_interfaces/share/rm_interfaces/msg/LimitAngle.msg
[2.932s] -- Up-to-date symlink: /home/ysl/ros2_ws/install/rm_interfaces/share/rm_interfaces/msg/ShootFireTarget.msg
[2.932s] -- Up-to-date symlink: /home/ysl/ros2_ws/install/rm_interfaces/share/rm_interfaces/msg/ShootFireTargets.msg
[2.933s] -- Up-to-date symlink: /home/ysl/ros2_ws/install/rm_interfaces/share/rm_interfaces/srv/SetMode.srv
[2.933s] -- Up-to-date symlink: /home/ysl/ros2_ws/install/rm_interfaces/share/ament_index/resource_index/package_run_dependencies/rm_interfaces
[2.933s] -- Up-to-date symlink: /home/ysl/ros2_ws/install/rm_interfaces/share/ament_index/resource_index/parent_prefix_path/rm_interfaces
[2.933s] -- Up-to-date symlink: /home/ysl/ros2_ws/install/rm_interfaces/share/rm_interfaces/environment/ament_prefix_path.sh
[2.933s] -- Up-to-date symlink: /home/ysl/ros2_ws/install/rm_interfaces/share/rm_interfaces/environment/ament_prefix_path.dsv
[2.933s] -- Up-to-date symlink: /home/ysl/ros2_ws/install/rm_interfaces/share/rm_interfaces/environment/path.sh
[2.933s] -- Up-to-date symlink: /home/ysl/ros2_ws/install/rm_interfaces/share/rm_interfaces/environment/path.dsv
[2.933s] -- Up-to-date symlink: /home/ysl/ros2_ws/install/rm_interfaces/share/rm_interfaces/local_setup.bash
[2.934s] -- Up-to-date symlink: /home/ysl/ros2_ws/install/rm_interfaces/share/rm_interfaces/local_setup.sh
[2.934s] -- Up-to-date symlink: /home/ysl/ros2_ws/install/rm_interfaces/share/rm_interfaces/local_setup.zsh
[2.934s] -- Up-to-date symlink: /home/ysl/ros2_ws/install/rm_interfaces/share/rm_interfaces/local_setup.dsv
[2.934s] -- Symlinking: /home/ysl/ros2_ws/install/rm_interfaces/share/rm_interfaces/package.dsv
[2.962s] -- Up-to-date symlink: /home/ysl/ros2_ws/install/rm_interfaces/share/ament_index/resource_index/packages/rm_interfaces
[2.963s] -- Up-to-date symlink: /home/ysl/ros2_ws/install/rm_interfaces/share/rm_interfaces/cmake/rosidl_cmake-extras.cmake
[2.963s] -- Up-to-date symlink: /home/ysl/ros2_ws/install/rm_interfaces/share/rm_interfaces/cmake/ament_cmake_export_dependencies-extras.cmake
[2.963s] -- Up-to-date symlink: /home/ysl/ros2_ws/install/rm_interfaces/share/rm_interfaces/cmake/ament_cmake_export_include_directories-extras.cmake
[2.964s] -- Up-to-date symlink: /home/ysl/ros2_ws/install/rm_interfaces/share/rm_interfaces/cmake/ament_cmake_export_libraries-extras.cmake
[2.964s] -- Up-to-date symlink: /home/ysl/ros2_ws/install/rm_interfaces/share/rm_interfaces/cmake/ament_cmake_export_targets-extras.cmake
[2.965s] -- Up-to-date symlink: /home/ysl/ros2_ws/install/rm_interfaces/share/rm_interfaces/cmake/rosidl_cmake_export_typesupport_targets-extras.cmake
[2.965s] -- Up-to-date symlink: /home/ysl/ros2_ws/install/rm_interfaces/share/rm_interfaces/cmake/rosidl_cmake_export_typesupport_libraries-extras.cmake
[2.966s] -- Up-to-date symlink: /home/ysl/ros2_ws/install/rm_interfaces/share/rm_interfaces/cmake/rm_interfacesConfig.cmake
[2.966s] -- Up-to-date symlink: /home/ysl/ros2_ws/install/rm_interfaces/share/rm_interfaces/cmake/rm_interfacesConfig-version.cmake
[2.967s] -- Up-to-date symlink: /home/ysl/ros2_ws/install/rm_interfaces/share/rm_interfaces/package.xml
[2.968s] -- Up-to-date: /home/ysl/ros2_ws/install/rm_interfaces/lib/librm_interfaces__rosidl_generator_c.so
[2.969s] -- Up-to-date: /home/ysl/ros2_ws/install/rm_interfaces/lib/librm_interfaces__rosidl_typesupport_fastrtps_c.so
[2.970s] -- Up-to-date: /home/ysl/ros2_ws/install/rm_interfaces/lib/librm_interfaces__rosidl_typesupport_introspection_c.so
[2.971s] -- Up-to-date: /home/ysl/ros2_ws/install/rm_interfaces/lib/librm_interfaces__rosidl_typesupport_c.so
[2.971s] -- Up-to-date: /home/ysl/ros2_ws/install/rm_interfaces/lib/librm_interfaces__rosidl_typesupport_fastrtps_cpp.so
[2.972s] -- Up-to-date: /home/ysl/ros2_ws/install/rm_interfaces/lib/librm_interfaces__rosidl_typesupport_introspection_cpp.so
[2.973s] -- Up-to-date: /home/ysl/ros2_ws/install/rm_interfaces/lib/librm_interfaces__rosidl_typesupport_cpp.so
[3.061s] Listing '/home/ysl/ros2_ws/install/rm_interfaces/lib/python3.12/site-packages/rm_interfaces'...
[3.062s] Listing '/home/ysl/ros2_ws/install/rm_interfaces/lib/python3.12/site-packages/rm_interfaces/msg'...
[3.062s] Listing '/home/ysl/ros2_ws/install/rm_interfaces/lib/python3.12/site-packages/rm_interfaces/srv'...
[3.078s] -- Up-to-date: /home/ysl/ros2_ws/install/rm_interfaces/lib/librm_interfaces__rosidl_generator_py.so
[3.085s] -- Up-to-date: /home/ysl/ros2_ws/install/rm_interfaces/share/rm_interfaces/cmake/export_rm_interfaces__rosidl_generator_cExport.cmake
[3.086s] -- Up-to-date: /home/ysl/ros2_ws/install/rm_interfaces/share/rm_interfaces/cmake/export_rm_interfaces__rosidl_generator_cExport-noconfig.cmake
[3.086s] -- Up-to-date: /home/ysl/ros2_ws/install/rm_interfaces/share/rm_interfaces/cmake/export_rm_interfaces__rosidl_typesupport_fastrtps_cExport.cmake
[3.086s] -- Up-to-date: /home/ysl/ros2_ws/install/rm_interfaces/share/rm_interfaces/cmake/export_rm_interfaces__rosidl_typesupport_fastrtps_cExport-noconfig.cmake
[3.086s] -- Up-to-date: /home/ysl/ros2_ws/install/rm_interfaces/share/rm_interfaces/cmake/rm_interfaces__rosidl_typesupport_introspection_cExport.cmake
[3.086s] -- Up-to-date: /home/ysl/ros2_ws/install/rm_interfaces/share/rm_interfaces/cmake/rm_interfaces__rosidl_typesupport_introspection_cExport-noconfig.cmake
[3.087s] -- Up-to-date: /home/ysl/ros2_ws/install/rm_interfaces/share/rm_interfaces/cmake/rm_interfaces__rosidl_typesupport_cExport.cmake
[3.087s] -- Up-to-date: /home/ysl/ros2_ws/install/rm_interfaces/share/rm_interfaces/cmake/rm_interfaces__rosidl_typesupport_cExport-noconfig.cmake
[3.087s] -- Up-to-date: /home/ysl/ros2_ws/install/rm_interfaces/share/rm_interfaces/cmake/export_rm_interfaces__rosidl_generator_cppExport.cmake
[3.087s] -- Up-to-date: /home/ysl/ros2_ws/install/rm_interfaces/share/rm_interfaces/cmake/export_rm_interfaces__rosidl_typesupport_fastrtps_cppExport.cmake
[3.087s] -- Up-to-date: /home/ysl/ros2_ws/install/rm_interfaces/share/rm_interfaces/cmake/export_rm_interfaces__rosidl_typesupport_fastrtps_cppExport-noconfig.cmake
[3.088s] -- Up-to-date: /home/ysl/ros2_ws/install/rm_interfaces/share/rm_interfaces/cmake/rm_interfaces__rosidl_typesupport_introspection_cppExport.cmake
[3.088s] -- Up-to-date: /home/ysl/ros2_ws/install/rm_interfaces/share/rm_interfaces/cmake/rm_interfaces__rosidl_typesupport_introspection_cppExport-noconfig.cmake
[3.088s] -- Up-to-date: /home/ysl/ros2_ws/install/rm_interfaces/share/rm_interfaces/cmake/rm_interfaces__rosidl_typesupport_cppExport.cmake
[3.088s] -- Up-to-date: /home/ysl/ros2_ws/install/rm_interfaces/share/rm_interfaces/cmake/rm_interfaces__rosidl_typesupport_cppExport-noconfig.cmake
[3.088s] -- Up-to-date: /home/ysl/ros2_ws/install/rm_interfaces/share/rm_interfaces/cmake/export_rm_interfaces__rosidl_generator_pyExport.cmake
[3.088s] -- Up-to-date: /home/ysl/ros2_ws/install/rm_interfaces/share/rm_interfaces/cmake/export_rm_interfaces__rosidl_generator_pyExport-noconfig.cmake
[3.104s] Invoked command in '/home/ysl/ros2_ws/build/rm_interfaces' returned '0': CMAKE_PREFIX_PATH=${CMAKE_PREFIX_PATH}:/opt/ros/jazzy /usr/bin/cmake --install /home/ysl/ros2_ws/build/rm_interfaces
