[2.182s] DEBUG:colcon:Command line arguments: ['/usr/bin/colcon', 'build', '--symlink-instal']
[2.184s] DEBUG:colcon:Parsed command line arguments: Namespace(log_base=None, log_level=None, verb_name='build', build_base='build', install_base='install', merge_install=False, symlink_install=True, test_result_base=None, continue_on_error=False, executor='parallel', parallel_workers=12, event_handlers=None, ignore_user_meta=False, metas=['./colcon.meta'], base_paths=['.'], packages_ignore=None, packages_ignore_regex=None, paths=None, packages_up_to=None, packages_up_to_regex=None, packages_above=None, packages_above_and_dependencies=None, packages_above_depth=None, packages_select_by_dep=None, packages_skip_by_dep=None, packages_skip_up_to=None, packages_select_build_failed=False, packages_skip_build_finished=False, packages_select_test_failures=False, packages_skip_test_passed=False, packages_select=None, packages_skip=None, packages_select_regex=None, packages_skip_regex=None, packages_start=None, packages_end=None, allow_overriding=[], cmake_args=None, cmake_target=None, cmake_target_skip_unavailable=False, cmake_clean_cache=False, cmake_clean_first=False, cmake_force_configure=False, ament_cmake_args=None, catkin_cmake_args=None, catkin_skip_building_tests=False, verb_parser=<colcon_defaults.argument_parser.defaults.DefaultArgumentsDecorator object at 0x7f4234900170>, verb_extension=<colcon_core.verb.build.BuildVerb object at 0x7f42348dbd70>, main=<bound method BuildVerb.main of <colcon_core.verb.build.BuildVerb object at 0x7f42348dbd70>>)
[2.670s] Level 1:colcon.colcon_core.package_discovery:discover_packages(colcon_meta) check parameters
[2.671s] Level 1:colcon.colcon_core.package_discovery:discover_packages(recursive) check parameters
[2.671s] Level 1:colcon.colcon_core.package_discovery:discover_packages(ignore) check parameters
[2.671s] Level 1:colcon.colcon_core.package_discovery:discover_packages(path) check parameters
[2.671s] Level 1:colcon.colcon_core.package_discovery:discover_packages(colcon_meta) discover
[2.671s] Level 1:colcon.colcon_core.package_discovery:discover_packages(recursive) discover
[2.671s] INFO:colcon.colcon_core.package_discovery:Crawling recursively for packages in '/home/ysl/ros2_ws'
[2.671s] Level 1:colcon.colcon_core.package_identification:_identify(.) by extensions ['ignore', 'ignore_ament_install']
[2.672s] Level 1:colcon.colcon_core.package_identification:_identify(.) by extension 'ignore'
[2.672s] Level 1:colcon.colcon_core.package_identification:_identify(.) by extension 'ignore_ament_install'
[2.675s] Level 1:colcon.colcon_core.package_identification:_identify(.) by extensions ['colcon_pkg']
[2.675s] Level 1:colcon.colcon_core.package_identification:_identify(.) by extension 'colcon_pkg'
[2.675s] Level 1:colcon.colcon_core.package_identification:_identify(.) by extensions ['colcon_meta']
[2.676s] Level 1:colcon.colcon_core.package_identification:_identify(.) by extension 'colcon_meta'
[2.676s] Level 1:colcon.colcon_core.package_identification:_identify(.) by extensions ['ros']
[2.676s] Level 1:colcon.colcon_core.package_identification:_identify(.) by extension 'ros'
[2.904s] Level 1:colcon.colcon_core.package_identification:_identify(.) by extensions ['cmake', 'python']
[2.905s] Level 1:colcon.colcon_core.package_identification:_identify(.) by extension 'cmake'
[2.905s] Level 1:colcon.colcon_core.package_identification:_identify(.) by extension 'python'
[2.905s] Level 1:colcon.colcon_core.package_identification:_identify(.) by extensions ['python_setup_py']
[2.905s] Level 1:colcon.colcon_core.package_identification:_identify(.) by extension 'python_setup_py'
[2.905s] Level 1:colcon.colcon_core.package_identification:_identify(COD_Behavior) by extensions ['ignore', 'ignore_ament_install']
[2.906s] Level 1:colcon.colcon_core.package_identification:_identify(COD_Behavior) by extension 'ignore'
[2.906s] Level 1:colcon.colcon_core.package_identification:_identify(COD_Behavior) by extension 'ignore_ament_install'
[2.906s] Level 1:colcon.colcon_core.package_identification:_identify(COD_Behavior) by extensions ['colcon_pkg']
[2.906s] Level 1:colcon.colcon_core.package_identification:_identify(COD_Behavior) by extension 'colcon_pkg'
[2.906s] Level 1:colcon.colcon_core.package_identification:_identify(COD_Behavior) by extensions ['colcon_meta']
[2.906s] Level 1:colcon.colcon_core.package_identification:_identify(COD_Behavior) by extension 'colcon_meta'
[2.906s] Level 1:colcon.colcon_core.package_identification:_identify(COD_Behavior) by extensions ['ros']
[2.906s] Level 1:colcon.colcon_core.package_identification:_identify(COD_Behavior) by extension 'ros'
[2.914s] DEBUG:colcon.colcon_core.package_identification:Package 'COD_Behavior' with type 'ros.ament_cmake' and name 'cod_behavior'
[2.915s] Level 1:colcon.colcon_core.package_identification:_identify(COD_Serial) by extensions ['ignore', 'ignore_ament_install']
[2.915s] Level 1:colcon.colcon_core.package_identification:_identify(COD_Serial) by extension 'ignore'
[2.915s] Level 1:colcon.colcon_core.package_identification:_identify(COD_Serial) by extension 'ignore_ament_install'
[2.915s] Level 1:colcon.colcon_core.package_identification:_identify(COD_Serial) by extensions ['colcon_pkg']
[2.915s] Level 1:colcon.colcon_core.package_identification:_identify(COD_Serial) by extension 'colcon_pkg'
[2.915s] Level 1:colcon.colcon_core.package_identification:_identify(COD_Serial) by extensions ['colcon_meta']
[2.916s] Level 1:colcon.colcon_core.package_identification:_identify(COD_Serial) by extension 'colcon_meta'
[2.916s] Level 1:colcon.colcon_core.package_identification:_identify(COD_Serial) by extensions ['ros']
[2.916s] Level 1:colcon.colcon_core.package_identification:_identify(COD_Serial) by extension 'ros'
[2.918s] DEBUG:colcon.colcon_core.package_identification:Package 'COD_Serial' with type 'ros.ament_cmake' and name 'cod_serial'
[2.918s] Level 1:colcon.colcon_core.package_identification:_identify(build) by extensions ['ignore', 'ignore_ament_install']
[2.919s] Level 1:colcon.colcon_core.package_identification:_identify(build) by extension 'ignore'
[2.919s] Level 1:colcon.colcon_core.package_identification:_identify(build) ignored
[2.921s] Level 1:colcon.colcon_core.package_identification:_identify(cmake-build-debug) by extensions ['ignore', 'ignore_ament_install']
[2.922s] Level 1:colcon.colcon_core.package_identification:_identify(cmake-build-debug) by extension 'ignore'
[2.922s] Level 1:colcon.colcon_core.package_identification:_identify(cmake-build-debug) by extension 'ignore_ament_install'
[2.922s] Level 1:colcon.colcon_core.package_identification:_identify(cmake-build-debug) by extensions ['colcon_pkg']
[2.922s] Level 1:colcon.colcon_core.package_identification:_identify(cmake-build-debug) by extension 'colcon_pkg'
[2.923s] Level 1:colcon.colcon_core.package_identification:_identify(cmake-build-debug) by extensions ['colcon_meta']
[2.923s] Level 1:colcon.colcon_core.package_identification:_identify(cmake-build-debug) by extension 'colcon_meta'
[2.924s] Level 1:colcon.colcon_core.package_identification:_identify(cmake-build-debug) by extensions ['ros']
[2.924s] Level 1:colcon.colcon_core.package_identification:_identify(cmake-build-debug) by extension 'ros'
[2.924s] Level 1:colcon.colcon_core.package_identification:_identify(cmake-build-debug) by extensions ['cmake', 'python']
[2.924s] Level 1:colcon.colcon_core.package_identification:_identify(cmake-build-debug) by extension 'cmake'
[2.924s] Level 1:colcon.colcon_core.package_identification:_identify(cmake-build-debug) by extension 'python'
[2.924s] Level 1:colcon.colcon_core.package_identification:_identify(cmake-build-debug) by extensions ['python_setup_py']
[2.925s] Level 1:colcon.colcon_core.package_identification:_identify(cmake-build-debug) by extension 'python_setup_py'
[2.925s] Level 1:colcon.colcon_core.package_identification:_identify(cmake-build-debug/CMakeFiles) by extensions ['ignore', 'ignore_ament_install']
[2.925s] Level 1:colcon.colcon_core.package_identification:_identify(cmake-build-debug/CMakeFiles) by extension 'ignore'
[2.925s] Level 1:colcon.colcon_core.package_identification:_identify(cmake-build-debug/CMakeFiles) by extension 'ignore_ament_install'
[2.926s] Level 1:colcon.colcon_core.package_identification:_identify(cmake-build-debug/CMakeFiles) by extensions ['colcon_pkg']
[2.926s] Level 1:colcon.colcon_core.package_identification:_identify(cmake-build-debug/CMakeFiles) by extension 'colcon_pkg'
[2.926s] Level 1:colcon.colcon_core.package_identification:_identify(cmake-build-debug/CMakeFiles) by extensions ['colcon_meta']
[2.926s] Level 1:colcon.colcon_core.package_identification:_identify(cmake-build-debug/CMakeFiles) by extension 'colcon_meta'
[2.927s] Level 1:colcon.colcon_core.package_identification:_identify(cmake-build-debug/CMakeFiles) by extensions ['ros']
[2.928s] Level 1:colcon.colcon_core.package_identification:_identify(cmake-build-debug/CMakeFiles) by extension 'ros'
[2.928s] Level 1:colcon.colcon_core.package_identification:_identify(cmake-build-debug/CMakeFiles) by extensions ['cmake', 'python']
[2.928s] Level 1:colcon.colcon_core.package_identification:_identify(cmake-build-debug/CMakeFiles) by extension 'cmake'
[2.928s] Level 1:colcon.colcon_core.package_identification:_identify(cmake-build-debug/CMakeFiles) by extension 'python'
[2.928s] Level 1:colcon.colcon_core.package_identification:_identify(cmake-build-debug/CMakeFiles) by extensions ['python_setup_py']
[2.928s] Level 1:colcon.colcon_core.package_identification:_identify(cmake-build-debug/CMakeFiles) by extension 'python_setup_py'
[2.929s] Level 1:colcon.colcon_core.package_identification:_identify(cmake-build-debug/CMakeFiles/4.0.2) by extensions ['ignore', 'ignore_ament_install']
[2.929s] Level 1:colcon.colcon_core.package_identification:_identify(cmake-build-debug/CMakeFiles/4.0.2) by extension 'ignore'
[2.929s] Level 1:colcon.colcon_core.package_identification:_identify(cmake-build-debug/CMakeFiles/4.0.2) by extension 'ignore_ament_install'
[2.930s] Level 1:colcon.colcon_core.package_identification:_identify(cmake-build-debug/CMakeFiles/4.0.2) by extensions ['colcon_pkg']
[2.930s] Level 1:colcon.colcon_core.package_identification:_identify(cmake-build-debug/CMakeFiles/4.0.2) by extension 'colcon_pkg'
[2.930s] Level 1:colcon.colcon_core.package_identification:_identify(cmake-build-debug/CMakeFiles/4.0.2) by extensions ['colcon_meta']
[2.930s] Level 1:colcon.colcon_core.package_identification:_identify(cmake-build-debug/CMakeFiles/4.0.2) by extension 'colcon_meta'
[2.930s] Level 1:colcon.colcon_core.package_identification:_identify(cmake-build-debug/CMakeFiles/4.0.2) by extensions ['ros']
[2.930s] Level 1:colcon.colcon_core.package_identification:_identify(cmake-build-debug/CMakeFiles/4.0.2) by extension 'ros'
[2.931s] Level 1:colcon.colcon_core.package_identification:_identify(cmake-build-debug/CMakeFiles/4.0.2) by extensions ['cmake', 'python']
[2.931s] Level 1:colcon.colcon_core.package_identification:_identify(cmake-build-debug/CMakeFiles/4.0.2) by extension 'cmake'
[2.931s] Level 1:colcon.colcon_core.package_identification:_identify(cmake-build-debug/CMakeFiles/4.0.2) by extension 'python'
[2.934s] Level 1:colcon.colcon_core.package_identification:_identify(cmake-build-debug/CMakeFiles/4.0.2) by extensions ['python_setup_py']
[2.934s] Level 1:colcon.colcon_core.package_identification:_identify(cmake-build-debug/CMakeFiles/4.0.2) by extension 'python_setup_py'
[2.935s] Level 1:colcon.colcon_core.package_identification:_identify(cmake-build-debug/CMakeFiles/4.0.2/CompilerIdC) by extensions ['ignore', 'ignore_ament_install']
[2.936s] Level 1:colcon.colcon_core.package_identification:_identify(cmake-build-debug/CMakeFiles/4.0.2/CompilerIdC) by extension 'ignore'
[2.936s] Level 1:colcon.colcon_core.package_identification:_identify(cmake-build-debug/CMakeFiles/4.0.2/CompilerIdC) by extension 'ignore_ament_install'
[2.937s] Level 1:colcon.colcon_core.package_identification:_identify(cmake-build-debug/CMakeFiles/4.0.2/CompilerIdC) by extensions ['colcon_pkg']
[2.937s] Level 1:colcon.colcon_core.package_identification:_identify(cmake-build-debug/CMakeFiles/4.0.2/CompilerIdC) by extension 'colcon_pkg'
[2.937s] Level 1:colcon.colcon_core.package_identification:_identify(cmake-build-debug/CMakeFiles/4.0.2/CompilerIdC) by extensions ['colcon_meta']
[2.937s] Level 1:colcon.colcon_core.package_identification:_identify(cmake-build-debug/CMakeFiles/4.0.2/CompilerIdC) by extension 'colcon_meta'
[2.937s] Level 1:colcon.colcon_core.package_identification:_identify(cmake-build-debug/CMakeFiles/4.0.2/CompilerIdC) by extensions ['ros']
[2.938s] Level 1:colcon.colcon_core.package_identification:_identify(cmake-build-debug/CMakeFiles/4.0.2/CompilerIdC) by extension 'ros'
[2.938s] Level 1:colcon.colcon_core.package_identification:_identify(cmake-build-debug/CMakeFiles/4.0.2/CompilerIdC) by extensions ['cmake', 'python']
[2.938s] Level 1:colcon.colcon_core.package_identification:_identify(cmake-build-debug/CMakeFiles/4.0.2/CompilerIdC) by extension 'cmake'
[2.938s] Level 1:colcon.colcon_core.package_identification:_identify(cmake-build-debug/CMakeFiles/4.0.2/CompilerIdC) by extension 'python'
[2.938s] Level 1:colcon.colcon_core.package_identification:_identify(cmake-build-debug/CMakeFiles/4.0.2/CompilerIdC) by extensions ['python_setup_py']
[2.938s] Level 1:colcon.colcon_core.package_identification:_identify(cmake-build-debug/CMakeFiles/4.0.2/CompilerIdC) by extension 'python_setup_py'
[2.939s] Level 1:colcon.colcon_core.package_identification:_identify(cmake-build-debug/CMakeFiles/4.0.2/CompilerIdC/tmp) by extensions ['ignore', 'ignore_ament_install']
[2.940s] Level 1:colcon.colcon_core.package_identification:_identify(cmake-build-debug/CMakeFiles/4.0.2/CompilerIdC/tmp) by extension 'ignore'
[2.940s] Level 1:colcon.colcon_core.package_identification:_identify(cmake-build-debug/CMakeFiles/4.0.2/CompilerIdC/tmp) by extension 'ignore_ament_install'
[2.940s] Level 1:colcon.colcon_core.package_identification:_identify(cmake-build-debug/CMakeFiles/4.0.2/CompilerIdC/tmp) by extensions ['colcon_pkg']
[2.940s] Level 1:colcon.colcon_core.package_identification:_identify(cmake-build-debug/CMakeFiles/4.0.2/CompilerIdC/tmp) by extension 'colcon_pkg'
[2.940s] Level 1:colcon.colcon_core.package_identification:_identify(cmake-build-debug/CMakeFiles/4.0.2/CompilerIdC/tmp) by extensions ['colcon_meta']
[2.940s] Level 1:colcon.colcon_core.package_identification:_identify(cmake-build-debug/CMakeFiles/4.0.2/CompilerIdC/tmp) by extension 'colcon_meta'
[2.940s] Level 1:colcon.colcon_core.package_identification:_identify(cmake-build-debug/CMakeFiles/4.0.2/CompilerIdC/tmp) by extensions ['ros']
[2.940s] Level 1:colcon.colcon_core.package_identification:_identify(cmake-build-debug/CMakeFiles/4.0.2/CompilerIdC/tmp) by extension 'ros'
[2.941s] Level 1:colcon.colcon_core.package_identification:_identify(cmake-build-debug/CMakeFiles/4.0.2/CompilerIdC/tmp) by extensions ['cmake', 'python']
[2.941s] Level 1:colcon.colcon_core.package_identification:_identify(cmake-build-debug/CMakeFiles/4.0.2/CompilerIdC/tmp) by extension 'cmake'
[2.941s] Level 1:colcon.colcon_core.package_identification:_identify(cmake-build-debug/CMakeFiles/4.0.2/CompilerIdC/tmp) by extension 'python'
[2.941s] Level 1:colcon.colcon_core.package_identification:_identify(cmake-build-debug/CMakeFiles/4.0.2/CompilerIdC/tmp) by extensions ['python_setup_py']
[2.941s] Level 1:colcon.colcon_core.package_identification:_identify(cmake-build-debug/CMakeFiles/4.0.2/CompilerIdC/tmp) by extension 'python_setup_py'
[2.942s] Level 1:colcon.colcon_core.package_identification:_identify(cmake-build-debug/CMakeFiles/4.0.2/CompilerIdCXX) by extensions ['ignore', 'ignore_ament_install']
[2.942s] Level 1:colcon.colcon_core.package_identification:_identify(cmake-build-debug/CMakeFiles/4.0.2/CompilerIdCXX) by extension 'ignore'
[2.942s] Level 1:colcon.colcon_core.package_identification:_identify(cmake-build-debug/CMakeFiles/4.0.2/CompilerIdCXX) by extension 'ignore_ament_install'
[2.943s] Level 1:colcon.colcon_core.package_identification:_identify(cmake-build-debug/CMakeFiles/4.0.2/CompilerIdCXX) by extensions ['colcon_pkg']
[2.943s] Level 1:colcon.colcon_core.package_identification:_identify(cmake-build-debug/CMakeFiles/4.0.2/CompilerIdCXX) by extension 'colcon_pkg'
[2.944s] Level 1:colcon.colcon_core.package_identification:_identify(cmake-build-debug/CMakeFiles/4.0.2/CompilerIdCXX) by extensions ['colcon_meta']
[2.944s] Level 1:colcon.colcon_core.package_identification:_identify(cmake-build-debug/CMakeFiles/4.0.2/CompilerIdCXX) by extension 'colcon_meta'
[2.944s] Level 1:colcon.colcon_core.package_identification:_identify(cmake-build-debug/CMakeFiles/4.0.2/CompilerIdCXX) by extensions ['ros']
[2.944s] Level 1:colcon.colcon_core.package_identification:_identify(cmake-build-debug/CMakeFiles/4.0.2/CompilerIdCXX) by extension 'ros'
[2.945s] Level 1:colcon.colcon_core.package_identification:_identify(cmake-build-debug/CMakeFiles/4.0.2/CompilerIdCXX) by extensions ['cmake', 'python']
[2.945s] Level 1:colcon.colcon_core.package_identification:_identify(cmake-build-debug/CMakeFiles/4.0.2/CompilerIdCXX) by extension 'cmake'
[2.945s] Level 1:colcon.colcon_core.package_identification:_identify(cmake-build-debug/CMakeFiles/4.0.2/CompilerIdCXX) by extension 'python'
[2.946s] Level 1:colcon.colcon_core.package_identification:_identify(cmake-build-debug/CMakeFiles/4.0.2/CompilerIdCXX) by extensions ['python_setup_py']
[2.946s] Level 1:colcon.colcon_core.package_identification:_identify(cmake-build-debug/CMakeFiles/4.0.2/CompilerIdCXX) by extension 'python_setup_py'
[2.955s] Level 1:colcon.colcon_core.package_identification:_identify(cmake-build-debug/CMakeFiles/4.0.2/CompilerIdCXX/tmp) by extensions ['ignore', 'ignore_ament_install']
[2.956s] Level 1:colcon.colcon_core.package_identification:_identify(cmake-build-debug/CMakeFiles/4.0.2/CompilerIdCXX/tmp) by extension 'ignore'
[2.956s] Level 1:colcon.colcon_core.package_identification:_identify(cmake-build-debug/CMakeFiles/4.0.2/CompilerIdCXX/tmp) by extension 'ignore_ament_install'
[2.956s] Level 1:colcon.colcon_core.package_identification:_identify(cmake-build-debug/CMakeFiles/4.0.2/CompilerIdCXX/tmp) by extensions ['colcon_pkg']
[2.956s] Level 1:colcon.colcon_core.package_identification:_identify(cmake-build-debug/CMakeFiles/4.0.2/CompilerIdCXX/tmp) by extension 'colcon_pkg'
[2.957s] Level 1:colcon.colcon_core.package_identification:_identify(cmake-build-debug/CMakeFiles/4.0.2/CompilerIdCXX/tmp) by extensions ['colcon_meta']
[2.957s] Level 1:colcon.colcon_core.package_identification:_identify(cmake-build-debug/CMakeFiles/4.0.2/CompilerIdCXX/tmp) by extension 'colcon_meta'
[2.957s] Level 1:colcon.colcon_core.package_identification:_identify(cmake-build-debug/CMakeFiles/4.0.2/CompilerIdCXX/tmp) by extensions ['ros']
[2.957s] Level 1:colcon.colcon_core.package_identification:_identify(cmake-build-debug/CMakeFiles/4.0.2/CompilerIdCXX/tmp) by extension 'ros'
[2.957s] Level 1:colcon.colcon_core.package_identification:_identify(cmake-build-debug/CMakeFiles/4.0.2/CompilerIdCXX/tmp) by extensions ['cmake', 'python']
[2.957s] Level 1:colcon.colcon_core.package_identification:_identify(cmake-build-debug/CMakeFiles/4.0.2/CompilerIdCXX/tmp) by extension 'cmake'
[2.958s] Level 1:colcon.colcon_core.package_identification:_identify(cmake-build-debug/CMakeFiles/4.0.2/CompilerIdCXX/tmp) by extension 'python'
[2.958s] Level 1:colcon.colcon_core.package_identification:_identify(cmake-build-debug/CMakeFiles/4.0.2/CompilerIdCXX/tmp) by extensions ['python_setup_py']
[2.958s] Level 1:colcon.colcon_core.package_identification:_identify(cmake-build-debug/CMakeFiles/4.0.2/CompilerIdCXX/tmp) by extension 'python_setup_py'
[2.960s] Level 1:colcon.colcon_core.package_identification:_identify(cmake-build-debug/CMakeFiles/cod_serial.dir) by extensions ['ignore', 'ignore_ament_install']
[2.960s] Level 1:colcon.colcon_core.package_identification:_identify(cmake-build-debug/CMakeFiles/cod_serial.dir) by extension 'ignore'
[2.961s] Level 1:colcon.colcon_core.package_identification:_identify(cmake-build-debug/CMakeFiles/cod_serial.dir) by extension 'ignore_ament_install'
[2.961s] Level 1:colcon.colcon_core.package_identification:_identify(cmake-build-debug/CMakeFiles/cod_serial.dir) by extensions ['colcon_pkg']
[2.961s] Level 1:colcon.colcon_core.package_identification:_identify(cmake-build-debug/CMakeFiles/cod_serial.dir) by extension 'colcon_pkg'
[2.966s] Level 1:colcon.colcon_core.package_identification:_identify(cmake-build-debug/CMakeFiles/cod_serial.dir) by extensions ['colcon_meta']
[2.967s] Level 1:colcon.colcon_core.package_identification:_identify(cmake-build-debug/CMakeFiles/cod_serial.dir) by extension 'colcon_meta'
[2.968s] Level 1:colcon.colcon_core.package_identification:_identify(cmake-build-debug/CMakeFiles/cod_serial.dir) by extensions ['ros']
[2.968s] Level 1:colcon.colcon_core.package_identification:_identify(cmake-build-debug/CMakeFiles/cod_serial.dir) by extension 'ros'
[2.968s] Level 1:colcon.colcon_core.package_identification:_identify(cmake-build-debug/CMakeFiles/cod_serial.dir) by extensions ['cmake', 'python']
[2.968s] Level 1:colcon.colcon_core.package_identification:_identify(cmake-build-debug/CMakeFiles/cod_serial.dir) by extension 'cmake'
[2.968s] Level 1:colcon.colcon_core.package_identification:_identify(cmake-build-debug/CMakeFiles/cod_serial.dir) by extension 'python'
[2.968s] Level 1:colcon.colcon_core.package_identification:_identify(cmake-build-debug/CMakeFiles/cod_serial.dir) by extensions ['python_setup_py']
[2.980s] Level 1:colcon.colcon_core.package_identification:_identify(cmake-build-debug/CMakeFiles/cod_serial.dir) by extension 'python_setup_py'
[2.983s] Level 1:colcon.colcon_core.package_identification:_identify(cmake-build-debug/CMakeFiles/cod_serial.dir/src) by extensions ['ignore', 'ignore_ament_install']
[2.984s] Level 1:colcon.colcon_core.package_identification:_identify(cmake-build-debug/CMakeFiles/cod_serial.dir/src) by extension 'ignore'
[2.985s] Level 1:colcon.colcon_core.package_identification:_identify(cmake-build-debug/CMakeFiles/cod_serial.dir/src) by extension 'ignore_ament_install'
[2.986s] Level 1:colcon.colcon_core.package_identification:_identify(cmake-build-debug/CMakeFiles/cod_serial.dir/src) by extensions ['colcon_pkg']
[2.986s] Level 1:colcon.colcon_core.package_identification:_identify(cmake-build-debug/CMakeFiles/cod_serial.dir/src) by extension 'colcon_pkg'
[2.986s] Level 1:colcon.colcon_core.package_identification:_identify(cmake-build-debug/CMakeFiles/cod_serial.dir/src) by extensions ['colcon_meta']
[2.986s] Level 1:colcon.colcon_core.package_identification:_identify(cmake-build-debug/CMakeFiles/cod_serial.dir/src) by extension 'colcon_meta'
[2.986s] Level 1:colcon.colcon_core.package_identification:_identify(cmake-build-debug/CMakeFiles/cod_serial.dir/src) by extensions ['ros']
[2.986s] Level 1:colcon.colcon_core.package_identification:_identify(cmake-build-debug/CMakeFiles/cod_serial.dir/src) by extension 'ros'
[2.988s] Level 1:colcon.colcon_core.package_identification:_identify(cmake-build-debug/CMakeFiles/cod_serial.dir/src) by extensions ['cmake', 'python']
[2.988s] Level 1:colcon.colcon_core.package_identification:_identify(cmake-build-debug/CMakeFiles/cod_serial.dir/src) by extension 'cmake'
[2.988s] Level 1:colcon.colcon_core.package_identification:_identify(cmake-build-debug/CMakeFiles/cod_serial.dir/src) by extension 'python'
[2.988s] Level 1:colcon.colcon_core.package_identification:_identify(cmake-build-debug/CMakeFiles/cod_serial.dir/src) by extensions ['python_setup_py']
[2.988s] Level 1:colcon.colcon_core.package_identification:_identify(cmake-build-debug/CMakeFiles/cod_serial.dir/src) by extension 'python_setup_py'
[2.990s] Level 1:colcon.colcon_core.package_identification:_identify(cmake-build-debug/CMakeFiles/pkgRedirects) by extensions ['ignore', 'ignore_ament_install']
[2.990s] Level 1:colcon.colcon_core.package_identification:_identify(cmake-build-debug/CMakeFiles/pkgRedirects) by extension 'ignore'
[2.990s] Level 1:colcon.colcon_core.package_identification:_identify(cmake-build-debug/CMakeFiles/pkgRedirects) by extension 'ignore_ament_install'
[2.990s] Level 1:colcon.colcon_core.package_identification:_identify(cmake-build-debug/CMakeFiles/pkgRedirects) by extensions ['colcon_pkg']
[2.990s] Level 1:colcon.colcon_core.package_identification:_identify(cmake-build-debug/CMakeFiles/pkgRedirects) by extension 'colcon_pkg'
[2.991s] Level 1:colcon.colcon_core.package_identification:_identify(cmake-build-debug/CMakeFiles/pkgRedirects) by extensions ['colcon_meta']
[2.991s] Level 1:colcon.colcon_core.package_identification:_identify(cmake-build-debug/CMakeFiles/pkgRedirects) by extension 'colcon_meta'
[2.991s] Level 1:colcon.colcon_core.package_identification:_identify(cmake-build-debug/CMakeFiles/pkgRedirects) by extensions ['ros']
[2.991s] Level 1:colcon.colcon_core.package_identification:_identify(cmake-build-debug/CMakeFiles/pkgRedirects) by extension 'ros'
[2.991s] Level 1:colcon.colcon_core.package_identification:_identify(cmake-build-debug/CMakeFiles/pkgRedirects) by extensions ['cmake', 'python']
[2.991s] Level 1:colcon.colcon_core.package_identification:_identify(cmake-build-debug/CMakeFiles/pkgRedirects) by extension 'cmake'
[2.992s] Level 1:colcon.colcon_core.package_identification:_identify(cmake-build-debug/CMakeFiles/pkgRedirects) by extension 'python'
[2.992s] Level 1:colcon.colcon_core.package_identification:_identify(cmake-build-debug/CMakeFiles/pkgRedirects) by extensions ['python_setup_py']
[2.992s] Level 1:colcon.colcon_core.package_identification:_identify(cmake-build-debug/CMakeFiles/pkgRedirects) by extension 'python_setup_py'
[2.992s] Level 1:colcon.colcon_core.package_identification:_identify(cmake-build-debug/Testing) by extensions ['ignore', 'ignore_ament_install']
[2.993s] Level 1:colcon.colcon_core.package_identification:_identify(cmake-build-debug/Testing) by extension 'ignore'
[2.993s] Level 1:colcon.colcon_core.package_identification:_identify(cmake-build-debug/Testing) by extension 'ignore_ament_install'
[2.993s] Level 1:colcon.colcon_core.package_identification:_identify(cmake-build-debug/Testing) by extensions ['colcon_pkg']
[2.993s] Level 1:colcon.colcon_core.package_identification:_identify(cmake-build-debug/Testing) by extension 'colcon_pkg'
[2.993s] Level 1:colcon.colcon_core.package_identification:_identify(cmake-build-debug/Testing) by extensions ['colcon_meta']
[2.993s] Level 1:colcon.colcon_core.package_identification:_identify(cmake-build-debug/Testing) by extension 'colcon_meta'
[2.993s] Level 1:colcon.colcon_core.package_identification:_identify(cmake-build-debug/Testing) by extensions ['ros']
[2.993s] Level 1:colcon.colcon_core.package_identification:_identify(cmake-build-debug/Testing) by extension 'ros'
[2.994s] Level 1:colcon.colcon_core.package_identification:_identify(cmake-build-debug/Testing) by extensions ['cmake', 'python']
[2.994s] Level 1:colcon.colcon_core.package_identification:_identify(cmake-build-debug/Testing) by extension 'cmake'
[2.994s] Level 1:colcon.colcon_core.package_identification:_identify(cmake-build-debug/Testing) by extension 'python'
[2.997s] Level 1:colcon.colcon_core.package_identification:_identify(cmake-build-debug/Testing) by extensions ['python_setup_py']
[2.997s] Level 1:colcon.colcon_core.package_identification:_identify(cmake-build-debug/Testing) by extension 'python_setup_py'
[2.999s] Level 1:colcon.colcon_core.package_identification:_identify(cmake-build-debug/Testing/Temporary) by extensions ['ignore', 'ignore_ament_install']
[2.999s] Level 1:colcon.colcon_core.package_identification:_identify(cmake-build-debug/Testing/Temporary) by extension 'ignore'
[3.000s] Level 1:colcon.colcon_core.package_identification:_identify(cmake-build-debug/Testing/Temporary) by extension 'ignore_ament_install'
[3.000s] Level 1:colcon.colcon_core.package_identification:_identify(cmake-build-debug/Testing/Temporary) by extensions ['colcon_pkg']
[3.000s] Level 1:colcon.colcon_core.package_identification:_identify(cmake-build-debug/Testing/Temporary) by extension 'colcon_pkg'
[3.001s] Level 1:colcon.colcon_core.package_identification:_identify(cmake-build-debug/Testing/Temporary) by extensions ['colcon_meta']
[3.001s] Level 1:colcon.colcon_core.package_identification:_identify(cmake-build-debug/Testing/Temporary) by extension 'colcon_meta'
[3.001s] Level 1:colcon.colcon_core.package_identification:_identify(cmake-build-debug/Testing/Temporary) by extensions ['ros']
[3.001s] Level 1:colcon.colcon_core.package_identification:_identify(cmake-build-debug/Testing/Temporary) by extension 'ros'
[3.001s] Level 1:colcon.colcon_core.package_identification:_identify(cmake-build-debug/Testing/Temporary) by extensions ['cmake', 'python']
[3.001s] Level 1:colcon.colcon_core.package_identification:_identify(cmake-build-debug/Testing/Temporary) by extension 'cmake'
[3.002s] Level 1:colcon.colcon_core.package_identification:_identify(cmake-build-debug/Testing/Temporary) by extension 'python'
[3.005s] Level 1:colcon.colcon_core.package_identification:_identify(cmake-build-debug/Testing/Temporary) by extensions ['python_setup_py']
[3.013s] Level 1:colcon.colcon_core.package_identification:_identify(cmake-build-debug/Testing/Temporary) by extension 'python_setup_py'
[3.013s] Level 1:colcon.colcon_core.package_identification:_identify(install) by extensions ['ignore', 'ignore_ament_install']
[3.014s] Level 1:colcon.colcon_core.package_identification:_identify(install) by extension 'ignore'
[3.015s] Level 1:colcon.colcon_core.package_identification:_identify(install) ignored
[3.016s] Level 1:colcon.colcon_core.package_identification:_identify(log) by extensions ['ignore', 'ignore_ament_install']
[3.016s] Level 1:colcon.colcon_core.package_identification:_identify(log) by extension 'ignore'
[3.018s] Level 1:colcon.colcon_core.package_identification:_identify(log) ignored
[3.018s] Level 1:colcon.colcon_core.package_identification:_identify(rm_interfaces) by extensions ['ignore', 'ignore_ament_install']
[3.019s] Level 1:colcon.colcon_core.package_identification:_identify(rm_interfaces) by extension 'ignore'
[3.020s] Level 1:colcon.colcon_core.package_identification:_identify(rm_interfaces) by extension 'ignore_ament_install'
[3.020s] Level 1:colcon.colcon_core.package_identification:_identify(rm_interfaces) by extensions ['colcon_pkg']
[3.020s] Level 1:colcon.colcon_core.package_identification:_identify(rm_interfaces) by extension 'colcon_pkg'
[3.020s] Level 1:colcon.colcon_core.package_identification:_identify(rm_interfaces) by extensions ['colcon_meta']
[3.020s] Level 1:colcon.colcon_core.package_identification:_identify(rm_interfaces) by extension 'colcon_meta'
[3.021s] Level 1:colcon.colcon_core.package_identification:_identify(rm_interfaces) by extensions ['ros']
[3.021s] Level 1:colcon.colcon_core.package_identification:_identify(rm_interfaces) by extension 'ros'
[3.028s] DEBUG:colcon.colcon_core.package_identification:Package 'rm_interfaces' with type 'ros.ament_cmake' and name 'rm_interfaces'
[3.028s] Level 1:colcon.colcon_core.package_discovery:discover_packages(recursive) using defaults
[3.028s] Level 1:colcon.colcon_core.package_discovery:discover_packages(ignore) discover
[3.028s] Level 1:colcon.colcon_core.package_discovery:discover_packages(ignore) using defaults
[3.028s] Level 1:colcon.colcon_core.package_discovery:discover_packages(path) discover
[3.029s] Level 1:colcon.colcon_core.package_discovery:discover_packages(path) using defaults
[3.231s] Level 1:colcon.colcon_core.package_discovery:discover_packages(prefix_path) check parameters
[3.232s] Level 1:colcon.colcon_core.package_discovery:discover_packages(prefix_path) discover
[3.258s] WARNING:colcon.colcon_ros.prefix_path.ament:The path '/home/ysl/ros2_ws/install/cod_serial' in the environment variable AMENT_PREFIX_PATH doesn't exist
[3.258s] WARNING:colcon.colcon_ros.prefix_path.ament:The path '/home/ysl/ros2_ws/install/cod_behavior' in the environment variable AMENT_PREFIX_PATH doesn't exist
[3.258s] WARNING:colcon.colcon_ros.prefix_path.ament:The path '/home/ysl/ros2_ws/install/rm_interfaces' in the environment variable AMENT_PREFIX_PATH doesn't exist
[3.259s] WARNING:colcon.colcon_ros.prefix_path.catkin:The path '/home/ysl/ros2_ws/install/cod_serial' in the environment variable CMAKE_PREFIX_PATH doesn't exist
[3.259s] WARNING:colcon.colcon_ros.prefix_path.catkin:The path '/home/ysl/ros2_ws/install/cod_behavior' in the environment variable CMAKE_PREFIX_PATH doesn't exist
[3.259s] WARNING:colcon.colcon_ros.prefix_path.catkin:The path '/home/ysl/ros2_ws/install/rm_interfaces' in the environment variable CMAKE_PREFIX_PATH doesn't exist
[3.264s] DEBUG:colcon.colcon_installed_package_information.package_discovery:Found 0 installed packages in /home/ysl/ros2_ws/install
[3.265s] DEBUG:colcon.colcon_installed_package_information.package_discovery:Found 1 installed packages in /home/ysl/BehaviorTree.CPP/install
[3.280s] DEBUG:colcon.colcon_installed_package_information.package_discovery:Found 388 installed packages in /opt/ros/jazzy
[3.312s] Level 1:colcon.colcon_core.package_discovery:discover_packages(prefix_path) using defaults
[3.673s] Level 5:colcon.colcon_core.verb:set package 'rm_interfaces' build argument 'cmake_args' from command line to 'None'
[3.673s] Level 5:colcon.colcon_core.verb:set package 'rm_interfaces' build argument 'cmake_target' from command line to 'None'
[3.674s] Level 5:colcon.colcon_core.verb:set package 'rm_interfaces' build argument 'cmake_target_skip_unavailable' from command line to 'False'
[3.674s] Level 5:colcon.colcon_core.verb:set package 'rm_interfaces' build argument 'cmake_clean_cache' from command line to 'False'
[3.674s] Level 5:colcon.colcon_core.verb:set package 'rm_interfaces' build argument 'cmake_clean_first' from command line to 'False'
[3.674s] Level 5:colcon.colcon_core.verb:set package 'rm_interfaces' build argument 'cmake_force_configure' from command line to 'False'
[3.674s] Level 5:colcon.colcon_core.verb:set package 'rm_interfaces' build argument 'ament_cmake_args' from command line to 'None'
[3.674s] Level 5:colcon.colcon_core.verb:set package 'rm_interfaces' build argument 'catkin_cmake_args' from command line to 'None'
[3.674s] Level 5:colcon.colcon_core.verb:set package 'rm_interfaces' build argument 'catkin_skip_building_tests' from command line to 'False'
[3.674s] DEBUG:colcon.colcon_core.verb:Building package 'rm_interfaces' with the following arguments: {'ament_cmake_args': None, 'build_base': '/home/ysl/ros2_ws/build/rm_interfaces', 'catkin_cmake_args': None, 'catkin_skip_building_tests': False, 'cmake_args': None, 'cmake_clean_cache': False, 'cmake_clean_first': False, 'cmake_force_configure': False, 'cmake_target': None, 'cmake_target_skip_unavailable': False, 'install_base': '/home/ysl/ros2_ws/install/rm_interfaces', 'merge_install': False, 'path': '/home/ysl/ros2_ws/rm_interfaces', 'symlink_install': True, 'test_result_base': None}
[3.675s] Level 5:colcon.colcon_core.verb:set package 'cod_behavior' build argument 'cmake_args' from command line to 'None'
[3.675s] Level 5:colcon.colcon_core.verb:set package 'cod_behavior' build argument 'cmake_target' from command line to 'None'
[3.675s] Level 5:colcon.colcon_core.verb:set package 'cod_behavior' build argument 'cmake_target_skip_unavailable' from command line to 'False'
[3.675s] Level 5:colcon.colcon_core.verb:set package 'cod_behavior' build argument 'cmake_clean_cache' from command line to 'False'
[3.675s] Level 5:colcon.colcon_core.verb:set package 'cod_behavior' build argument 'cmake_clean_first' from command line to 'False'
[3.675s] Level 5:colcon.colcon_core.verb:set package 'cod_behavior' build argument 'cmake_force_configure' from command line to 'False'
[3.675s] Level 5:colcon.colcon_core.verb:set package 'cod_behavior' build argument 'ament_cmake_args' from command line to 'None'
[3.675s] Level 5:colcon.colcon_core.verb:set package 'cod_behavior' build argument 'catkin_cmake_args' from command line to 'None'
[3.675s] Level 5:colcon.colcon_core.verb:set package 'cod_behavior' build argument 'catkin_skip_building_tests' from command line to 'False'
[3.675s] DEBUG:colcon.colcon_core.verb:Building package 'cod_behavior' with the following arguments: {'ament_cmake_args': None, 'build_base': '/home/ysl/ros2_ws/build/cod_behavior', 'catkin_cmake_args': None, 'catkin_skip_building_tests': False, 'cmake_args': None, 'cmake_clean_cache': False, 'cmake_clean_first': False, 'cmake_force_configure': False, 'cmake_target': None, 'cmake_target_skip_unavailable': False, 'install_base': '/home/ysl/ros2_ws/install/cod_behavior', 'merge_install': False, 'path': '/home/ysl/ros2_ws/COD_Behavior', 'symlink_install': True, 'test_result_base': None}
[3.676s] Level 5:colcon.colcon_core.verb:set package 'cod_serial' build argument 'cmake_args' from command line to 'None'
[3.676s] Level 5:colcon.colcon_core.verb:set package 'cod_serial' build argument 'cmake_target' from command line to 'None'
[3.676s] Level 5:colcon.colcon_core.verb:set package 'cod_serial' build argument 'cmake_target_skip_unavailable' from command line to 'False'
[3.676s] Level 5:colcon.colcon_core.verb:set package 'cod_serial' build argument 'cmake_clean_cache' from command line to 'False'
[3.676s] Level 5:colcon.colcon_core.verb:set package 'cod_serial' build argument 'cmake_clean_first' from command line to 'False'
[3.676s] Level 5:colcon.colcon_core.verb:set package 'cod_serial' build argument 'cmake_force_configure' from command line to 'False'
[3.676s] Level 5:colcon.colcon_core.verb:set package 'cod_serial' build argument 'ament_cmake_args' from command line to 'None'
[3.676s] Level 5:colcon.colcon_core.verb:set package 'cod_serial' build argument 'catkin_cmake_args' from command line to 'None'
[3.676s] Level 5:colcon.colcon_core.verb:set package 'cod_serial' build argument 'catkin_skip_building_tests' from command line to 'False'
[3.677s] DEBUG:colcon.colcon_core.verb:Building package 'cod_serial' with the following arguments: {'ament_cmake_args': None, 'build_base': '/home/ysl/ros2_ws/build/cod_serial', 'catkin_cmake_args': None, 'catkin_skip_building_tests': False, 'cmake_args': None, 'cmake_clean_cache': False, 'cmake_clean_first': False, 'cmake_force_configure': False, 'cmake_target': None, 'cmake_target_skip_unavailable': False, 'install_base': '/home/ysl/ros2_ws/install/cod_serial', 'merge_install': False, 'path': '/home/ysl/ros2_ws/COD_Serial', 'symlink_install': True, 'test_result_base': None}
[3.677s] INFO:colcon.colcon_core.executor:Executing jobs using 'parallel' executor
[3.689s] DEBUG:colcon.colcon_parallel_executor.executor.parallel:run_until_complete
[3.690s] INFO:colcon.colcon_ros.task.ament_cmake.build:Building ROS package in '/home/ysl/ros2_ws/rm_interfaces' with build type 'ament_cmake'
[3.690s] INFO:colcon.colcon_cmake.task.cmake.build:Building CMake package in '/home/ysl/ros2_ws/rm_interfaces'
[3.720s] INFO:colcon.colcon_core.plugin_system:Skipping extension 'colcon_core.shell.bat': Not used on non-Windows systems
[3.720s] INFO:colcon.colcon_core.shell:Skip shell extension 'powershell' for command environment: Not usable outside of PowerShell
[3.720s] DEBUG:colcon.colcon_core.shell:Skip shell extension 'dsv' for command environment
[3.783s] DEBUG:colcon.colcon_core.event_handler.log_command:Invoking command in '/home/ysl/ros2_ws/build/rm_interfaces': CMAKE_PREFIX_PATH=${CMAKE_PREFIX_PATH}:/opt/ros/jazzy /usr/bin/cmake /home/ysl/ros2_ws/rm_interfaces -DAMENT_CMAKE_SYMLINK_INSTALL=1 -DCMAKE_INSTALL_PREFIX=/home/ysl/ros2_ws/install/rm_interfaces
[5.945s] DEBUG:colcon.colcon_parallel_executor.executor.parallel:run_until_complete was interrupted
[5.946s] DEBUG:colcon.colcon_parallel_executor.executor.parallel:run_until_complete again
[5.965s] DEBUG:colcon.colcon_core.event_handler.log_command:Invoked command in '/home/ysl/ros2_ws/build/rm_interfaces' returned '-2': CMAKE_PREFIX_PATH=${CMAKE_PREFIX_PATH}:/opt/ros/jazzy /usr/bin/cmake /home/ysl/ros2_ws/rm_interfaces -DAMENT_CMAKE_SYMLINK_INSTALL=1 -DCMAKE_INSTALL_PREFIX=/home/ysl/ros2_ws/install/rm_interfaces
[5.967s] Level 1:colcon.colcon_core.environment:create_environment_scripts_only(rm_interfaces)
[5.994s] Level 1:colcon.colcon_core.environment:checking '/home/ysl/ros2_ws/install/rm_interfaces' for CMake module files
[5.997s] Level 1:colcon.colcon_core.environment:checking '/home/ysl/ros2_ws/install/rm_interfaces' for CMake config files
[5.998s] Level 1:colcon.colcon_core.environment:checking '/home/ysl/ros2_ws/install/rm_interfaces/bin'
[5.998s] Level 1:colcon.colcon_core.environment:checking '/home/ysl/ros2_ws/install/rm_interfaces/lib/pkgconfig/rm_interfaces.pc'
[5.999s] Level 1:colcon.colcon_core.environment:checking '/home/ysl/ros2_ws/install/rm_interfaces/lib/python3.12/site-packages'
[5.999s] Level 1:colcon.colcon_core.environment:checking '/home/ysl/ros2_ws/install/rm_interfaces/bin'
[6.000s] INFO:colcon.colcon_core.shell:Creating package script '/home/ysl/ros2_ws/install/rm_interfaces/share/rm_interfaces/package.ps1'
[6.013s] INFO:colcon.colcon_core.shell:Creating package descriptor '/home/ysl/ros2_ws/install/rm_interfaces/share/rm_interfaces/package.dsv'
[6.014s] INFO:colcon.colcon_core.shell:Creating package script '/home/ysl/ros2_ws/install/rm_interfaces/share/rm_interfaces/package.sh'
[6.015s] INFO:colcon.colcon_core.shell:Creating package script '/home/ysl/ros2_ws/install/rm_interfaces/share/rm_interfaces/package.bash'
[6.017s] INFO:colcon.colcon_core.shell:Creating package script '/home/ysl/ros2_ws/install/rm_interfaces/share/rm_interfaces/package.zsh'
[6.018s] Level 1:colcon.colcon_core.environment:create_file_with_runtime_dependencies(/home/ysl/ros2_ws/install/rm_interfaces/share/colcon-core/packages/rm_interfaces)
[6.021s] DEBUG:colcon.colcon_parallel_executor.executor.parallel:run_until_complete finished
[6.022s] DEBUG:colcon.colcon_parallel_executor.executor.parallel:closing loop
[6.022s] DEBUG:colcon.colcon_parallel_executor.executor.parallel:loop closed
[6.032s] DEBUG:colcon.colcon_core.event_reactor:joining thread
[6.475s] INFO:colcon.colcon_core.plugin_system:Skipping extension 'colcon_notification.desktop_notification.notify_send': Could not find 'notify-send'
[6.476s] INFO:colcon.colcon_core.plugin_system:Skipping extension 'colcon_notification.desktop_notification.terminal_notifier': Not used on non-Darwin systems
[6.476s] INFO:colcon.colcon_core.plugin_system:Skipping extension 'colcon_notification.desktop_notification.win32': Not used on non-Windows systems
[6.476s] INFO:colcon.colcon_notification.desktop_notification:Sending desktop notification using 'notify2'
[6.485s] DEBUG:colcon.colcon_notification.desktop_notification.notify2:Failed to initialize notify2: org.freedesktop.DBus.Error.ServiceUnknown: The name org.freedesktop.Notifications was not provided by any .service files
[6.485s] DEBUG:colcon.colcon_core.event_reactor:joined thread
[6.486s] INFO:colcon.colcon_core.shell:Creating prefix script '/home/ysl/ros2_ws/install/local_setup.ps1'
[6.488s] INFO:colcon.colcon_core.shell:Creating prefix util module '/home/ysl/ros2_ws/install/_local_setup_util_ps1.py'
[6.493s] INFO:colcon.colcon_core.shell:Creating prefix chain script '/home/ysl/ros2_ws/install/setup.ps1'
[6.496s] INFO:colcon.colcon_core.shell:Creating prefix script '/home/ysl/ros2_ws/install/local_setup.sh'
[6.499s] INFO:colcon.colcon_core.shell:Creating prefix util module '/home/ysl/ros2_ws/install/_local_setup_util_sh.py'
[6.504s] INFO:colcon.colcon_core.shell:Creating prefix chain script '/home/ysl/ros2_ws/install/setup.sh'
[6.515s] INFO:colcon.colcon_core.shell:Creating prefix script '/home/ysl/ros2_ws/install/local_setup.bash'
[6.519s] INFO:colcon.colcon_core.shell:Creating prefix chain script '/home/ysl/ros2_ws/install/setup.bash'
[6.523s] INFO:colcon.colcon_core.shell:Creating prefix script '/home/ysl/ros2_ws/install/local_setup.zsh'
[6.524s] INFO:colcon.colcon_core.shell:Creating prefix chain script '/home/ysl/ros2_ws/install/setup.zsh'
