[0.035s] Invoking command in '/home/ysl/ros2_ws/COD_Behavior/BehaviorTree.ROS2/build/btcpp_ros2_interfaces': CMAKE_PREFIX_PATH=${CMAKE_PREFIX_PATH}:/opt/ros/jazzy /usr/bin/cmake /home/ysl/ros2_ws/COD_Behavior/BehaviorTree.ROS2/btcpp_ros2_interfaces -DAMENT_CMAKE_SYMLINK_INSTALL=1 -DCMAKE_INSTALL_PREFIX=/home/ysl/ros2_ws/COD_Behavior/BehaviorTree.ROS2/install/btcpp_ros2_interfaces
[0.709s] -- The C compiler identification is GNU 13.3.0
[3.806s] -- The CXX compiler identification is GNU 13.3.0
[6.395s] -- Detecting C compiler ABI info
[7.349s] -- Detecting C compiler ABI info - done
[7.365s] -- Check for working C compiler: /usr/bin/cc - skipped
[7.366s] -- Detecting C compile features
[7.367s] -- Detecting C compile features - done
[7.747s] -- Detecting CXX compiler ABI info
[8.719s] -- Detecting CXX compiler ABI info - done
[8.737s] -- Check for working CXX compiler: /usr/bin/c++ - skipped
[8.737s] -- Detecting CXX compile features
[8.738s] -- Detecting CXX compile features - done
[8.760s] -- Found ament_cmake: 2.5.4 (/opt/ros/jazzy/share/ament_cmake/cmake)
[9.108s] -- Found Python3: /usr/bin/python3 (found version "3.12.3") found components: Interpreter 
[9.282s] -- Override CMake install command with custom implementation using symlinks instead of copying resources
[9.417s] -- Found rosidl_default_generators: 1.6.0 (/opt/ros/jazzy/share/rosidl_default_generators/cmake)
[9.439s] -- Using all available rosidl_typesupport_c: rosidl_typesupport_fastrtps_c;rosidl_typesupport_introspection_c
[10.189s] -- Using all available rosidl_typesupport_cpp: rosidl_typesupport_fastrtps_cpp;rosidl_typesupport_introspection_cpp
[10.323s] -- Found rosidl_adapter: 4.6.5 (/opt/ros/jazzy/share/rosidl_adapter/cmake)
[11.558s] -- Found ament_cmake_ros: 0.12.0 (/opt/ros/jazzy/share/ament_cmake_ros/cmake)
[12.469s] -- Using all available rosidl_typesupport_c: rosidl_typesupport_fastrtps_c;rosidl_typesupport_introspection_c
[13.419s] -- Using all available rosidl_typesupport_cpp: rosidl_typesupport_fastrtps_cpp;rosidl_typesupport_introspection_cpp
[13.429s] -- Found python_cmake_module: 0.11.1 (/opt/ros/jazzy/share/python_cmake_module/cmake)
[13.649s] -- Found PythonExtra: /usr/bin/python3  
[14.556s] -- Found Python3: /usr/bin/python3 (found version "3.12.3") found components: Interpreter Development NumPy Development.Module Development.Embed 
[14.656s] -- Configuring done (14.6s)
[14.759s] -- Generating done (0.1s)
[14.786s] -- Build files have been written to: /home/ysl/ros2_ws/COD_Behavior/BehaviorTree.ROS2/build/btcpp_ros2_interfaces
[14.810s] Invoked command in '/home/ysl/ros2_ws/COD_Behavior/BehaviorTree.ROS2/build/btcpp_ros2_interfaces' returned '0': CMAKE_PREFIX_PATH=${CMAKE_PREFIX_PATH}:/opt/ros/jazzy /usr/bin/cmake /home/ysl/ros2_ws/COD_Behavior/BehaviorTree.ROS2/btcpp_ros2_interfaces -DAMENT_CMAKE_SYMLINK_INSTALL=1 -DCMAKE_INSTALL_PREFIX=/home/ysl/ros2_ws/COD_Behavior/BehaviorTree.ROS2/install/btcpp_ros2_interfaces
[14.812s] Invoking command in '/home/ysl/ros2_ws/COD_Behavior/BehaviorTree.ROS2/build/btcpp_ros2_interfaces': CMAKE_PREFIX_PATH=${CMAKE_PREFIX_PATH}:/opt/ros/jazzy /usr/bin/cmake --build /home/ysl/ros2_ws/COD_Behavior/BehaviorTree.ROS2/build/btcpp_ros2_interfaces -- -j12 -l12
[14.912s] [  1%] [34m[1mGenerating type hashes for ROS interfaces[0m
[14.929s] [  1%] Built target ament_cmake_python_symlink_btcpp_ros2_interfaces
[15.372s] running egg_info
[15.373s] creating btcpp_ros2_interfaces.egg-info
[15.411s] writing btcpp_ros2_interfaces.egg-info/PKG-INFO
[15.412s] writing dependency_links to btcpp_ros2_interfaces.egg-info/dependency_links.txt
[15.412s] writing top-level names to btcpp_ros2_interfaces.egg-info/top_level.txt
[15.413s] writing manifest file 'btcpp_ros2_interfaces.egg-info/SOURCES.txt'
[15.517s] reading manifest file 'btcpp_ros2_interfaces.egg-info/SOURCES.txt'
[15.518s] writing manifest file 'btcpp_ros2_interfaces.egg-info/SOURCES.txt'
[15.547s] [  1%] Built target btcpp_ros2_interfaces__rosidl_generator_type_description
[15.568s] [  3%] [34m[1mGenerating C code for ROS interfaces[0m
[15.572s] [  3%] Built target ament_cmake_python_build_btcpp_ros2_interfaces_egg
[15.589s] [  4%] [34m[1mGenerating C++ code for ROS interfaces[0m
[16.989s] [  4%] Built target btcpp_ros2_interfaces__cpp
[17.125s] [  7%] [32mBuilding C object CMakeFiles/btcpp_ros2_interfaces__rosidl_generator_c.dir/rosidl_generator_c/btcpp_ros2_interfaces/msg/detail/node_status__type_support.c.o[0m
[17.126s] [  9%] [32mBuilding C object CMakeFiles/btcpp_ros2_interfaces__rosidl_generator_c.dir/rosidl_generator_c/btcpp_ros2_interfaces/msg/detail/node_status__description.c.o[0m
[17.126s] [  7%] [32mBuilding C object CMakeFiles/btcpp_ros2_interfaces__rosidl_generator_c.dir/rosidl_generator_c/btcpp_ros2_interfaces/msg/detail/node_status__functions.c.o[0m
[17.126s] [ 10%] [32mBuilding C object CMakeFiles/btcpp_ros2_interfaces__rosidl_generator_c.dir/rosidl_generator_c/btcpp_ros2_interfaces/srv/detail/get_trees__description.c.o[0m
[17.127s] [ 12%] [32mBuilding C object CMakeFiles/btcpp_ros2_interfaces__rosidl_generator_c.dir/rosidl_generator_c/btcpp_ros2_interfaces/action/detail/sleep__type_support.c.o[0m
[17.128s] [ 15%] [32mBuilding C object CMakeFiles/btcpp_ros2_interfaces__rosidl_generator_c.dir/rosidl_generator_c/btcpp_ros2_interfaces/srv/detail/get_trees__functions.c.o[0m
[17.128s] [ 15%] [32mBuilding C object CMakeFiles/btcpp_ros2_interfaces__rosidl_generator_c.dir/rosidl_generator_c/btcpp_ros2_interfaces/action/detail/execute_tree__functions.c.o[0m
[17.130s] [ 17%] [32mBuilding C object CMakeFiles/btcpp_ros2_interfaces__rosidl_generator_c.dir/rosidl_generator_c/btcpp_ros2_interfaces/action/detail/execute_tree__type_support.c.o[0m
[17.130s] [ 18%] [32mBuilding C object CMakeFiles/btcpp_ros2_interfaces__rosidl_generator_c.dir/rosidl_generator_c/btcpp_ros2_interfaces/action/detail/sleep__description.c.o[0m
[17.131s] [ 20%] [32mBuilding C object CMakeFiles/btcpp_ros2_interfaces__rosidl_generator_c.dir/rosidl_generator_c/btcpp_ros2_interfaces/action/detail/sleep__functions.c.o[0m
[17.135s] [ 23%] [32mBuilding C object CMakeFiles/btcpp_ros2_interfaces__rosidl_generator_c.dir/rosidl_generator_c/btcpp_ros2_interfaces/action/detail/execute_tree__description.c.o[0m
[17.136s] [ 23%] [32mBuilding C object CMakeFiles/btcpp_ros2_interfaces__rosidl_generator_c.dir/rosidl_generator_c/btcpp_ros2_interfaces/srv/detail/get_trees__type_support.c.o[0m
[17.441s] [ 25%] [32m[1mLinking C shared library libbtcpp_ros2_interfaces__rosidl_generator_c.so[0m
[17.856s] [ 25%] Built target btcpp_ros2_interfaces__rosidl_generator_c
[17.878s] [ 31%] [34m[1mGenerating C introspection for ROS interfaces[0m
[17.878s] [ 31%] [34m[1mGenerating C type support for eProsima Fast-RTPS[0m
[17.878s] [ 31%] [34m[1mGenerating C++ introspection for ROS interfaces[0m
[17.879s] [ 31%] [34m[1mGenerating C++ type support dispatch for ROS interfaces[0m
[17.879s] [ 32%] [34m[1mGenerating C++ type support for eProsima Fast-RTPS[0m
[17.879s] [ 34%] [34m[1mGenerating C type support dispatch for ROS interfaces[0m
[18.921s] [ 37%] [32mBuilding CXX object CMakeFiles/btcpp_ros2_interfaces__rosidl_typesupport_c.dir/rosidl_typesupport_c/btcpp_ros2_interfaces/msg/node_status__type_support.cpp.o[0m
[18.922s] [ 37%] [32mBuilding CXX object CMakeFiles/btcpp_ros2_interfaces__rosidl_typesupport_c.dir/rosidl_typesupport_c/btcpp_ros2_interfaces/srv/get_trees__type_support.cpp.o[0m
[18.923s] [ 39%] [32mBuilding CXX object CMakeFiles/btcpp_ros2_interfaces__rosidl_typesupport_c.dir/rosidl_typesupport_c/btcpp_ros2_interfaces/action/sleep__type_support.cpp.o[0m
[18.924s] [ 40%] [32mBuilding CXX object CMakeFiles/btcpp_ros2_interfaces__rosidl_typesupport_c.dir/rosidl_typesupport_c/btcpp_ros2_interfaces/action/execute_tree__type_support.cpp.o[0m
[19.013s] [ 42%] [32mBuilding CXX object CMakeFiles/btcpp_ros2_interfaces__rosidl_typesupport_cpp.dir/rosidl_typesupport_cpp/btcpp_ros2_interfaces/msg/node_status__type_support.cpp.o[0m
[19.013s] [ 43%] [32mBuilding CXX object CMakeFiles/btcpp_ros2_interfaces__rosidl_typesupport_cpp.dir/rosidl_typesupport_cpp/btcpp_ros2_interfaces/action/execute_tree__type_support.cpp.o[0m
[19.019s] [ 45%] [32mBuilding CXX object CMakeFiles/btcpp_ros2_interfaces__rosidl_typesupport_cpp.dir/rosidl_typesupport_cpp/btcpp_ros2_interfaces/srv/get_trees__type_support.cpp.o[0m
[19.029s] [ 46%] [32mBuilding CXX object CMakeFiles/btcpp_ros2_interfaces__rosidl_typesupport_cpp.dir/rosidl_typesupport_cpp/btcpp_ros2_interfaces/action/sleep__type_support.cpp.o[0m
[19.076s] [ 48%] [32m[1mLinking CXX shared library libbtcpp_ros2_interfaces__rosidl_typesupport_c.so[0m
[19.267s] [ 50%] [32mBuilding CXX object CMakeFiles/btcpp_ros2_interfaces__rosidl_typesupport_introspection_cpp.dir/rosidl_typesupport_introspection_cpp/btcpp_ros2_interfaces/msg/detail/node_status__type_support.cpp.o[0m
[19.270s] [ 51%] [32mBuilding CXX object CMakeFiles/btcpp_ros2_interfaces__rosidl_typesupport_introspection_cpp.dir/rosidl_typesupport_introspection_cpp/btcpp_ros2_interfaces/action/detail/sleep__type_support.cpp.o[0m
[19.271s] [ 53%] [32mBuilding CXX object CMakeFiles/btcpp_ros2_interfaces__rosidl_typesupport_introspection_cpp.dir/rosidl_typesupport_introspection_cpp/btcpp_ros2_interfaces/action/detail/execute_tree__type_support.cpp.o[0m
[19.272s] [ 54%] [32mBuilding CXX object CMakeFiles/btcpp_ros2_interfaces__rosidl_typesupport_introspection_cpp.dir/rosidl_typesupport_introspection_cpp/btcpp_ros2_interfaces/srv/detail/get_trees__type_support.cpp.o[0m
[19.664s] [ 56%] [32mBuilding C object CMakeFiles/btcpp_ros2_interfaces__rosidl_typesupport_introspection_c.dir/rosidl_typesupport_introspection_c/btcpp_ros2_interfaces/msg/detail/node_status__type_support.c.o[0m
[19.880s] [ 57%] [32mBuilding C object CMakeFiles/btcpp_ros2_interfaces__rosidl_typesupport_introspection_c.dir/rosidl_typesupport_introspection_c/btcpp_ros2_interfaces/srv/detail/get_trees__type_support.c.o[0m
[19.997s] [ 57%] Built target btcpp_ros2_interfaces__rosidl_typesupport_c
[20.078s] [ 59%] [32mBuilding C object CMakeFiles/btcpp_ros2_interfaces__rosidl_typesupport_introspection_c.dir/rosidl_typesupport_introspection_c/btcpp_ros2_interfaces/action/detail/execute_tree__type_support.c.o[0m
[20.119s] [ 60%] [32mBuilding C object CMakeFiles/btcpp_ros2_interfaces__rosidl_typesupport_introspection_c.dir/rosidl_typesupport_introspection_c/btcpp_ros2_interfaces/action/detail/sleep__type_support.c.o[0m
[20.318s] [ 62%] [32mBuilding CXX object CMakeFiles/btcpp_ros2_interfaces__rosidl_typesupport_fastrtps_cpp.dir/rosidl_typesupport_fastrtps_cpp/btcpp_ros2_interfaces/msg/detail/dds_fastrtps/node_status__type_support.cpp.o[0m
[20.333s] [ 64%] [32mBuilding CXX object CMakeFiles/btcpp_ros2_interfaces__rosidl_typesupport_fastrtps_cpp.dir/rosidl_typesupport_fastrtps_cpp/btcpp_ros2_interfaces/action/detail/dds_fastrtps/execute_tree__type_support.cpp.o[0m
[20.352s] [ 65%] [32mBuilding CXX object CMakeFiles/btcpp_ros2_interfaces__rosidl_typesupport_fastrtps_cpp.dir/rosidl_typesupport_fastrtps_cpp/btcpp_ros2_interfaces/srv/detail/dds_fastrtps/get_trees__type_support.cpp.o[0m
[20.387s] [ 67%] [32m[1mLinking C shared library libbtcpp_ros2_interfaces__rosidl_typesupport_introspection_c.so[0m
[20.464s] [ 68%] [32mBuilding CXX object CMakeFiles/btcpp_ros2_interfaces__rosidl_typesupport_fastrtps_cpp.dir/rosidl_typesupport_fastrtps_cpp/btcpp_ros2_interfaces/action/detail/dds_fastrtps/sleep__type_support.cpp.o[0m
[20.760s] [ 70%] [32mBuilding CXX object CMakeFiles/btcpp_ros2_interfaces__rosidl_typesupport_fastrtps_c.dir/rosidl_typesupport_fastrtps_c/btcpp_ros2_interfaces/msg/detail/node_status__type_support_c.cpp.o[0m
[20.771s] [ 71%] [32mBuilding CXX object CMakeFiles/btcpp_ros2_interfaces__rosidl_typesupport_fastrtps_c.dir/rosidl_typesupport_fastrtps_c/btcpp_ros2_interfaces/srv/detail/get_trees__type_support_c.cpp.o[0m
[21.079s] [ 73%] [32mBuilding CXX object CMakeFiles/btcpp_ros2_interfaces__rosidl_typesupport_fastrtps_c.dir/rosidl_typesupport_fastrtps_c/btcpp_ros2_interfaces/action/detail/execute_tree__type_support_c.cpp.o[0m
[21.128s] [ 75%] [32mBuilding CXX object CMakeFiles/btcpp_ros2_interfaces__rosidl_typesupport_fastrtps_c.dir/rosidl_typesupport_fastrtps_c/btcpp_ros2_interfaces/action/detail/sleep__type_support_c.cpp.o[0m
[21.129s] [ 75%] Built target btcpp_ros2_interfaces__rosidl_typesupport_introspection_c
[21.171s] [ 76%] [32m[1mLinking CXX shared library libbtcpp_ros2_interfaces__rosidl_typesupport_cpp.so[0m
[21.916s] [ 76%] Built target btcpp_ros2_interfaces__rosidl_typesupport_cpp
[22.009s] [ 78%] [32m[1mLinking CXX shared library libbtcpp_ros2_interfaces__rosidl_typesupport_introspection_cpp.so[0m
[22.606s] [ 78%] Built target btcpp_ros2_interfaces__rosidl_typesupport_introspection_cpp
[22.692s] [ 79%] [32m[1mLinking CXX shared library libbtcpp_ros2_interfaces__rosidl_typesupport_fastrtps_c.so[0m
[22.926s] [ 81%] [32m[1mLinking CXX shared library libbtcpp_ros2_interfaces__rosidl_typesupport_fastrtps_cpp.so[0m
[23.163s] [ 81%] Built target btcpp_ros2_interfaces__rosidl_typesupport_fastrtps_c
[23.385s] [ 81%] Built target btcpp_ros2_interfaces__rosidl_typesupport_fastrtps_cpp
[23.426s] [ 81%] Built target btcpp_ros2_interfaces
[23.462s] [ 82%] [34m[1mGenerating Python code for ROS interfaces[0m
[25.850s] [ 82%] Built target btcpp_ros2_interfaces__py
[25.889s] [ 84%] [32mBuilding C object CMakeFiles/btcpp_ros2_interfaces__rosidl_generator_py.dir/rosidl_generator_py/btcpp_ros2_interfaces/action/_execute_tree_s.c.o[0m
[25.889s] [ 85%] [32mBuilding C object CMakeFiles/btcpp_ros2_interfaces__rosidl_generator_py.dir/rosidl_generator_py/btcpp_ros2_interfaces/msg/_node_status_s.c.o[0m
[25.890s] [ 89%] [32mBuilding C object CMakeFiles/btcpp_ros2_interfaces__rosidl_generator_py.dir/rosidl_generator_py/btcpp_ros2_interfaces/srv/_get_trees_s.c.o[0m
[25.890s] [ 89%] [32mBuilding C object CMakeFiles/btcpp_ros2_interfaces__rosidl_generator_py.dir/rosidl_generator_py/btcpp_ros2_interfaces/action/_sleep_s.c.o[0m
[26.232s] [ 90%] [32m[1mLinking C shared library libbtcpp_ros2_interfaces__rosidl_generator_py.so[0m
[26.645s] [ 90%] Built target btcpp_ros2_interfaces__rosidl_generator_py
[26.684s] [ 93%] [32mBuilding C object CMakeFiles/btcpp_ros2_interfaces_s__rosidl_typesupport_introspection_c.dir/rosidl_generator_py/btcpp_ros2_interfaces/_btcpp_ros2_interfaces_s.ep.rosidl_typesupport_introspection_c.c.o[0m
[26.684s] [ 95%] [32mBuilding C object CMakeFiles/btcpp_ros2_interfaces_s__rosidl_typesupport_fastrtps_c.dir/rosidl_generator_py/btcpp_ros2_interfaces/_btcpp_ros2_interfaces_s.ep.rosidl_typesupport_fastrtps_c.c.o[0m
[26.684s] [ 95%] [32mBuilding C object CMakeFiles/btcpp_ros2_interfaces_s__rosidl_typesupport_c.dir/rosidl_generator_py/btcpp_ros2_interfaces/_btcpp_ros2_interfaces_s.ep.rosidl_typesupport_c.c.o[0m
[26.974s] [ 96%] [32m[1mLinking C shared module rosidl_generator_py/btcpp_ros2_interfaces/btcpp_ros2_interfaces_s__rosidl_typesupport_c.so[0m
[26.981s] [ 98%] [32m[1mLinking C shared module rosidl_generator_py/btcpp_ros2_interfaces/btcpp_ros2_interfaces_s__rosidl_typesupport_introspection_c.so[0m
[26.985s] [100%] [32m[1mLinking C shared module rosidl_generator_py/btcpp_ros2_interfaces/btcpp_ros2_interfaces_s__rosidl_typesupport_fastrtps_c.so[0m
[27.236s] [100%] Built target btcpp_ros2_interfaces_s__rosidl_typesupport_introspection_c
[27.248s] [100%] Built target btcpp_ros2_interfaces_s__rosidl_typesupport_c
[27.364s] [100%] Built target btcpp_ros2_interfaces_s__rosidl_typesupport_fastrtps_c
[27.388s] Invoked command in '/home/ysl/ros2_ws/COD_Behavior/BehaviorTree.ROS2/build/btcpp_ros2_interfaces' returned '0': CMAKE_PREFIX_PATH=${CMAKE_PREFIX_PATH}:/opt/ros/jazzy /usr/bin/cmake --build /home/ysl/ros2_ws/COD_Behavior/BehaviorTree.ROS2/build/btcpp_ros2_interfaces -- -j12 -l12
[27.406s] Invoking command in '/home/ysl/ros2_ws/COD_Behavior/BehaviorTree.ROS2/build/btcpp_ros2_interfaces': CMAKE_PREFIX_PATH=${CMAKE_PREFIX_PATH}:/opt/ros/jazzy /usr/bin/cmake --install /home/ysl/ros2_ws/COD_Behavior/BehaviorTree.ROS2/build/btcpp_ros2_interfaces
[27.424s] -- Install configuration: ""
[27.426s] -- Execute custom install script
[27.428s] -- Symlinking: /home/ysl/ros2_ws/COD_Behavior/BehaviorTree.ROS2/install/btcpp_ros2_interfaces/share/ament_index/resource_index/rosidl_interfaces/btcpp_ros2_interfaces
[27.450s] -- Symlinking: /home/ysl/ros2_ws/COD_Behavior/BehaviorTree.ROS2/install/btcpp_ros2_interfaces/share/btcpp_ros2_interfaces/msg/NodeStatus.json
[27.467s] -- Symlinking: /home/ysl/ros2_ws/COD_Behavior/BehaviorTree.ROS2/install/btcpp_ros2_interfaces/share/btcpp_ros2_interfaces/srv/GetTrees.json
[27.485s] -- Symlinking: /home/ysl/ros2_ws/COD_Behavior/BehaviorTree.ROS2/install/btcpp_ros2_interfaces/share/btcpp_ros2_interfaces/action/ExecuteTree.json
[27.501s] -- Symlinking: /home/ysl/ros2_ws/COD_Behavior/BehaviorTree.ROS2/install/btcpp_ros2_interfaces/share/btcpp_ros2_interfaces/action/Sleep.json
[27.520s] -- Symlinking: /home/ysl/ros2_ws/COD_Behavior/BehaviorTree.ROS2/install/btcpp_ros2_interfaces/include/btcpp_ros2_interfaces/btcpp_ros2_interfaces/action/detail/execute_tree__functions.h
[27.536s] -- Symlinking: /home/ysl/ros2_ws/COD_Behavior/BehaviorTree.ROS2/install/btcpp_ros2_interfaces/include/btcpp_ros2_interfaces/btcpp_ros2_interfaces/action/detail/execute_tree__struct.h
[27.552s] -- Symlinking: /home/ysl/ros2_ws/COD_Behavior/BehaviorTree.ROS2/install/btcpp_ros2_interfaces/include/btcpp_ros2_interfaces/btcpp_ros2_interfaces/action/detail/execute_tree__type_support.h
[27.568s] -- Symlinking: /home/ysl/ros2_ws/COD_Behavior/BehaviorTree.ROS2/install/btcpp_ros2_interfaces/include/btcpp_ros2_interfaces/btcpp_ros2_interfaces/action/detail/sleep__functions.h
[27.584s] -- Symlinking: /home/ysl/ros2_ws/COD_Behavior/BehaviorTree.ROS2/install/btcpp_ros2_interfaces/include/btcpp_ros2_interfaces/btcpp_ros2_interfaces/action/detail/sleep__struct.h
[27.602s] -- Symlinking: /home/ysl/ros2_ws/COD_Behavior/BehaviorTree.ROS2/install/btcpp_ros2_interfaces/include/btcpp_ros2_interfaces/btcpp_ros2_interfaces/action/detail/sleep__type_support.h
[27.619s] -- Symlinking: /home/ysl/ros2_ws/COD_Behavior/BehaviorTree.ROS2/install/btcpp_ros2_interfaces/include/btcpp_ros2_interfaces/btcpp_ros2_interfaces/action/execute_tree.h
[27.635s] -- Symlinking: /home/ysl/ros2_ws/COD_Behavior/BehaviorTree.ROS2/install/btcpp_ros2_interfaces/include/btcpp_ros2_interfaces/btcpp_ros2_interfaces/action/sleep.h
[27.656s] -- Symlinking: /home/ysl/ros2_ws/COD_Behavior/BehaviorTree.ROS2/install/btcpp_ros2_interfaces/include/btcpp_ros2_interfaces/btcpp_ros2_interfaces/msg/detail/node_status__functions.h
[27.675s] -- Symlinking: /home/ysl/ros2_ws/COD_Behavior/BehaviorTree.ROS2/install/btcpp_ros2_interfaces/include/btcpp_ros2_interfaces/btcpp_ros2_interfaces/msg/detail/node_status__struct.h
[27.693s] -- Symlinking: /home/ysl/ros2_ws/COD_Behavior/BehaviorTree.ROS2/install/btcpp_ros2_interfaces/include/btcpp_ros2_interfaces/btcpp_ros2_interfaces/msg/detail/node_status__type_support.h
[27.711s] -- Symlinking: /home/ysl/ros2_ws/COD_Behavior/BehaviorTree.ROS2/install/btcpp_ros2_interfaces/include/btcpp_ros2_interfaces/btcpp_ros2_interfaces/msg/node_status.h
[27.725s] -- Symlinking: /home/ysl/ros2_ws/COD_Behavior/BehaviorTree.ROS2/install/btcpp_ros2_interfaces/include/btcpp_ros2_interfaces/btcpp_ros2_interfaces/msg/rosidl_generator_c__visibility_control.h
[27.741s] -- Symlinking: /home/ysl/ros2_ws/COD_Behavior/BehaviorTree.ROS2/install/btcpp_ros2_interfaces/include/btcpp_ros2_interfaces/btcpp_ros2_interfaces/srv/detail/get_trees__functions.h
[27.758s] -- Symlinking: /home/ysl/ros2_ws/COD_Behavior/BehaviorTree.ROS2/install/btcpp_ros2_interfaces/include/btcpp_ros2_interfaces/btcpp_ros2_interfaces/srv/detail/get_trees__struct.h
[27.773s] -- Symlinking: /home/ysl/ros2_ws/COD_Behavior/BehaviorTree.ROS2/install/btcpp_ros2_interfaces/include/btcpp_ros2_interfaces/btcpp_ros2_interfaces/srv/detail/get_trees__type_support.h
[27.789s] -- Symlinking: /home/ysl/ros2_ws/COD_Behavior/BehaviorTree.ROS2/install/btcpp_ros2_interfaces/include/btcpp_ros2_interfaces/btcpp_ros2_interfaces/srv/get_trees.h
[27.805s] -- Symlinking: /home/ysl/ros2_ws/COD_Behavior/BehaviorTree.ROS2/install/btcpp_ros2_interfaces/share/btcpp_ros2_interfaces/environment/library_path.sh
[27.820s] -- Symlinking: /home/ysl/ros2_ws/COD_Behavior/BehaviorTree.ROS2/install/btcpp_ros2_interfaces/share/btcpp_ros2_interfaces/environment/library_path.dsv
[27.836s] -- Symlinking: /home/ysl/ros2_ws/COD_Behavior/BehaviorTree.ROS2/install/btcpp_ros2_interfaces/include/btcpp_ros2_interfaces/btcpp_ros2_interfaces/action/detail/execute_tree__rosidl_typesupport_fastrtps_c.h
[27.852s] -- Symlinking: /home/ysl/ros2_ws/COD_Behavior/BehaviorTree.ROS2/install/btcpp_ros2_interfaces/include/btcpp_ros2_interfaces/btcpp_ros2_interfaces/action/detail/sleep__rosidl_typesupport_fastrtps_c.h
[27.869s] -- Symlinking: /home/ysl/ros2_ws/COD_Behavior/BehaviorTree.ROS2/install/btcpp_ros2_interfaces/include/btcpp_ros2_interfaces/btcpp_ros2_interfaces/msg/detail/node_status__rosidl_typesupport_fastrtps_c.h
[27.889s] -- Symlinking: /home/ysl/ros2_ws/COD_Behavior/BehaviorTree.ROS2/install/btcpp_ros2_interfaces/include/btcpp_ros2_interfaces/btcpp_ros2_interfaces/msg/rosidl_typesupport_fastrtps_c__visibility_control.h
[27.905s] -- Symlinking: /home/ysl/ros2_ws/COD_Behavior/BehaviorTree.ROS2/install/btcpp_ros2_interfaces/include/btcpp_ros2_interfaces/btcpp_ros2_interfaces/srv/detail/get_trees__rosidl_typesupport_fastrtps_c.h
[27.931s] -- Symlinking: /home/ysl/ros2_ws/COD_Behavior/BehaviorTree.ROS2/install/btcpp_ros2_interfaces/include/btcpp_ros2_interfaces/btcpp_ros2_interfaces/action/detail/execute_tree__rosidl_typesupport_introspection_c.h
[27.950s] -- Symlinking: /home/ysl/ros2_ws/COD_Behavior/BehaviorTree.ROS2/install/btcpp_ros2_interfaces/include/btcpp_ros2_interfaces/btcpp_ros2_interfaces/action/detail/sleep__rosidl_typesupport_introspection_c.h
[27.966s] -- Symlinking: /home/ysl/ros2_ws/COD_Behavior/BehaviorTree.ROS2/install/btcpp_ros2_interfaces/include/btcpp_ros2_interfaces/btcpp_ros2_interfaces/msg/detail/node_status__rosidl_typesupport_introspection_c.h
[27.981s] -- Symlinking: /home/ysl/ros2_ws/COD_Behavior/BehaviorTree.ROS2/install/btcpp_ros2_interfaces/include/btcpp_ros2_interfaces/btcpp_ros2_interfaces/msg/rosidl_typesupport_introspection_c__visibility_control.h
[27.998s] -- Symlinking: /home/ysl/ros2_ws/COD_Behavior/BehaviorTree.ROS2/install/btcpp_ros2_interfaces/include/btcpp_ros2_interfaces/btcpp_ros2_interfaces/srv/detail/get_trees__rosidl_typesupport_introspection_c.h
[28.015s] -- Symlinking: /home/ysl/ros2_ws/COD_Behavior/BehaviorTree.ROS2/install/btcpp_ros2_interfaces/include/btcpp_ros2_interfaces/btcpp_ros2_interfaces/action/detail/execute_tree__builder.hpp
[28.032s] -- Symlinking: /home/ysl/ros2_ws/COD_Behavior/BehaviorTree.ROS2/install/btcpp_ros2_interfaces/include/btcpp_ros2_interfaces/btcpp_ros2_interfaces/action/detail/execute_tree__struct.hpp
[28.048s] -- Symlinking: /home/ysl/ros2_ws/COD_Behavior/BehaviorTree.ROS2/install/btcpp_ros2_interfaces/include/btcpp_ros2_interfaces/btcpp_ros2_interfaces/action/detail/execute_tree__traits.hpp
[28.064s] -- Symlinking: /home/ysl/ros2_ws/COD_Behavior/BehaviorTree.ROS2/install/btcpp_ros2_interfaces/include/btcpp_ros2_interfaces/btcpp_ros2_interfaces/action/detail/execute_tree__type_support.hpp
[28.079s] -- Symlinking: /home/ysl/ros2_ws/COD_Behavior/BehaviorTree.ROS2/install/btcpp_ros2_interfaces/include/btcpp_ros2_interfaces/btcpp_ros2_interfaces/action/detail/sleep__builder.hpp
[28.096s] -- Symlinking: /home/ysl/ros2_ws/COD_Behavior/BehaviorTree.ROS2/install/btcpp_ros2_interfaces/include/btcpp_ros2_interfaces/btcpp_ros2_interfaces/action/detail/sleep__struct.hpp
[28.113s] -- Symlinking: /home/ysl/ros2_ws/COD_Behavior/BehaviorTree.ROS2/install/btcpp_ros2_interfaces/include/btcpp_ros2_interfaces/btcpp_ros2_interfaces/action/detail/sleep__traits.hpp
[28.129s] -- Symlinking: /home/ysl/ros2_ws/COD_Behavior/BehaviorTree.ROS2/install/btcpp_ros2_interfaces/include/btcpp_ros2_interfaces/btcpp_ros2_interfaces/action/detail/sleep__type_support.hpp
[28.145s] -- Symlinking: /home/ysl/ros2_ws/COD_Behavior/BehaviorTree.ROS2/install/btcpp_ros2_interfaces/include/btcpp_ros2_interfaces/btcpp_ros2_interfaces/action/execute_tree.hpp
[28.162s] -- Symlinking: /home/ysl/ros2_ws/COD_Behavior/BehaviorTree.ROS2/install/btcpp_ros2_interfaces/include/btcpp_ros2_interfaces/btcpp_ros2_interfaces/action/sleep.hpp
[28.180s] -- Symlinking: /home/ysl/ros2_ws/COD_Behavior/BehaviorTree.ROS2/install/btcpp_ros2_interfaces/include/btcpp_ros2_interfaces/btcpp_ros2_interfaces/msg/detail/node_status__builder.hpp
[28.198s] -- Symlinking: /home/ysl/ros2_ws/COD_Behavior/BehaviorTree.ROS2/install/btcpp_ros2_interfaces/include/btcpp_ros2_interfaces/btcpp_ros2_interfaces/msg/detail/node_status__struct.hpp
[28.214s] -- Symlinking: /home/ysl/ros2_ws/COD_Behavior/BehaviorTree.ROS2/install/btcpp_ros2_interfaces/include/btcpp_ros2_interfaces/btcpp_ros2_interfaces/msg/detail/node_status__traits.hpp
[28.232s] -- Symlinking: /home/ysl/ros2_ws/COD_Behavior/BehaviorTree.ROS2/install/btcpp_ros2_interfaces/include/btcpp_ros2_interfaces/btcpp_ros2_interfaces/msg/detail/node_status__type_support.hpp
[28.249s] -- Symlinking: /home/ysl/ros2_ws/COD_Behavior/BehaviorTree.ROS2/install/btcpp_ros2_interfaces/include/btcpp_ros2_interfaces/btcpp_ros2_interfaces/msg/node_status.hpp
[28.264s] -- Symlinking: /home/ysl/ros2_ws/COD_Behavior/BehaviorTree.ROS2/install/btcpp_ros2_interfaces/include/btcpp_ros2_interfaces/btcpp_ros2_interfaces/msg/rosidl_generator_cpp__visibility_control.hpp
[28.279s] -- Symlinking: /home/ysl/ros2_ws/COD_Behavior/BehaviorTree.ROS2/install/btcpp_ros2_interfaces/include/btcpp_ros2_interfaces/btcpp_ros2_interfaces/srv/detail/get_trees__builder.hpp
[28.294s] -- Symlinking: /home/ysl/ros2_ws/COD_Behavior/BehaviorTree.ROS2/install/btcpp_ros2_interfaces/include/btcpp_ros2_interfaces/btcpp_ros2_interfaces/srv/detail/get_trees__struct.hpp
[28.310s] -- Symlinking: /home/ysl/ros2_ws/COD_Behavior/BehaviorTree.ROS2/install/btcpp_ros2_interfaces/include/btcpp_ros2_interfaces/btcpp_ros2_interfaces/srv/detail/get_trees__traits.hpp
[28.325s] -- Symlinking: /home/ysl/ros2_ws/COD_Behavior/BehaviorTree.ROS2/install/btcpp_ros2_interfaces/include/btcpp_ros2_interfaces/btcpp_ros2_interfaces/srv/detail/get_trees__type_support.hpp
[28.345s] -- Symlinking: /home/ysl/ros2_ws/COD_Behavior/BehaviorTree.ROS2/install/btcpp_ros2_interfaces/include/btcpp_ros2_interfaces/btcpp_ros2_interfaces/srv/get_trees.hpp
[28.364s] -- Symlinking: /home/ysl/ros2_ws/COD_Behavior/BehaviorTree.ROS2/install/btcpp_ros2_interfaces/include/btcpp_ros2_interfaces/btcpp_ros2_interfaces/action/detail/execute_tree__rosidl_typesupport_fastrtps_cpp.hpp
[28.381s] -- Symlinking: /home/ysl/ros2_ws/COD_Behavior/BehaviorTree.ROS2/install/btcpp_ros2_interfaces/include/btcpp_ros2_interfaces/btcpp_ros2_interfaces/action/detail/sleep__rosidl_typesupport_fastrtps_cpp.hpp
[28.398s] -- Symlinking: /home/ysl/ros2_ws/COD_Behavior/BehaviorTree.ROS2/install/btcpp_ros2_interfaces/include/btcpp_ros2_interfaces/btcpp_ros2_interfaces/msg/detail/node_status__rosidl_typesupport_fastrtps_cpp.hpp
[28.418s] -- Symlinking: /home/ysl/ros2_ws/COD_Behavior/BehaviorTree.ROS2/install/btcpp_ros2_interfaces/include/btcpp_ros2_interfaces/btcpp_ros2_interfaces/msg/rosidl_typesupport_fastrtps_cpp__visibility_control.h
[28.441s] -- Symlinking: /home/ysl/ros2_ws/COD_Behavior/BehaviorTree.ROS2/install/btcpp_ros2_interfaces/include/btcpp_ros2_interfaces/btcpp_ros2_interfaces/srv/detail/get_trees__rosidl_typesupport_fastrtps_cpp.hpp
[28.462s] -- Symlinking: /home/ysl/ros2_ws/COD_Behavior/BehaviorTree.ROS2/install/btcpp_ros2_interfaces/include/btcpp_ros2_interfaces/btcpp_ros2_interfaces/action/detail/execute_tree__rosidl_typesupport_introspection_cpp.hpp
[28.478s] -- Symlinking: /home/ysl/ros2_ws/COD_Behavior/BehaviorTree.ROS2/install/btcpp_ros2_interfaces/include/btcpp_ros2_interfaces/btcpp_ros2_interfaces/action/detail/sleep__rosidl_typesupport_introspection_cpp.hpp
[28.493s] -- Symlinking: /home/ysl/ros2_ws/COD_Behavior/BehaviorTree.ROS2/install/btcpp_ros2_interfaces/include/btcpp_ros2_interfaces/btcpp_ros2_interfaces/msg/detail/node_status__rosidl_typesupport_introspection_cpp.hpp
[28.507s] -- Symlinking: /home/ysl/ros2_ws/COD_Behavior/BehaviorTree.ROS2/install/btcpp_ros2_interfaces/include/btcpp_ros2_interfaces/btcpp_ros2_interfaces/srv/detail/get_trees__rosidl_typesupport_introspection_cpp.hpp
[28.522s] -- Symlinking: /home/ysl/ros2_ws/COD_Behavior/BehaviorTree.ROS2/install/btcpp_ros2_interfaces/share/btcpp_ros2_interfaces/environment/pythonpath.sh
[28.536s] -- Symlinking: /home/ysl/ros2_ws/COD_Behavior/BehaviorTree.ROS2/install/btcpp_ros2_interfaces/share/btcpp_ros2_interfaces/environment/pythonpath.dsv
[28.555s] -- Symlinking: /home/ysl/ros2_ws/COD_Behavior/BehaviorTree.ROS2/install/btcpp_ros2_interfaces/lib/python3.12/site-packages/btcpp_ros2_interfaces-0.3.0-py3.12.egg-info/PKG-INFO
[28.571s] -- Symlinking: /home/ysl/ros2_ws/COD_Behavior/BehaviorTree.ROS2/install/btcpp_ros2_interfaces/lib/python3.12/site-packages/btcpp_ros2_interfaces-0.3.0-py3.12.egg-info/SOURCES.txt
[28.587s] -- Symlinking: /home/ysl/ros2_ws/COD_Behavior/BehaviorTree.ROS2/install/btcpp_ros2_interfaces/lib/python3.12/site-packages/btcpp_ros2_interfaces-0.3.0-py3.12.egg-info/dependency_links.txt
[28.604s] -- Symlinking: /home/ysl/ros2_ws/COD_Behavior/BehaviorTree.ROS2/install/btcpp_ros2_interfaces/lib/python3.12/site-packages/btcpp_ros2_interfaces-0.3.0-py3.12.egg-info/top_level.txt
[28.623s] -- Symlinking: /home/ysl/ros2_ws/COD_Behavior/BehaviorTree.ROS2/install/btcpp_ros2_interfaces/lib/python3.12/site-packages/btcpp_ros2_interfaces/__init__.py
[28.639s] -- Symlinking: /home/ysl/ros2_ws/COD_Behavior/BehaviorTree.ROS2/install/btcpp_ros2_interfaces/lib/python3.12/site-packages/btcpp_ros2_interfaces/_btcpp_ros2_interfaces_s.ep.rosidl_typesupport_c.c
[28.657s] -- Symlinking: /home/ysl/ros2_ws/COD_Behavior/BehaviorTree.ROS2/install/btcpp_ros2_interfaces/lib/python3.12/site-packages/btcpp_ros2_interfaces/_btcpp_ros2_interfaces_s.ep.rosidl_typesupport_fastrtps_c.c
[28.674s] -- Symlinking: /home/ysl/ros2_ws/COD_Behavior/BehaviorTree.ROS2/install/btcpp_ros2_interfaces/lib/python3.12/site-packages/btcpp_ros2_interfaces/_btcpp_ros2_interfaces_s.ep.rosidl_typesupport_introspection_c.c
[28.693s] -- Symlinking: /home/ysl/ros2_ws/COD_Behavior/BehaviorTree.ROS2/install/btcpp_ros2_interfaces/lib/python3.12/site-packages/btcpp_ros2_interfaces/action/__init__.py
[28.712s] -- Symlinking: /home/ysl/ros2_ws/COD_Behavior/BehaviorTree.ROS2/install/btcpp_ros2_interfaces/lib/python3.12/site-packages/btcpp_ros2_interfaces/action/_execute_tree.py
[28.730s] -- Symlinking: /home/ysl/ros2_ws/COD_Behavior/BehaviorTree.ROS2/install/btcpp_ros2_interfaces/lib/python3.12/site-packages/btcpp_ros2_interfaces/action/_execute_tree_s.c
[28.747s] -- Symlinking: /home/ysl/ros2_ws/COD_Behavior/BehaviorTree.ROS2/install/btcpp_ros2_interfaces/lib/python3.12/site-packages/btcpp_ros2_interfaces/action/_sleep.py
[28.763s] -- Symlinking: /home/ysl/ros2_ws/COD_Behavior/BehaviorTree.ROS2/install/btcpp_ros2_interfaces/lib/python3.12/site-packages/btcpp_ros2_interfaces/action/_sleep_s.c
[28.779s] -- Symlinking: /home/ysl/ros2_ws/COD_Behavior/BehaviorTree.ROS2/install/btcpp_ros2_interfaces/lib/python3.12/site-packages/btcpp_ros2_interfaces/btcpp_ros2_interfaces_s__rosidl_typesupport_c.so
[28.795s] -- Symlinking: /home/ysl/ros2_ws/COD_Behavior/BehaviorTree.ROS2/install/btcpp_ros2_interfaces/lib/python3.12/site-packages/btcpp_ros2_interfaces/btcpp_ros2_interfaces_s__rosidl_typesupport_fastrtps_c.so
[28.813s] -- Symlinking: /home/ysl/ros2_ws/COD_Behavior/BehaviorTree.ROS2/install/btcpp_ros2_interfaces/lib/python3.12/site-packages/btcpp_ros2_interfaces/btcpp_ros2_interfaces_s__rosidl_typesupport_introspection_c.so
[28.828s] -- Symlinking: /home/ysl/ros2_ws/COD_Behavior/BehaviorTree.ROS2/install/btcpp_ros2_interfaces/lib/python3.12/site-packages/btcpp_ros2_interfaces/msg/__init__.py
[28.844s] -- Symlinking: /home/ysl/ros2_ws/COD_Behavior/BehaviorTree.ROS2/install/btcpp_ros2_interfaces/lib/python3.12/site-packages/btcpp_ros2_interfaces/msg/_node_status.py
[28.861s] -- Symlinking: /home/ysl/ros2_ws/COD_Behavior/BehaviorTree.ROS2/install/btcpp_ros2_interfaces/lib/python3.12/site-packages/btcpp_ros2_interfaces/msg/_node_status_s.c
[28.880s] -- Symlinking: /home/ysl/ros2_ws/COD_Behavior/BehaviorTree.ROS2/install/btcpp_ros2_interfaces/lib/python3.12/site-packages/btcpp_ros2_interfaces/srv/__init__.py
[28.897s] -- Symlinking: /home/ysl/ros2_ws/COD_Behavior/BehaviorTree.ROS2/install/btcpp_ros2_interfaces/lib/python3.12/site-packages/btcpp_ros2_interfaces/srv/_get_trees.py
[28.915s] -- Symlinking: /home/ysl/ros2_ws/COD_Behavior/BehaviorTree.ROS2/install/btcpp_ros2_interfaces/lib/python3.12/site-packages/btcpp_ros2_interfaces/srv/_get_trees_s.c
[28.935s] -- Up-to-date symlink: /home/ysl/ros2_ws/COD_Behavior/BehaviorTree.ROS2/install/btcpp_ros2_interfaces/lib/python3.12/site-packages/btcpp_ros2_interfaces/btcpp_ros2_interfaces_s__rosidl_typesupport_fastrtps_c.so
[28.935s] -- Up-to-date symlink: /home/ysl/ros2_ws/COD_Behavior/BehaviorTree.ROS2/install/btcpp_ros2_interfaces/lib/python3.12/site-packages/btcpp_ros2_interfaces/btcpp_ros2_interfaces_s__rosidl_typesupport_introspection_c.so
[28.936s] -- Up-to-date symlink: /home/ysl/ros2_ws/COD_Behavior/BehaviorTree.ROS2/install/btcpp_ros2_interfaces/lib/python3.12/site-packages/btcpp_ros2_interfaces/btcpp_ros2_interfaces_s__rosidl_typesupport_c.so
[28.936s] -- Symlinking: /home/ysl/ros2_ws/COD_Behavior/BehaviorTree.ROS2/install/btcpp_ros2_interfaces/share/btcpp_ros2_interfaces/msg/NodeStatus.idl
[28.955s] -- Symlinking: /home/ysl/ros2_ws/COD_Behavior/BehaviorTree.ROS2/install/btcpp_ros2_interfaces/share/btcpp_ros2_interfaces/srv/GetTrees.idl
[28.973s] -- Symlinking: /home/ysl/ros2_ws/COD_Behavior/BehaviorTree.ROS2/install/btcpp_ros2_interfaces/share/btcpp_ros2_interfaces/action/ExecuteTree.idl
[28.988s] -- Symlinking: /home/ysl/ros2_ws/COD_Behavior/BehaviorTree.ROS2/install/btcpp_ros2_interfaces/share/btcpp_ros2_interfaces/action/Sleep.idl
[29.005s] -- Symlinking: /home/ysl/ros2_ws/COD_Behavior/BehaviorTree.ROS2/install/btcpp_ros2_interfaces/share/btcpp_ros2_interfaces/msg/NodeStatus.msg
[29.021s] -- Symlinking: /home/ysl/ros2_ws/COD_Behavior/BehaviorTree.ROS2/install/btcpp_ros2_interfaces/share/btcpp_ros2_interfaces/srv/GetTrees.srv
[29.036s] -- Symlinking: /home/ysl/ros2_ws/COD_Behavior/BehaviorTree.ROS2/install/btcpp_ros2_interfaces/share/btcpp_ros2_interfaces/action/ExecuteTree.action
[29.052s] -- Symlinking: /home/ysl/ros2_ws/COD_Behavior/BehaviorTree.ROS2/install/btcpp_ros2_interfaces/share/btcpp_ros2_interfaces/action/Sleep.action
[29.067s] -- Symlinking: /home/ysl/ros2_ws/COD_Behavior/BehaviorTree.ROS2/install/btcpp_ros2_interfaces/share/ament_index/resource_index/package_run_dependencies/btcpp_ros2_interfaces
[29.083s] -- Symlinking: /home/ysl/ros2_ws/COD_Behavior/BehaviorTree.ROS2/install/btcpp_ros2_interfaces/share/ament_index/resource_index/parent_prefix_path/btcpp_ros2_interfaces
[29.099s] -- Symlinking: /home/ysl/ros2_ws/COD_Behavior/BehaviorTree.ROS2/install/btcpp_ros2_interfaces/share/btcpp_ros2_interfaces/environment/ament_prefix_path.sh
[29.115s] -- Symlinking: /home/ysl/ros2_ws/COD_Behavior/BehaviorTree.ROS2/install/btcpp_ros2_interfaces/share/btcpp_ros2_interfaces/environment/ament_prefix_path.dsv
[29.130s] -- Symlinking: /home/ysl/ros2_ws/COD_Behavior/BehaviorTree.ROS2/install/btcpp_ros2_interfaces/share/btcpp_ros2_interfaces/environment/path.sh
[29.146s] -- Symlinking: /home/ysl/ros2_ws/COD_Behavior/BehaviorTree.ROS2/install/btcpp_ros2_interfaces/share/btcpp_ros2_interfaces/environment/path.dsv
[29.164s] -- Symlinking: /home/ysl/ros2_ws/COD_Behavior/BehaviorTree.ROS2/install/btcpp_ros2_interfaces/share/btcpp_ros2_interfaces/local_setup.bash
[29.180s] -- Symlinking: /home/ysl/ros2_ws/COD_Behavior/BehaviorTree.ROS2/install/btcpp_ros2_interfaces/share/btcpp_ros2_interfaces/local_setup.sh
[29.198s] -- Symlinking: /home/ysl/ros2_ws/COD_Behavior/BehaviorTree.ROS2/install/btcpp_ros2_interfaces/share/btcpp_ros2_interfaces/local_setup.zsh
[29.215s] -- Symlinking: /home/ysl/ros2_ws/COD_Behavior/BehaviorTree.ROS2/install/btcpp_ros2_interfaces/share/btcpp_ros2_interfaces/local_setup.dsv
[29.231s] -- Symlinking: /home/ysl/ros2_ws/COD_Behavior/BehaviorTree.ROS2/install/btcpp_ros2_interfaces/share/btcpp_ros2_interfaces/package.dsv
[29.249s] -- Symlinking: /home/ysl/ros2_ws/COD_Behavior/BehaviorTree.ROS2/install/btcpp_ros2_interfaces/share/ament_index/resource_index/packages/btcpp_ros2_interfaces
[29.267s] -- Symlinking: /home/ysl/ros2_ws/COD_Behavior/BehaviorTree.ROS2/install/btcpp_ros2_interfaces/share/btcpp_ros2_interfaces/cmake/rosidl_cmake-extras.cmake
[29.281s] -- Symlinking: /home/ysl/ros2_ws/COD_Behavior/BehaviorTree.ROS2/install/btcpp_ros2_interfaces/share/btcpp_ros2_interfaces/cmake/ament_cmake_export_dependencies-extras.cmake
[29.298s] -- Symlinking: /home/ysl/ros2_ws/COD_Behavior/BehaviorTree.ROS2/install/btcpp_ros2_interfaces/share/btcpp_ros2_interfaces/cmake/ament_cmake_export_include_directories-extras.cmake
[29.316s] -- Symlinking: /home/ysl/ros2_ws/COD_Behavior/BehaviorTree.ROS2/install/btcpp_ros2_interfaces/share/btcpp_ros2_interfaces/cmake/ament_cmake_export_libraries-extras.cmake
[29.333s] -- Symlinking: /home/ysl/ros2_ws/COD_Behavior/BehaviorTree.ROS2/install/btcpp_ros2_interfaces/share/btcpp_ros2_interfaces/cmake/ament_cmake_export_targets-extras.cmake
[29.351s] -- Symlinking: /home/ysl/ros2_ws/COD_Behavior/BehaviorTree.ROS2/install/btcpp_ros2_interfaces/share/btcpp_ros2_interfaces/cmake/rosidl_cmake_export_typesupport_targets-extras.cmake
[29.368s] -- Symlinking: /home/ysl/ros2_ws/COD_Behavior/BehaviorTree.ROS2/install/btcpp_ros2_interfaces/share/btcpp_ros2_interfaces/cmake/rosidl_cmake_export_typesupport_libraries-extras.cmake
[29.384s] -- Symlinking: /home/ysl/ros2_ws/COD_Behavior/BehaviorTree.ROS2/install/btcpp_ros2_interfaces/share/btcpp_ros2_interfaces/cmake/btcpp_ros2_interfacesConfig.cmake
[29.402s] -- Symlinking: /home/ysl/ros2_ws/COD_Behavior/BehaviorTree.ROS2/install/btcpp_ros2_interfaces/share/btcpp_ros2_interfaces/cmake/btcpp_ros2_interfacesConfig-version.cmake
[29.421s] -- Symlinking: /home/ysl/ros2_ws/COD_Behavior/BehaviorTree.ROS2/install/btcpp_ros2_interfaces/share/btcpp_ros2_interfaces/package.xml
[29.445s] -- Installing: /home/ysl/ros2_ws/COD_Behavior/BehaviorTree.ROS2/install/btcpp_ros2_interfaces/lib/libbtcpp_ros2_interfaces__rosidl_generator_c.so
[29.448s] -- Set non-toolchain portion of runtime path of "/home/ysl/ros2_ws/COD_Behavior/BehaviorTree.ROS2/install/btcpp_ros2_interfaces/lib/libbtcpp_ros2_interfaces__rosidl_generator_c.so" to ""
[29.448s] -- Installing: /home/ysl/ros2_ws/COD_Behavior/BehaviorTree.ROS2/install/btcpp_ros2_interfaces/lib/libbtcpp_ros2_interfaces__rosidl_typesupport_fastrtps_c.so
[29.449s] -- Set non-toolchain portion of runtime path of "/home/ysl/ros2_ws/COD_Behavior/BehaviorTree.ROS2/install/btcpp_ros2_interfaces/lib/libbtcpp_ros2_interfaces__rosidl_typesupport_fastrtps_c.so" to ""
[29.449s] -- Installing: /home/ysl/ros2_ws/COD_Behavior/BehaviorTree.ROS2/install/btcpp_ros2_interfaces/lib/libbtcpp_ros2_interfaces__rosidl_typesupport_introspection_c.so
[29.450s] -- Set non-toolchain portion of runtime path of "/home/ysl/ros2_ws/COD_Behavior/BehaviorTree.ROS2/install/btcpp_ros2_interfaces/lib/libbtcpp_ros2_interfaces__rosidl_typesupport_introspection_c.so" to ""
[29.451s] -- Installing: /home/ysl/ros2_ws/COD_Behavior/BehaviorTree.ROS2/install/btcpp_ros2_interfaces/lib/libbtcpp_ros2_interfaces__rosidl_typesupport_c.so
[29.454s] -- Set non-toolchain portion of runtime path of "/home/ysl/ros2_ws/COD_Behavior/BehaviorTree.ROS2/install/btcpp_ros2_interfaces/lib/libbtcpp_ros2_interfaces__rosidl_typesupport_c.so" to ""
[29.454s] -- Installing: /home/ysl/ros2_ws/COD_Behavior/BehaviorTree.ROS2/install/btcpp_ros2_interfaces/lib/libbtcpp_ros2_interfaces__rosidl_typesupport_fastrtps_cpp.so
[29.458s] -- Set non-toolchain portion of runtime path of "/home/ysl/ros2_ws/COD_Behavior/BehaviorTree.ROS2/install/btcpp_ros2_interfaces/lib/libbtcpp_ros2_interfaces__rosidl_typesupport_fastrtps_cpp.so" to ""
[29.458s] -- Installing: /home/ysl/ros2_ws/COD_Behavior/BehaviorTree.ROS2/install/btcpp_ros2_interfaces/lib/libbtcpp_ros2_interfaces__rosidl_typesupport_introspection_cpp.so
[29.461s] -- Set non-toolchain portion of runtime path of "/home/ysl/ros2_ws/COD_Behavior/BehaviorTree.ROS2/install/btcpp_ros2_interfaces/lib/libbtcpp_ros2_interfaces__rosidl_typesupport_introspection_cpp.so" to ""
[29.461s] -- Installing: /home/ysl/ros2_ws/COD_Behavior/BehaviorTree.ROS2/install/btcpp_ros2_interfaces/lib/libbtcpp_ros2_interfaces__rosidl_typesupport_cpp.so
[29.462s] -- Set non-toolchain portion of runtime path of "/home/ysl/ros2_ws/COD_Behavior/BehaviorTree.ROS2/install/btcpp_ros2_interfaces/lib/libbtcpp_ros2_interfaces__rosidl_typesupport_cpp.so" to ""
[29.557s] Listing '/home/ysl/ros2_ws/COD_Behavior/BehaviorTree.ROS2/install/btcpp_ros2_interfaces/lib/python3.12/site-packages/btcpp_ros2_interfaces'...
[29.557s] Compiling '/home/ysl/ros2_ws/COD_Behavior/BehaviorTree.ROS2/install/btcpp_ros2_interfaces/lib/python3.12/site-packages/btcpp_ros2_interfaces/__init__.py'...
[29.557s] Listing '/home/ysl/ros2_ws/COD_Behavior/BehaviorTree.ROS2/install/btcpp_ros2_interfaces/lib/python3.12/site-packages/btcpp_ros2_interfaces/action'...
[29.558s] Compiling '/home/ysl/ros2_ws/COD_Behavior/BehaviorTree.ROS2/install/btcpp_ros2_interfaces/lib/python3.12/site-packages/btcpp_ros2_interfaces/action/__init__.py'...
[29.558s] Compiling '/home/ysl/ros2_ws/COD_Behavior/BehaviorTree.ROS2/install/btcpp_ros2_interfaces/lib/python3.12/site-packages/btcpp_ros2_interfaces/action/_execute_tree.py'...
[29.558s] Compiling '/home/ysl/ros2_ws/COD_Behavior/BehaviorTree.ROS2/install/btcpp_ros2_interfaces/lib/python3.12/site-packages/btcpp_ros2_interfaces/action/_sleep.py'...
[29.558s] Listing '/home/ysl/ros2_ws/COD_Behavior/BehaviorTree.ROS2/install/btcpp_ros2_interfaces/lib/python3.12/site-packages/btcpp_ros2_interfaces/msg'...
[29.558s] Compiling '/home/ysl/ros2_ws/COD_Behavior/BehaviorTree.ROS2/install/btcpp_ros2_interfaces/lib/python3.12/site-packages/btcpp_ros2_interfaces/msg/__init__.py'...
[29.558s] Compiling '/home/ysl/ros2_ws/COD_Behavior/BehaviorTree.ROS2/install/btcpp_ros2_interfaces/lib/python3.12/site-packages/btcpp_ros2_interfaces/msg/_node_status.py'...
[29.558s] Listing '/home/ysl/ros2_ws/COD_Behavior/BehaviorTree.ROS2/install/btcpp_ros2_interfaces/lib/python3.12/site-packages/btcpp_ros2_interfaces/srv'...
[29.558s] Compiling '/home/ysl/ros2_ws/COD_Behavior/BehaviorTree.ROS2/install/btcpp_ros2_interfaces/lib/python3.12/site-packages/btcpp_ros2_interfaces/srv/__init__.py'...
[29.558s] Compiling '/home/ysl/ros2_ws/COD_Behavior/BehaviorTree.ROS2/install/btcpp_ros2_interfaces/lib/python3.12/site-packages/btcpp_ros2_interfaces/srv/_get_trees.py'...
[29.567s] -- Installing: /home/ysl/ros2_ws/COD_Behavior/BehaviorTree.ROS2/install/btcpp_ros2_interfaces/lib/libbtcpp_ros2_interfaces__rosidl_generator_py.so
[29.568s] -- Set non-toolchain portion of runtime path of "/home/ysl/ros2_ws/COD_Behavior/BehaviorTree.ROS2/install/btcpp_ros2_interfaces/lib/libbtcpp_ros2_interfaces__rosidl_generator_py.so" to ""
[29.568s] -- Installing: /home/ysl/ros2_ws/COD_Behavior/BehaviorTree.ROS2/install/btcpp_ros2_interfaces/share/btcpp_ros2_interfaces/cmake/export_btcpp_ros2_interfaces__rosidl_generator_cExport.cmake
[29.569s] -- Installing: /home/ysl/ros2_ws/COD_Behavior/BehaviorTree.ROS2/install/btcpp_ros2_interfaces/share/btcpp_ros2_interfaces/cmake/export_btcpp_ros2_interfaces__rosidl_generator_cExport-noconfig.cmake
[29.569s] -- Installing: /home/ysl/ros2_ws/COD_Behavior/BehaviorTree.ROS2/install/btcpp_ros2_interfaces/share/btcpp_ros2_interfaces/cmake/export_btcpp_ros2_interfaces__rosidl_typesupport_fastrtps_cExport.cmake
[29.569s] -- Installing: /home/ysl/ros2_ws/COD_Behavior/BehaviorTree.ROS2/install/btcpp_ros2_interfaces/share/btcpp_ros2_interfaces/cmake/export_btcpp_ros2_interfaces__rosidl_typesupport_fastrtps_cExport-noconfig.cmake
[29.569s] -- Installing: /home/ysl/ros2_ws/COD_Behavior/BehaviorTree.ROS2/install/btcpp_ros2_interfaces/share/btcpp_ros2_interfaces/cmake/btcpp_ros2_interfaces__rosidl_typesupport_introspection_cExport.cmake
[29.570s] -- Installing: /home/ysl/ros2_ws/COD_Behavior/BehaviorTree.ROS2/install/btcpp_ros2_interfaces/share/btcpp_ros2_interfaces/cmake/btcpp_ros2_interfaces__rosidl_typesupport_introspection_cExport-noconfig.cmake
[29.570s] -- Installing: /home/ysl/ros2_ws/COD_Behavior/BehaviorTree.ROS2/install/btcpp_ros2_interfaces/share/btcpp_ros2_interfaces/cmake/btcpp_ros2_interfaces__rosidl_typesupport_cExport.cmake
[29.570s] -- Installing: /home/ysl/ros2_ws/COD_Behavior/BehaviorTree.ROS2/install/btcpp_ros2_interfaces/share/btcpp_ros2_interfaces/cmake/btcpp_ros2_interfaces__rosidl_typesupport_cExport-noconfig.cmake
[29.570s] -- Installing: /home/ysl/ros2_ws/COD_Behavior/BehaviorTree.ROS2/install/btcpp_ros2_interfaces/share/btcpp_ros2_interfaces/cmake/export_btcpp_ros2_interfaces__rosidl_generator_cppExport.cmake
[29.571s] -- Installing: /home/ysl/ros2_ws/COD_Behavior/BehaviorTree.ROS2/install/btcpp_ros2_interfaces/share/btcpp_ros2_interfaces/cmake/export_btcpp_ros2_interfaces__rosidl_typesupport_fastrtps_cppExport.cmake
[29.571s] -- Installing: /home/ysl/ros2_ws/COD_Behavior/BehaviorTree.ROS2/install/btcpp_ros2_interfaces/share/btcpp_ros2_interfaces/cmake/export_btcpp_ros2_interfaces__rosidl_typesupport_fastrtps_cppExport-noconfig.cmake
[29.571s] -- Installing: /home/ysl/ros2_ws/COD_Behavior/BehaviorTree.ROS2/install/btcpp_ros2_interfaces/share/btcpp_ros2_interfaces/cmake/btcpp_ros2_interfaces__rosidl_typesupport_introspection_cppExport.cmake
[29.572s] -- Installing: /home/ysl/ros2_ws/COD_Behavior/BehaviorTree.ROS2/install/btcpp_ros2_interfaces/share/btcpp_ros2_interfaces/cmake/btcpp_ros2_interfaces__rosidl_typesupport_introspection_cppExport-noconfig.cmake
[29.572s] -- Installing: /home/ysl/ros2_ws/COD_Behavior/BehaviorTree.ROS2/install/btcpp_ros2_interfaces/share/btcpp_ros2_interfaces/cmake/btcpp_ros2_interfaces__rosidl_typesupport_cppExport.cmake
[29.572s] -- Installing: /home/ysl/ros2_ws/COD_Behavior/BehaviorTree.ROS2/install/btcpp_ros2_interfaces/share/btcpp_ros2_interfaces/cmake/btcpp_ros2_interfaces__rosidl_typesupport_cppExport-noconfig.cmake
[29.573s] -- Installing: /home/ysl/ros2_ws/COD_Behavior/BehaviorTree.ROS2/install/btcpp_ros2_interfaces/share/btcpp_ros2_interfaces/cmake/export_btcpp_ros2_interfaces__rosidl_generator_pyExport.cmake
[29.573s] -- Installing: /home/ysl/ros2_ws/COD_Behavior/BehaviorTree.ROS2/install/btcpp_ros2_interfaces/share/btcpp_ros2_interfaces/cmake/export_btcpp_ros2_interfaces__rosidl_generator_pyExport-noconfig.cmake
[29.578s] Invoked command in '/home/ysl/ros2_ws/COD_Behavior/BehaviorTree.ROS2/build/btcpp_ros2_interfaces' returned '0': CMAKE_PREFIX_PATH=${CMAKE_PREFIX_PATH}:/opt/ros/jazzy /usr/bin/cmake --install /home/ysl/ros2_ws/COD_Behavior/BehaviorTree.ROS2/build/btcpp_ros2_interfaces
