In file included from [01m[K/home/ysl/ros2_ws/COD_Serial/src/cod_serial.cpp:4[m[K:
[01m[K/home/ysl/ros2_ws/COD_Serial/include/../include/message.h:9:9:[m[K [01;31m[Kerror: [m[K‘[01m[K_packed[m[K’ does not name a type
    9 | typedef [01;31m[K_packed[m[K struct
      |         [01;31m[K^~~~~~~[m[K
[01m[K/home/ysl/ros2_ws/COD_Serial/include/../include/message.h:15:2:[m[K [01;31m[Kerror: [m[K‘[01m[Kgame_status_t[m[K’ does not name a type
   15 | }[01;31m[Kgame_status_t[m[K;
      |  [01;31m[K^~~~~~~~~~~~~[m[K
[01m[K/home/ysl/ros2_ws/COD_Serial/include/../include/message.h:18:9:[m[K [01;31m[Kerror: [m[K‘[01m[K_packed[m[K’ does not name a type
   18 | typedef [01;31m[K_packed[m[K struct
      |         [01;31m[K^~~~~~~[m[K
[01m[K/home/ysl/ros2_ws/COD_Serial/include/../include/message.h:21:2:[m[K [01;31m[Kerror: [m[K‘[01m[Kgame_result_t[m[K’ does not name a type
   21 | }[01;31m[Kgame_result_t[m[K;
      |  [01;31m[K^~~~~~~~~~~~~[m[K
[01m[K/home/ysl/ros2_ws/COD_Serial/include/../include/message.h:24:9:[m[K [01;31m[Kerror: [m[K‘[01m[K_packed[m[K’ does not name a type
   24 | typedef [01;31m[K_packed[m[K struct
      |         [01;31m[K^~~~~~~[m[K
[01m[K/home/ysl/ros2_ws/COD_Serial/include/../include/message.h:42:2:[m[K [01;31m[Kerror: [m[K‘[01m[Kgame_robot_HP_t[m[K’ does not name a type
   42 | }[01;31m[Kgame_robot_HP_t[m[K;
      |  [01;31m[K^~~~~~~~~~~~~~~[m[K
[01m[K/home/ysl/ros2_ws/COD_Serial/include/../include/message.h:45:9:[m[K [01;31m[Kerror: [m[K‘[01m[K_packed[m[K’ does not name a type
   45 | typedef [01;31m[K_packed[m[K struct
      |         [01;31m[K^~~~~~~[m[K
[01m[K/home/ysl/ros2_ws/COD_Serial/include/../include/message.h:49:2:[m[K [01;31m[Kerror: [m[K‘[01m[Kevent_data_t[m[K’ does not name a type
   49 | }[01;31m[Kevent_data_t[m[K;
      |  [01;31m[K^~~~~~~~~~~~[m[K
[01m[K/home/ysl/ros2_ws/COD_Serial/include/../include/message.h:52:9:[m[K [01;31m[Kerror: [m[K‘[01m[K_packed[m[K’ does not name a type
   52 | typedef [01;31m[K_packed[m[K struct
      |         [01;31m[K^~~~~~~[m[K
[01m[K/home/ysl/ros2_ws/COD_Serial/include/../include/message.h:57:2:[m[K [01;31m[Kerror: [m[K‘[01m[Kreferee_warning_t[m[K’ does not name a type
   57 | }[01;31m[Kreferee_warning_t[m[K;
      |  [01;31m[K^~~~~~~~~~~~~~~~~[m[K
[01m[K/home/ysl/ros2_ws/COD_Serial/include/../include/message.h:60:9:[m[K [01;31m[Kerror: [m[K‘[01m[K_packed[m[K’ does not name a type
   60 | typedef [01;31m[K_packed[m[K struct
      |         [01;31m[K^~~~~~~[m[K
[01m[K/home/ysl/ros2_ws/COD_Serial/include/../include/message.h:72:2:[m[K [01;31m[Kerror: [m[K‘[01m[Krobot_status_t[m[K’ does not name a type
   72 | }[01;31m[Krobot_status_t[m[K;
      |  [01;31m[K^~~~~~~~~~~~~~[m[K
[01m[K/home/ysl/ros2_ws/COD_Serial/include/../include/message.h:75:9:[m[K [01;31m[Kerror: [m[K‘[01m[K_packed[m[K’ does not name a type
   75 | typedef [01;31m[K_packed[m[K struct
      |         [01;31m[K^~~~~~~[m[K
[01m[K/home/ysl/ros2_ws/COD_Serial/include/../include/message.h:80:2:[m[K [01;31m[Kerror: [m[K‘[01m[Krobot_pos_t[m[K’ does not name a type
   80 | }[01;31m[Krobot_pos_t[m[K;
      |  [01;31m[K^~~~~~~~~~~[m[K
[01m[K/home/ysl/ros2_ws/COD_Serial/include/../include/message.h:83:9:[m[K [01;31m[Kerror: [m[K‘[01m[K_packed[m[K’ does not name a type
   83 | typedef [01;31m[K_packed[m[K struct
      |         [01;31m[K^~~~~~~[m[K
[01m[K/home/ysl/ros2_ws/COD_Serial/include/../include/message.h:87:2:[m[K [01;31m[Kerror: [m[K‘[01m[Khurt_data_t[m[K’ does not name a type
   87 | }[01;31m[Khurt_data_t[m[K;
      |  [01;31m[K^~~~~~~~~~~[m[K
[01m[K/home/ysl/ros2_ws/COD_Serial/include/../include/message.h:90:9:[m[K [01;31m[Kerror: [m[K‘[01m[K_packed[m[K’ does not name a type
   90 | typedef [01;31m[K_packed[m[K struct
      |         [01;31m[K^~~~~~~[m[K
[01m[K/home/ysl/ros2_ws/COD_Serial/include/../include/message.h:96:2:[m[K [01;31m[Kerror: [m[K‘[01m[Kshoot_data_t[m[K’ does not name a type
   96 | }[01;31m[Kshoot_data_t[m[K;
      |  [01;31m[K^~~~~~~~~~~~[m[K
[01m[K/home/ysl/ros2_ws/COD_Serial/include/../include/message.h:99:9:[m[K [01;31m[Kerror: [m[K‘[01m[K_packed[m[K’ does not name a type
   99 | typedef [01;31m[K_packed[m[K struct
      |         [01;31m[K^~~~~~~[m[K
[01m[K/home/ysl/ros2_ws/COD_Serial/include/../include/message.h:105:2:[m[K [01;31m[Kerror: [m[K‘[01m[Kprojectile_allowance_t[m[K’ does not name a type
  105 | }[01;31m[Kprojectile_allowance_t[m[K;
      |  [01;31m[K^~~~~~~~~~~~~~~~~~~~~~[m[K
[01m[K/home/ysl/ros2_ws/COD_Serial/include/../include/message.h:108:9:[m[K [01;31m[Kerror: [m[K‘[01m[K_packed[m[K’ does not name a type
  108 | typedef [01;31m[K_packed[m[K struct
      |         [01;31m[K^~~~~~~[m[K
[01m[K/home/ysl/ros2_ws/COD_Serial/include/../include/message.h:120:2:[m[K [01;31m[Kerror: [m[K‘[01m[Kground_robot_position_t[m[K’ does not name a type
  120 | }[01;31m[Kground_robot_position_t[m[K;
      |  [01;31m[K^~~~~~~~~~~~~~~~~~~~~~~[m[K
[01m[K/home/ysl/ros2_ws/COD_Serial/include/../include/message.h:123:9:[m[K [01;31m[Kerror: [m[K‘[01m[K_packed[m[K’ does not name a type
  123 | typedef [01;31m[K_packed[m[K struct
      |         [01;31m[K^~~~~~~[m[K
[01m[K/home/ysl/ros2_ws/COD_Serial/include/../include/message.h:127:3:[m[K [01;31m[Kerror: [m[K‘[01m[Ksentry_info_t[m[K’ does not name a type
  127 | } [01;31m[Ksentry_info_t[m[K;
      |   [01;31m[K^~~~~~~~~~~~~[m[K
gmake[2]: *** [CMakeFiles/cod_serial.dir/build.make:76: CMakeFiles/cod_serial.dir/src/cod_serial.cpp.o] Error 1
gmake[1]: *** [CMakeFiles/Makefile2:137: CMakeFiles/cod_serial.dir/all] Error 2
gmake: *** [Makefile:146: all] Error 2
