[0.592s] Invoking command in '/home/ysl/ros2_ws/build/cod_serial': AMENT_PREFIX_PATH=/home/ysl/ros2_ws/install/rm_interfaces:${AMENT_PREFIX_PATH} CMAKE_PREFIX_PATH=/home/ysl/ros2_ws/install/rm_interfaces:/home/ysl/BehaviorTree.CPP/install/behaviortree_cpp:/opt/ros/jazzy/opt/gz_sim_vendor:/opt/ros/jazzy/opt/gz_sensors_vendor:/opt/ros/jazzy/opt/gz_physics_vendor:/opt/ros/jazzy/opt/sdformat_vendor:/opt/ros/jazzy/opt/gz_gui_vendor:/opt/ros/jazzy/opt/gz_transport_vendor:/opt/ros/jazzy/opt/gz_rendering_vendor:/opt/ros/jazzy/opt/gz_plugin_vendor:/opt/ros/jazzy/opt/gz_fuel_tools_vendor:/opt/ros/jazzy/opt/gz_msgs_vendor:/opt/ros/jazzy/opt/gz_common_vendor:/opt/ros/jazzy/opt/gz_math_vendor:/opt/ros/jazzy/opt/gz_utils_vendor:/opt/ros/jazzy/opt/gz_tools_vendor:/opt/ros/jazzy/opt/gz_ogre_next_vendor:/opt/ros/jazzy/opt/gz_dartsim_vendor:/opt/ros/jazzy/opt/gz_cmake_vendor:/opt/ros/jazzy LD_LIBRARY_PATH=/home/ysl/ros2_ws/install/rm_interfaces/lib:${LD_LIBRARY_PATH} PYTHONPATH=/home/ysl/ros2_ws/install/rm_interfaces/lib/python3.12/site-packages:${PYTHONPATH} /usr/bin/cmake --build /home/ysl/ros2_ws/build/cod_serial -- -j12 -l12
[0.722s] -- Found rclcpp: 28.1.9 (/opt/ros/jazzy/share/rclcpp/cmake)
[1.300s] -- Override CMake install command with custom implementation using symlinks instead of copying resources
[2.122s] -- Found rosidl_generator_c: 4.6.5 (/opt/ros/jazzy/share/rosidl_generator_c/cmake)
[2.148s] -- Found rosidl_generator_cpp: 4.6.5 (/opt/ros/jazzy/share/rosidl_generator_cpp/cmake)
[2.181s] -- Using all available rosidl_typesupport_c: rosidl_typesupport_fastrtps_c;rosidl_typesupport_introspection_c
[2.223s] -- Using all available rosidl_typesupport_cpp: rosidl_typesupport_fastrtps_cpp;rosidl_typesupport_introspection_cpp
[2.404s] -- Found rmw_implementation_cmake: 7.3.2 (/opt/ros/jazzy/share/rmw_implementation_cmake/cmake)
[2.410s] -- Found rmw_fastrtps_cpp: 8.4.2 (/opt/ros/jazzy/share/rmw_fastrtps_cpp/cmake)
[3.426s] -- Using RMW implementation 'rmw_fastrtps_cpp' as default
[4.254s] -- Found rm_interfaces: 0.0.0 (/home/ysl/ros2_ws/install/rm_interfaces/share/rm_interfaces/cmake)
[4.786s] -- Configuring done (4.1s)
[4.872s] -- Generating done (0.0s)
[4.888s] -- Build files have been written to: /home/ysl/ros2_ws/build/cod_serial
[5.057s] [ 33%] [32mBuilding CXX object CMakeFiles/cod_serial.dir/src/cod_serial.cpp.o[0m
[12.334s] In file included from [01m[K/home/ysl/ros2_ws/COD_Serial/src/cod_serial.cpp:4[m[K:
[12.334s] [01m[K/home/ysl/ros2_ws/COD_Serial/include/../include/message.h:9:9:[m[K [01;31m[Kerror: [m[K‘[01m[K_packed[m[K’ does not name a type
[12.335s]     9 | typedef [01;31m[K_packed[m[K struct
[12.335s]       |         [01;31m[K^~~~~~~[m[K
[12.340s] [01m[K/home/ysl/ros2_ws/COD_Serial/include/../include/message.h:15:2:[m[K [01;31m[Kerror: [m[K‘[01m[Kgame_status_t[m[K’ does not name a type
[12.341s]    15 | }[01;31m[Kgame_status_t[m[K;
[12.341s]       |  [01;31m[K^~~~~~~~~~~~~[m[K
[12.345s] [01m[K/home/ysl/ros2_ws/COD_Serial/include/../include/message.h:18:9:[m[K [01;31m[Kerror: [m[K‘[01m[K_packed[m[K’ does not name a type
[12.345s]    18 | typedef [01;31m[K_packed[m[K struct
[12.345s]       |         [01;31m[K^~~~~~~[m[K
[12.350s] [01m[K/home/ysl/ros2_ws/COD_Serial/include/../include/message.h:21:2:[m[K [01;31m[Kerror: [m[K‘[01m[Kgame_result_t[m[K’ does not name a type
[12.350s]    21 | }[01;31m[Kgame_result_t[m[K;
[12.350s]       |  [01;31m[K^~~~~~~~~~~~~[m[K
[12.356s] [01m[K/home/ysl/ros2_ws/COD_Serial/include/../include/message.h:24:9:[m[K [01;31m[Kerror: [m[K‘[01m[K_packed[m[K’ does not name a type
[12.356s]    24 | typedef [01;31m[K_packed[m[K struct
[12.357s]       |         [01;31m[K^~~~~~~[m[K
[12.362s] [01m[K/home/ysl/ros2_ws/COD_Serial/include/../include/message.h:42:2:[m[K [01;31m[Kerror: [m[K‘[01m[Kgame_robot_HP_t[m[K’ does not name a type
[12.362s]    42 | }[01;31m[Kgame_robot_HP_t[m[K;
[12.362s]       |  [01;31m[K^~~~~~~~~~~~~~~[m[K
[12.368s] [01m[K/home/ysl/ros2_ws/COD_Serial/include/../include/message.h:45:9:[m[K [01;31m[Kerror: [m[K‘[01m[K_packed[m[K’ does not name a type
[12.368s]    45 | typedef [01;31m[K_packed[m[K struct
[12.368s]       |         [01;31m[K^~~~~~~[m[K
[12.372s] [01m[K/home/ysl/ros2_ws/COD_Serial/include/../include/message.h:49:2:[m[K [01;31m[Kerror: [m[K‘[01m[Kevent_data_t[m[K’ does not name a type
[12.372s]    49 | }[01;31m[Kevent_data_t[m[K;
[12.372s]       |  [01;31m[K^~~~~~~~~~~~[m[K
[12.376s] [01m[K/home/ysl/ros2_ws/COD_Serial/include/../include/message.h:52:9:[m[K [01;31m[Kerror: [m[K‘[01m[K_packed[m[K’ does not name a type
[12.376s]    52 | typedef [01;31m[K_packed[m[K struct
[12.376s]       |         [01;31m[K^~~~~~~[m[K
[12.380s] [01m[K/home/ysl/ros2_ws/COD_Serial/include/../include/message.h:57:2:[m[K [01;31m[Kerror: [m[K‘[01m[Kreferee_warning_t[m[K’ does not name a type
[12.381s]    57 | }[01;31m[Kreferee_warning_t[m[K;
[12.381s]       |  [01;31m[K^~~~~~~~~~~~~~~~~[m[K
[12.385s] [01m[K/home/ysl/ros2_ws/COD_Serial/include/../include/message.h:60:9:[m[K [01;31m[Kerror: [m[K‘[01m[K_packed[m[K’ does not name a type
[12.385s]    60 | typedef [01;31m[K_packed[m[K struct
[12.385s]       |         [01;31m[K^~~~~~~[m[K
[12.390s] [01m[K/home/ysl/ros2_ws/COD_Serial/include/../include/message.h:72:2:[m[K [01;31m[Kerror: [m[K‘[01m[Krobot_status_t[m[K’ does not name a type
[12.390s]    72 | }[01;31m[Krobot_status_t[m[K;
[12.390s]       |  [01;31m[K^~~~~~~~~~~~~~[m[K
[12.394s] [01m[K/home/ysl/ros2_ws/COD_Serial/include/../include/message.h:75:9:[m[K [01;31m[Kerror: [m[K‘[01m[K_packed[m[K’ does not name a type
[12.394s]    75 | typedef [01;31m[K_packed[m[K struct
[12.394s]       |         [01;31m[K^~~~~~~[m[K
[12.401s] [01m[K/home/ysl/ros2_ws/COD_Serial/include/../include/message.h:80:2:[m[K [01;31m[Kerror: [m[K‘[01m[Krobot_pos_t[m[K’ does not name a type
[12.402s]    80 | }[01;31m[Krobot_pos_t[m[K;
[12.402s]       |  [01;31m[K^~~~~~~~~~~[m[K
[12.404s] [01m[K/home/ysl/ros2_ws/COD_Serial/include/../include/message.h:83:9:[m[K [01;31m[Kerror: [m[K‘[01m[K_packed[m[K’ does not name a type
[12.404s]    83 | typedef [01;31m[K_packed[m[K struct
[12.405s]       |         [01;31m[K^~~~~~~[m[K
[12.409s] [01m[K/home/ysl/ros2_ws/COD_Serial/include/../include/message.h:87:2:[m[K [01;31m[Kerror: [m[K‘[01m[Khurt_data_t[m[K’ does not name a type
[12.409s]    87 | }[01;31m[Khurt_data_t[m[K;
[12.410s]       |  [01;31m[K^~~~~~~~~~~[m[K
[12.412s] [01m[K/home/ysl/ros2_ws/COD_Serial/include/../include/message.h:90:9:[m[K [01;31m[Kerror: [m[K‘[01m[K_packed[m[K’ does not name a type
[12.412s]    90 | typedef [01;31m[K_packed[m[K struct
[12.412s]       |         [01;31m[K^~~~~~~[m[K
[12.417s] [01m[K/home/ysl/ros2_ws/COD_Serial/include/../include/message.h:96:2:[m[K [01;31m[Kerror: [m[K‘[01m[Kshoot_data_t[m[K’ does not name a type
[12.417s]    96 | }[01;31m[Kshoot_data_t[m[K;
[12.417s]       |  [01;31m[K^~~~~~~~~~~~[m[K
[12.421s] [01m[K/home/ysl/ros2_ws/COD_Serial/include/../include/message.h:99:9:[m[K [01;31m[Kerror: [m[K‘[01m[K_packed[m[K’ does not name a type
[12.422s]    99 | typedef [01;31m[K_packed[m[K struct
[12.422s]       |         [01;31m[K^~~~~~~[m[K
[12.429s] [01m[K/home/ysl/ros2_ws/COD_Serial/include/../include/message.h:105:2:[m[K [01;31m[Kerror: [m[K‘[01m[Kprojectile_allowance_t[m[K’ does not name a type
[12.431s]   105 | }[01;31m[Kprojectile_allowance_t[m[K;
[12.433s]       |  [01;31m[K^~~~~~~~~~~~~~~~~~~~~~[m[K
[12.435s] [01m[K/home/ysl/ros2_ws/COD_Serial/include/../include/message.h:108:9:[m[K [01;31m[Kerror: [m[K‘[01m[K_packed[m[K’ does not name a type
[12.435s]   108 | typedef [01;31m[K_packed[m[K struct
[12.435s]       |         [01;31m[K^~~~~~~[m[K
[12.442s] [01m[K/home/ysl/ros2_ws/COD_Serial/include/../include/message.h:120:2:[m[K [01;31m[Kerror: [m[K‘[01m[Kground_robot_position_t[m[K’ does not name a type
[12.443s]   120 | }[01;31m[Kground_robot_position_t[m[K;
[12.443s]       |  [01;31m[K^~~~~~~~~~~~~~~~~~~~~~~[m[K
[12.447s] [01m[K/home/ysl/ros2_ws/COD_Serial/include/../include/message.h:123:9:[m[K [01;31m[Kerror: [m[K‘[01m[K_packed[m[K’ does not name a type
[12.447s]   123 | typedef [01;31m[K_packed[m[K struct
[12.448s]       |         [01;31m[K^~~~~~~[m[K
[12.454s] [01m[K/home/ysl/ros2_ws/COD_Serial/include/../include/message.h:127:3:[m[K [01;31m[Kerror: [m[K‘[01m[Ksentry_info_t[m[K’ does not name a type
[12.454s]   127 | } [01;31m[Ksentry_info_t[m[K;
[12.454s]       |   [01;31m[K^~~~~~~~~~~~~[m[K
[17.130s] gmake[2]: *** [CMakeFiles/cod_serial.dir/build.make:76: CMakeFiles/cod_serial.dir/src/cod_serial.cpp.o] Error 1
[17.131s] gmake[1]: *** [CMakeFiles/Makefile2:137: CMakeFiles/cod_serial.dir/all] Error 2
[17.131s] gmake: *** [Makefile:146: all] Error 2
[17.143s] Invoked command in '/home/ysl/ros2_ws/build/cod_serial' returned '2': AMENT_PREFIX_PATH=/home/ysl/ros2_ws/install/rm_interfaces:${AMENT_PREFIX_PATH} CMAKE_PREFIX_PATH=/home/ysl/ros2_ws/install/rm_interfaces:/home/ysl/BehaviorTree.CPP/install/behaviortree_cpp:/opt/ros/jazzy/opt/gz_sim_vendor:/opt/ros/jazzy/opt/gz_sensors_vendor:/opt/ros/jazzy/opt/gz_physics_vendor:/opt/ros/jazzy/opt/sdformat_vendor:/opt/ros/jazzy/opt/gz_gui_vendor:/opt/ros/jazzy/opt/gz_transport_vendor:/opt/ros/jazzy/opt/gz_rendering_vendor:/opt/ros/jazzy/opt/gz_plugin_vendor:/opt/ros/jazzy/opt/gz_fuel_tools_vendor:/opt/ros/jazzy/opt/gz_msgs_vendor:/opt/ros/jazzy/opt/gz_common_vendor:/opt/ros/jazzy/opt/gz_math_vendor:/opt/ros/jazzy/opt/gz_utils_vendor:/opt/ros/jazzy/opt/gz_tools_vendor:/opt/ros/jazzy/opt/gz_ogre_next_vendor:/opt/ros/jazzy/opt/gz_dartsim_vendor:/opt/ros/jazzy/opt/gz_cmake_vendor:/opt/ros/jazzy LD_LIBRARY_PATH=/home/ysl/ros2_ws/install/rm_interfaces/lib:${LD_LIBRARY_PATH} PYTHONPATH=/home/ysl/ros2_ws/install/rm_interfaces/lib/python3.12/site-packages:${PYTHONPATH} /usr/bin/cmake --build /home/ysl/ros2_ws/build/cod_serial -- -j12 -l12
