[0.047s] Invoking command in '/home/ysl/ros2_ws/build/rm_interfaces': CMAKE_PREFIX_PATH=${CMAKE_PREFIX_PATH}:/opt/ros/jazzy /usr/bin/cmake --build /home/ysl/ros2_ws/build/rm_interfaces -- -j12 -l12
[0.510s] [  0%] Built target rm_interfaces__rosidl_generator_type_description
[0.529s] [  0%] Built target ament_cmake_python_symlink_rm_interfaces
[0.569s] [  0%] Built target rm_interfaces__cpp
[0.635s] [ 28%] Built target rm_interfaces__rosidl_generator_c
[0.744s] [ 42%] Built target rm_interfaces__rosidl_typesupport_c
[0.750s] [ 63%] Built target rm_interfaces__rosidl_typesupport_cpp
[0.750s] [ 63%] Built target rm_interfaces__rosidl_typesupport_introspection_c
[0.751s] [ 68%] Built target rm_interfaces__rosidl_typesupport_fastrtps_c
[0.760s] [ 79%] Built target rm_interfaces__rosidl_typesupport_introspection_cpp
[0.761s] [ 87%] Built target rm_interfaces__rosidl_typesupport_fastrtps_cpp
[0.801s] [ 87%] Built target rm_interfaces
[0.846s] [ 87%] Built target rm_interfaces__py
[0.929s] [ 97%] Built target rm_interfaces__rosidl_generator_py
[0.988s] [ 99%] Built target rm_interfaces_s__rosidl_typesupport_fastrtps_c
[0.988s] [ 99%] Built target rm_interfaces_s__rosidl_typesupport_c
[0.990s] [100%] Built target rm_interfaces_s__rosidl_typesupport_introspection_c
[1.013s] running egg_info
[1.050s] writing rm_interfaces.egg-info/PKG-INFO
[1.051s] writing dependency_links to rm_interfaces.egg-info/dependency_links.txt
[1.052s] writing top-level names to rm_interfaces.egg-info/top_level.txt
[1.155s] reading manifest file 'rm_interfaces.egg-info/SOURCES.txt'
[1.157s] writing manifest file 'rm_interfaces.egg-info/SOURCES.txt'
[1.210s] [100%] Built target ament_cmake_python_build_rm_interfaces_egg
[1.255s] Invoked command in '/home/ysl/ros2_ws/build/rm_interfaces' returned '0': CMAKE_PREFIX_PATH=${CMAKE_PREFIX_PATH}:/opt/ros/jazzy /usr/bin/cmake --build /home/ysl/ros2_ws/build/rm_interfaces -- -j12 -l12
[1.259s] Invoking command in '/home/ysl/ros2_ws/build/rm_interfaces': CMAKE_PREFIX_PATH=${CMAKE_PREFIX_PATH}:/opt/ros/jazzy /usr/bin/cmake --install /home/ysl/ros2_ws/build/rm_interfaces
[1.273s] -- Install configuration: ""
[1.277s] -- Execute custom install script
[1.280s] -- Up-to-date symlink: /home/ysl/ros2_ws/install/rm_interfaces/share/ament_index/resource_index/rosidl_interfaces/rm_interfaces
[1.281s] -- Up-to-date symlink: /home/ysl/ros2_ws/install/rm_interfaces/share/rm_interfaces/msg/Armor.json
[1.282s] -- Up-to-date symlink: /home/ysl/ros2_ws/install/rm_interfaces/share/rm_interfaces/msg/Armors.json
[1.283s] -- Up-to-date symlink: /home/ysl/ros2_ws/install/rm_interfaces/share/rm_interfaces/msg/Target.json
[1.284s] -- Up-to-date symlink: /home/ysl/ros2_ws/install/rm_interfaces/share/rm_interfaces/msg/RuneTarget.json
[1.285s] -- Up-to-date symlink: /home/ysl/ros2_ws/install/rm_interfaces/share/rm_interfaces/msg/Point2d.json
[1.285s] -- Up-to-date symlink: /home/ysl/ros2_ws/install/rm_interfaces/share/rm_interfaces/msg/GimbalCmd.json
[1.287s] -- Up-to-date symlink: /home/ysl/ros2_ws/install/rm_interfaces/share/rm_interfaces/msg/ChassisCmd.json
[1.287s] -- Up-to-date symlink: /home/ysl/ros2_ws/install/rm_interfaces/share/rm_interfaces/msg/DebugLight.json
[1.288s] -- Up-to-date symlink: /home/ysl/ros2_ws/install/rm_interfaces/share/rm_interfaces/msg/DebugLights.json
[1.289s] -- Up-to-date symlink: /home/ysl/ros2_ws/install/rm_interfaces/share/rm_interfaces/msg/DebugArmor.json
[1.290s] -- Up-to-date symlink: /home/ysl/ros2_ws/install/rm_interfaces/share/rm_interfaces/msg/DebugArmors.json
[1.291s] -- Up-to-date symlink: /home/ysl/ros2_ws/install/rm_interfaces/share/rm_interfaces/msg/DebugRuneAngle.json
[1.292s] -- Up-to-date symlink: /home/ysl/ros2_ws/install/rm_interfaces/share/rm_interfaces/msg/Measurement.json
[1.292s] -- Up-to-date symlink: /home/ysl/ros2_ws/install/rm_interfaces/share/rm_interfaces/msg/JudgeSystemData.json
[1.294s] -- Up-to-date symlink: /home/ysl/ros2_ws/install/rm_interfaces/share/rm_interfaces/msg/OperatorCommand.json
[1.295s] -- Up-to-date symlink: /home/ysl/ros2_ws/install/rm_interfaces/share/rm_interfaces/msg/SerialReceiveData.json
[1.296s] -- Up-to-date symlink: /home/ysl/ros2_ws/install/rm_interfaces/share/rm_interfaces/msg/EkfP.json
[1.297s] -- Up-to-date symlink: /home/ysl/ros2_ws/install/rm_interfaces/share/rm_interfaces/msg/Want.json
[1.298s] -- Up-to-date symlink: /home/ysl/ros2_ws/install/rm_interfaces/share/rm_interfaces/msg/LimitAngle.json
[1.299s] -- Up-to-date symlink: /home/ysl/ros2_ws/install/rm_interfaces/share/rm_interfaces/msg/ShootFireTarget.json
[1.299s] -- Up-to-date symlink: /home/ysl/ros2_ws/install/rm_interfaces/share/rm_interfaces/msg/ShootFireTargets.json
[1.301s] -- Up-to-date symlink: /home/ysl/ros2_ws/install/rm_interfaces/share/rm_interfaces/srv/SetMode.json
[1.306s] -- Up-to-date symlink: /home/ysl/ros2_ws/install/rm_interfaces/include/rm_interfaces/rm_interfaces/msg/armor.h
[1.307s] -- Up-to-date symlink: /home/ysl/ros2_ws/install/rm_interfaces/include/rm_interfaces/rm_interfaces/msg/armors.h
[1.308s] -- Up-to-date symlink: /home/ysl/ros2_ws/install/rm_interfaces/include/rm_interfaces/rm_interfaces/msg/chassis_cmd.h
[1.309s] -- Up-to-date symlink: /home/ysl/ros2_ws/install/rm_interfaces/include/rm_interfaces/rm_interfaces/msg/debug_armor.h
[1.310s] -- Up-to-date symlink: /home/ysl/ros2_ws/install/rm_interfaces/include/rm_interfaces/rm_interfaces/msg/debug_armors.h
[1.311s] -- Up-to-date symlink: /home/ysl/ros2_ws/install/rm_interfaces/include/rm_interfaces/rm_interfaces/msg/debug_light.h
[1.312s] -- Up-to-date symlink: /home/ysl/ros2_ws/install/rm_interfaces/include/rm_interfaces/rm_interfaces/msg/debug_lights.h
[1.313s] -- Up-to-date symlink: /home/ysl/ros2_ws/install/rm_interfaces/include/rm_interfaces/rm_interfaces/msg/debug_rune_angle.h
[1.314s] -- Up-to-date symlink: /home/ysl/ros2_ws/install/rm_interfaces/include/rm_interfaces/rm_interfaces/msg/detail/armor__functions.h
[1.315s] -- Up-to-date symlink: /home/ysl/ros2_ws/install/rm_interfaces/include/rm_interfaces/rm_interfaces/msg/detail/armor__struct.h
[1.316s] -- Up-to-date symlink: /home/ysl/ros2_ws/install/rm_interfaces/include/rm_interfaces/rm_interfaces/msg/detail/armor__type_support.h
[1.317s] -- Up-to-date symlink: /home/ysl/ros2_ws/install/rm_interfaces/include/rm_interfaces/rm_interfaces/msg/detail/armors__functions.h
[1.318s] -- Up-to-date symlink: /home/ysl/ros2_ws/install/rm_interfaces/include/rm_interfaces/rm_interfaces/msg/detail/armors__struct.h
[1.319s] -- Up-to-date symlink: /home/ysl/ros2_ws/install/rm_interfaces/include/rm_interfaces/rm_interfaces/msg/detail/armors__type_support.h
[1.319s] -- Up-to-date symlink: /home/ysl/ros2_ws/install/rm_interfaces/include/rm_interfaces/rm_interfaces/msg/detail/chassis_cmd__functions.h
[1.320s] -- Up-to-date symlink: /home/ysl/ros2_ws/install/rm_interfaces/include/rm_interfaces/rm_interfaces/msg/detail/chassis_cmd__struct.h
[1.321s] -- Up-to-date symlink: /home/ysl/ros2_ws/install/rm_interfaces/include/rm_interfaces/rm_interfaces/msg/detail/chassis_cmd__type_support.h
[1.322s] -- Up-to-date symlink: /home/ysl/ros2_ws/install/rm_interfaces/include/rm_interfaces/rm_interfaces/msg/detail/debug_armor__functions.h
[1.322s] -- Up-to-date symlink: /home/ysl/ros2_ws/install/rm_interfaces/include/rm_interfaces/rm_interfaces/msg/detail/debug_armor__struct.h
[1.324s] -- Up-to-date symlink: /home/ysl/ros2_ws/install/rm_interfaces/include/rm_interfaces/rm_interfaces/msg/detail/debug_armor__type_support.h
[1.325s] -- Up-to-date symlink: /home/ysl/ros2_ws/install/rm_interfaces/include/rm_interfaces/rm_interfaces/msg/detail/debug_armors__functions.h
[1.326s] -- Up-to-date symlink: /home/ysl/ros2_ws/install/rm_interfaces/include/rm_interfaces/rm_interfaces/msg/detail/debug_armors__struct.h
[1.327s] -- Up-to-date symlink: /home/ysl/ros2_ws/install/rm_interfaces/include/rm_interfaces/rm_interfaces/msg/detail/debug_armors__type_support.h
[1.328s] -- Up-to-date symlink: /home/ysl/ros2_ws/install/rm_interfaces/include/rm_interfaces/rm_interfaces/msg/detail/debug_light__functions.h
[1.329s] -- Up-to-date symlink: /home/ysl/ros2_ws/install/rm_interfaces/include/rm_interfaces/rm_interfaces/msg/detail/debug_light__struct.h
[1.330s] -- Up-to-date symlink: /home/ysl/ros2_ws/install/rm_interfaces/include/rm_interfaces/rm_interfaces/msg/detail/debug_light__type_support.h
[1.330s] -- Up-to-date symlink: /home/ysl/ros2_ws/install/rm_interfaces/include/rm_interfaces/rm_interfaces/msg/detail/debug_lights__functions.h
[1.331s] -- Up-to-date symlink: /home/ysl/ros2_ws/install/rm_interfaces/include/rm_interfaces/rm_interfaces/msg/detail/debug_lights__struct.h
[1.332s] -- Up-to-date symlink: /home/ysl/ros2_ws/install/rm_interfaces/include/rm_interfaces/rm_interfaces/msg/detail/debug_lights__type_support.h
[1.332s] -- Up-to-date symlink: /home/ysl/ros2_ws/install/rm_interfaces/include/rm_interfaces/rm_interfaces/msg/detail/debug_rune_angle__functions.h
[1.333s] -- Up-to-date symlink: /home/ysl/ros2_ws/install/rm_interfaces/include/rm_interfaces/rm_interfaces/msg/detail/debug_rune_angle__struct.h
[1.334s] -- Up-to-date symlink: /home/ysl/ros2_ws/install/rm_interfaces/include/rm_interfaces/rm_interfaces/msg/detail/debug_rune_angle__type_support.h
[1.335s] -- Up-to-date symlink: /home/ysl/ros2_ws/install/rm_interfaces/include/rm_interfaces/rm_interfaces/msg/detail/ekf_p__functions.h
[1.336s] -- Up-to-date symlink: /home/ysl/ros2_ws/install/rm_interfaces/include/rm_interfaces/rm_interfaces/msg/detail/ekf_p__struct.h
[1.337s] -- Up-to-date symlink: /home/ysl/ros2_ws/install/rm_interfaces/include/rm_interfaces/rm_interfaces/msg/detail/ekf_p__type_support.h
[1.338s] -- Up-to-date symlink: /home/ysl/ros2_ws/install/rm_interfaces/include/rm_interfaces/rm_interfaces/msg/detail/gimbal_cmd__functions.h
[1.338s] -- Up-to-date symlink: /home/ysl/ros2_ws/install/rm_interfaces/include/rm_interfaces/rm_interfaces/msg/detail/gimbal_cmd__struct.h
[1.339s] -- Up-to-date symlink: /home/ysl/ros2_ws/install/rm_interfaces/include/rm_interfaces/rm_interfaces/msg/detail/gimbal_cmd__type_support.h
[1.340s] -- Up-to-date symlink: /home/ysl/ros2_ws/install/rm_interfaces/include/rm_interfaces/rm_interfaces/msg/detail/judge_system_data__functions.h
[1.341s] -- Up-to-date symlink: /home/ysl/ros2_ws/install/rm_interfaces/include/rm_interfaces/rm_interfaces/msg/detail/judge_system_data__struct.h
[1.342s] -- Up-to-date symlink: /home/ysl/ros2_ws/install/rm_interfaces/include/rm_interfaces/rm_interfaces/msg/detail/judge_system_data__type_support.h
[1.343s] -- Up-to-date symlink: /home/ysl/ros2_ws/install/rm_interfaces/include/rm_interfaces/rm_interfaces/msg/detail/limit_angle__functions.h
[1.344s] -- Up-to-date symlink: /home/ysl/ros2_ws/install/rm_interfaces/include/rm_interfaces/rm_interfaces/msg/detail/limit_angle__struct.h
[1.344s] -- Up-to-date symlink: /home/ysl/ros2_ws/install/rm_interfaces/include/rm_interfaces/rm_interfaces/msg/detail/limit_angle__type_support.h
[1.345s] -- Up-to-date symlink: /home/ysl/ros2_ws/install/rm_interfaces/include/rm_interfaces/rm_interfaces/msg/detail/measurement__functions.h
[1.346s] -- Up-to-date symlink: /home/ysl/ros2_ws/install/rm_interfaces/include/rm_interfaces/rm_interfaces/msg/detail/measurement__struct.h
[1.347s] -- Up-to-date symlink: /home/ysl/ros2_ws/install/rm_interfaces/include/rm_interfaces/rm_interfaces/msg/detail/measurement__type_support.h
[1.348s] -- Up-to-date symlink: /home/ysl/ros2_ws/install/rm_interfaces/include/rm_interfaces/rm_interfaces/msg/detail/operator_command__functions.h
[1.349s] -- Up-to-date symlink: /home/ysl/ros2_ws/install/rm_interfaces/include/rm_interfaces/rm_interfaces/msg/detail/operator_command__struct.h
[1.349s] -- Up-to-date symlink: /home/ysl/ros2_ws/install/rm_interfaces/include/rm_interfaces/rm_interfaces/msg/detail/operator_command__type_support.h
[1.351s] -- Up-to-date symlink: /home/ysl/ros2_ws/install/rm_interfaces/include/rm_interfaces/rm_interfaces/msg/detail/point2d__functions.h
[1.351s] -- Up-to-date symlink: /home/ysl/ros2_ws/install/rm_interfaces/include/rm_interfaces/rm_interfaces/msg/detail/point2d__struct.h
[1.352s] -- Up-to-date symlink: /home/ysl/ros2_ws/install/rm_interfaces/include/rm_interfaces/rm_interfaces/msg/detail/point2d__type_support.h
[1.353s] -- Up-to-date symlink: /home/ysl/ros2_ws/install/rm_interfaces/include/rm_interfaces/rm_interfaces/msg/detail/rune_target__functions.h
[1.354s] -- Up-to-date symlink: /home/ysl/ros2_ws/install/rm_interfaces/include/rm_interfaces/rm_interfaces/msg/detail/rune_target__struct.h
[1.355s] -- Up-to-date symlink: /home/ysl/ros2_ws/install/rm_interfaces/include/rm_interfaces/rm_interfaces/msg/detail/rune_target__type_support.h
[1.356s] -- Up-to-date symlink: /home/ysl/ros2_ws/install/rm_interfaces/include/rm_interfaces/rm_interfaces/msg/detail/serial_receive_data__functions.h
[1.357s] -- Up-to-date symlink: /home/ysl/ros2_ws/install/rm_interfaces/include/rm_interfaces/rm_interfaces/msg/detail/serial_receive_data__struct.h
[1.358s] -- Up-to-date symlink: /home/ysl/ros2_ws/install/rm_interfaces/include/rm_interfaces/rm_interfaces/msg/detail/serial_receive_data__type_support.h
[1.358s] -- Up-to-date symlink: /home/ysl/ros2_ws/install/rm_interfaces/include/rm_interfaces/rm_interfaces/msg/detail/shoot_fire_target__functions.h
[1.359s] -- Up-to-date symlink: /home/ysl/ros2_ws/install/rm_interfaces/include/rm_interfaces/rm_interfaces/msg/detail/shoot_fire_target__struct.h
[1.359s] -- Up-to-date symlink: /home/ysl/ros2_ws/install/rm_interfaces/include/rm_interfaces/rm_interfaces/msg/detail/shoot_fire_target__type_support.h
[1.360s] -- Up-to-date symlink: /home/ysl/ros2_ws/install/rm_interfaces/include/rm_interfaces/rm_interfaces/msg/detail/shoot_fire_targets__functions.h
[1.361s] -- Up-to-date symlink: /home/ysl/ros2_ws/install/rm_interfaces/include/rm_interfaces/rm_interfaces/msg/detail/shoot_fire_targets__struct.h
[1.362s] -- Up-to-date symlink: /home/ysl/ros2_ws/install/rm_interfaces/include/rm_interfaces/rm_interfaces/msg/detail/shoot_fire_targets__type_support.h
[1.362s] -- Up-to-date symlink: /home/ysl/ros2_ws/install/rm_interfaces/include/rm_interfaces/rm_interfaces/msg/detail/target__functions.h
[1.363s] -- Up-to-date symlink: /home/ysl/ros2_ws/install/rm_interfaces/include/rm_interfaces/rm_interfaces/msg/detail/target__struct.h
[1.363s] -- Up-to-date symlink: /home/ysl/ros2_ws/install/rm_interfaces/include/rm_interfaces/rm_interfaces/msg/detail/target__type_support.h
[1.364s] -- Up-to-date symlink: /home/ysl/ros2_ws/install/rm_interfaces/include/rm_interfaces/rm_interfaces/msg/detail/want__functions.h
[1.365s] -- Up-to-date symlink: /home/ysl/ros2_ws/install/rm_interfaces/include/rm_interfaces/rm_interfaces/msg/detail/want__struct.h
[1.366s] -- Up-to-date symlink: /home/ysl/ros2_ws/install/rm_interfaces/include/rm_interfaces/rm_interfaces/msg/detail/want__type_support.h
[1.366s] -- Up-to-date symlink: /home/ysl/ros2_ws/install/rm_interfaces/include/rm_interfaces/rm_interfaces/msg/ekf_p.h
[1.367s] -- Up-to-date symlink: /home/ysl/ros2_ws/install/rm_interfaces/include/rm_interfaces/rm_interfaces/msg/gimbal_cmd.h
[1.368s] -- Up-to-date symlink: /home/ysl/ros2_ws/install/rm_interfaces/include/rm_interfaces/rm_interfaces/msg/judge_system_data.h
[1.368s] -- Up-to-date symlink: /home/ysl/ros2_ws/install/rm_interfaces/include/rm_interfaces/rm_interfaces/msg/limit_angle.h
[1.370s] -- Up-to-date symlink: /home/ysl/ros2_ws/install/rm_interfaces/include/rm_interfaces/rm_interfaces/msg/measurement.h
[1.370s] -- Up-to-date symlink: /home/ysl/ros2_ws/install/rm_interfaces/include/rm_interfaces/rm_interfaces/msg/operator_command.h
[1.370s] -- Up-to-date symlink: /home/ysl/ros2_ws/install/rm_interfaces/include/rm_interfaces/rm_interfaces/msg/point2d.h
[1.371s] -- Up-to-date symlink: /home/ysl/ros2_ws/install/rm_interfaces/include/rm_interfaces/rm_interfaces/msg/rosidl_generator_c__visibility_control.h
[1.372s] -- Up-to-date symlink: /home/ysl/ros2_ws/install/rm_interfaces/include/rm_interfaces/rm_interfaces/msg/rune_target.h
[1.372s] -- Up-to-date symlink: /home/ysl/ros2_ws/install/rm_interfaces/include/rm_interfaces/rm_interfaces/msg/serial_receive_data.h
[1.373s] -- Up-to-date symlink: /home/ysl/ros2_ws/install/rm_interfaces/include/rm_interfaces/rm_interfaces/msg/shoot_fire_target.h
[1.373s] -- Up-to-date symlink: /home/ysl/ros2_ws/install/rm_interfaces/include/rm_interfaces/rm_interfaces/msg/shoot_fire_targets.h
[1.374s] -- Up-to-date symlink: /home/ysl/ros2_ws/install/rm_interfaces/include/rm_interfaces/rm_interfaces/msg/target.h
[1.375s] -- Up-to-date symlink: /home/ysl/ros2_ws/install/rm_interfaces/include/rm_interfaces/rm_interfaces/msg/want.h
[1.376s] -- Up-to-date symlink: /home/ysl/ros2_ws/install/rm_interfaces/include/rm_interfaces/rm_interfaces/srv/detail/set_mode__functions.h
[1.377s] -- Up-to-date symlink: /home/ysl/ros2_ws/install/rm_interfaces/include/rm_interfaces/rm_interfaces/srv/detail/set_mode__struct.h
[1.377s] -- Up-to-date symlink: /home/ysl/ros2_ws/install/rm_interfaces/include/rm_interfaces/rm_interfaces/srv/detail/set_mode__type_support.h
[1.378s] -- Up-to-date symlink: /home/ysl/ros2_ws/install/rm_interfaces/include/rm_interfaces/rm_interfaces/srv/set_mode.h
[1.379s] -- Up-to-date symlink: /home/ysl/ros2_ws/install/rm_interfaces/share/rm_interfaces/environment/library_path.sh
[1.380s] -- Up-to-date symlink: /home/ysl/ros2_ws/install/rm_interfaces/share/rm_interfaces/environment/library_path.dsv
[1.383s] -- Up-to-date symlink: /home/ysl/ros2_ws/install/rm_interfaces/include/rm_interfaces/rm_interfaces/msg/detail/armor__rosidl_typesupport_fastrtps_c.h
[1.384s] -- Up-to-date symlink: /home/ysl/ros2_ws/install/rm_interfaces/include/rm_interfaces/rm_interfaces/msg/detail/armors__rosidl_typesupport_fastrtps_c.h
[1.384s] -- Up-to-date symlink: /home/ysl/ros2_ws/install/rm_interfaces/include/rm_interfaces/rm_interfaces/msg/detail/chassis_cmd__rosidl_typesupport_fastrtps_c.h
[1.386s] -- Up-to-date symlink: /home/ysl/ros2_ws/install/rm_interfaces/include/rm_interfaces/rm_interfaces/msg/detail/debug_armor__rosidl_typesupport_fastrtps_c.h
[1.387s] -- Up-to-date symlink: /home/ysl/ros2_ws/install/rm_interfaces/include/rm_interfaces/rm_interfaces/msg/detail/debug_armors__rosidl_typesupport_fastrtps_c.h
[1.388s] -- Up-to-date symlink: /home/ysl/ros2_ws/install/rm_interfaces/include/rm_interfaces/rm_interfaces/msg/detail/debug_light__rosidl_typesupport_fastrtps_c.h
[1.389s] -- Up-to-date symlink: /home/ysl/ros2_ws/install/rm_interfaces/include/rm_interfaces/rm_interfaces/msg/detail/debug_lights__rosidl_typesupport_fastrtps_c.h
[1.389s] -- Up-to-date symlink: /home/ysl/ros2_ws/install/rm_interfaces/include/rm_interfaces/rm_interfaces/msg/detail/debug_rune_angle__rosidl_typesupport_fastrtps_c.h
[1.390s] -- Up-to-date symlink: /home/ysl/ros2_ws/install/rm_interfaces/include/rm_interfaces/rm_interfaces/msg/detail/ekf_p__rosidl_typesupport_fastrtps_c.h
[1.391s] -- Up-to-date symlink: /home/ysl/ros2_ws/install/rm_interfaces/include/rm_interfaces/rm_interfaces/msg/detail/gimbal_cmd__rosidl_typesupport_fastrtps_c.h
[1.391s] -- Up-to-date symlink: /home/ysl/ros2_ws/install/rm_interfaces/include/rm_interfaces/rm_interfaces/msg/detail/judge_system_data__rosidl_typesupport_fastrtps_c.h
[1.392s] -- Up-to-date symlink: /home/ysl/ros2_ws/install/rm_interfaces/include/rm_interfaces/rm_interfaces/msg/detail/limit_angle__rosidl_typesupport_fastrtps_c.h
[1.393s] -- Up-to-date symlink: /home/ysl/ros2_ws/install/rm_interfaces/include/rm_interfaces/rm_interfaces/msg/detail/measurement__rosidl_typesupport_fastrtps_c.h
[1.393s] -- Up-to-date symlink: /home/ysl/ros2_ws/install/rm_interfaces/include/rm_interfaces/rm_interfaces/msg/detail/operator_command__rosidl_typesupport_fastrtps_c.h
[1.394s] -- Up-to-date symlink: /home/ysl/ros2_ws/install/rm_interfaces/include/rm_interfaces/rm_interfaces/msg/detail/point2d__rosidl_typesupport_fastrtps_c.h
[1.394s] -- Up-to-date symlink: /home/ysl/ros2_ws/install/rm_interfaces/include/rm_interfaces/rm_interfaces/msg/detail/rune_target__rosidl_typesupport_fastrtps_c.h
[1.395s] -- Up-to-date symlink: /home/ysl/ros2_ws/install/rm_interfaces/include/rm_interfaces/rm_interfaces/msg/detail/serial_receive_data__rosidl_typesupport_fastrtps_c.h
[1.396s] -- Up-to-date symlink: /home/ysl/ros2_ws/install/rm_interfaces/include/rm_interfaces/rm_interfaces/msg/detail/shoot_fire_target__rosidl_typesupport_fastrtps_c.h
[1.396s] -- Up-to-date symlink: /home/ysl/ros2_ws/install/rm_interfaces/include/rm_interfaces/rm_interfaces/msg/detail/shoot_fire_targets__rosidl_typesupport_fastrtps_c.h
[1.397s] -- Up-to-date symlink: /home/ysl/ros2_ws/install/rm_interfaces/include/rm_interfaces/rm_interfaces/msg/detail/target__rosidl_typesupport_fastrtps_c.h
[1.398s] -- Up-to-date symlink: /home/ysl/ros2_ws/install/rm_interfaces/include/rm_interfaces/rm_interfaces/msg/detail/want__rosidl_typesupport_fastrtps_c.h
[1.398s] -- Up-to-date symlink: /home/ysl/ros2_ws/install/rm_interfaces/include/rm_interfaces/rm_interfaces/msg/rosidl_typesupport_fastrtps_c__visibility_control.h
[1.399s] -- Up-to-date symlink: /home/ysl/ros2_ws/install/rm_interfaces/include/rm_interfaces/rm_interfaces/srv/detail/set_mode__rosidl_typesupport_fastrtps_c.h
[1.402s] -- Up-to-date symlink: /home/ysl/ros2_ws/install/rm_interfaces/include/rm_interfaces/rm_interfaces/msg/detail/armor__rosidl_typesupport_introspection_c.h
[1.403s] -- Up-to-date symlink: /home/ysl/ros2_ws/install/rm_interfaces/include/rm_interfaces/rm_interfaces/msg/detail/armors__rosidl_typesupport_introspection_c.h
[1.404s] -- Up-to-date symlink: /home/ysl/ros2_ws/install/rm_interfaces/include/rm_interfaces/rm_interfaces/msg/detail/chassis_cmd__rosidl_typesupport_introspection_c.h
[1.404s] -- Up-to-date symlink: /home/ysl/ros2_ws/install/rm_interfaces/include/rm_interfaces/rm_interfaces/msg/detail/debug_armor__rosidl_typesupport_introspection_c.h
[1.405s] -- Up-to-date symlink: /home/ysl/ros2_ws/install/rm_interfaces/include/rm_interfaces/rm_interfaces/msg/detail/debug_armors__rosidl_typesupport_introspection_c.h
[1.406s] -- Up-to-date symlink: /home/ysl/ros2_ws/install/rm_interfaces/include/rm_interfaces/rm_interfaces/msg/detail/debug_light__rosidl_typesupport_introspection_c.h
[1.406s] -- Up-to-date symlink: /home/ysl/ros2_ws/install/rm_interfaces/include/rm_interfaces/rm_interfaces/msg/detail/debug_lights__rosidl_typesupport_introspection_c.h
[1.407s] -- Up-to-date symlink: /home/ysl/ros2_ws/install/rm_interfaces/include/rm_interfaces/rm_interfaces/msg/detail/debug_rune_angle__rosidl_typesupport_introspection_c.h
[1.408s] -- Up-to-date symlink: /home/ysl/ros2_ws/install/rm_interfaces/include/rm_interfaces/rm_interfaces/msg/detail/ekf_p__rosidl_typesupport_introspection_c.h
[1.408s] -- Up-to-date symlink: /home/ysl/ros2_ws/install/rm_interfaces/include/rm_interfaces/rm_interfaces/msg/detail/gimbal_cmd__rosidl_typesupport_introspection_c.h
[1.409s] -- Up-to-date symlink: /home/ysl/ros2_ws/install/rm_interfaces/include/rm_interfaces/rm_interfaces/msg/detail/judge_system_data__rosidl_typesupport_introspection_c.h
[1.410s] -- Up-to-date symlink: /home/ysl/ros2_ws/install/rm_interfaces/include/rm_interfaces/rm_interfaces/msg/detail/limit_angle__rosidl_typesupport_introspection_c.h
[1.411s] -- Up-to-date symlink: /home/ysl/ros2_ws/install/rm_interfaces/include/rm_interfaces/rm_interfaces/msg/detail/measurement__rosidl_typesupport_introspection_c.h
[1.412s] -- Up-to-date symlink: /home/ysl/ros2_ws/install/rm_interfaces/include/rm_interfaces/rm_interfaces/msg/detail/operator_command__rosidl_typesupport_introspection_c.h
[1.412s] -- Up-to-date symlink: /home/ysl/ros2_ws/install/rm_interfaces/include/rm_interfaces/rm_interfaces/msg/detail/point2d__rosidl_typesupport_introspection_c.h
[1.413s] -- Up-to-date symlink: /home/ysl/ros2_ws/install/rm_interfaces/include/rm_interfaces/rm_interfaces/msg/detail/rune_target__rosidl_typesupport_introspection_c.h
[1.414s] -- Up-to-date symlink: /home/ysl/ros2_ws/install/rm_interfaces/include/rm_interfaces/rm_interfaces/msg/detail/serial_receive_data__rosidl_typesupport_introspection_c.h
[1.414s] -- Up-to-date symlink: /home/ysl/ros2_ws/install/rm_interfaces/include/rm_interfaces/rm_interfaces/msg/detail/shoot_fire_target__rosidl_typesupport_introspection_c.h
[1.415s] -- Up-to-date symlink: /home/ysl/ros2_ws/install/rm_interfaces/include/rm_interfaces/rm_interfaces/msg/detail/shoot_fire_targets__rosidl_typesupport_introspection_c.h
[1.416s] -- Up-to-date symlink: /home/ysl/ros2_ws/install/rm_interfaces/include/rm_interfaces/rm_interfaces/msg/detail/target__rosidl_typesupport_introspection_c.h
[1.417s] -- Up-to-date symlink: /home/ysl/ros2_ws/install/rm_interfaces/include/rm_interfaces/rm_interfaces/msg/detail/want__rosidl_typesupport_introspection_c.h
[1.417s] -- Up-to-date symlink: /home/ysl/ros2_ws/install/rm_interfaces/include/rm_interfaces/rm_interfaces/msg/rosidl_typesupport_introspection_c__visibility_control.h
[1.418s] -- Up-to-date symlink: /home/ysl/ros2_ws/install/rm_interfaces/include/rm_interfaces/rm_interfaces/srv/detail/set_mode__rosidl_typesupport_introspection_c.h
[1.422s] -- Up-to-date symlink: /home/ysl/ros2_ws/install/rm_interfaces/include/rm_interfaces/rm_interfaces/msg/armor.hpp
[1.423s] -- Up-to-date symlink: /home/ysl/ros2_ws/install/rm_interfaces/include/rm_interfaces/rm_interfaces/msg/armors.hpp
[1.423s] -- Up-to-date symlink: /home/ysl/ros2_ws/install/rm_interfaces/include/rm_interfaces/rm_interfaces/msg/chassis_cmd.hpp
[1.424s] -- Up-to-date symlink: /home/ysl/ros2_ws/install/rm_interfaces/include/rm_interfaces/rm_interfaces/msg/debug_armor.hpp
[1.424s] -- Up-to-date symlink: /home/ysl/ros2_ws/install/rm_interfaces/include/rm_interfaces/rm_interfaces/msg/debug_armors.hpp
[1.425s] -- Up-to-date symlink: /home/ysl/ros2_ws/install/rm_interfaces/include/rm_interfaces/rm_interfaces/msg/debug_light.hpp
[1.426s] -- Up-to-date symlink: /home/ysl/ros2_ws/install/rm_interfaces/include/rm_interfaces/rm_interfaces/msg/debug_lights.hpp
[1.426s] -- Up-to-date symlink: /home/ysl/ros2_ws/install/rm_interfaces/include/rm_interfaces/rm_interfaces/msg/debug_rune_angle.hpp
[1.427s] -- Up-to-date symlink: /home/ysl/ros2_ws/install/rm_interfaces/include/rm_interfaces/rm_interfaces/msg/detail/armor__builder.hpp
[1.427s] -- Up-to-date symlink: /home/ysl/ros2_ws/install/rm_interfaces/include/rm_interfaces/rm_interfaces/msg/detail/armor__struct.hpp
[1.428s] -- Up-to-date symlink: /home/ysl/ros2_ws/install/rm_interfaces/include/rm_interfaces/rm_interfaces/msg/detail/armor__traits.hpp
[1.429s] -- Up-to-date symlink: /home/ysl/ros2_ws/install/rm_interfaces/include/rm_interfaces/rm_interfaces/msg/detail/armor__type_support.hpp
[1.429s] -- Up-to-date symlink: /home/ysl/ros2_ws/install/rm_interfaces/include/rm_interfaces/rm_interfaces/msg/detail/armors__builder.hpp
[1.430s] -- Up-to-date symlink: /home/ysl/ros2_ws/install/rm_interfaces/include/rm_interfaces/rm_interfaces/msg/detail/armors__struct.hpp
[1.431s] -- Up-to-date symlink: /home/ysl/ros2_ws/install/rm_interfaces/include/rm_interfaces/rm_interfaces/msg/detail/armors__traits.hpp
[1.432s] -- Up-to-date symlink: /home/ysl/ros2_ws/install/rm_interfaces/include/rm_interfaces/rm_interfaces/msg/detail/armors__type_support.hpp
[1.432s] -- Up-to-date symlink: /home/ysl/ros2_ws/install/rm_interfaces/include/rm_interfaces/rm_interfaces/msg/detail/chassis_cmd__builder.hpp
[1.433s] -- Up-to-date symlink: /home/ysl/ros2_ws/install/rm_interfaces/include/rm_interfaces/rm_interfaces/msg/detail/chassis_cmd__struct.hpp
[1.434s] -- Up-to-date symlink: /home/ysl/ros2_ws/install/rm_interfaces/include/rm_interfaces/rm_interfaces/msg/detail/chassis_cmd__traits.hpp
[1.435s] -- Up-to-date symlink: /home/ysl/ros2_ws/install/rm_interfaces/include/rm_interfaces/rm_interfaces/msg/detail/chassis_cmd__type_support.hpp
[1.435s] -- Up-to-date symlink: /home/ysl/ros2_ws/install/rm_interfaces/include/rm_interfaces/rm_interfaces/msg/detail/debug_armor__builder.hpp
[1.437s] -- Up-to-date symlink: /home/ysl/ros2_ws/install/rm_interfaces/include/rm_interfaces/rm_interfaces/msg/detail/debug_armor__struct.hpp
[1.438s] -- Up-to-date symlink: /home/ysl/ros2_ws/install/rm_interfaces/include/rm_interfaces/rm_interfaces/msg/detail/debug_armor__traits.hpp
[1.441s] -- Up-to-date symlink: /home/ysl/ros2_ws/install/rm_interfaces/include/rm_interfaces/rm_interfaces/msg/detail/debug_armor__type_support.hpp
[1.441s] -- Up-to-date symlink: /home/ysl/ros2_ws/install/rm_interfaces/include/rm_interfaces/rm_interfaces/msg/detail/debug_armors__builder.hpp
[1.442s] -- Up-to-date symlink: /home/ysl/ros2_ws/install/rm_interfaces/include/rm_interfaces/rm_interfaces/msg/detail/debug_armors__struct.hpp
[1.443s] -- Up-to-date symlink: /home/ysl/ros2_ws/install/rm_interfaces/include/rm_interfaces/rm_interfaces/msg/detail/debug_armors__traits.hpp
[1.444s] -- Up-to-date symlink: /home/ysl/ros2_ws/install/rm_interfaces/include/rm_interfaces/rm_interfaces/msg/detail/debug_armors__type_support.hpp
[1.444s] -- Up-to-date symlink: /home/ysl/ros2_ws/install/rm_interfaces/include/rm_interfaces/rm_interfaces/msg/detail/debug_light__builder.hpp
[1.445s] -- Up-to-date symlink: /home/ysl/ros2_ws/install/rm_interfaces/include/rm_interfaces/rm_interfaces/msg/detail/debug_light__struct.hpp
[1.446s] -- Up-to-date symlink: /home/ysl/ros2_ws/install/rm_interfaces/include/rm_interfaces/rm_interfaces/msg/detail/debug_light__traits.hpp
[1.446s] -- Up-to-date symlink: /home/ysl/ros2_ws/install/rm_interfaces/include/rm_interfaces/rm_interfaces/msg/detail/debug_light__type_support.hpp
[1.447s] -- Up-to-date symlink: /home/ysl/ros2_ws/install/rm_interfaces/include/rm_interfaces/rm_interfaces/msg/detail/debug_lights__builder.hpp
[1.447s] -- Up-to-date symlink: /home/ysl/ros2_ws/install/rm_interfaces/include/rm_interfaces/rm_interfaces/msg/detail/debug_lights__struct.hpp
[1.448s] -- Up-to-date symlink: /home/ysl/ros2_ws/install/rm_interfaces/include/rm_interfaces/rm_interfaces/msg/detail/debug_lights__traits.hpp
[1.449s] -- Up-to-date symlink: /home/ysl/ros2_ws/install/rm_interfaces/include/rm_interfaces/rm_interfaces/msg/detail/debug_lights__type_support.hpp
[1.449s] -- Up-to-date symlink: /home/ysl/ros2_ws/install/rm_interfaces/include/rm_interfaces/rm_interfaces/msg/detail/debug_rune_angle__builder.hpp
[1.450s] -- Up-to-date symlink: /home/ysl/ros2_ws/install/rm_interfaces/include/rm_interfaces/rm_interfaces/msg/detail/debug_rune_angle__struct.hpp
[1.451s] -- Up-to-date symlink: /home/ysl/ros2_ws/install/rm_interfaces/include/rm_interfaces/rm_interfaces/msg/detail/debug_rune_angle__traits.hpp
[1.451s] -- Up-to-date symlink: /home/ysl/ros2_ws/install/rm_interfaces/include/rm_interfaces/rm_interfaces/msg/detail/debug_rune_angle__type_support.hpp
[1.452s] -- Up-to-date symlink: /home/ysl/ros2_ws/install/rm_interfaces/include/rm_interfaces/rm_interfaces/msg/detail/ekf_p__builder.hpp
[1.453s] -- Up-to-date symlink: /home/ysl/ros2_ws/install/rm_interfaces/include/rm_interfaces/rm_interfaces/msg/detail/ekf_p__struct.hpp
[1.453s] -- Up-to-date symlink: /home/ysl/ros2_ws/install/rm_interfaces/include/rm_interfaces/rm_interfaces/msg/detail/ekf_p__traits.hpp
[1.454s] -- Up-to-date symlink: /home/ysl/ros2_ws/install/rm_interfaces/include/rm_interfaces/rm_interfaces/msg/detail/ekf_p__type_support.hpp
[1.455s] -- Up-to-date symlink: /home/ysl/ros2_ws/install/rm_interfaces/include/rm_interfaces/rm_interfaces/msg/detail/gimbal_cmd__builder.hpp
[1.456s] -- Up-to-date symlink: /home/ysl/ros2_ws/install/rm_interfaces/include/rm_interfaces/rm_interfaces/msg/detail/gimbal_cmd__struct.hpp
[1.456s] -- Up-to-date symlink: /home/ysl/ros2_ws/install/rm_interfaces/include/rm_interfaces/rm_interfaces/msg/detail/gimbal_cmd__traits.hpp
[1.457s] -- Up-to-date symlink: /home/ysl/ros2_ws/install/rm_interfaces/include/rm_interfaces/rm_interfaces/msg/detail/gimbal_cmd__type_support.hpp
[1.457s] -- Up-to-date symlink: /home/ysl/ros2_ws/install/rm_interfaces/include/rm_interfaces/rm_interfaces/msg/detail/judge_system_data__builder.hpp
[1.458s] -- Up-to-date symlink: /home/ysl/ros2_ws/install/rm_interfaces/include/rm_interfaces/rm_interfaces/msg/detail/judge_system_data__struct.hpp
[1.458s] -- Up-to-date symlink: /home/ysl/ros2_ws/install/rm_interfaces/include/rm_interfaces/rm_interfaces/msg/detail/judge_system_data__traits.hpp
[1.458s] -- Up-to-date symlink: /home/ysl/ros2_ws/install/rm_interfaces/include/rm_interfaces/rm_interfaces/msg/detail/judge_system_data__type_support.hpp
[1.459s] -- Up-to-date symlink: /home/ysl/ros2_ws/install/rm_interfaces/include/rm_interfaces/rm_interfaces/msg/detail/limit_angle__builder.hpp
[1.460s] -- Up-to-date symlink: /home/ysl/ros2_ws/install/rm_interfaces/include/rm_interfaces/rm_interfaces/msg/detail/limit_angle__struct.hpp
[1.461s] -- Up-to-date symlink: /home/ysl/ros2_ws/install/rm_interfaces/include/rm_interfaces/rm_interfaces/msg/detail/limit_angle__traits.hpp
[1.462s] -- Up-to-date symlink: /home/ysl/ros2_ws/install/rm_interfaces/include/rm_interfaces/rm_interfaces/msg/detail/limit_angle__type_support.hpp
[1.462s] -- Up-to-date symlink: /home/ysl/ros2_ws/install/rm_interfaces/include/rm_interfaces/rm_interfaces/msg/detail/measurement__builder.hpp
[1.463s] -- Up-to-date symlink: /home/ysl/ros2_ws/install/rm_interfaces/include/rm_interfaces/rm_interfaces/msg/detail/measurement__struct.hpp
[1.464s] -- Up-to-date symlink: /home/ysl/ros2_ws/install/rm_interfaces/include/rm_interfaces/rm_interfaces/msg/detail/measurement__traits.hpp
[1.465s] -- Up-to-date symlink: /home/ysl/ros2_ws/install/rm_interfaces/include/rm_interfaces/rm_interfaces/msg/detail/measurement__type_support.hpp
[1.466s] -- Up-to-date symlink: /home/ysl/ros2_ws/install/rm_interfaces/include/rm_interfaces/rm_interfaces/msg/detail/operator_command__builder.hpp
[1.466s] -- Up-to-date symlink: /home/ysl/ros2_ws/install/rm_interfaces/include/rm_interfaces/rm_interfaces/msg/detail/operator_command__struct.hpp
[1.467s] -- Up-to-date symlink: /home/ysl/ros2_ws/install/rm_interfaces/include/rm_interfaces/rm_interfaces/msg/detail/operator_command__traits.hpp
[1.467s] -- Up-to-date symlink: /home/ysl/ros2_ws/install/rm_interfaces/include/rm_interfaces/rm_interfaces/msg/detail/operator_command__type_support.hpp
[1.467s] -- Up-to-date symlink: /home/ysl/ros2_ws/install/rm_interfaces/include/rm_interfaces/rm_interfaces/msg/detail/point2d__builder.hpp
[1.468s] -- Up-to-date symlink: /home/ysl/ros2_ws/install/rm_interfaces/include/rm_interfaces/rm_interfaces/msg/detail/point2d__struct.hpp
[1.469s] -- Up-to-date symlink: /home/ysl/ros2_ws/install/rm_interfaces/include/rm_interfaces/rm_interfaces/msg/detail/point2d__traits.hpp
[1.471s] -- Up-to-date symlink: /home/ysl/ros2_ws/install/rm_interfaces/include/rm_interfaces/rm_interfaces/msg/detail/point2d__type_support.hpp
[1.472s] -- Up-to-date symlink: /home/ysl/ros2_ws/install/rm_interfaces/include/rm_interfaces/rm_interfaces/msg/detail/rune_target__builder.hpp
[1.472s] -- Up-to-date symlink: /home/ysl/ros2_ws/install/rm_interfaces/include/rm_interfaces/rm_interfaces/msg/detail/rune_target__struct.hpp
[1.472s] -- Up-to-date symlink: /home/ysl/ros2_ws/install/rm_interfaces/include/rm_interfaces/rm_interfaces/msg/detail/rune_target__traits.hpp
[1.473s] -- Up-to-date symlink: /home/ysl/ros2_ws/install/rm_interfaces/include/rm_interfaces/rm_interfaces/msg/detail/rune_target__type_support.hpp
[1.473s] -- Up-to-date symlink: /home/ysl/ros2_ws/install/rm_interfaces/include/rm_interfaces/rm_interfaces/msg/detail/serial_receive_data__builder.hpp
[1.474s] -- Up-to-date symlink: /home/ysl/ros2_ws/install/rm_interfaces/include/rm_interfaces/rm_interfaces/msg/detail/serial_receive_data__struct.hpp
[1.474s] -- Up-to-date symlink: /home/ysl/ros2_ws/install/rm_interfaces/include/rm_interfaces/rm_interfaces/msg/detail/serial_receive_data__traits.hpp
[1.474s] -- Up-to-date symlink: /home/ysl/ros2_ws/install/rm_interfaces/include/rm_interfaces/rm_interfaces/msg/detail/serial_receive_data__type_support.hpp
[1.475s] -- Up-to-date symlink: /home/ysl/ros2_ws/install/rm_interfaces/include/rm_interfaces/rm_interfaces/msg/detail/shoot_fire_target__builder.hpp
[1.476s] -- Up-to-date symlink: /home/ysl/ros2_ws/install/rm_interfaces/include/rm_interfaces/rm_interfaces/msg/detail/shoot_fire_target__struct.hpp
[1.476s] -- Up-to-date symlink: /home/ysl/ros2_ws/install/rm_interfaces/include/rm_interfaces/rm_interfaces/msg/detail/shoot_fire_target__traits.hpp
[1.477s] -- Up-to-date symlink: /home/ysl/ros2_ws/install/rm_interfaces/include/rm_interfaces/rm_interfaces/msg/detail/shoot_fire_target__type_support.hpp
[1.478s] -- Up-to-date symlink: /home/ysl/ros2_ws/install/rm_interfaces/include/rm_interfaces/rm_interfaces/msg/detail/shoot_fire_targets__builder.hpp
[1.478s] -- Up-to-date symlink: /home/ysl/ros2_ws/install/rm_interfaces/include/rm_interfaces/rm_interfaces/msg/detail/shoot_fire_targets__struct.hpp
[1.479s] -- Up-to-date symlink: /home/ysl/ros2_ws/install/rm_interfaces/include/rm_interfaces/rm_interfaces/msg/detail/shoot_fire_targets__traits.hpp
[1.480s] -- Up-to-date symlink: /home/ysl/ros2_ws/install/rm_interfaces/include/rm_interfaces/rm_interfaces/msg/detail/shoot_fire_targets__type_support.hpp
[1.480s] -- Up-to-date symlink: /home/ysl/ros2_ws/install/rm_interfaces/include/rm_interfaces/rm_interfaces/msg/detail/target__builder.hpp
[1.481s] -- Up-to-date symlink: /home/ysl/ros2_ws/install/rm_interfaces/include/rm_interfaces/rm_interfaces/msg/detail/target__struct.hpp
[1.482s] -- Up-to-date symlink: /home/ysl/ros2_ws/install/rm_interfaces/include/rm_interfaces/rm_interfaces/msg/detail/target__traits.hpp
[1.483s] -- Up-to-date symlink: /home/ysl/ros2_ws/install/rm_interfaces/include/rm_interfaces/rm_interfaces/msg/detail/target__type_support.hpp
[1.483s] -- Up-to-date symlink: /home/ysl/ros2_ws/install/rm_interfaces/include/rm_interfaces/rm_interfaces/msg/detail/want__builder.hpp
[1.484s] -- Up-to-date symlink: /home/ysl/ros2_ws/install/rm_interfaces/include/rm_interfaces/rm_interfaces/msg/detail/want__struct.hpp
[1.484s] -- Up-to-date symlink: /home/ysl/ros2_ws/install/rm_interfaces/include/rm_interfaces/rm_interfaces/msg/detail/want__traits.hpp
[1.485s] -- Up-to-date symlink: /home/ysl/ros2_ws/install/rm_interfaces/include/rm_interfaces/rm_interfaces/msg/detail/want__type_support.hpp
[1.486s] -- Up-to-date symlink: /home/ysl/ros2_ws/install/rm_interfaces/include/rm_interfaces/rm_interfaces/msg/ekf_p.hpp
[1.486s] -- Up-to-date symlink: /home/ysl/ros2_ws/install/rm_interfaces/include/rm_interfaces/rm_interfaces/msg/gimbal_cmd.hpp
[1.488s] -- Up-to-date symlink: /home/ysl/ros2_ws/install/rm_interfaces/include/rm_interfaces/rm_interfaces/msg/judge_system_data.hpp
[1.489s] -- Up-to-date symlink: /home/ysl/ros2_ws/install/rm_interfaces/include/rm_interfaces/rm_interfaces/msg/limit_angle.hpp
[1.489s] -- Up-to-date symlink: /home/ysl/ros2_ws/install/rm_interfaces/include/rm_interfaces/rm_interfaces/msg/measurement.hpp
[1.489s] -- Up-to-date symlink: /home/ysl/ros2_ws/install/rm_interfaces/include/rm_interfaces/rm_interfaces/msg/operator_command.hpp
[1.490s] -- Up-to-date symlink: /home/ysl/ros2_ws/install/rm_interfaces/include/rm_interfaces/rm_interfaces/msg/point2d.hpp
[1.490s] -- Up-to-date symlink: /home/ysl/ros2_ws/install/rm_interfaces/include/rm_interfaces/rm_interfaces/msg/rosidl_generator_cpp__visibility_control.hpp
[1.491s] -- Up-to-date symlink: /home/ysl/ros2_ws/install/rm_interfaces/include/rm_interfaces/rm_interfaces/msg/rune_target.hpp
[1.491s] -- Up-to-date symlink: /home/ysl/ros2_ws/install/rm_interfaces/include/rm_interfaces/rm_interfaces/msg/serial_receive_data.hpp
[1.491s] -- Up-to-date symlink: /home/ysl/ros2_ws/install/rm_interfaces/include/rm_interfaces/rm_interfaces/msg/shoot_fire_target.hpp
[1.492s] -- Up-to-date symlink: /home/ysl/ros2_ws/install/rm_interfaces/include/rm_interfaces/rm_interfaces/msg/shoot_fire_targets.hpp
[1.493s] -- Up-to-date symlink: /home/ysl/ros2_ws/install/rm_interfaces/include/rm_interfaces/rm_interfaces/msg/target.hpp
[1.494s] -- Up-to-date symlink: /home/ysl/ros2_ws/install/rm_interfaces/include/rm_interfaces/rm_interfaces/msg/want.hpp
[1.495s] -- Up-to-date symlink: /home/ysl/ros2_ws/install/rm_interfaces/include/rm_interfaces/rm_interfaces/srv/detail/set_mode__builder.hpp
[1.496s] -- Up-to-date symlink: /home/ysl/ros2_ws/install/rm_interfaces/include/rm_interfaces/rm_interfaces/srv/detail/set_mode__struct.hpp
[1.496s] -- Up-to-date symlink: /home/ysl/ros2_ws/install/rm_interfaces/include/rm_interfaces/rm_interfaces/srv/detail/set_mode__traits.hpp
[1.497s] -- Up-to-date symlink: /home/ysl/ros2_ws/install/rm_interfaces/include/rm_interfaces/rm_interfaces/srv/detail/set_mode__type_support.hpp
[1.498s] -- Up-to-date symlink: /home/ysl/ros2_ws/install/rm_interfaces/include/rm_interfaces/rm_interfaces/srv/set_mode.hpp
[1.501s] -- Up-to-date symlink: /home/ysl/ros2_ws/install/rm_interfaces/include/rm_interfaces/rm_interfaces/msg/detail/armor__rosidl_typesupport_fastrtps_cpp.hpp
[1.502s] -- Up-to-date symlink: /home/ysl/ros2_ws/install/rm_interfaces/include/rm_interfaces/rm_interfaces/msg/detail/armors__rosidl_typesupport_fastrtps_cpp.hpp
[1.502s] -- Up-to-date symlink: /home/ysl/ros2_ws/install/rm_interfaces/include/rm_interfaces/rm_interfaces/msg/detail/chassis_cmd__rosidl_typesupport_fastrtps_cpp.hpp
[1.503s] -- Up-to-date symlink: /home/ysl/ros2_ws/install/rm_interfaces/include/rm_interfaces/rm_interfaces/msg/detail/debug_armor__rosidl_typesupport_fastrtps_cpp.hpp
[1.504s] -- Up-to-date symlink: /home/ysl/ros2_ws/install/rm_interfaces/include/rm_interfaces/rm_interfaces/msg/detail/debug_armors__rosidl_typesupport_fastrtps_cpp.hpp
[1.504s] -- Up-to-date symlink: /home/ysl/ros2_ws/install/rm_interfaces/include/rm_interfaces/rm_interfaces/msg/detail/debug_light__rosidl_typesupport_fastrtps_cpp.hpp
[1.505s] -- Up-to-date symlink: /home/ysl/ros2_ws/install/rm_interfaces/include/rm_interfaces/rm_interfaces/msg/detail/debug_lights__rosidl_typesupport_fastrtps_cpp.hpp
[1.505s] -- Up-to-date symlink: /home/ysl/ros2_ws/install/rm_interfaces/include/rm_interfaces/rm_interfaces/msg/detail/debug_rune_angle__rosidl_typesupport_fastrtps_cpp.hpp
[1.506s] -- Up-to-date symlink: /home/ysl/ros2_ws/install/rm_interfaces/include/rm_interfaces/rm_interfaces/msg/detail/ekf_p__rosidl_typesupport_fastrtps_cpp.hpp
[1.507s] -- Up-to-date symlink: /home/ysl/ros2_ws/install/rm_interfaces/include/rm_interfaces/rm_interfaces/msg/detail/gimbal_cmd__rosidl_typesupport_fastrtps_cpp.hpp
[1.508s] -- Up-to-date symlink: /home/ysl/ros2_ws/install/rm_interfaces/include/rm_interfaces/rm_interfaces/msg/detail/judge_system_data__rosidl_typesupport_fastrtps_cpp.hpp
[1.509s] -- Up-to-date symlink: /home/ysl/ros2_ws/install/rm_interfaces/include/rm_interfaces/rm_interfaces/msg/detail/limit_angle__rosidl_typesupport_fastrtps_cpp.hpp
[1.509s] -- Up-to-date symlink: /home/ysl/ros2_ws/install/rm_interfaces/include/rm_interfaces/rm_interfaces/msg/detail/measurement__rosidl_typesupport_fastrtps_cpp.hpp
[1.510s] -- Up-to-date symlink: /home/ysl/ros2_ws/install/rm_interfaces/include/rm_interfaces/rm_interfaces/msg/detail/operator_command__rosidl_typesupport_fastrtps_cpp.hpp
[1.510s] -- Up-to-date symlink: /home/ysl/ros2_ws/install/rm_interfaces/include/rm_interfaces/rm_interfaces/msg/detail/point2d__rosidl_typesupport_fastrtps_cpp.hpp
[1.511s] -- Up-to-date symlink: /home/ysl/ros2_ws/install/rm_interfaces/include/rm_interfaces/rm_interfaces/msg/detail/rune_target__rosidl_typesupport_fastrtps_cpp.hpp
[1.511s] -- Up-to-date symlink: /home/ysl/ros2_ws/install/rm_interfaces/include/rm_interfaces/rm_interfaces/msg/detail/serial_receive_data__rosidl_typesupport_fastrtps_cpp.hpp
[1.512s] -- Up-to-date symlink: /home/ysl/ros2_ws/install/rm_interfaces/include/rm_interfaces/rm_interfaces/msg/detail/shoot_fire_target__rosidl_typesupport_fastrtps_cpp.hpp
[1.513s] -- Up-to-date symlink: /home/ysl/ros2_ws/install/rm_interfaces/include/rm_interfaces/rm_interfaces/msg/detail/shoot_fire_targets__rosidl_typesupport_fastrtps_cpp.hpp
[1.513s] -- Up-to-date symlink: /home/ysl/ros2_ws/install/rm_interfaces/include/rm_interfaces/rm_interfaces/msg/detail/target__rosidl_typesupport_fastrtps_cpp.hpp
[1.514s] -- Up-to-date symlink: /home/ysl/ros2_ws/install/rm_interfaces/include/rm_interfaces/rm_interfaces/msg/detail/want__rosidl_typesupport_fastrtps_cpp.hpp
[1.515s] -- Up-to-date symlink: /home/ysl/ros2_ws/install/rm_interfaces/include/rm_interfaces/rm_interfaces/msg/rosidl_typesupport_fastrtps_cpp__visibility_control.h
[1.516s] -- Up-to-date symlink: /home/ysl/ros2_ws/install/rm_interfaces/include/rm_interfaces/rm_interfaces/srv/detail/set_mode__rosidl_typesupport_fastrtps_cpp.hpp
[1.518s] -- Up-to-date symlink: /home/ysl/ros2_ws/install/rm_interfaces/include/rm_interfaces/rm_interfaces/msg/detail/armor__rosidl_typesupport_introspection_cpp.hpp
[1.519s] -- Up-to-date symlink: /home/ysl/ros2_ws/install/rm_interfaces/include/rm_interfaces/rm_interfaces/msg/detail/armors__rosidl_typesupport_introspection_cpp.hpp
[1.519s] -- Up-to-date symlink: /home/ysl/ros2_ws/install/rm_interfaces/include/rm_interfaces/rm_interfaces/msg/detail/chassis_cmd__rosidl_typesupport_introspection_cpp.hpp
[1.519s] -- Up-to-date symlink: /home/ysl/ros2_ws/install/rm_interfaces/include/rm_interfaces/rm_interfaces/msg/detail/debug_armor__rosidl_typesupport_introspection_cpp.hpp
[1.520s] -- Up-to-date symlink: /home/ysl/ros2_ws/install/rm_interfaces/include/rm_interfaces/rm_interfaces/msg/detail/debug_armors__rosidl_typesupport_introspection_cpp.hpp
[1.520s] -- Up-to-date symlink: /home/ysl/ros2_ws/install/rm_interfaces/include/rm_interfaces/rm_interfaces/msg/detail/debug_light__rosidl_typesupport_introspection_cpp.hpp
[1.520s] -- Up-to-date symlink: /home/ysl/ros2_ws/install/rm_interfaces/include/rm_interfaces/rm_interfaces/msg/detail/debug_lights__rosidl_typesupport_introspection_cpp.hpp
[1.521s] -- Up-to-date symlink: /home/ysl/ros2_ws/install/rm_interfaces/include/rm_interfaces/rm_interfaces/msg/detail/debug_rune_angle__rosidl_typesupport_introspection_cpp.hpp
[1.522s] -- Up-to-date symlink: /home/ysl/ros2_ws/install/rm_interfaces/include/rm_interfaces/rm_interfaces/msg/detail/ekf_p__rosidl_typesupport_introspection_cpp.hpp
[1.523s] -- Up-to-date symlink: /home/ysl/ros2_ws/install/rm_interfaces/include/rm_interfaces/rm_interfaces/msg/detail/gimbal_cmd__rosidl_typesupport_introspection_cpp.hpp
[1.523s] -- Up-to-date symlink: /home/ysl/ros2_ws/install/rm_interfaces/include/rm_interfaces/rm_interfaces/msg/detail/judge_system_data__rosidl_typesupport_introspection_cpp.hpp
[1.525s] -- Up-to-date symlink: /home/ysl/ros2_ws/install/rm_interfaces/include/rm_interfaces/rm_interfaces/msg/detail/limit_angle__rosidl_typesupport_introspection_cpp.hpp
[1.525s] -- Up-to-date symlink: /home/ysl/ros2_ws/install/rm_interfaces/include/rm_interfaces/rm_interfaces/msg/detail/measurement__rosidl_typesupport_introspection_cpp.hpp
[1.526s] -- Up-to-date symlink: /home/ysl/ros2_ws/install/rm_interfaces/include/rm_interfaces/rm_interfaces/msg/detail/operator_command__rosidl_typesupport_introspection_cpp.hpp
[1.526s] -- Up-to-date symlink: /home/ysl/ros2_ws/install/rm_interfaces/include/rm_interfaces/rm_interfaces/msg/detail/point2d__rosidl_typesupport_introspection_cpp.hpp
[1.527s] -- Up-to-date symlink: /home/ysl/ros2_ws/install/rm_interfaces/include/rm_interfaces/rm_interfaces/msg/detail/rune_target__rosidl_typesupport_introspection_cpp.hpp
[1.527s] -- Up-to-date symlink: /home/ysl/ros2_ws/install/rm_interfaces/include/rm_interfaces/rm_interfaces/msg/detail/serial_receive_data__rosidl_typesupport_introspection_cpp.hpp
[1.528s] -- Up-to-date symlink: /home/ysl/ros2_ws/install/rm_interfaces/include/rm_interfaces/rm_interfaces/msg/detail/shoot_fire_target__rosidl_typesupport_introspection_cpp.hpp
[1.529s] -- Up-to-date symlink: /home/ysl/ros2_ws/install/rm_interfaces/include/rm_interfaces/rm_interfaces/msg/detail/shoot_fire_targets__rosidl_typesupport_introspection_cpp.hpp
[1.529s] -- Up-to-date symlink: /home/ysl/ros2_ws/install/rm_interfaces/include/rm_interfaces/rm_interfaces/msg/detail/target__rosidl_typesupport_introspection_cpp.hpp
[1.530s] -- Up-to-date symlink: /home/ysl/ros2_ws/install/rm_interfaces/include/rm_interfaces/rm_interfaces/msg/detail/want__rosidl_typesupport_introspection_cpp.hpp
[1.531s] -- Up-to-date symlink: /home/ysl/ros2_ws/install/rm_interfaces/include/rm_interfaces/rm_interfaces/srv/detail/set_mode__rosidl_typesupport_introspection_cpp.hpp
[1.532s] -- Up-to-date symlink: /home/ysl/ros2_ws/install/rm_interfaces/share/rm_interfaces/environment/pythonpath.sh
[1.533s] -- Up-to-date symlink: /home/ysl/ros2_ws/install/rm_interfaces/share/rm_interfaces/environment/pythonpath.dsv
[1.534s] -- Up-to-date symlink: /home/ysl/ros2_ws/install/rm_interfaces/lib/python3.12/site-packages/rm_interfaces-0.0.0-py3.12.egg-info/PKG-INFO
[1.535s] -- Up-to-date symlink: /home/ysl/ros2_ws/install/rm_interfaces/lib/python3.12/site-packages/rm_interfaces-0.0.0-py3.12.egg-info/SOURCES.txt
[1.536s] -- Up-to-date symlink: /home/ysl/ros2_ws/install/rm_interfaces/lib/python3.12/site-packages/rm_interfaces-0.0.0-py3.12.egg-info/dependency_links.txt
[1.537s] -- Up-to-date symlink: /home/ysl/ros2_ws/install/rm_interfaces/lib/python3.12/site-packages/rm_interfaces-0.0.0-py3.12.egg-info/top_level.txt
[1.539s] -- Up-to-date symlink: /home/ysl/ros2_ws/install/rm_interfaces/lib/python3.12/site-packages/rm_interfaces/__init__.py
[1.539s] -- Up-to-date symlink: /home/ysl/ros2_ws/install/rm_interfaces/lib/python3.12/site-packages/rm_interfaces/_rm_interfaces_s.ep.rosidl_typesupport_c.c
[1.540s] -- Up-to-date symlink: /home/ysl/ros2_ws/install/rm_interfaces/lib/python3.12/site-packages/rm_interfaces/_rm_interfaces_s.ep.rosidl_typesupport_fastrtps_c.c
[1.541s] -- Up-to-date symlink: /home/ysl/ros2_ws/install/rm_interfaces/lib/python3.12/site-packages/rm_interfaces/_rm_interfaces_s.ep.rosidl_typesupport_introspection_c.c
[1.542s] -- Up-to-date symlink: /home/ysl/ros2_ws/install/rm_interfaces/lib/python3.12/site-packages/rm_interfaces/msg/__init__.py
[1.543s] -- Up-to-date symlink: /home/ysl/ros2_ws/install/rm_interfaces/lib/python3.12/site-packages/rm_interfaces/msg/_armor.py
[1.544s] -- Up-to-date symlink: /home/ysl/ros2_ws/install/rm_interfaces/lib/python3.12/site-packages/rm_interfaces/msg/_armor_s.c
[1.545s] -- Up-to-date symlink: /home/ysl/ros2_ws/install/rm_interfaces/lib/python3.12/site-packages/rm_interfaces/msg/_armors.py
[1.545s] -- Up-to-date symlink: /home/ysl/ros2_ws/install/rm_interfaces/lib/python3.12/site-packages/rm_interfaces/msg/_armors_s.c
[1.546s] -- Up-to-date symlink: /home/ysl/ros2_ws/install/rm_interfaces/lib/python3.12/site-packages/rm_interfaces/msg/_chassis_cmd.py
[1.546s] -- Up-to-date symlink: /home/ysl/ros2_ws/install/rm_interfaces/lib/python3.12/site-packages/rm_interfaces/msg/_chassis_cmd_s.c
[1.547s] -- Up-to-date symlink: /home/ysl/ros2_ws/install/rm_interfaces/lib/python3.12/site-packages/rm_interfaces/msg/_debug_armor.py
[1.547s] -- Up-to-date symlink: /home/ysl/ros2_ws/install/rm_interfaces/lib/python3.12/site-packages/rm_interfaces/msg/_debug_armor_s.c
[1.548s] -- Up-to-date symlink: /home/ysl/ros2_ws/install/rm_interfaces/lib/python3.12/site-packages/rm_interfaces/msg/_debug_armors.py
[1.549s] -- Up-to-date symlink: /home/ysl/ros2_ws/install/rm_interfaces/lib/python3.12/site-packages/rm_interfaces/msg/_debug_armors_s.c
[1.550s] -- Up-to-date symlink: /home/ysl/ros2_ws/install/rm_interfaces/lib/python3.12/site-packages/rm_interfaces/msg/_debug_light.py
[1.551s] -- Up-to-date symlink: /home/ysl/ros2_ws/install/rm_interfaces/lib/python3.12/site-packages/rm_interfaces/msg/_debug_light_s.c
[1.551s] -- Up-to-date symlink: /home/ysl/ros2_ws/install/rm_interfaces/lib/python3.12/site-packages/rm_interfaces/msg/_debug_lights.py
[1.553s] -- Up-to-date symlink: /home/ysl/ros2_ws/install/rm_interfaces/lib/python3.12/site-packages/rm_interfaces/msg/_debug_lights_s.c
[1.553s] -- Up-to-date symlink: /home/ysl/ros2_ws/install/rm_interfaces/lib/python3.12/site-packages/rm_interfaces/msg/_debug_rune_angle.py
[1.553s] -- Up-to-date symlink: /home/ysl/ros2_ws/install/rm_interfaces/lib/python3.12/site-packages/rm_interfaces/msg/_debug_rune_angle_s.c
[1.554s] -- Up-to-date symlink: /home/ysl/ros2_ws/install/rm_interfaces/lib/python3.12/site-packages/rm_interfaces/msg/_ekf_p.py
[1.555s] -- Up-to-date symlink: /home/ysl/ros2_ws/install/rm_interfaces/lib/python3.12/site-packages/rm_interfaces/msg/_ekf_p_s.c
[1.557s] -- Up-to-date symlink: /home/ysl/ros2_ws/install/rm_interfaces/lib/python3.12/site-packages/rm_interfaces/msg/_gimbal_cmd.py
[1.558s] -- Up-to-date symlink: /home/ysl/ros2_ws/install/rm_interfaces/lib/python3.12/site-packages/rm_interfaces/msg/_gimbal_cmd_s.c
[1.559s] -- Up-to-date symlink: /home/ysl/ros2_ws/install/rm_interfaces/lib/python3.12/site-packages/rm_interfaces/msg/_judge_system_data.py
[1.560s] -- Up-to-date symlink: /home/ysl/ros2_ws/install/rm_interfaces/lib/python3.12/site-packages/rm_interfaces/msg/_judge_system_data_s.c
[1.561s] -- Up-to-date symlink: /home/ysl/ros2_ws/install/rm_interfaces/lib/python3.12/site-packages/rm_interfaces/msg/_limit_angle.py
[1.561s] -- Up-to-date symlink: /home/ysl/ros2_ws/install/rm_interfaces/lib/python3.12/site-packages/rm_interfaces/msg/_limit_angle_s.c
[1.562s] -- Up-to-date symlink: /home/ysl/ros2_ws/install/rm_interfaces/lib/python3.12/site-packages/rm_interfaces/msg/_measurement.py
[1.562s] -- Up-to-date symlink: /home/ysl/ros2_ws/install/rm_interfaces/lib/python3.12/site-packages/rm_interfaces/msg/_measurement_s.c
[1.563s] -- Up-to-date symlink: /home/ysl/ros2_ws/install/rm_interfaces/lib/python3.12/site-packages/rm_interfaces/msg/_operator_command.py
[1.564s] -- Up-to-date symlink: /home/ysl/ros2_ws/install/rm_interfaces/lib/python3.12/site-packages/rm_interfaces/msg/_operator_command_s.c
[1.564s] -- Up-to-date symlink: /home/ysl/ros2_ws/install/rm_interfaces/lib/python3.12/site-packages/rm_interfaces/msg/_point2d.py
[1.568s] -- Up-to-date symlink: /home/ysl/ros2_ws/install/rm_interfaces/lib/python3.12/site-packages/rm_interfaces/msg/_point2d_s.c
[1.569s] -- Up-to-date symlink: /home/ysl/ros2_ws/install/rm_interfaces/lib/python3.12/site-packages/rm_interfaces/msg/_rune_target.py
[1.570s] -- Up-to-date symlink: /home/ysl/ros2_ws/install/rm_interfaces/lib/python3.12/site-packages/rm_interfaces/msg/_rune_target_s.c
[1.570s] -- Up-to-date symlink: /home/ysl/ros2_ws/install/rm_interfaces/lib/python3.12/site-packages/rm_interfaces/msg/_serial_receive_data.py
[1.571s] -- Up-to-date symlink: /home/ysl/ros2_ws/install/rm_interfaces/lib/python3.12/site-packages/rm_interfaces/msg/_serial_receive_data_s.c
[1.571s] -- Up-to-date symlink: /home/ysl/ros2_ws/install/rm_interfaces/lib/python3.12/site-packages/rm_interfaces/msg/_shoot_fire_target.py
[1.572s] -- Up-to-date symlink: /home/ysl/ros2_ws/install/rm_interfaces/lib/python3.12/site-packages/rm_interfaces/msg/_shoot_fire_target_s.c
[1.572s] -- Up-to-date symlink: /home/ysl/ros2_ws/install/rm_interfaces/lib/python3.12/site-packages/rm_interfaces/msg/_shoot_fire_targets.py
[1.573s] -- Up-to-date symlink: /home/ysl/ros2_ws/install/rm_interfaces/lib/python3.12/site-packages/rm_interfaces/msg/_shoot_fire_targets_s.c
[1.573s] -- Up-to-date symlink: /home/ysl/ros2_ws/install/rm_interfaces/lib/python3.12/site-packages/rm_interfaces/msg/_target.py
[1.573s] -- Up-to-date symlink: /home/ysl/ros2_ws/install/rm_interfaces/lib/python3.12/site-packages/rm_interfaces/msg/_target_s.c
[1.573s] -- Up-to-date symlink: /home/ysl/ros2_ws/install/rm_interfaces/lib/python3.12/site-packages/rm_interfaces/msg/_want.py
[1.574s] -- Up-to-date symlink: /home/ysl/ros2_ws/install/rm_interfaces/lib/python3.12/site-packages/rm_interfaces/msg/_want_s.c
[1.575s] -- Up-to-date symlink: /home/ysl/ros2_ws/install/rm_interfaces/lib/python3.12/site-packages/rm_interfaces/rm_interfaces_s__rosidl_typesupport_c.so
[1.575s] -- Up-to-date symlink: /home/ysl/ros2_ws/install/rm_interfaces/lib/python3.12/site-packages/rm_interfaces/rm_interfaces_s__rosidl_typesupport_fastrtps_c.so
[1.575s] -- Up-to-date symlink: /home/ysl/ros2_ws/install/rm_interfaces/lib/python3.12/site-packages/rm_interfaces/rm_interfaces_s__rosidl_typesupport_introspection_c.so
[1.576s] -- Up-to-date symlink: /home/ysl/ros2_ws/install/rm_interfaces/lib/python3.12/site-packages/rm_interfaces/srv/__init__.py
[1.577s] -- Up-to-date symlink: /home/ysl/ros2_ws/install/rm_interfaces/lib/python3.12/site-packages/rm_interfaces/srv/_set_mode.py
[1.578s] -- Up-to-date symlink: /home/ysl/ros2_ws/install/rm_interfaces/lib/python3.12/site-packages/rm_interfaces/srv/_set_mode_s.c
[1.578s] -- Up-to-date symlink: /home/ysl/ros2_ws/install/rm_interfaces/lib/python3.12/site-packages/rm_interfaces/rm_interfaces_s__rosidl_typesupport_fastrtps_c.so
[1.579s] -- Up-to-date symlink: /home/ysl/ros2_ws/install/rm_interfaces/lib/python3.12/site-packages/rm_interfaces/rm_interfaces_s__rosidl_typesupport_introspection_c.so
[1.580s] -- Up-to-date symlink: /home/ysl/ros2_ws/install/rm_interfaces/lib/python3.12/site-packages/rm_interfaces/rm_interfaces_s__rosidl_typesupport_c.so
[1.581s] -- Up-to-date symlink: /home/ysl/ros2_ws/install/rm_interfaces/share/rm_interfaces/msg/Armor.idl
[1.582s] -- Up-to-date symlink: /home/ysl/ros2_ws/install/rm_interfaces/share/rm_interfaces/msg/Armors.idl
[1.584s] -- Up-to-date symlink: /home/ysl/ros2_ws/install/rm_interfaces/share/rm_interfaces/msg/Target.idl
[1.584s] -- Up-to-date symlink: /home/ysl/ros2_ws/install/rm_interfaces/share/rm_interfaces/msg/RuneTarget.idl
[1.585s] -- Up-to-date symlink: /home/ysl/ros2_ws/install/rm_interfaces/share/rm_interfaces/msg/Point2d.idl
[1.586s] -- Up-to-date symlink: /home/ysl/ros2_ws/install/rm_interfaces/share/rm_interfaces/msg/GimbalCmd.idl
[1.587s] -- Up-to-date symlink: /home/ysl/ros2_ws/install/rm_interfaces/share/rm_interfaces/msg/ChassisCmd.idl
[1.588s] -- Up-to-date symlink: /home/ysl/ros2_ws/install/rm_interfaces/share/rm_interfaces/msg/DebugLight.idl
[1.588s] -- Up-to-date symlink: /home/ysl/ros2_ws/install/rm_interfaces/share/rm_interfaces/msg/DebugLights.idl
[1.589s] -- Up-to-date symlink: /home/ysl/ros2_ws/install/rm_interfaces/share/rm_interfaces/msg/DebugArmor.idl
[1.591s] -- Up-to-date symlink: /home/ysl/ros2_ws/install/rm_interfaces/share/rm_interfaces/msg/DebugArmors.idl
[1.592s] -- Up-to-date symlink: /home/ysl/ros2_ws/install/rm_interfaces/share/rm_interfaces/msg/DebugRuneAngle.idl
[1.592s] -- Up-to-date symlink: /home/ysl/ros2_ws/install/rm_interfaces/share/rm_interfaces/msg/Measurement.idl
[1.592s] -- Up-to-date symlink: /home/ysl/ros2_ws/install/rm_interfaces/share/rm_interfaces/msg/JudgeSystemData.idl
[1.593s] -- Up-to-date symlink: /home/ysl/ros2_ws/install/rm_interfaces/share/rm_interfaces/msg/OperatorCommand.idl
[1.594s] -- Up-to-date symlink: /home/ysl/ros2_ws/install/rm_interfaces/share/rm_interfaces/msg/SerialReceiveData.idl
[1.595s] -- Up-to-date symlink: /home/ysl/ros2_ws/install/rm_interfaces/share/rm_interfaces/msg/EkfP.idl
[1.596s] -- Up-to-date symlink: /home/ysl/ros2_ws/install/rm_interfaces/share/rm_interfaces/msg/Want.idl
[1.597s] -- Up-to-date symlink: /home/ysl/ros2_ws/install/rm_interfaces/share/rm_interfaces/msg/LimitAngle.idl
[1.597s] -- Up-to-date symlink: /home/ysl/ros2_ws/install/rm_interfaces/share/rm_interfaces/msg/ShootFireTarget.idl
[1.598s] -- Up-to-date symlink: /home/ysl/ros2_ws/install/rm_interfaces/share/rm_interfaces/msg/ShootFireTargets.idl
[1.599s] -- Up-to-date symlink: /home/ysl/ros2_ws/install/rm_interfaces/share/rm_interfaces/srv/SetMode.idl
[1.599s] -- Up-to-date symlink: /home/ysl/ros2_ws/install/rm_interfaces/share/rm_interfaces/msg/Armor.msg
[1.600s] -- Up-to-date symlink: /home/ysl/ros2_ws/install/rm_interfaces/share/rm_interfaces/msg/Armors.msg
[1.601s] -- Up-to-date symlink: /home/ysl/ros2_ws/install/rm_interfaces/share/rm_interfaces/msg/Target.msg
[1.602s] -- Up-to-date symlink: /home/ysl/ros2_ws/install/rm_interfaces/share/rm_interfaces/msg/RuneTarget.msg
[1.602s] -- Up-to-date symlink: /home/ysl/ros2_ws/install/rm_interfaces/share/rm_interfaces/msg/Point2d.msg
[1.603s] -- Up-to-date symlink: /home/ysl/ros2_ws/install/rm_interfaces/share/rm_interfaces/msg/GimbalCmd.msg
[1.603s] -- Up-to-date symlink: /home/ysl/ros2_ws/install/rm_interfaces/share/rm_interfaces/msg/ChassisCmd.msg
[1.603s] -- Up-to-date symlink: /home/ysl/ros2_ws/install/rm_interfaces/share/rm_interfaces/msg/DebugLight.msg
[1.604s] -- Up-to-date symlink: /home/ysl/ros2_ws/install/rm_interfaces/share/rm_interfaces/msg/DebugLights.msg
[1.604s] -- Up-to-date symlink: /home/ysl/ros2_ws/install/rm_interfaces/share/rm_interfaces/msg/DebugArmor.msg
[1.605s] -- Up-to-date symlink: /home/ysl/ros2_ws/install/rm_interfaces/share/rm_interfaces/msg/DebugArmors.msg
[1.605s] -- Up-to-date symlink: /home/ysl/ros2_ws/install/rm_interfaces/share/rm_interfaces/msg/DebugRuneAngle.msg
[1.605s] -- Up-to-date symlink: /home/ysl/ros2_ws/install/rm_interfaces/share/rm_interfaces/msg/Measurement.msg
[1.606s] -- Up-to-date symlink: /home/ysl/ros2_ws/install/rm_interfaces/share/rm_interfaces/msg/JudgeSystemData.msg
[1.606s] -- Up-to-date symlink: /home/ysl/ros2_ws/install/rm_interfaces/share/rm_interfaces/msg/OperatorCommand.msg
[1.606s] -- Up-to-date symlink: /home/ysl/ros2_ws/install/rm_interfaces/share/rm_interfaces/msg/SerialReceiveData.msg
[1.607s] -- Up-to-date symlink: /home/ysl/ros2_ws/install/rm_interfaces/share/rm_interfaces/msg/EkfP.msg
[1.607s] -- Up-to-date symlink: /home/ysl/ros2_ws/install/rm_interfaces/share/rm_interfaces/msg/Want.msg
[1.608s] -- Up-to-date symlink: /home/ysl/ros2_ws/install/rm_interfaces/share/rm_interfaces/msg/LimitAngle.msg
[1.608s] -- Up-to-date symlink: /home/ysl/ros2_ws/install/rm_interfaces/share/rm_interfaces/msg/ShootFireTarget.msg
[1.611s] -- Up-to-date symlink: /home/ysl/ros2_ws/install/rm_interfaces/share/rm_interfaces/msg/ShootFireTargets.msg
[1.611s] -- Up-to-date symlink: /home/ysl/ros2_ws/install/rm_interfaces/share/rm_interfaces/srv/SetMode.srv
[1.611s] -- Up-to-date symlink: /home/ysl/ros2_ws/install/rm_interfaces/share/ament_index/resource_index/package_run_dependencies/rm_interfaces
[1.612s] -- Up-to-date symlink: /home/ysl/ros2_ws/install/rm_interfaces/share/ament_index/resource_index/parent_prefix_path/rm_interfaces
[1.612s] -- Up-to-date symlink: /home/ysl/ros2_ws/install/rm_interfaces/share/rm_interfaces/environment/ament_prefix_path.sh
[1.613s] -- Up-to-date symlink: /home/ysl/ros2_ws/install/rm_interfaces/share/rm_interfaces/environment/ament_prefix_path.dsv
[1.613s] -- Up-to-date symlink: /home/ysl/ros2_ws/install/rm_interfaces/share/rm_interfaces/environment/path.sh
[1.613s] -- Up-to-date symlink: /home/ysl/ros2_ws/install/rm_interfaces/share/rm_interfaces/environment/path.dsv
[1.614s] -- Up-to-date symlink: /home/ysl/ros2_ws/install/rm_interfaces/share/rm_interfaces/local_setup.bash
[1.614s] -- Up-to-date symlink: /home/ysl/ros2_ws/install/rm_interfaces/share/rm_interfaces/local_setup.sh
[1.615s] -- Up-to-date symlink: /home/ysl/ros2_ws/install/rm_interfaces/share/rm_interfaces/local_setup.zsh
[1.616s] -- Up-to-date symlink: /home/ysl/ros2_ws/install/rm_interfaces/share/rm_interfaces/local_setup.dsv
[1.616s] -- Symlinking: /home/ysl/ros2_ws/install/rm_interfaces/share/rm_interfaces/package.dsv
[1.634s] -- Up-to-date symlink: /home/ysl/ros2_ws/install/rm_interfaces/share/ament_index/resource_index/packages/rm_interfaces
[1.636s] -- Up-to-date symlink: /home/ysl/ros2_ws/install/rm_interfaces/share/rm_interfaces/cmake/rosidl_cmake-extras.cmake
[1.637s] -- Up-to-date symlink: /home/ysl/ros2_ws/install/rm_interfaces/share/rm_interfaces/cmake/ament_cmake_export_dependencies-extras.cmake
[1.637s] -- Up-to-date symlink: /home/ysl/ros2_ws/install/rm_interfaces/share/rm_interfaces/cmake/ament_cmake_export_include_directories-extras.cmake
[1.639s] -- Up-to-date symlink: /home/ysl/ros2_ws/install/rm_interfaces/share/rm_interfaces/cmake/ament_cmake_export_libraries-extras.cmake
[1.640s] -- Up-to-date symlink: /home/ysl/ros2_ws/install/rm_interfaces/share/rm_interfaces/cmake/ament_cmake_export_targets-extras.cmake
[1.640s] -- Up-to-date symlink: /home/ysl/ros2_ws/install/rm_interfaces/share/rm_interfaces/cmake/rosidl_cmake_export_typesupport_targets-extras.cmake
[1.641s] -- Up-to-date symlink: /home/ysl/ros2_ws/install/rm_interfaces/share/rm_interfaces/cmake/rosidl_cmake_export_typesupport_libraries-extras.cmake
[1.642s] -- Up-to-date symlink: /home/ysl/ros2_ws/install/rm_interfaces/share/rm_interfaces/cmake/rm_interfacesConfig.cmake
[1.643s] -- Up-to-date symlink: /home/ysl/ros2_ws/install/rm_interfaces/share/rm_interfaces/cmake/rm_interfacesConfig-version.cmake
[1.643s] -- Up-to-date symlink: /home/ysl/ros2_ws/install/rm_interfaces/share/rm_interfaces/package.xml
[1.645s] -- Up-to-date: /home/ysl/ros2_ws/install/rm_interfaces/lib/librm_interfaces__rosidl_generator_c.so
[1.648s] -- Up-to-date: /home/ysl/ros2_ws/install/rm_interfaces/lib/librm_interfaces__rosidl_typesupport_fastrtps_c.so
[1.650s] -- Up-to-date: /home/ysl/ros2_ws/install/rm_interfaces/lib/librm_interfaces__rosidl_typesupport_introspection_c.so
[1.651s] -- Up-to-date: /home/ysl/ros2_ws/install/rm_interfaces/lib/librm_interfaces__rosidl_typesupport_c.so
[1.653s] -- Up-to-date: /home/ysl/ros2_ws/install/rm_interfaces/lib/librm_interfaces__rosidl_typesupport_fastrtps_cpp.so
[1.655s] -- Up-to-date: /home/ysl/ros2_ws/install/rm_interfaces/lib/librm_interfaces__rosidl_typesupport_introspection_cpp.so
[1.657s] -- Up-to-date: /home/ysl/ros2_ws/install/rm_interfaces/lib/librm_interfaces__rosidl_typesupport_cpp.so
[1.738s] Listing '/home/ysl/ros2_ws/install/rm_interfaces/lib/python3.12/site-packages/rm_interfaces'...
[1.738s] Listing '/home/ysl/ros2_ws/install/rm_interfaces/lib/python3.12/site-packages/rm_interfaces/msg'...
[1.738s] Listing '/home/ysl/ros2_ws/install/rm_interfaces/lib/python3.12/site-packages/rm_interfaces/srv'...
[1.749s] -- Up-to-date: /home/ysl/ros2_ws/install/rm_interfaces/lib/librm_interfaces__rosidl_generator_py.so
[1.750s] -- Up-to-date: /home/ysl/ros2_ws/install/rm_interfaces/share/rm_interfaces/cmake/export_rm_interfaces__rosidl_generator_cExport.cmake
[1.751s] -- Up-to-date: /home/ysl/ros2_ws/install/rm_interfaces/share/rm_interfaces/cmake/export_rm_interfaces__rosidl_generator_cExport-noconfig.cmake
[1.751s] -- Up-to-date: /home/ysl/ros2_ws/install/rm_interfaces/share/rm_interfaces/cmake/export_rm_interfaces__rosidl_typesupport_fastrtps_cExport.cmake
[1.752s] -- Up-to-date: /home/ysl/ros2_ws/install/rm_interfaces/share/rm_interfaces/cmake/export_rm_interfaces__rosidl_typesupport_fastrtps_cExport-noconfig.cmake
[1.753s] -- Up-to-date: /home/ysl/ros2_ws/install/rm_interfaces/share/rm_interfaces/cmake/rm_interfaces__rosidl_typesupport_introspection_cExport.cmake
[1.753s] -- Up-to-date: /home/ysl/ros2_ws/install/rm_interfaces/share/rm_interfaces/cmake/rm_interfaces__rosidl_typesupport_introspection_cExport-noconfig.cmake
[1.754s] -- Up-to-date: /home/ysl/ros2_ws/install/rm_interfaces/share/rm_interfaces/cmake/rm_interfaces__rosidl_typesupport_cExport.cmake
[1.754s] -- Up-to-date: /home/ysl/ros2_ws/install/rm_interfaces/share/rm_interfaces/cmake/rm_interfaces__rosidl_typesupport_cExport-noconfig.cmake
[1.755s] -- Up-to-date: /home/ysl/ros2_ws/install/rm_interfaces/share/rm_interfaces/cmake/export_rm_interfaces__rosidl_generator_cppExport.cmake
[1.756s] -- Up-to-date: /home/ysl/ros2_ws/install/rm_interfaces/share/rm_interfaces/cmake/export_rm_interfaces__rosidl_typesupport_fastrtps_cppExport.cmake
[1.756s] -- Up-to-date: /home/ysl/ros2_ws/install/rm_interfaces/share/rm_interfaces/cmake/export_rm_interfaces__rosidl_typesupport_fastrtps_cppExport-noconfig.cmake
[1.757s] -- Up-to-date: /home/ysl/ros2_ws/install/rm_interfaces/share/rm_interfaces/cmake/rm_interfaces__rosidl_typesupport_introspection_cppExport.cmake
[1.757s] -- Up-to-date: /home/ysl/ros2_ws/install/rm_interfaces/share/rm_interfaces/cmake/rm_interfaces__rosidl_typesupport_introspection_cppExport-noconfig.cmake
[1.759s] -- Up-to-date: /home/ysl/ros2_ws/install/rm_interfaces/share/rm_interfaces/cmake/rm_interfaces__rosidl_typesupport_cppExport.cmake
[1.759s] -- Up-to-date: /home/ysl/ros2_ws/install/rm_interfaces/share/rm_interfaces/cmake/rm_interfaces__rosidl_typesupport_cppExport-noconfig.cmake
[1.760s] -- Up-to-date: /home/ysl/ros2_ws/install/rm_interfaces/share/rm_interfaces/cmake/export_rm_interfaces__rosidl_generator_pyExport.cmake
[1.760s] -- Up-to-date: /home/ysl/ros2_ws/install/rm_interfaces/share/rm_interfaces/cmake/export_rm_interfaces__rosidl_generator_pyExport-noconfig.cmake
[1.764s] Invoked command in '/home/ysl/ros2_ws/build/rm_interfaces' returned '0': CMAKE_PREFIX_PATH=${CMAKE_PREFIX_PATH}:/opt/ros/jazzy /usr/bin/cmake --install /home/ysl/ros2_ws/build/rm_interfaces
