[0.101s] Invoking command in '/home/ysl/ros2_ws/build/btcpp_ros2_interfaces': CMAKE_PREFIX_PATH=${CMAKE_PREFIX_PATH}:/opt/ros/jazzy /usr/bin/cmake --build /home/ysl/ros2_ws/build/btcpp_ros2_interfaces -- -j12 -l12
[0.651s] [  1%] Built target btcpp_ros2_interfaces__rosidl_generator_type_description
[0.752s] [  1%] Built target ament_cmake_python_symlink_btcpp_ros2_interfaces
[0.861s] [ 23%] Built target btcpp_ros2_interfaces__rosidl_generator_c
[1.403s] running egg_info
[1.470s] writing btcpp_ros2_interfaces.egg-info/PKG-INFO
[1.471s] writing dependency_links to btcpp_ros2_interfaces.egg-info/dependency_links.txt
[1.473s] writing top-level names to btcpp_ros2_interfaces.egg-info/top_level.txt
[1.631s] reading manifest file 'btcpp_ros2_interfaces.egg-info/SOURCES.txt'
[1.633s] writing manifest file 'btcpp_ros2_interfaces.egg-info/SOURCES.txt'
[1.715s] [ 23%] Built target ament_cmake_python_build_btcpp_ros2_interfaces_egg
[1.812s] [ 32%] Built target btcpp_ros2_interfaces__rosidl_typesupport_c
[1.900s] [ 42%] Built target btcpp_ros2_interfaces__rosidl_typesupport_introspection_c
[2.000s] [ 51%] Built target btcpp_ros2_interfaces__rosidl_typesupport_fastrtps_c
[2.076s] [ 53%] Built target btcpp_ros2_interfaces__cpp
[2.154s] [ 62%] Built target btcpp_ros2_interfaces__rosidl_typesupport_cpp
[2.241s] [ 71%] Built target btcpp_ros2_interfaces__rosidl_typesupport_introspection_cpp
[2.338s] [ 81%] Built target btcpp_ros2_interfaces__rosidl_typesupport_fastrtps_cpp
[2.408s] [ 81%] Built target btcpp_ros2_interfaces
[2.501s] [ 82%] Built target btcpp_ros2_interfaces__py
[2.613s] [ 90%] Built target btcpp_ros2_interfaces__rosidl_generator_py
[2.722s] [ 93%] Built target btcpp_ros2_interfaces_s__rosidl_typesupport_fastrtps_c
[2.841s] [ 96%] Built target btcpp_ros2_interfaces_s__rosidl_typesupport_c
[2.922s] [100%] Built target btcpp_ros2_interfaces_s__rosidl_typesupport_introspection_c
[2.978s] Invoked command in '/home/ysl/ros2_ws/build/btcpp_ros2_interfaces' returned '0': CMAKE_PREFIX_PATH=${CMAKE_PREFIX_PATH}:/opt/ros/jazzy /usr/bin/cmake --build /home/ysl/ros2_ws/build/btcpp_ros2_interfaces -- -j12 -l12
[3.033s] Invoking command in '/home/ysl/ros2_ws/build/btcpp_ros2_interfaces': CMAKE_PREFIX_PATH=${CMAKE_PREFIX_PATH}:/opt/ros/jazzy /usr/bin/cmake --install /home/ysl/ros2_ws/build/btcpp_ros2_interfaces
[3.060s] -- Install configuration: ""
[3.063s] -- Execute custom install script
[3.073s] -- Up-to-date symlink: /home/ysl/ros2_ws/install/btcpp_ros2_interfaces/share/ament_index/resource_index/rosidl_interfaces/btcpp_ros2_interfaces
[3.079s] -- Up-to-date symlink: /home/ysl/ros2_ws/install/btcpp_ros2_interfaces/share/btcpp_ros2_interfaces/msg/NodeStatus.json
[3.080s] -- Up-to-date symlink: /home/ysl/ros2_ws/install/btcpp_ros2_interfaces/share/btcpp_ros2_interfaces/srv/GetTrees.json
[3.081s] -- Up-to-date symlink: /home/ysl/ros2_ws/install/btcpp_ros2_interfaces/share/btcpp_ros2_interfaces/action/ExecuteTree.json
[3.086s] -- Up-to-date symlink: /home/ysl/ros2_ws/install/btcpp_ros2_interfaces/share/btcpp_ros2_interfaces/action/Sleep.json
[3.094s] -- Up-to-date symlink: /home/ysl/ros2_ws/install/btcpp_ros2_interfaces/include/btcpp_ros2_interfaces/btcpp_ros2_interfaces/action/detail/execute_tree__functions.h
[3.094s] -- Up-to-date symlink: /home/ysl/ros2_ws/install/btcpp_ros2_interfaces/include/btcpp_ros2_interfaces/btcpp_ros2_interfaces/action/detail/execute_tree__struct.h
[3.095s] -- Up-to-date symlink: /home/ysl/ros2_ws/install/btcpp_ros2_interfaces/include/btcpp_ros2_interfaces/btcpp_ros2_interfaces/action/detail/execute_tree__type_support.h
[3.095s] -- Up-to-date symlink: /home/ysl/ros2_ws/install/btcpp_ros2_interfaces/include/btcpp_ros2_interfaces/btcpp_ros2_interfaces/action/detail/sleep__functions.h
[3.096s] -- Up-to-date symlink: /home/ysl/ros2_ws/install/btcpp_ros2_interfaces/include/btcpp_ros2_interfaces/btcpp_ros2_interfaces/action/detail/sleep__struct.h
[3.096s] -- Up-to-date symlink: /home/ysl/ros2_ws/install/btcpp_ros2_interfaces/include/btcpp_ros2_interfaces/btcpp_ros2_interfaces/action/detail/sleep__type_support.h
[3.097s] -- Up-to-date symlink: /home/ysl/ros2_ws/install/btcpp_ros2_interfaces/include/btcpp_ros2_interfaces/btcpp_ros2_interfaces/action/execute_tree.h
[3.098s] -- Up-to-date symlink: /home/ysl/ros2_ws/install/btcpp_ros2_interfaces/include/btcpp_ros2_interfaces/btcpp_ros2_interfaces/action/sleep.h
[3.099s] -- Up-to-date symlink: /home/ysl/ros2_ws/install/btcpp_ros2_interfaces/include/btcpp_ros2_interfaces/btcpp_ros2_interfaces/msg/detail/node_status__functions.h
[3.100s] -- Up-to-date symlink: /home/ysl/ros2_ws/install/btcpp_ros2_interfaces/include/btcpp_ros2_interfaces/btcpp_ros2_interfaces/msg/detail/node_status__struct.h
[3.101s] -- Up-to-date symlink: /home/ysl/ros2_ws/install/btcpp_ros2_interfaces/include/btcpp_ros2_interfaces/btcpp_ros2_interfaces/msg/detail/node_status__type_support.h
[3.102s] -- Up-to-date symlink: /home/ysl/ros2_ws/install/btcpp_ros2_interfaces/include/btcpp_ros2_interfaces/btcpp_ros2_interfaces/msg/node_status.h
[3.103s] -- Up-to-date symlink: /home/ysl/ros2_ws/install/btcpp_ros2_interfaces/include/btcpp_ros2_interfaces/btcpp_ros2_interfaces/msg/rosidl_generator_c__visibility_control.h
[3.104s] -- Up-to-date symlink: /home/ysl/ros2_ws/install/btcpp_ros2_interfaces/include/btcpp_ros2_interfaces/btcpp_ros2_interfaces/srv/detail/get_trees__functions.h
[3.105s] -- Up-to-date symlink: /home/ysl/ros2_ws/install/btcpp_ros2_interfaces/include/btcpp_ros2_interfaces/btcpp_ros2_interfaces/srv/detail/get_trees__struct.h
[3.106s] -- Up-to-date symlink: /home/ysl/ros2_ws/install/btcpp_ros2_interfaces/include/btcpp_ros2_interfaces/btcpp_ros2_interfaces/srv/detail/get_trees__type_support.h
[3.107s] -- Up-to-date symlink: /home/ysl/ros2_ws/install/btcpp_ros2_interfaces/include/btcpp_ros2_interfaces/btcpp_ros2_interfaces/srv/get_trees.h
[3.117s] -- Up-to-date symlink: /home/ysl/ros2_ws/install/btcpp_ros2_interfaces/share/btcpp_ros2_interfaces/environment/library_path.sh
[3.117s] -- Up-to-date symlink: /home/ysl/ros2_ws/install/btcpp_ros2_interfaces/share/btcpp_ros2_interfaces/environment/library_path.dsv
[3.117s] -- Up-to-date symlink: /home/ysl/ros2_ws/install/btcpp_ros2_interfaces/include/btcpp_ros2_interfaces/btcpp_ros2_interfaces/action/detail/execute_tree__rosidl_typesupport_fastrtps_c.h
[3.118s] -- Up-to-date symlink: /home/ysl/ros2_ws/install/btcpp_ros2_interfaces/include/btcpp_ros2_interfaces/btcpp_ros2_interfaces/action/detail/sleep__rosidl_typesupport_fastrtps_c.h
[3.118s] -- Up-to-date symlink: /home/ysl/ros2_ws/install/btcpp_ros2_interfaces/include/btcpp_ros2_interfaces/btcpp_ros2_interfaces/msg/detail/node_status__rosidl_typesupport_fastrtps_c.h
[3.118s] -- Up-to-date symlink: /home/ysl/ros2_ws/install/btcpp_ros2_interfaces/include/btcpp_ros2_interfaces/btcpp_ros2_interfaces/msg/rosidl_typesupport_fastrtps_c__visibility_control.h
[3.119s] -- Up-to-date symlink: /home/ysl/ros2_ws/install/btcpp_ros2_interfaces/include/btcpp_ros2_interfaces/btcpp_ros2_interfaces/srv/detail/get_trees__rosidl_typesupport_fastrtps_c.h
[3.119s] -- Up-to-date symlink: /home/ysl/ros2_ws/install/btcpp_ros2_interfaces/include/btcpp_ros2_interfaces/btcpp_ros2_interfaces/action/detail/execute_tree__rosidl_typesupport_introspection_c.h
[3.119s] -- Up-to-date symlink: /home/ysl/ros2_ws/install/btcpp_ros2_interfaces/include/btcpp_ros2_interfaces/btcpp_ros2_interfaces/action/detail/sleep__rosidl_typesupport_introspection_c.h
[3.119s] -- Up-to-date symlink: /home/ysl/ros2_ws/install/btcpp_ros2_interfaces/include/btcpp_ros2_interfaces/btcpp_ros2_interfaces/msg/detail/node_status__rosidl_typesupport_introspection_c.h
[3.120s] -- Up-to-date symlink: /home/ysl/ros2_ws/install/btcpp_ros2_interfaces/include/btcpp_ros2_interfaces/btcpp_ros2_interfaces/msg/rosidl_typesupport_introspection_c__visibility_control.h
[3.121s] -- Up-to-date symlink: /home/ysl/ros2_ws/install/btcpp_ros2_interfaces/include/btcpp_ros2_interfaces/btcpp_ros2_interfaces/srv/detail/get_trees__rosidl_typesupport_introspection_c.h
[3.124s] -- Up-to-date symlink: /home/ysl/ros2_ws/install/btcpp_ros2_interfaces/include/btcpp_ros2_interfaces/btcpp_ros2_interfaces/action/detail/execute_tree__builder.hpp
[3.125s] -- Up-to-date symlink: /home/ysl/ros2_ws/install/btcpp_ros2_interfaces/include/btcpp_ros2_interfaces/btcpp_ros2_interfaces/action/detail/execute_tree__struct.hpp
[3.126s] -- Up-to-date symlink: /home/ysl/ros2_ws/install/btcpp_ros2_interfaces/include/btcpp_ros2_interfaces/btcpp_ros2_interfaces/action/detail/execute_tree__traits.hpp
[3.127s] -- Up-to-date symlink: /home/ysl/ros2_ws/install/btcpp_ros2_interfaces/include/btcpp_ros2_interfaces/btcpp_ros2_interfaces/action/detail/execute_tree__type_support.hpp
[3.132s] -- Up-to-date symlink: /home/ysl/ros2_ws/install/btcpp_ros2_interfaces/include/btcpp_ros2_interfaces/btcpp_ros2_interfaces/action/detail/sleep__builder.hpp
[3.133s] -- Up-to-date symlink: /home/ysl/ros2_ws/install/btcpp_ros2_interfaces/include/btcpp_ros2_interfaces/btcpp_ros2_interfaces/action/detail/sleep__struct.hpp
[3.135s] -- Up-to-date symlink: /home/ysl/ros2_ws/install/btcpp_ros2_interfaces/include/btcpp_ros2_interfaces/btcpp_ros2_interfaces/action/detail/sleep__traits.hpp
[3.135s] -- Up-to-date symlink: /home/ysl/ros2_ws/install/btcpp_ros2_interfaces/include/btcpp_ros2_interfaces/btcpp_ros2_interfaces/action/detail/sleep__type_support.hpp
[3.138s] -- Up-to-date symlink: /home/ysl/ros2_ws/install/btcpp_ros2_interfaces/include/btcpp_ros2_interfaces/btcpp_ros2_interfaces/action/execute_tree.hpp
[3.138s] -- Up-to-date symlink: /home/ysl/ros2_ws/install/btcpp_ros2_interfaces/include/btcpp_ros2_interfaces/btcpp_ros2_interfaces/action/sleep.hpp
[3.139s] -- Up-to-date symlink: /home/ysl/ros2_ws/install/btcpp_ros2_interfaces/include/btcpp_ros2_interfaces/btcpp_ros2_interfaces/msg/detail/node_status__builder.hpp
[3.139s] -- Up-to-date symlink: /home/ysl/ros2_ws/install/btcpp_ros2_interfaces/include/btcpp_ros2_interfaces/btcpp_ros2_interfaces/msg/detail/node_status__struct.hpp
[3.140s] -- Up-to-date symlink: /home/ysl/ros2_ws/install/btcpp_ros2_interfaces/include/btcpp_ros2_interfaces/btcpp_ros2_interfaces/msg/detail/node_status__traits.hpp
[3.140s] -- Up-to-date symlink: /home/ysl/ros2_ws/install/btcpp_ros2_interfaces/include/btcpp_ros2_interfaces/btcpp_ros2_interfaces/msg/detail/node_status__type_support.hpp
[3.141s] -- Up-to-date symlink: /home/ysl/ros2_ws/install/btcpp_ros2_interfaces/include/btcpp_ros2_interfaces/btcpp_ros2_interfaces/msg/node_status.hpp
[3.141s] -- Up-to-date symlink: /home/ysl/ros2_ws/install/btcpp_ros2_interfaces/include/btcpp_ros2_interfaces/btcpp_ros2_interfaces/msg/rosidl_generator_cpp__visibility_control.hpp
[3.147s] -- Up-to-date symlink: /home/ysl/ros2_ws/install/btcpp_ros2_interfaces/include/btcpp_ros2_interfaces/btcpp_ros2_interfaces/srv/detail/get_trees__builder.hpp
[3.148s] -- Up-to-date symlink: /home/ysl/ros2_ws/install/btcpp_ros2_interfaces/include/btcpp_ros2_interfaces/btcpp_ros2_interfaces/srv/detail/get_trees__struct.hpp
[3.149s] -- Up-to-date symlink: /home/ysl/ros2_ws/install/btcpp_ros2_interfaces/include/btcpp_ros2_interfaces/btcpp_ros2_interfaces/srv/detail/get_trees__traits.hpp
[3.150s] -- Up-to-date symlink: /home/ysl/ros2_ws/install/btcpp_ros2_interfaces/include/btcpp_ros2_interfaces/btcpp_ros2_interfaces/srv/detail/get_trees__type_support.hpp
[3.151s] -- Up-to-date symlink: /home/ysl/ros2_ws/install/btcpp_ros2_interfaces/include/btcpp_ros2_interfaces/btcpp_ros2_interfaces/srv/get_trees.hpp
[3.157s] -- Up-to-date symlink: /home/ysl/ros2_ws/install/btcpp_ros2_interfaces/include/btcpp_ros2_interfaces/btcpp_ros2_interfaces/action/detail/execute_tree__rosidl_typesupport_fastrtps_cpp.hpp
[3.158s] -- Up-to-date symlink: /home/ysl/ros2_ws/install/btcpp_ros2_interfaces/include/btcpp_ros2_interfaces/btcpp_ros2_interfaces/action/detail/sleep__rosidl_typesupport_fastrtps_cpp.hpp
[3.159s] -- Up-to-date symlink: /home/ysl/ros2_ws/install/btcpp_ros2_interfaces/include/btcpp_ros2_interfaces/btcpp_ros2_interfaces/msg/detail/node_status__rosidl_typesupport_fastrtps_cpp.hpp
[3.160s] -- Up-to-date symlink: /home/ysl/ros2_ws/install/btcpp_ros2_interfaces/include/btcpp_ros2_interfaces/btcpp_ros2_interfaces/msg/rosidl_typesupport_fastrtps_cpp__visibility_control.h
[3.161s] -- Up-to-date symlink: /home/ysl/ros2_ws/install/btcpp_ros2_interfaces/include/btcpp_ros2_interfaces/btcpp_ros2_interfaces/srv/detail/get_trees__rosidl_typesupport_fastrtps_cpp.hpp
[3.162s] -- Up-to-date symlink: /home/ysl/ros2_ws/install/btcpp_ros2_interfaces/include/btcpp_ros2_interfaces/btcpp_ros2_interfaces/action/detail/execute_tree__rosidl_typesupport_introspection_cpp.hpp
[3.163s] -- Up-to-date symlink: /home/ysl/ros2_ws/install/btcpp_ros2_interfaces/include/btcpp_ros2_interfaces/btcpp_ros2_interfaces/action/detail/sleep__rosidl_typesupport_introspection_cpp.hpp
[3.164s] -- Up-to-date symlink: /home/ysl/ros2_ws/install/btcpp_ros2_interfaces/include/btcpp_ros2_interfaces/btcpp_ros2_interfaces/msg/detail/node_status__rosidl_typesupport_introspection_cpp.hpp
[3.165s] -- Up-to-date symlink: /home/ysl/ros2_ws/install/btcpp_ros2_interfaces/include/btcpp_ros2_interfaces/btcpp_ros2_interfaces/srv/detail/get_trees__rosidl_typesupport_introspection_cpp.hpp
[3.166s] -- Up-to-date symlink: /home/ysl/ros2_ws/install/btcpp_ros2_interfaces/share/btcpp_ros2_interfaces/environment/pythonpath.sh
[3.169s] -- Up-to-date symlink: /home/ysl/ros2_ws/install/btcpp_ros2_interfaces/share/btcpp_ros2_interfaces/environment/pythonpath.dsv
[3.171s] -- Up-to-date symlink: /home/ysl/ros2_ws/install/btcpp_ros2_interfaces/lib/python3.12/site-packages/btcpp_ros2_interfaces-0.3.0-py3.12.egg-info/PKG-INFO
[3.172s] -- Up-to-date symlink: /home/ysl/ros2_ws/install/btcpp_ros2_interfaces/lib/python3.12/site-packages/btcpp_ros2_interfaces-0.3.0-py3.12.egg-info/SOURCES.txt
[3.172s] -- Up-to-date symlink: /home/ysl/ros2_ws/install/btcpp_ros2_interfaces/lib/python3.12/site-packages/btcpp_ros2_interfaces-0.3.0-py3.12.egg-info/dependency_links.txt
[3.174s] -- Up-to-date symlink: /home/ysl/ros2_ws/install/btcpp_ros2_interfaces/lib/python3.12/site-packages/btcpp_ros2_interfaces-0.3.0-py3.12.egg-info/top_level.txt
[3.177s] -- Up-to-date symlink: /home/ysl/ros2_ws/install/btcpp_ros2_interfaces/lib/python3.12/site-packages/btcpp_ros2_interfaces/__init__.py
[3.178s] -- Up-to-date symlink: /home/ysl/ros2_ws/install/btcpp_ros2_interfaces/lib/python3.12/site-packages/btcpp_ros2_interfaces/_btcpp_ros2_interfaces_s.ep.rosidl_typesupport_c.c
[3.179s] -- Up-to-date symlink: /home/ysl/ros2_ws/install/btcpp_ros2_interfaces/lib/python3.12/site-packages/btcpp_ros2_interfaces/_btcpp_ros2_interfaces_s.ep.rosidl_typesupport_fastrtps_c.c
[3.180s] -- Up-to-date symlink: /home/ysl/ros2_ws/install/btcpp_ros2_interfaces/lib/python3.12/site-packages/btcpp_ros2_interfaces/_btcpp_ros2_interfaces_s.ep.rosidl_typesupport_introspection_c.c
[3.181s] -- Up-to-date symlink: /home/ysl/ros2_ws/install/btcpp_ros2_interfaces/lib/python3.12/site-packages/btcpp_ros2_interfaces/action/__init__.py
[3.181s] -- Up-to-date symlink: /home/ysl/ros2_ws/install/btcpp_ros2_interfaces/lib/python3.12/site-packages/btcpp_ros2_interfaces/action/_execute_tree.py
[3.182s] -- Up-to-date symlink: /home/ysl/ros2_ws/install/btcpp_ros2_interfaces/lib/python3.12/site-packages/btcpp_ros2_interfaces/action/_execute_tree_s.c
[3.183s] -- Up-to-date symlink: /home/ysl/ros2_ws/install/btcpp_ros2_interfaces/lib/python3.12/site-packages/btcpp_ros2_interfaces/action/_sleep.py
[3.184s] -- Up-to-date symlink: /home/ysl/ros2_ws/install/btcpp_ros2_interfaces/lib/python3.12/site-packages/btcpp_ros2_interfaces/action/_sleep_s.c
[3.185s] -- Up-to-date symlink: /home/ysl/ros2_ws/install/btcpp_ros2_interfaces/lib/python3.12/site-packages/btcpp_ros2_interfaces/btcpp_ros2_interfaces_s__rosidl_typesupport_c.so
[3.187s] -- Up-to-date symlink: /home/ysl/ros2_ws/install/btcpp_ros2_interfaces/lib/python3.12/site-packages/btcpp_ros2_interfaces/btcpp_ros2_interfaces_s__rosidl_typesupport_fastrtps_c.so
[3.187s] -- Up-to-date symlink: /home/ysl/ros2_ws/install/btcpp_ros2_interfaces/lib/python3.12/site-packages/btcpp_ros2_interfaces/btcpp_ros2_interfaces_s__rosidl_typesupport_introspection_c.so
[3.189s] -- Up-to-date symlink: /home/ysl/ros2_ws/install/btcpp_ros2_interfaces/lib/python3.12/site-packages/btcpp_ros2_interfaces/msg/__init__.py
[3.189s] -- Up-to-date symlink: /home/ysl/ros2_ws/install/btcpp_ros2_interfaces/lib/python3.12/site-packages/btcpp_ros2_interfaces/msg/_node_status.py
[3.190s] -- Up-to-date symlink: /home/ysl/ros2_ws/install/btcpp_ros2_interfaces/lib/python3.12/site-packages/btcpp_ros2_interfaces/msg/_node_status_s.c
[3.191s] -- Up-to-date symlink: /home/ysl/ros2_ws/install/btcpp_ros2_interfaces/lib/python3.12/site-packages/btcpp_ros2_interfaces/srv/__init__.py
[3.192s] -- Up-to-date symlink: /home/ysl/ros2_ws/install/btcpp_ros2_interfaces/lib/python3.12/site-packages/btcpp_ros2_interfaces/srv/_get_trees.py
[3.198s] -- Up-to-date symlink: /home/ysl/ros2_ws/install/btcpp_ros2_interfaces/lib/python3.12/site-packages/btcpp_ros2_interfaces/srv/_get_trees_s.c
[3.206s] -- Up-to-date symlink: /home/ysl/ros2_ws/install/btcpp_ros2_interfaces/lib/python3.12/site-packages/btcpp_ros2_interfaces/btcpp_ros2_interfaces_s__rosidl_typesupport_fastrtps_c.so
[3.207s] -- Up-to-date symlink: /home/ysl/ros2_ws/install/btcpp_ros2_interfaces/lib/python3.12/site-packages/btcpp_ros2_interfaces/btcpp_ros2_interfaces_s__rosidl_typesupport_introspection_c.so
[3.208s] -- Up-to-date symlink: /home/ysl/ros2_ws/install/btcpp_ros2_interfaces/lib/python3.12/site-packages/btcpp_ros2_interfaces/btcpp_ros2_interfaces_s__rosidl_typesupport_c.so
[3.208s] -- Up-to-date symlink: /home/ysl/ros2_ws/install/btcpp_ros2_interfaces/share/btcpp_ros2_interfaces/msg/NodeStatus.idl
[3.209s] -- Up-to-date symlink: /home/ysl/ros2_ws/install/btcpp_ros2_interfaces/share/btcpp_ros2_interfaces/srv/GetTrees.idl
[3.209s] -- Up-to-date symlink: /home/ysl/ros2_ws/install/btcpp_ros2_interfaces/share/btcpp_ros2_interfaces/action/ExecuteTree.idl
[3.209s] -- Up-to-date symlink: /home/ysl/ros2_ws/install/btcpp_ros2_interfaces/share/btcpp_ros2_interfaces/action/Sleep.idl
[3.210s] -- Up-to-date symlink: /home/ysl/ros2_ws/install/btcpp_ros2_interfaces/share/btcpp_ros2_interfaces/msg/NodeStatus.msg
[3.213s] -- Up-to-date symlink: /home/ysl/ros2_ws/install/btcpp_ros2_interfaces/share/btcpp_ros2_interfaces/srv/GetTrees.srv
[3.213s] -- Up-to-date symlink: /home/ysl/ros2_ws/install/btcpp_ros2_interfaces/share/btcpp_ros2_interfaces/action/ExecuteTree.action
[3.214s] -- Up-to-date symlink: /home/ysl/ros2_ws/install/btcpp_ros2_interfaces/share/btcpp_ros2_interfaces/action/Sleep.action
[3.215s] -- Up-to-date symlink: /home/ysl/ros2_ws/install/btcpp_ros2_interfaces/share/ament_index/resource_index/package_run_dependencies/btcpp_ros2_interfaces
[3.216s] -- Up-to-date symlink: /home/ysl/ros2_ws/install/btcpp_ros2_interfaces/share/ament_index/resource_index/parent_prefix_path/btcpp_ros2_interfaces
[3.217s] -- Up-to-date symlink: /home/ysl/ros2_ws/install/btcpp_ros2_interfaces/share/btcpp_ros2_interfaces/environment/ament_prefix_path.sh
[3.219s] -- Up-to-date symlink: /home/ysl/ros2_ws/install/btcpp_ros2_interfaces/share/btcpp_ros2_interfaces/environment/ament_prefix_path.dsv
[3.221s] -- Up-to-date symlink: /home/ysl/ros2_ws/install/btcpp_ros2_interfaces/share/btcpp_ros2_interfaces/environment/path.sh
[3.222s] -- Up-to-date symlink: /home/ysl/ros2_ws/install/btcpp_ros2_interfaces/share/btcpp_ros2_interfaces/environment/path.dsv
[3.223s] -- Up-to-date symlink: /home/ysl/ros2_ws/install/btcpp_ros2_interfaces/share/btcpp_ros2_interfaces/local_setup.bash
[3.224s] -- Up-to-date symlink: /home/ysl/ros2_ws/install/btcpp_ros2_interfaces/share/btcpp_ros2_interfaces/local_setup.sh
[3.224s] -- Up-to-date symlink: /home/ysl/ros2_ws/install/btcpp_ros2_interfaces/share/btcpp_ros2_interfaces/local_setup.zsh
[3.229s] -- Up-to-date symlink: /home/ysl/ros2_ws/install/btcpp_ros2_interfaces/share/btcpp_ros2_interfaces/local_setup.dsv
[3.231s] -- Symlinking: /home/ysl/ros2_ws/install/btcpp_ros2_interfaces/share/btcpp_ros2_interfaces/package.dsv
[3.252s] -- Up-to-date symlink: /home/ysl/ros2_ws/install/btcpp_ros2_interfaces/share/ament_index/resource_index/packages/btcpp_ros2_interfaces
[3.255s] -- Up-to-date symlink: /home/ysl/ros2_ws/install/btcpp_ros2_interfaces/share/btcpp_ros2_interfaces/cmake/rosidl_cmake-extras.cmake
[3.258s] -- Up-to-date symlink: /home/ysl/ros2_ws/install/btcpp_ros2_interfaces/share/btcpp_ros2_interfaces/cmake/ament_cmake_export_dependencies-extras.cmake
[3.259s] -- Up-to-date symlink: /home/ysl/ros2_ws/install/btcpp_ros2_interfaces/share/btcpp_ros2_interfaces/cmake/ament_cmake_export_include_directories-extras.cmake
[3.260s] -- Up-to-date symlink: /home/ysl/ros2_ws/install/btcpp_ros2_interfaces/share/btcpp_ros2_interfaces/cmake/ament_cmake_export_libraries-extras.cmake
[3.262s] -- Up-to-date symlink: /home/ysl/ros2_ws/install/btcpp_ros2_interfaces/share/btcpp_ros2_interfaces/cmake/ament_cmake_export_targets-extras.cmake
[3.266s] -- Up-to-date symlink: /home/ysl/ros2_ws/install/btcpp_ros2_interfaces/share/btcpp_ros2_interfaces/cmake/rosidl_cmake_export_typesupport_targets-extras.cmake
[3.267s] -- Up-to-date symlink: /home/ysl/ros2_ws/install/btcpp_ros2_interfaces/share/btcpp_ros2_interfaces/cmake/rosidl_cmake_export_typesupport_libraries-extras.cmake
[3.268s] -- Up-to-date symlink: /home/ysl/ros2_ws/install/btcpp_ros2_interfaces/share/btcpp_ros2_interfaces/cmake/btcpp_ros2_interfacesConfig.cmake
[3.268s] -- Up-to-date symlink: /home/ysl/ros2_ws/install/btcpp_ros2_interfaces/share/btcpp_ros2_interfaces/cmake/btcpp_ros2_interfacesConfig-version.cmake
[3.269s] -- Up-to-date symlink: /home/ysl/ros2_ws/install/btcpp_ros2_interfaces/share/btcpp_ros2_interfaces/package.xml
[3.271s] -- Up-to-date: /home/ysl/ros2_ws/install/btcpp_ros2_interfaces/lib/libbtcpp_ros2_interfaces__rosidl_generator_c.so
[3.273s] -- Up-to-date: /home/ysl/ros2_ws/install/btcpp_ros2_interfaces/lib/libbtcpp_ros2_interfaces__rosidl_typesupport_fastrtps_c.so
[3.277s] -- Up-to-date: /home/ysl/ros2_ws/install/btcpp_ros2_interfaces/lib/libbtcpp_ros2_interfaces__rosidl_typesupport_introspection_c.so
[3.279s] -- Up-to-date: /home/ysl/ros2_ws/install/btcpp_ros2_interfaces/lib/libbtcpp_ros2_interfaces__rosidl_typesupport_c.so
[3.282s] -- Up-to-date: /home/ysl/ros2_ws/install/btcpp_ros2_interfaces/lib/libbtcpp_ros2_interfaces__rosidl_typesupport_fastrtps_cpp.so
[3.283s] -- Up-to-date: /home/ysl/ros2_ws/install/btcpp_ros2_interfaces/lib/libbtcpp_ros2_interfaces__rosidl_typesupport_introspection_cpp.so
[3.285s] -- Up-to-date: /home/ysl/ros2_ws/install/btcpp_ros2_interfaces/lib/libbtcpp_ros2_interfaces__rosidl_typesupport_cpp.so
[3.387s] Listing '/home/ysl/ros2_ws/install/btcpp_ros2_interfaces/lib/python3.12/site-packages/btcpp_ros2_interfaces'...
[3.387s] Listing '/home/ysl/ros2_ws/install/btcpp_ros2_interfaces/lib/python3.12/site-packages/btcpp_ros2_interfaces/action'...
[3.387s] Listing '/home/ysl/ros2_ws/install/btcpp_ros2_interfaces/lib/python3.12/site-packages/btcpp_ros2_interfaces/msg'...
[3.387s] Listing '/home/ysl/ros2_ws/install/btcpp_ros2_interfaces/lib/python3.12/site-packages/btcpp_ros2_interfaces/srv'...
[3.421s] -- Up-to-date: /home/ysl/ros2_ws/install/btcpp_ros2_interfaces/lib/libbtcpp_ros2_interfaces__rosidl_generator_py.so
[3.423s] -- Up-to-date: /home/ysl/ros2_ws/install/btcpp_ros2_interfaces/share/btcpp_ros2_interfaces/cmake/export_btcpp_ros2_interfaces__rosidl_generator_cExport.cmake
[3.423s] -- Up-to-date: /home/ysl/ros2_ws/install/btcpp_ros2_interfaces/share/btcpp_ros2_interfaces/cmake/export_btcpp_ros2_interfaces__rosidl_generator_cExport-noconfig.cmake
[3.424s] -- Up-to-date: /home/ysl/ros2_ws/install/btcpp_ros2_interfaces/share/btcpp_ros2_interfaces/cmake/export_btcpp_ros2_interfaces__rosidl_typesupport_fastrtps_cExport.cmake
[3.425s] -- Up-to-date: /home/ysl/ros2_ws/install/btcpp_ros2_interfaces/share/btcpp_ros2_interfaces/cmake/export_btcpp_ros2_interfaces__rosidl_typesupport_fastrtps_cExport-noconfig.cmake
[3.431s] -- Up-to-date: /home/ysl/ros2_ws/install/btcpp_ros2_interfaces/share/btcpp_ros2_interfaces/cmake/btcpp_ros2_interfaces__rosidl_typesupport_introspection_cExport.cmake
[3.432s] -- Up-to-date: /home/ysl/ros2_ws/install/btcpp_ros2_interfaces/share/btcpp_ros2_interfaces/cmake/btcpp_ros2_interfaces__rosidl_typesupport_introspection_cExport-noconfig.cmake
[3.433s] -- Up-to-date: /home/ysl/ros2_ws/install/btcpp_ros2_interfaces/share/btcpp_ros2_interfaces/cmake/btcpp_ros2_interfaces__rosidl_typesupport_cExport.cmake
[3.434s] -- Up-to-date: /home/ysl/ros2_ws/install/btcpp_ros2_interfaces/share/btcpp_ros2_interfaces/cmake/btcpp_ros2_interfaces__rosidl_typesupport_cExport-noconfig.cmake
[3.435s] -- Up-to-date: /home/ysl/ros2_ws/install/btcpp_ros2_interfaces/share/btcpp_ros2_interfaces/cmake/export_btcpp_ros2_interfaces__rosidl_generator_cppExport.cmake
[3.437s] -- Up-to-date: /home/ysl/ros2_ws/install/btcpp_ros2_interfaces/share/btcpp_ros2_interfaces/cmake/export_btcpp_ros2_interfaces__rosidl_typesupport_fastrtps_cppExport.cmake
[3.438s] -- Up-to-date: /home/ysl/ros2_ws/install/btcpp_ros2_interfaces/share/btcpp_ros2_interfaces/cmake/export_btcpp_ros2_interfaces__rosidl_typesupport_fastrtps_cppExport-noconfig.cmake
[3.439s] -- Up-to-date: /home/ysl/ros2_ws/install/btcpp_ros2_interfaces/share/btcpp_ros2_interfaces/cmake/btcpp_ros2_interfaces__rosidl_typesupport_introspection_cppExport.cmake
[3.449s] -- Up-to-date: /home/ysl/ros2_ws/install/btcpp_ros2_interfaces/share/btcpp_ros2_interfaces/cmake/btcpp_ros2_interfaces__rosidl_typesupport_introspection_cppExport-noconfig.cmake
[3.453s] -- Up-to-date: /home/ysl/ros2_ws/install/btcpp_ros2_interfaces/share/btcpp_ros2_interfaces/cmake/btcpp_ros2_interfaces__rosidl_typesupport_cppExport.cmake
[3.454s] -- Up-to-date: /home/ysl/ros2_ws/install/btcpp_ros2_interfaces/share/btcpp_ros2_interfaces/cmake/btcpp_ros2_interfaces__rosidl_typesupport_cppExport-noconfig.cmake
[3.456s] -- Up-to-date: /home/ysl/ros2_ws/install/btcpp_ros2_interfaces/share/btcpp_ros2_interfaces/cmake/export_btcpp_ros2_interfaces__rosidl_generator_pyExport.cmake
[3.457s] -- Up-to-date: /home/ysl/ros2_ws/install/btcpp_ros2_interfaces/share/btcpp_ros2_interfaces/cmake/export_btcpp_ros2_interfaces__rosidl_generator_pyExport-noconfig.cmake
[3.462s] Invoked command in '/home/ysl/ros2_ws/build/btcpp_ros2_interfaces' returned '0': CMAKE_PREFIX_PATH=${CMAKE_PREFIX_PATH}:/opt/ros/jazzy /usr/bin/cmake --install /home/ysl/ros2_ws/build/btcpp_ros2_interfaces
