[0.523s] Invoking command in '/home/ysl/ros2_ws/build/behaviortree_ros2': AMENT_PREFIX_PATH=/home/ysl/ros2_ws/install/btcpp_ros2_interfaces:${AMENT_PREFIX_PATH} CMAKE_PREFIX_PATH=/home/ysl/ros2_ws/install/btcpp_ros2_interfaces:/home/ysl/BehaviorTree.CPP/install/behaviortree_cpp:/opt/ros/jazzy/opt/gz_sim_vendor:/opt/ros/jazzy/opt/gz_sensors_vendor:/opt/ros/jazzy/opt/gz_physics_vendor:/opt/ros/jazzy/opt/sdformat_vendor:/opt/ros/jazzy/opt/gz_gui_vendor:/opt/ros/jazzy/opt/gz_transport_vendor:/opt/ros/jazzy/opt/gz_rendering_vendor:/opt/ros/jazzy/opt/gz_plugin_vendor:/opt/ros/jazzy/opt/gz_fuel_tools_vendor:/opt/ros/jazzy/opt/gz_msgs_vendor:/opt/ros/jazzy/opt/gz_common_vendor:/opt/ros/jazzy/opt/gz_math_vendor:/opt/ros/jazzy/opt/gz_utils_vendor:/opt/ros/jazzy/opt/gz_tools_vendor:/opt/ros/jazzy/opt/gz_ogre_next_vendor:/opt/ros/jazzy/opt/gz_dartsim_vendor:/opt/ros/jazzy/opt/gz_cmake_vendor:/opt/ros/jazzy LD_LIBRARY_PATH=/home/ysl/ros2_ws/install/btcpp_ros2_interfaces/lib:${LD_LIBRARY_PATH} PYTHONPATH=/home/ysl/ros2_ws/install/btcpp_ros2_interfaces/lib/python3.12/site-packages:${PYTHONPATH} /usr/bin/cmake --build /home/ysl/ros2_ws/build/behaviortree_ros2 -- -j12 -l12
[0.664s] [ 28%] Built target bt_executor_parameters
[0.872s] [100%] Built target behaviortree_ros2
[0.891s] Invoked command in '/home/ysl/ros2_ws/build/behaviortree_ros2' returned '0': AMENT_PREFIX_PATH=/home/ysl/ros2_ws/install/btcpp_ros2_interfaces:${AMENT_PREFIX_PATH} CMAKE_PREFIX_PATH=/home/ysl/ros2_ws/install/btcpp_ros2_interfaces:/home/ysl/BehaviorTree.CPP/install/behaviortree_cpp:/opt/ros/jazzy/opt/gz_sim_vendor:/opt/ros/jazzy/opt/gz_sensors_vendor:/opt/ros/jazzy/opt/gz_physics_vendor:/opt/ros/jazzy/opt/sdformat_vendor:/opt/ros/jazzy/opt/gz_gui_vendor:/opt/ros/jazzy/opt/gz_transport_vendor:/opt/ros/jazzy/opt/gz_rendering_vendor:/opt/ros/jazzy/opt/gz_plugin_vendor:/opt/ros/jazzy/opt/gz_fuel_tools_vendor:/opt/ros/jazzy/opt/gz_msgs_vendor:/opt/ros/jazzy/opt/gz_common_vendor:/opt/ros/jazzy/opt/gz_math_vendor:/opt/ros/jazzy/opt/gz_utils_vendor:/opt/ros/jazzy/opt/gz_tools_vendor:/opt/ros/jazzy/opt/gz_ogre_next_vendor:/opt/ros/jazzy/opt/gz_dartsim_vendor:/opt/ros/jazzy/opt/gz_cmake_vendor:/opt/ros/jazzy LD_LIBRARY_PATH=/home/ysl/ros2_ws/install/btcpp_ros2_interfaces/lib:${LD_LIBRARY_PATH} PYTHONPATH=/home/ysl/ros2_ws/install/btcpp_ros2_interfaces/lib/python3.12/site-packages:${PYTHONPATH} /usr/bin/cmake --build /home/ysl/ros2_ws/build/behaviortree_ros2 -- -j12 -l12
[0.895s] Invoking command in '/home/ysl/ros2_ws/build/behaviortree_ros2': AMENT_PREFIX_PATH=/home/ysl/ros2_ws/install/btcpp_ros2_interfaces:${AMENT_PREFIX_PATH} CMAKE_PREFIX_PATH=/home/ysl/ros2_ws/install/btcpp_ros2_interfaces:/home/ysl/BehaviorTree.CPP/install/behaviortree_cpp:/opt/ros/jazzy/opt/gz_sim_vendor:/opt/ros/jazzy/opt/gz_sensors_vendor:/opt/ros/jazzy/opt/gz_physics_vendor:/opt/ros/jazzy/opt/sdformat_vendor:/opt/ros/jazzy/opt/gz_gui_vendor:/opt/ros/jazzy/opt/gz_transport_vendor:/opt/ros/jazzy/opt/gz_rendering_vendor:/opt/ros/jazzy/opt/gz_plugin_vendor:/opt/ros/jazzy/opt/gz_fuel_tools_vendor:/opt/ros/jazzy/opt/gz_msgs_vendor:/opt/ros/jazzy/opt/gz_common_vendor:/opt/ros/jazzy/opt/gz_math_vendor:/opt/ros/jazzy/opt/gz_utils_vendor:/opt/ros/jazzy/opt/gz_tools_vendor:/opt/ros/jazzy/opt/gz_ogre_next_vendor:/opt/ros/jazzy/opt/gz_dartsim_vendor:/opt/ros/jazzy/opt/gz_cmake_vendor:/opt/ros/jazzy LD_LIBRARY_PATH=/home/ysl/ros2_ws/install/btcpp_ros2_interfaces/lib:${LD_LIBRARY_PATH} PYTHONPATH=/home/ysl/ros2_ws/install/btcpp_ros2_interfaces/lib/python3.12/site-packages:${PYTHONPATH} /usr/bin/cmake --install /home/ysl/ros2_ws/build/behaviortree_ros2
[0.908s] -- Install configuration: ""
[0.909s] -- Execute custom install script
[0.911s] -- Up-to-date symlink: /home/ysl/ros2_ws/install/behaviortree_ros2/include/behaviortree_ros2/bt_executor_parameters.hpp
[0.912s] -- Up-to-date symlink: /home/ysl/ros2_ws/install/behaviortree_ros2/include//behaviortree_ros2/bt_action_node.hpp
[0.913s] -- Up-to-date symlink: /home/ysl/ros2_ws/install/behaviortree_ros2/include//behaviortree_ros2/bt_ros_logger.hpp
[0.913s] -- Up-to-date symlink: /home/ysl/ros2_ws/install/behaviortree_ros2/include//behaviortree_ros2/bt_service_node.hpp
[0.914s] -- Up-to-date symlink: /home/ysl/ros2_ws/install/behaviortree_ros2/include//behaviortree_ros2/bt_topic_pub_node.hpp
[0.915s] -- Up-to-date symlink: /home/ysl/ros2_ws/install/behaviortree_ros2/include//behaviortree_ros2/bt_topic_sub_node.hpp
[0.915s] -- Up-to-date symlink: /home/ysl/ros2_ws/install/behaviortree_ros2/include//behaviortree_ros2/bt_utils.hpp
[0.916s] -- Up-to-date symlink: /home/ysl/ros2_ws/install/behaviortree_ros2/include//behaviortree_ros2/plugins.hpp
[0.916s] -- Up-to-date symlink: /home/ysl/ros2_ws/install/behaviortree_ros2/include//behaviortree_ros2/ros_node_params.hpp
[0.917s] -- Up-to-date symlink: /home/ysl/ros2_ws/install/behaviortree_ros2/include//behaviortree_ros2/tree_execution_server.hpp
[0.919s] -- Up-to-date symlink: /home/ysl/ros2_ws/install/behaviortree_ros2/share/behaviortree_ros2/environment/library_path.sh
[0.920s] -- Up-to-date symlink: /home/ysl/ros2_ws/install/behaviortree_ros2/share/behaviortree_ros2/environment/library_path.dsv
[0.921s] -- Up-to-date symlink: /home/ysl/ros2_ws/install/behaviortree_ros2/share/ament_index/resource_index/package_run_dependencies/behaviortree_ros2
[0.922s] -- Up-to-date symlink: /home/ysl/ros2_ws/install/behaviortree_ros2/share/ament_index/resource_index/parent_prefix_path/behaviortree_ros2
[0.923s] -- Up-to-date symlink: /home/ysl/ros2_ws/install/behaviortree_ros2/share/behaviortree_ros2/environment/ament_prefix_path.sh
[0.923s] -- Up-to-date symlink: /home/ysl/ros2_ws/install/behaviortree_ros2/share/behaviortree_ros2/environment/ament_prefix_path.dsv
[0.924s] -- Up-to-date symlink: /home/ysl/ros2_ws/install/behaviortree_ros2/share/behaviortree_ros2/environment/path.sh
[0.925s] -- Up-to-date symlink: /home/ysl/ros2_ws/install/behaviortree_ros2/share/behaviortree_ros2/environment/path.dsv
[0.925s] -- Up-to-date symlink: /home/ysl/ros2_ws/install/behaviortree_ros2/share/behaviortree_ros2/local_setup.bash
[0.926s] -- Up-to-date symlink: /home/ysl/ros2_ws/install/behaviortree_ros2/share/behaviortree_ros2/local_setup.sh
[0.927s] -- Up-to-date symlink: /home/ysl/ros2_ws/install/behaviortree_ros2/share/behaviortree_ros2/local_setup.zsh
[0.927s] -- Up-to-date symlink: /home/ysl/ros2_ws/install/behaviortree_ros2/share/behaviortree_ros2/local_setup.dsv
[0.927s] -- Symlinking: /home/ysl/ros2_ws/install/behaviortree_ros2/share/behaviortree_ros2/package.dsv
[0.948s] -- Up-to-date symlink: /home/ysl/ros2_ws/install/behaviortree_ros2/share/ament_index/resource_index/packages/behaviortree_ros2
[0.950s] -- Up-to-date symlink: /home/ysl/ros2_ws/install/behaviortree_ros2/share/behaviortree_ros2/cmake/ament_cmake_export_dependencies-extras.cmake
[0.950s] -- Up-to-date symlink: /home/ysl/ros2_ws/install/behaviortree_ros2/share/behaviortree_ros2/cmake/ament_cmake_export_targets-extras.cmake
[0.951s] -- Up-to-date symlink: /home/ysl/ros2_ws/install/behaviortree_ros2/share/behaviortree_ros2/cmake/ament_cmake_export_include_directories-extras.cmake
[0.952s] -- Up-to-date symlink: /home/ysl/ros2_ws/install/behaviortree_ros2/share/behaviortree_ros2/cmake/ament_cmake_export_libraries-extras.cmake
[0.953s] -- Up-to-date symlink: /home/ysl/ros2_ws/install/behaviortree_ros2/share/behaviortree_ros2/cmake/behaviortree_ros2Config.cmake
[0.954s] -- Up-to-date symlink: /home/ysl/ros2_ws/install/behaviortree_ros2/share/behaviortree_ros2/cmake/behaviortree_ros2Config-version.cmake
[0.956s] -- Up-to-date symlink: /home/ysl/ros2_ws/install/behaviortree_ros2/share/behaviortree_ros2/package.xml
[0.956s] -- Up-to-date: /home/ysl/ros2_ws/install/behaviortree_ros2/lib/libbehaviortree_ros2.a
[0.958s] -- Up-to-date: /home/ysl/ros2_ws/install/behaviortree_ros2/share/behaviortree_ros2/cmake/behaviortree_ros2TargetsExport.cmake
[0.958s] -- Up-to-date: /home/ysl/ros2_ws/install/behaviortree_ros2/share/behaviortree_ros2/cmake/behaviortree_ros2TargetsExport-noconfig.cmake
[0.962s] Invoked command in '/home/ysl/ros2_ws/build/behaviortree_ros2' returned '0': AMENT_PREFIX_PATH=/home/ysl/ros2_ws/install/btcpp_ros2_interfaces:${AMENT_PREFIX_PATH} CMAKE_PREFIX_PATH=/home/ysl/ros2_ws/install/btcpp_ros2_interfaces:/home/ysl/BehaviorTree.CPP/install/behaviortree_cpp:/opt/ros/jazzy/opt/gz_sim_vendor:/opt/ros/jazzy/opt/gz_sensors_vendor:/opt/ros/jazzy/opt/gz_physics_vendor:/opt/ros/jazzy/opt/sdformat_vendor:/opt/ros/jazzy/opt/gz_gui_vendor:/opt/ros/jazzy/opt/gz_transport_vendor:/opt/ros/jazzy/opt/gz_rendering_vendor:/opt/ros/jazzy/opt/gz_plugin_vendor:/opt/ros/jazzy/opt/gz_fuel_tools_vendor:/opt/ros/jazzy/opt/gz_msgs_vendor:/opt/ros/jazzy/opt/gz_common_vendor:/opt/ros/jazzy/opt/gz_math_vendor:/opt/ros/jazzy/opt/gz_utils_vendor:/opt/ros/jazzy/opt/gz_tools_vendor:/opt/ros/jazzy/opt/gz_ogre_next_vendor:/opt/ros/jazzy/opt/gz_dartsim_vendor:/opt/ros/jazzy/opt/gz_cmake_vendor:/opt/ros/jazzy LD_LIBRARY_PATH=/home/ysl/ros2_ws/install/btcpp_ros2_interfaces/lib:${LD_LIBRARY_PATH} PYTHONPATH=/home/ysl/ros2_ws/install/btcpp_ros2_interfaces/lib/python3.12/site-packages:${PYTHONPATH} /usr/bin/cmake --install /home/ysl/ros2_ws/build/behaviortree_ros2
