[0.632s] Invoking command in '/home/ysl/ros2_ws/build/cod_serial': CMAKE_PREFIX_PATH=/home/ysl/ros2_ws/install/rm_interfaces:/home/ysl/ros2_ws/install/cod_serial:/home/ysl/ros2_ws/install/cod_behavior:/home/ysl/BehaviorTree.CPP/install/behaviortree_cpp:/opt/ros/jazzy/opt/gz_sim_vendor:/opt/ros/jazzy/opt/gz_sensors_vendor:/opt/ros/jazzy/opt/gz_physics_vendor:/opt/ros/jazzy/opt/sdformat_vendor:/opt/ros/jazzy/opt/gz_gui_vendor:/opt/ros/jazzy/opt/gz_transport_vendor:/opt/ros/jazzy/opt/gz_rendering_vendor:/opt/ros/jazzy/opt/gz_plugin_vendor:/opt/ros/jazzy/opt/gz_fuel_tools_vendor:/opt/ros/jazzy/opt/gz_msgs_vendor:/opt/ros/jazzy/opt/gz_common_vendor:/opt/ros/jazzy/opt/gz_math_vendor:/opt/ros/jazzy/opt/gz_utils_vendor:/opt/ros/jazzy/opt/gz_tools_vendor:/opt/ros/jazzy/opt/gz_ogre_next_vendor:/opt/ros/jazzy/opt/gz_dartsim_vendor:/opt/ros/jazzy/opt/gz_cmake_vendor:/opt/ros/jazzy /usr/bin/cmake /home/ysl/ros2_ws/COD_Serial -DAMENT_CMAKE_SYMLINK_INSTALL=1 -DCMAKE_INSTALL_PREFIX=/home/ysl/ros2_ws/install/cod_serial
[1.285s] -- The C compiler identification is GNU 13.3.0
[4.696s] -- The CXX compiler identification is GNU 13.3.0
[8.206s] -- Detecting C compiler ABI info
[9.508s] -- Detecting C compiler ABI info - done
[9.531s] -- Check for working C compiler: /usr/bin/cc - skipped
[9.532s] -- Detecting C compile features
[9.533s] -- Detecting C compile features - done
[10.198s] -- Detecting CXX compiler ABI info
[11.655s] -- Detecting CXX compiler ABI info - done
[11.676s] -- Check for working CXX compiler: /usr/bin/c++ - skipped
[11.677s] -- Detecting CXX compile features
[11.679s] -- Detecting CXX compile features - done
[11.689s] -- Found rclcpp: 28.1.9 (/opt/ros/jazzy/share/rclcpp/cmake)
[12.147s] -- Found Python3: /usr/bin/python3 (found version "3.12.3") found components: Interpreter 
[12.353s] -- Override CMake install command with custom implementation using symlinks instead of copying resources
[13.551s] -- Found rosidl_generator_c: 4.6.5 (/opt/ros/jazzy/share/rosidl_generator_c/cmake)
[13.615s] -- Found rosidl_generator_cpp: 4.6.5 (/opt/ros/jazzy/share/rosidl_generator_cpp/cmake)
[13.688s] -- Using all available rosidl_typesupport_c: rosidl_typesupport_fastrtps_c;rosidl_typesupport_introspection_c
[13.761s] -- Using all available rosidl_typesupport_cpp: rosidl_typesupport_fastrtps_cpp;rosidl_typesupport_introspection_cpp
[14.041s] -- Found rmw_implementation_cmake: 7.3.2 (/opt/ros/jazzy/share/rmw_implementation_cmake/cmake)
[14.059s] -- Found rmw_fastrtps_cpp: 8.4.2 (/opt/ros/jazzy/share/rmw_fastrtps_cpp/cmake)
[14.404s] -- Found OpenSSL: /usr/lib/x86_64-linux-gnu/libcrypto.so (found version "3.0.13")  
[15.447s] -- Found FastRTPS: /opt/ros/jazzy/include (Required is at least version "2.13") 
[16.142s] -- Using RMW implementation 'rmw_fastrtps_cpp' as default
[17.239s] -- Found rm_interfaces: 0.0.0 (/home/ysl/ros2_ws/install/rm_interfaces/share/rm_interfaces/cmake)
[17.659s] -- Configuring done (17.0s)
[17.701s] -- Generating done (0.0s)
[17.712s] -- Build files have been written to: /home/ysl/ros2_ws/build/cod_serial
[17.742s] Invoked command in '/home/ysl/ros2_ws/build/cod_serial' returned '0': CMAKE_PREFIX_PATH=/home/ysl/ros2_ws/install/rm_interfaces:/home/ysl/ros2_ws/install/cod_serial:/home/ysl/ros2_ws/install/cod_behavior:/home/ysl/BehaviorTree.CPP/install/behaviortree_cpp:/opt/ros/jazzy/opt/gz_sim_vendor:/opt/ros/jazzy/opt/gz_sensors_vendor:/opt/ros/jazzy/opt/gz_physics_vendor:/opt/ros/jazzy/opt/sdformat_vendor:/opt/ros/jazzy/opt/gz_gui_vendor:/opt/ros/jazzy/opt/gz_transport_vendor:/opt/ros/jazzy/opt/gz_rendering_vendor:/opt/ros/jazzy/opt/gz_plugin_vendor:/opt/ros/jazzy/opt/gz_fuel_tools_vendor:/opt/ros/jazzy/opt/gz_msgs_vendor:/opt/ros/jazzy/opt/gz_common_vendor:/opt/ros/jazzy/opt/gz_math_vendor:/opt/ros/jazzy/opt/gz_utils_vendor:/opt/ros/jazzy/opt/gz_tools_vendor:/opt/ros/jazzy/opt/gz_ogre_next_vendor:/opt/ros/jazzy/opt/gz_dartsim_vendor:/opt/ros/jazzy/opt/gz_cmake_vendor:/opt/ros/jazzy /usr/bin/cmake /home/ysl/ros2_ws/COD_Serial -DAMENT_CMAKE_SYMLINK_INSTALL=1 -DCMAKE_INSTALL_PREFIX=/home/ysl/ros2_ws/install/cod_serial
[17.743s] Invoking command in '/home/ysl/ros2_ws/build/cod_serial': CMAKE_PREFIX_PATH=/home/ysl/ros2_ws/install/rm_interfaces:/home/ysl/ros2_ws/install/cod_serial:/home/ysl/ros2_ws/install/cod_behavior:/home/ysl/BehaviorTree.CPP/install/behaviortree_cpp:/opt/ros/jazzy/opt/gz_sim_vendor:/opt/ros/jazzy/opt/gz_sensors_vendor:/opt/ros/jazzy/opt/gz_physics_vendor:/opt/ros/jazzy/opt/sdformat_vendor:/opt/ros/jazzy/opt/gz_gui_vendor:/opt/ros/jazzy/opt/gz_transport_vendor:/opt/ros/jazzy/opt/gz_rendering_vendor:/opt/ros/jazzy/opt/gz_plugin_vendor:/opt/ros/jazzy/opt/gz_fuel_tools_vendor:/opt/ros/jazzy/opt/gz_msgs_vendor:/opt/ros/jazzy/opt/gz_common_vendor:/opt/ros/jazzy/opt/gz_math_vendor:/opt/ros/jazzy/opt/gz_utils_vendor:/opt/ros/jazzy/opt/gz_tools_vendor:/opt/ros/jazzy/opt/gz_ogre_next_vendor:/opt/ros/jazzy/opt/gz_dartsim_vendor:/opt/ros/jazzy/opt/gz_cmake_vendor:/opt/ros/jazzy /usr/bin/cmake --build /home/ysl/ros2_ws/build/cod_serial -- -j12 -l12
[17.895s] [ 33%] [32mBuilding CXX object CMakeFiles/cod_serial.dir/src/uart_transporter.cpp.o[0m
[18.934s] [ 66%] [32mBuilding CXX object CMakeFiles/cod_serial.dir/src/test.cpp.o[0m
[39.457s] [100%] [32m[1mLinking CXX executable cod_serial[0m
[40.748s] [100%] Built target cod_serial
[40.796s] Invoked command in '/home/ysl/ros2_ws/build/cod_serial' returned '0': CMAKE_PREFIX_PATH=/home/ysl/ros2_ws/install/rm_interfaces:/home/ysl/ros2_ws/install/cod_serial:/home/ysl/ros2_ws/install/cod_behavior:/home/ysl/BehaviorTree.CPP/install/behaviortree_cpp:/opt/ros/jazzy/opt/gz_sim_vendor:/opt/ros/jazzy/opt/gz_sensors_vendor:/opt/ros/jazzy/opt/gz_physics_vendor:/opt/ros/jazzy/opt/sdformat_vendor:/opt/ros/jazzy/opt/gz_gui_vendor:/opt/ros/jazzy/opt/gz_transport_vendor:/opt/ros/jazzy/opt/gz_rendering_vendor:/opt/ros/jazzy/opt/gz_plugin_vendor:/opt/ros/jazzy/opt/gz_fuel_tools_vendor:/opt/ros/jazzy/opt/gz_msgs_vendor:/opt/ros/jazzy/opt/gz_common_vendor:/opt/ros/jazzy/opt/gz_math_vendor:/opt/ros/jazzy/opt/gz_utils_vendor:/opt/ros/jazzy/opt/gz_tools_vendor:/opt/ros/jazzy/opt/gz_ogre_next_vendor:/opt/ros/jazzy/opt/gz_dartsim_vendor:/opt/ros/jazzy/opt/gz_cmake_vendor:/opt/ros/jazzy /usr/bin/cmake --build /home/ysl/ros2_ws/build/cod_serial -- -j12 -l12
[40.801s] Invoking command in '/home/ysl/ros2_ws/build/cod_serial': CMAKE_PREFIX_PATH=/home/ysl/ros2_ws/install/rm_interfaces:/home/ysl/ros2_ws/install/cod_serial:/home/ysl/ros2_ws/install/cod_behavior:/home/ysl/BehaviorTree.CPP/install/behaviortree_cpp:/opt/ros/jazzy/opt/gz_sim_vendor:/opt/ros/jazzy/opt/gz_sensors_vendor:/opt/ros/jazzy/opt/gz_physics_vendor:/opt/ros/jazzy/opt/sdformat_vendor:/opt/ros/jazzy/opt/gz_gui_vendor:/opt/ros/jazzy/opt/gz_transport_vendor:/opt/ros/jazzy/opt/gz_rendering_vendor:/opt/ros/jazzy/opt/gz_plugin_vendor:/opt/ros/jazzy/opt/gz_fuel_tools_vendor:/opt/ros/jazzy/opt/gz_msgs_vendor:/opt/ros/jazzy/opt/gz_common_vendor:/opt/ros/jazzy/opt/gz_math_vendor:/opt/ros/jazzy/opt/gz_utils_vendor:/opt/ros/jazzy/opt/gz_tools_vendor:/opt/ros/jazzy/opt/gz_ogre_next_vendor:/opt/ros/jazzy/opt/gz_dartsim_vendor:/opt/ros/jazzy/opt/gz_cmake_vendor:/opt/ros/jazzy /usr/bin/cmake --install /home/ysl/ros2_ws/build/cod_serial
[40.848s] -- Install configuration: ""
[40.849s] -- Execute custom install script
[40.852s] -- Symlinking: /home/ysl/ros2_ws/install/cod_serial/lib/cod_serial/cod_serial
[40.888s] -- Symlinking: /home/ysl/ros2_ws/install/cod_serial/share/ament_index/resource_index/package_run_dependencies/cod_serial
[40.934s] -- Symlinking: /home/ysl/ros2_ws/install/cod_serial/share/ament_index/resource_index/parent_prefix_path/cod_serial
[40.974s] -- Symlinking: /home/ysl/ros2_ws/install/cod_serial/share/cod_serial/environment/ament_prefix_path.sh
[41.001s] -- Symlinking: /home/ysl/ros2_ws/install/cod_serial/share/cod_serial/environment/ament_prefix_path.dsv
[41.025s] -- Symlinking: /home/ysl/ros2_ws/install/cod_serial/share/cod_serial/environment/path.sh
[41.053s] -- Symlinking: /home/ysl/ros2_ws/install/cod_serial/share/cod_serial/environment/path.dsv
[41.084s] -- Symlinking: /home/ysl/ros2_ws/install/cod_serial/share/cod_serial/local_setup.bash
[41.106s] -- Symlinking: /home/ysl/ros2_ws/install/cod_serial/share/cod_serial/local_setup.sh
[41.148s] -- Symlinking: /home/ysl/ros2_ws/install/cod_serial/share/cod_serial/local_setup.zsh
[41.176s] -- Symlinking: /home/ysl/ros2_ws/install/cod_serial/share/cod_serial/local_setup.dsv
[41.210s] -- Symlinking: /home/ysl/ros2_ws/install/cod_serial/share/cod_serial/package.dsv
[41.246s] -- Symlinking: /home/ysl/ros2_ws/install/cod_serial/share/ament_index/resource_index/packages/cod_serial
[41.296s] -- Symlinking: /home/ysl/ros2_ws/install/cod_serial/share/cod_serial/cmake/cod_serialConfig.cmake
[41.326s] -- Symlinking: /home/ysl/ros2_ws/install/cod_serial/share/cod_serial/cmake/cod_serialConfig-version.cmake
[41.352s] -- Symlinking: /home/ysl/ros2_ws/install/cod_serial/share/cod_serial/package.xml
[41.403s] Invoked command in '/home/ysl/ros2_ws/build/cod_serial' returned '0': CMAKE_PREFIX_PATH=/home/ysl/ros2_ws/install/rm_interfaces:/home/ysl/ros2_ws/install/cod_serial:/home/ysl/ros2_ws/install/cod_behavior:/home/ysl/BehaviorTree.CPP/install/behaviortree_cpp:/opt/ros/jazzy/opt/gz_sim_vendor:/opt/ros/jazzy/opt/gz_sensors_vendor:/opt/ros/jazzy/opt/gz_physics_vendor:/opt/ros/jazzy/opt/sdformat_vendor:/opt/ros/jazzy/opt/gz_gui_vendor:/opt/ros/jazzy/opt/gz_transport_vendor:/opt/ros/jazzy/opt/gz_rendering_vendor:/opt/ros/jazzy/opt/gz_plugin_vendor:/opt/ros/jazzy/opt/gz_fuel_tools_vendor:/opt/ros/jazzy/opt/gz_msgs_vendor:/opt/ros/jazzy/opt/gz_common_vendor:/opt/ros/jazzy/opt/gz_math_vendor:/opt/ros/jazzy/opt/gz_utils_vendor:/opt/ros/jazzy/opt/gz_tools_vendor:/opt/ros/jazzy/opt/gz_ogre_next_vendor:/opt/ros/jazzy/opt/gz_dartsim_vendor:/opt/ros/jazzy/opt/gz_cmake_vendor:/opt/ros/jazzy /usr/bin/cmake --install /home/ysl/ros2_ws/build/cod_serial
