[0.720s] Invoking command in '/home/ysl/ros2_ws/COD_Behavior/BehaviorTree.ROS2/build/btcpp_ros2_samples': AMENT_PREFIX_PATH=/home/ysl/ros2_ws/COD_Behavior/BehaviorTree.ROS2/install/behaviortree_ros2:/home/ysl/ros2_ws/COD_Behavior/BehaviorTree.ROS2/install/btcpp_ros2_interfaces:${AMENT_PREFIX_PATH} CMAKE_PREFIX_PATH=/home/ysl/ros2_ws/COD_Behavior/BehaviorTree.ROS2/install/behaviortree_ros2:/home/ysl/ros2_ws/COD_Behavior/BehaviorTree.ROS2/install/btcpp_ros2_interfaces:/home/ysl/BehaviorTree.CPP/install/behaviortree_cpp:/opt/ros/jazzy/opt/gz_sim_vendor:/opt/ros/jazzy/opt/gz_sensors_vendor:/opt/ros/jazzy/opt/gz_physics_vendor:/opt/ros/jazzy/opt/sdformat_vendor:/opt/ros/jazzy/opt/gz_gui_vendor:/opt/ros/jazzy/opt/gz_transport_vendor:/opt/ros/jazzy/opt/gz_rendering_vendor:/opt/ros/jazzy/opt/gz_plugin_vendor:/opt/ros/jazzy/opt/gz_fuel_tools_vendor:/opt/ros/jazzy/opt/gz_msgs_vendor:/opt/ros/jazzy/opt/gz_common_vendor:/opt/ros/jazzy/opt/gz_math_vendor:/opt/ros/jazzy/opt/gz_utils_vendor:/opt/ros/jazzy/opt/gz_tools_vendor:/opt/ros/jazzy/opt/gz_ogre_next_vendor:/opt/ros/jazzy/opt/gz_dartsim_vendor:/opt/ros/jazzy/opt/gz_cmake_vendor:/opt/ros/jazzy LD_LIBRARY_PATH=/home/ysl/ros2_ws/COD_Behavior/BehaviorTree.ROS2/install/behaviortree_ros2/lib:/home/ysl/ros2_ws/COD_Behavior/BehaviorTree.ROS2/install/btcpp_ros2_interfaces/lib:${LD_LIBRARY_PATH} PYTHONPATH=/home/ysl/ros2_ws/COD_Behavior/BehaviorTree.ROS2/install/btcpp_ros2_interfaces/lib/python3.12/site-packages:${PYTHONPATH} /usr/bin/cmake /home/ysl/ros2_ws/COD_Behavior/BehaviorTree.ROS2/btcpp_ros2_samples -DAMENT_CMAKE_SYMLINK_INSTALL=1 -DCMAKE_INSTALL_PREFIX=/home/ysl/ros2_ws/COD_Behavior/BehaviorTree.ROS2/install/btcpp_ros2_samples
[1.141s] -- The C compiler identification is GNU 13.3.0
[3.528s] -- The CXX compiler identification is GNU 13.3.0
[5.952s] -- Detecting C compiler ABI info
[6.772s] -- Detecting C compiler ABI info - done
[6.786s] -- Check for working C compiler: /usr/bin/cc - skipped
[6.787s] -- Detecting C compile features
[6.787s] -- Detecting C compile features - done
[7.131s] -- Detecting CXX compiler ABI info
[7.966s] -- Detecting CXX compiler ABI info - done
[7.983s] -- Check for working CXX compiler: /usr/bin/c++ - skipped
[7.983s] -- Detecting CXX compile features
[7.984s] -- Detecting CXX compile features - done
[8.004s] -- Found ament_cmake: 2.5.4 (/opt/ros/jazzy/share/ament_cmake/cmake)
[8.305s] -- Found Python3: /usr/bin/python3 (found version "3.12.3") found components: Interpreter 
[8.449s] -- Override CMake install command with custom implementation using symlinks instead of copying resources
[8.582s] -- Found behaviortree_ros2: 0.3.0 (/home/ysl/ros2_ws/COD_Behavior/BehaviorTree.ROS2/install/behaviortree_ros2/share/behaviortree_ros2/cmake)
[9.295s] -- Found rosidl_generator_c: 4.6.5 (/opt/ros/jazzy/share/rosidl_generator_c/cmake)
[9.338s] -- Found rosidl_generator_cpp: 4.6.5 (/opt/ros/jazzy/share/rosidl_generator_cpp/cmake)
[9.390s] -- Using all available rosidl_typesupport_c: rosidl_typesupport_fastrtps_c;rosidl_typesupport_introspection_c
[9.444s] -- Using all available rosidl_typesupport_cpp: rosidl_typesupport_fastrtps_cpp;rosidl_typesupport_introspection_cpp
[9.686s] -- Found rmw_implementation_cmake: 7.3.2 (/opt/ros/jazzy/share/rmw_implementation_cmake/cmake)
[9.698s] -- Found rmw_fastrtps_cpp: 8.4.2 (/opt/ros/jazzy/share/rmw_fastrtps_cpp/cmake)
[9.897s] -- Found OpenSSL: /usr/lib/x86_64-linux-gnu/libcrypto.so (found version "3.0.13")  
[10.625s] -- Found FastRTPS: /opt/ros/jazzy/include (Required is at least version "2.13") 
[11.006s] -- Using RMW implementation 'rmw_fastrtps_cpp' as default
[12.074s] -- Found std_msgs: 5.3.6 (/opt/ros/jazzy/share/std_msgs/cmake)
[12.121s] -- Found std_srvs: 5.3.6 (/opt/ros/jazzy/share/std_srvs/cmake)
[12.330s] -- Configuring done (11.6s)
[12.434s] -- Generating done (0.1s)
[12.461s] -- Build files have been written to: /home/ysl/ros2_ws/COD_Behavior/BehaviorTree.ROS2/build/btcpp_ros2_samples
[12.481s] Invoked command in '/home/ysl/ros2_ws/COD_Behavior/BehaviorTree.ROS2/build/btcpp_ros2_samples' returned '0': AMENT_PREFIX_PATH=/home/ysl/ros2_ws/COD_Behavior/BehaviorTree.ROS2/install/behaviortree_ros2:/home/ysl/ros2_ws/COD_Behavior/BehaviorTree.ROS2/install/btcpp_ros2_interfaces:${AMENT_PREFIX_PATH} CMAKE_PREFIX_PATH=/home/ysl/ros2_ws/COD_Behavior/BehaviorTree.ROS2/install/behaviortree_ros2:/home/ysl/ros2_ws/COD_Behavior/BehaviorTree.ROS2/install/btcpp_ros2_interfaces:/home/ysl/BehaviorTree.CPP/install/behaviortree_cpp:/opt/ros/jazzy/opt/gz_sim_vendor:/opt/ros/jazzy/opt/gz_sensors_vendor:/opt/ros/jazzy/opt/gz_physics_vendor:/opt/ros/jazzy/opt/sdformat_vendor:/opt/ros/jazzy/opt/gz_gui_vendor:/opt/ros/jazzy/opt/gz_transport_vendor:/opt/ros/jazzy/opt/gz_rendering_vendor:/opt/ros/jazzy/opt/gz_plugin_vendor:/opt/ros/jazzy/opt/gz_fuel_tools_vendor:/opt/ros/jazzy/opt/gz_msgs_vendor:/opt/ros/jazzy/opt/gz_common_vendor:/opt/ros/jazzy/opt/gz_math_vendor:/opt/ros/jazzy/opt/gz_utils_vendor:/opt/ros/jazzy/opt/gz_tools_vendor:/opt/ros/jazzy/opt/gz_ogre_next_vendor:/opt/ros/jazzy/opt/gz_dartsim_vendor:/opt/ros/jazzy/opt/gz_cmake_vendor:/opt/ros/jazzy LD_LIBRARY_PATH=/home/ysl/ros2_ws/COD_Behavior/BehaviorTree.ROS2/install/behaviortree_ros2/lib:/home/ysl/ros2_ws/COD_Behavior/BehaviorTree.ROS2/install/btcpp_ros2_interfaces/lib:${LD_LIBRARY_PATH} PYTHONPATH=/home/ysl/ros2_ws/COD_Behavior/BehaviorTree.ROS2/install/btcpp_ros2_interfaces/lib/python3.12/site-packages:${PYTHONPATH} /usr/bin/cmake /home/ysl/ros2_ws/COD_Behavior/BehaviorTree.ROS2/btcpp_ros2_samples -DAMENT_CMAKE_SYMLINK_INSTALL=1 -DCMAKE_INSTALL_PREFIX=/home/ysl/ros2_ws/COD_Behavior/BehaviorTree.ROS2/install/btcpp_ros2_samples
[12.483s] Invoking command in '/home/ysl/ros2_ws/COD_Behavior/BehaviorTree.ROS2/build/btcpp_ros2_samples': AMENT_PREFIX_PATH=/home/ysl/ros2_ws/COD_Behavior/BehaviorTree.ROS2/install/behaviortree_ros2:/home/ysl/ros2_ws/COD_Behavior/BehaviorTree.ROS2/install/btcpp_ros2_interfaces:${AMENT_PREFIX_PATH} CMAKE_PREFIX_PATH=/home/ysl/ros2_ws/COD_Behavior/BehaviorTree.ROS2/install/behaviortree_ros2:/home/ysl/ros2_ws/COD_Behavior/BehaviorTree.ROS2/install/btcpp_ros2_interfaces:/home/ysl/BehaviorTree.CPP/install/behaviortree_cpp:/opt/ros/jazzy/opt/gz_sim_vendor:/opt/ros/jazzy/opt/gz_sensors_vendor:/opt/ros/jazzy/opt/gz_physics_vendor:/opt/ros/jazzy/opt/sdformat_vendor:/opt/ros/jazzy/opt/gz_gui_vendor:/opt/ros/jazzy/opt/gz_transport_vendor:/opt/ros/jazzy/opt/gz_rendering_vendor:/opt/ros/jazzy/opt/gz_plugin_vendor:/opt/ros/jazzy/opt/gz_fuel_tools_vendor:/opt/ros/jazzy/opt/gz_msgs_vendor:/opt/ros/jazzy/opt/gz_common_vendor:/opt/ros/jazzy/opt/gz_math_vendor:/opt/ros/jazzy/opt/gz_utils_vendor:/opt/ros/jazzy/opt/gz_tools_vendor:/opt/ros/jazzy/opt/gz_ogre_next_vendor:/opt/ros/jazzy/opt/gz_dartsim_vendor:/opt/ros/jazzy/opt/gz_cmake_vendor:/opt/ros/jazzy LD_LIBRARY_PATH=/home/ysl/ros2_ws/COD_Behavior/BehaviorTree.ROS2/install/behaviortree_ros2/lib:/home/ysl/ros2_ws/COD_Behavior/BehaviorTree.ROS2/install/btcpp_ros2_interfaces/lib:${LD_LIBRARY_PATH} PYTHONPATH=/home/ysl/ros2_ws/COD_Behavior/BehaviorTree.ROS2/install/btcpp_ros2_interfaces/lib/python3.12/site-packages:${PYTHONPATH} /usr/bin/cmake --build /home/ysl/ros2_ws/COD_Behavior/BehaviorTree.ROS2/build/btcpp_ros2_samples -- -j12 -l12
[12.577s] [ 22%] [32mBuilding CXX object CMakeFiles/sleep_client.dir/src/sleep_client.cpp.o[0m
[12.577s] [ 22%] [32mBuilding CXX object CMakeFiles/sleep_client.dir/src/sleep_action.cpp.o[0m
[12.577s] [ 22%] [32mBuilding CXX object CMakeFiles/sleep_plugin.dir/src/sleep_action.cpp.o[0m
[12.578s] [ 22%] [32mBuilding CXX object CMakeFiles/subscriber_test.dir/src/subscriber_test.cpp.o[0m
[12.578s] [ 27%] [32mBuilding CXX object CMakeFiles/sample_bt_executor.dir/src/sample_bt_executor.cpp.o[0m
[12.579s] [ 33%] [32mBuilding CXX object CMakeFiles/sleep_server.dir/src/sleep_server.cpp.o[0m
[12.579s] [ 38%] [32mBuilding CXX object CMakeFiles/bool_server.dir/src/bool_server.cpp.o[0m
[12.581s] [ 44%] [32mBuilding CXX object CMakeFiles/bool_client.dir/src/bool_client.cpp.o[0m
[12.583s] [ 50%] [32mBuilding CXX object CMakeFiles/bool_client.dir/src/set_bool_node.cpp.o[0m
[22.654s] [ 55%] [32m[1mLinking CXX executable bool_server[0m
[23.913s] [ 55%] Built target bool_server
[28.347s] [ 61%] [32m[1mLinking CXX executable sleep_server[0m
[29.001s] [ 66%] [32m[1mLinking CXX executable bool_client[0m
[29.595s] [ 66%] Built target sleep_server
[30.043s] [ 66%] Built target bool_client
[30.133s] [ 72%] [32m[1mLinking CXX shared library libsleep_plugin.so[0m
[30.310s] [ 77%] [32m[1mLinking CXX executable sleep_client[0m
[30.838s] [ 77%] Built target sleep_plugin
[30.909s] [ 83%] [32mBuilding CXX object CMakeFiles/sleep_client_dyn.dir/src/sleep_client.cpp.o[0m
[31.150s] [ 83%] Built target sleep_client
[35.587s] [ 88%] [32m[1mLinking CXX executable sample_bt_executor[0m
[36.723s] [ 88%] Built target sample_bt_executor
[39.100s] [ 94%] [32m[1mLinking CXX executable subscriber_test[0m
[40.051s] [ 94%] Built target subscriber_test
[40.681s] [100%] [32m[1mLinking CXX executable sleep_client_dyn[0m
[41.310s] [100%] Built target sleep_client_dyn
[41.336s] Invoked command in '/home/ysl/ros2_ws/COD_Behavior/BehaviorTree.ROS2/build/btcpp_ros2_samples' returned '0': AMENT_PREFIX_PATH=/home/ysl/ros2_ws/COD_Behavior/BehaviorTree.ROS2/install/behaviortree_ros2:/home/ysl/ros2_ws/COD_Behavior/BehaviorTree.ROS2/install/btcpp_ros2_interfaces:${AMENT_PREFIX_PATH} CMAKE_PREFIX_PATH=/home/ysl/ros2_ws/COD_Behavior/BehaviorTree.ROS2/install/behaviortree_ros2:/home/ysl/ros2_ws/COD_Behavior/BehaviorTree.ROS2/install/btcpp_ros2_interfaces:/home/ysl/BehaviorTree.CPP/install/behaviortree_cpp:/opt/ros/jazzy/opt/gz_sim_vendor:/opt/ros/jazzy/opt/gz_sensors_vendor:/opt/ros/jazzy/opt/gz_physics_vendor:/opt/ros/jazzy/opt/sdformat_vendor:/opt/ros/jazzy/opt/gz_gui_vendor:/opt/ros/jazzy/opt/gz_transport_vendor:/opt/ros/jazzy/opt/gz_rendering_vendor:/opt/ros/jazzy/opt/gz_plugin_vendor:/opt/ros/jazzy/opt/gz_fuel_tools_vendor:/opt/ros/jazzy/opt/gz_msgs_vendor:/opt/ros/jazzy/opt/gz_common_vendor:/opt/ros/jazzy/opt/gz_math_vendor:/opt/ros/jazzy/opt/gz_utils_vendor:/opt/ros/jazzy/opt/gz_tools_vendor:/opt/ros/jazzy/opt/gz_ogre_next_vendor:/opt/ros/jazzy/opt/gz_dartsim_vendor:/opt/ros/jazzy/opt/gz_cmake_vendor:/opt/ros/jazzy LD_LIBRARY_PATH=/home/ysl/ros2_ws/COD_Behavior/BehaviorTree.ROS2/install/behaviortree_ros2/lib:/home/ysl/ros2_ws/COD_Behavior/BehaviorTree.ROS2/install/btcpp_ros2_interfaces/lib:${LD_LIBRARY_PATH} PYTHONPATH=/home/ysl/ros2_ws/COD_Behavior/BehaviorTree.ROS2/install/btcpp_ros2_interfaces/lib/python3.12/site-packages:${PYTHONPATH} /usr/bin/cmake --build /home/ysl/ros2_ws/COD_Behavior/BehaviorTree.ROS2/build/btcpp_ros2_samples -- -j12 -l12
[41.342s] Invoking command in '/home/ysl/ros2_ws/COD_Behavior/BehaviorTree.ROS2/build/btcpp_ros2_samples': AMENT_PREFIX_PATH=/home/ysl/ros2_ws/COD_Behavior/BehaviorTree.ROS2/install/behaviortree_ros2:/home/ysl/ros2_ws/COD_Behavior/BehaviorTree.ROS2/install/btcpp_ros2_interfaces:${AMENT_PREFIX_PATH} CMAKE_PREFIX_PATH=/home/ysl/ros2_ws/COD_Behavior/BehaviorTree.ROS2/install/behaviortree_ros2:/home/ysl/ros2_ws/COD_Behavior/BehaviorTree.ROS2/install/btcpp_ros2_interfaces:/home/ysl/BehaviorTree.CPP/install/behaviortree_cpp:/opt/ros/jazzy/opt/gz_sim_vendor:/opt/ros/jazzy/opt/gz_sensors_vendor:/opt/ros/jazzy/opt/gz_physics_vendor:/opt/ros/jazzy/opt/sdformat_vendor:/opt/ros/jazzy/opt/gz_gui_vendor:/opt/ros/jazzy/opt/gz_transport_vendor:/opt/ros/jazzy/opt/gz_rendering_vendor:/opt/ros/jazzy/opt/gz_plugin_vendor:/opt/ros/jazzy/opt/gz_fuel_tools_vendor:/opt/ros/jazzy/opt/gz_msgs_vendor:/opt/ros/jazzy/opt/gz_common_vendor:/opt/ros/jazzy/opt/gz_math_vendor:/opt/ros/jazzy/opt/gz_utils_vendor:/opt/ros/jazzy/opt/gz_tools_vendor:/opt/ros/jazzy/opt/gz_ogre_next_vendor:/opt/ros/jazzy/opt/gz_dartsim_vendor:/opt/ros/jazzy/opt/gz_cmake_vendor:/opt/ros/jazzy LD_LIBRARY_PATH=/home/ysl/ros2_ws/COD_Behavior/BehaviorTree.ROS2/install/behaviortree_ros2/lib:/home/ysl/ros2_ws/COD_Behavior/BehaviorTree.ROS2/install/btcpp_ros2_interfaces/lib:${LD_LIBRARY_PATH} PYTHONPATH=/home/ysl/ros2_ws/COD_Behavior/BehaviorTree.ROS2/install/btcpp_ros2_interfaces/lib/python3.12/site-packages:${PYTHONPATH} /usr/bin/cmake --install /home/ysl/ros2_ws/COD_Behavior/BehaviorTree.ROS2/build/btcpp_ros2_samples
[41.356s] -- Install configuration: ""
[41.359s] -- Execute custom install script
[41.361s] -- Symlinking: /home/ysl/ros2_ws/COD_Behavior/BehaviorTree.ROS2/install/btcpp_ros2_samples/lib/btcpp_ros2_samples/sleep_client
[41.379s] -- Symlinking: /home/ysl/ros2_ws/COD_Behavior/BehaviorTree.ROS2/install/btcpp_ros2_samples/lib/btcpp_ros2_samples/sleep_client_dyn
[41.398s] -- Symlinking: /home/ysl/ros2_ws/COD_Behavior/BehaviorTree.ROS2/install/btcpp_ros2_samples/lib/btcpp_ros2_samples/sleep_server
[41.414s] -- Symlinking: /home/ysl/ros2_ws/COD_Behavior/BehaviorTree.ROS2/install/btcpp_ros2_samples/lib/btcpp_ros2_samples/libsleep_plugin.so
[41.430s] -- Symlinking: /home/ysl/ros2_ws/COD_Behavior/BehaviorTree.ROS2/install/btcpp_ros2_samples/lib/btcpp_ros2_samples/subscriber_test
[41.445s] -- Symlinking: /home/ysl/ros2_ws/COD_Behavior/BehaviorTree.ROS2/install/btcpp_ros2_samples/lib/btcpp_ros2_samples/sample_bt_executor
[41.459s] -- Symlinking: /home/ysl/ros2_ws/COD_Behavior/BehaviorTree.ROS2/install/btcpp_ros2_samples/lib/btcpp_ros2_samples/bool_client
[41.474s] -- Symlinking: /home/ysl/ros2_ws/COD_Behavior/BehaviorTree.ROS2/install/btcpp_ros2_samples/lib/btcpp_ros2_samples/bool_server
[41.491s] -- Symlinking: /home/ysl/ros2_ws/COD_Behavior/BehaviorTree.ROS2/install/btcpp_ros2_samples/share/btcpp_ros2_samples/bt_plugins/libsleep_plugin.so
[41.510s] -- Symlinking: /home/ysl/ros2_ws/COD_Behavior/BehaviorTree.ROS2/install/btcpp_ros2_samples/share/btcpp_ros2_samples//behavior_trees/cross_door.xml
[41.525s] -- Symlinking: /home/ysl/ros2_ws/COD_Behavior/BehaviorTree.ROS2/install/btcpp_ros2_samples/share/btcpp_ros2_samples//behavior_trees/door_closed.xml
[41.541s] -- Symlinking: /home/ysl/ros2_ws/COD_Behavior/BehaviorTree.ROS2/install/btcpp_ros2_samples/share/btcpp_ros2_samples//behavior_trees/sleep_action.xml
[41.557s] -- Symlinking: /home/ysl/ros2_ws/COD_Behavior/BehaviorTree.ROS2/install/btcpp_ros2_samples/share/btcpp_ros2_samples//config/sample_bt_executor.yaml
[41.575s] -- Symlinking: /home/ysl/ros2_ws/COD_Behavior/BehaviorTree.ROS2/install/btcpp_ros2_samples/share/btcpp_ros2_samples//launch/sample_bt_executor.launch.xml
[41.593s] -- Symlinking: /home/ysl/ros2_ws/COD_Behavior/BehaviorTree.ROS2/install/btcpp_ros2_samples/share/ament_index/resource_index/package_run_dependencies/btcpp_ros2_samples
[41.610s] -- Symlinking: /home/ysl/ros2_ws/COD_Behavior/BehaviorTree.ROS2/install/btcpp_ros2_samples/share/ament_index/resource_index/parent_prefix_path/btcpp_ros2_samples
[41.629s] -- Symlinking: /home/ysl/ros2_ws/COD_Behavior/BehaviorTree.ROS2/install/btcpp_ros2_samples/share/btcpp_ros2_samples/environment/ament_prefix_path.sh
[41.645s] -- Symlinking: /home/ysl/ros2_ws/COD_Behavior/BehaviorTree.ROS2/install/btcpp_ros2_samples/share/btcpp_ros2_samples/environment/ament_prefix_path.dsv
[41.662s] -- Symlinking: /home/ysl/ros2_ws/COD_Behavior/BehaviorTree.ROS2/install/btcpp_ros2_samples/share/btcpp_ros2_samples/environment/path.sh
[41.682s] -- Symlinking: /home/ysl/ros2_ws/COD_Behavior/BehaviorTree.ROS2/install/btcpp_ros2_samples/share/btcpp_ros2_samples/environment/path.dsv
[41.698s] -- Symlinking: /home/ysl/ros2_ws/COD_Behavior/BehaviorTree.ROS2/install/btcpp_ros2_samples/share/btcpp_ros2_samples/local_setup.bash
[41.714s] -- Symlinking: /home/ysl/ros2_ws/COD_Behavior/BehaviorTree.ROS2/install/btcpp_ros2_samples/share/btcpp_ros2_samples/local_setup.sh
[41.729s] -- Symlinking: /home/ysl/ros2_ws/COD_Behavior/BehaviorTree.ROS2/install/btcpp_ros2_samples/share/btcpp_ros2_samples/local_setup.zsh
[41.745s] -- Symlinking: /home/ysl/ros2_ws/COD_Behavior/BehaviorTree.ROS2/install/btcpp_ros2_samples/share/btcpp_ros2_samples/local_setup.dsv
[41.762s] -- Symlinking: /home/ysl/ros2_ws/COD_Behavior/BehaviorTree.ROS2/install/btcpp_ros2_samples/share/btcpp_ros2_samples/package.dsv
[41.782s] -- Symlinking: /home/ysl/ros2_ws/COD_Behavior/BehaviorTree.ROS2/install/btcpp_ros2_samples/share/ament_index/resource_index/packages/btcpp_ros2_samples
[41.801s] -- Symlinking: /home/ysl/ros2_ws/COD_Behavior/BehaviorTree.ROS2/install/btcpp_ros2_samples/share/btcpp_ros2_samples/cmake/ament_cmake_export_dependencies-extras.cmake
[41.820s] -- Symlinking: /home/ysl/ros2_ws/COD_Behavior/BehaviorTree.ROS2/install/btcpp_ros2_samples/share/btcpp_ros2_samples/cmake/btcpp_ros2_samplesConfig.cmake
[41.836s] -- Symlinking: /home/ysl/ros2_ws/COD_Behavior/BehaviorTree.ROS2/install/btcpp_ros2_samples/share/btcpp_ros2_samples/cmake/btcpp_ros2_samplesConfig-version.cmake
[41.850s] -- Symlinking: /home/ysl/ros2_ws/COD_Behavior/BehaviorTree.ROS2/install/btcpp_ros2_samples/share/btcpp_ros2_samples/package.xml
[41.871s] Invoked command in '/home/ysl/ros2_ws/COD_Behavior/BehaviorTree.ROS2/build/btcpp_ros2_samples' returned '0': AMENT_PREFIX_PATH=/home/ysl/ros2_ws/COD_Behavior/BehaviorTree.ROS2/install/behaviortree_ros2:/home/ysl/ros2_ws/COD_Behavior/BehaviorTree.ROS2/install/btcpp_ros2_interfaces:${AMENT_PREFIX_PATH} CMAKE_PREFIX_PATH=/home/ysl/ros2_ws/COD_Behavior/BehaviorTree.ROS2/install/behaviortree_ros2:/home/ysl/ros2_ws/COD_Behavior/BehaviorTree.ROS2/install/btcpp_ros2_interfaces:/home/ysl/BehaviorTree.CPP/install/behaviortree_cpp:/opt/ros/jazzy/opt/gz_sim_vendor:/opt/ros/jazzy/opt/gz_sensors_vendor:/opt/ros/jazzy/opt/gz_physics_vendor:/opt/ros/jazzy/opt/sdformat_vendor:/opt/ros/jazzy/opt/gz_gui_vendor:/opt/ros/jazzy/opt/gz_transport_vendor:/opt/ros/jazzy/opt/gz_rendering_vendor:/opt/ros/jazzy/opt/gz_plugin_vendor:/opt/ros/jazzy/opt/gz_fuel_tools_vendor:/opt/ros/jazzy/opt/gz_msgs_vendor:/opt/ros/jazzy/opt/gz_common_vendor:/opt/ros/jazzy/opt/gz_math_vendor:/opt/ros/jazzy/opt/gz_utils_vendor:/opt/ros/jazzy/opt/gz_tools_vendor:/opt/ros/jazzy/opt/gz_ogre_next_vendor:/opt/ros/jazzy/opt/gz_dartsim_vendor:/opt/ros/jazzy/opt/gz_cmake_vendor:/opt/ros/jazzy LD_LIBRARY_PATH=/home/ysl/ros2_ws/COD_Behavior/BehaviorTree.ROS2/install/behaviortree_ros2/lib:/home/ysl/ros2_ws/COD_Behavior/BehaviorTree.ROS2/install/btcpp_ros2_interfaces/lib:${LD_LIBRARY_PATH} PYTHONPATH=/home/ysl/ros2_ws/COD_Behavior/BehaviorTree.ROS2/install/btcpp_ros2_interfaces/lib/python3.12/site-packages:${PYTHONPATH} /usr/bin/cmake --install /home/ysl/ros2_ws/COD_Behavior/BehaviorTree.ROS2/build/btcpp_ros2_samples
