[0.041s] Invoking command in '/home/ysl/ros2_ws/build/rm_interfaces': CMAKE_PREFIX_PATH=${CMAKE_PREFIX_PATH}:/opt/ros/jazzy /usr/bin/cmake --build /home/ysl/ros2_ws/build/rm_interfaces -- -j12 -l12
[0.213s] [  0%] Built target rm_interfaces__rosidl_generator_type_description
[0.301s] [  0%] Built target ament_cmake_python_symlink_rm_interfaces
[0.410s] [ 28%] Built target rm_interfaces__rosidl_generator_c
[0.997s] running egg_info
[1.056s] writing rm_interfaces.egg-info/PKG-INFO
[1.057s] writing dependency_links to rm_interfaces.egg-info/dependency_links.txt
[1.058s] writing top-level names to rm_interfaces.egg-info/top_level.txt
[1.237s] reading manifest file 'rm_interfaces.egg-info/SOURCES.txt'
[1.240s] writing manifest file 'rm_interfaces.egg-info/SOURCES.txt'
[1.313s] [ 28%] Built target ament_cmake_python_build_rm_interfaces_egg
[1.390s] [ 38%] Built target rm_interfaces__rosidl_typesupport_c
[1.472s] [ 48%] Built target rm_interfaces__rosidl_typesupport_introspection_c
[1.569s] [ 58%] Built target rm_interfaces__rosidl_typesupport_fastrtps_c
[1.643s] [ 58%] Built target rm_interfaces__cpp
[1.727s] [ 68%] Built target rm_interfaces__rosidl_typesupport_cpp
[1.825s] [ 78%] Built target rm_interfaces__rosidl_typesupport_introspection_cpp
[1.945s] [ 87%] Built target rm_interfaces__rosidl_typesupport_fastrtps_cpp
[2.007s] [ 87%] Built target rm_interfaces
[2.074s] [ 87%] Built target rm_interfaces__py
[2.154s] [ 97%] Built target rm_interfaces__rosidl_generator_py
[2.219s] [ 98%] Built target rm_interfaces_s__rosidl_typesupport_fastrtps_c
[2.289s] [ 99%] Built target rm_interfaces_s__rosidl_typesupport_c
[2.370s] [100%] Built target rm_interfaces_s__rosidl_typesupport_introspection_c
[2.454s] Invoked command in '/home/ysl/ros2_ws/build/rm_interfaces' returned '0': CMAKE_PREFIX_PATH=${CMAKE_PREFIX_PATH}:/opt/ros/jazzy /usr/bin/cmake --build /home/ysl/ros2_ws/build/rm_interfaces -- -j12 -l12
[2.458s] Invoking command in '/home/ysl/ros2_ws/build/rm_interfaces': CMAKE_PREFIX_PATH=${CMAKE_PREFIX_PATH}:/opt/ros/jazzy /usr/bin/cmake --install /home/ysl/ros2_ws/build/rm_interfaces
[2.484s] -- Install configuration: ""
[2.487s] -- Execute custom install script
[2.487s] -- Up-to-date symlink: /home/ysl/ros2_ws/install/rm_interfaces/share/ament_index/resource_index/rosidl_interfaces/rm_interfaces
[2.488s] -- Up-to-date symlink: /home/ysl/ros2_ws/install/rm_interfaces/share/rm_interfaces/msg/Armor.json
[2.489s] -- Up-to-date symlink: /home/ysl/ros2_ws/install/rm_interfaces/share/rm_interfaces/msg/Armors.json
[2.490s] -- Up-to-date symlink: /home/ysl/ros2_ws/install/rm_interfaces/share/rm_interfaces/msg/Target.json
[2.492s] -- Up-to-date symlink: /home/ysl/ros2_ws/install/rm_interfaces/share/rm_interfaces/msg/RuneTarget.json
[2.494s] -- Up-to-date symlink: /home/ysl/ros2_ws/install/rm_interfaces/share/rm_interfaces/msg/Point2d.json
[2.495s] -- Up-to-date symlink: /home/ysl/ros2_ws/install/rm_interfaces/share/rm_interfaces/msg/GimbalCmd.json
[2.495s] -- Up-to-date symlink: /home/ysl/ros2_ws/install/rm_interfaces/share/rm_interfaces/msg/ChassisCmd.json
[2.496s] -- Up-to-date symlink: /home/ysl/ros2_ws/install/rm_interfaces/share/rm_interfaces/msg/DebugLight.json
[2.496s] -- Up-to-date symlink: /home/ysl/ros2_ws/install/rm_interfaces/share/rm_interfaces/msg/DebugLights.json
[2.496s] -- Up-to-date symlink: /home/ysl/ros2_ws/install/rm_interfaces/share/rm_interfaces/msg/DebugArmor.json
[2.497s] -- Up-to-date symlink: /home/ysl/ros2_ws/install/rm_interfaces/share/rm_interfaces/msg/DebugArmors.json
[2.497s] -- Up-to-date symlink: /home/ysl/ros2_ws/install/rm_interfaces/share/rm_interfaces/msg/DebugRuneAngle.json
[2.498s] -- Up-to-date symlink: /home/ysl/ros2_ws/install/rm_interfaces/share/rm_interfaces/msg/Measurement.json
[2.498s] -- Up-to-date symlink: /home/ysl/ros2_ws/install/rm_interfaces/share/rm_interfaces/msg/JudgeSystemData.json
[2.498s] -- Up-to-date symlink: /home/ysl/ros2_ws/install/rm_interfaces/share/rm_interfaces/msg/OperatorCommand.json
[2.499s] -- Up-to-date symlink: /home/ysl/ros2_ws/install/rm_interfaces/share/rm_interfaces/msg/SerialReceiveData.json
[2.499s] -- Up-to-date symlink: /home/ysl/ros2_ws/install/rm_interfaces/share/rm_interfaces/msg/EkfP.json
[2.500s] -- Up-to-date symlink: /home/ysl/ros2_ws/install/rm_interfaces/share/rm_interfaces/msg/Want.json
[2.501s] -- Up-to-date symlink: /home/ysl/ros2_ws/install/rm_interfaces/share/rm_interfaces/msg/LimitAngle.json
[2.501s] -- Up-to-date symlink: /home/ysl/ros2_ws/install/rm_interfaces/share/rm_interfaces/msg/ShootFireTarget.json
[2.502s] -- Up-to-date symlink: /home/ysl/ros2_ws/install/rm_interfaces/share/rm_interfaces/msg/ShootFireTargets.json
[2.503s] -- Up-to-date symlink: /home/ysl/ros2_ws/install/rm_interfaces/share/rm_interfaces/srv/SetMode.json
[2.507s] -- Up-to-date symlink: /home/ysl/ros2_ws/install/rm_interfaces/include/rm_interfaces/rm_interfaces/msg/armor.h
[2.507s] -- Up-to-date symlink: /home/ysl/ros2_ws/install/rm_interfaces/include/rm_interfaces/rm_interfaces/msg/armors.h
[2.508s] -- Up-to-date symlink: /home/ysl/ros2_ws/install/rm_interfaces/include/rm_interfaces/rm_interfaces/msg/chassis_cmd.h
[2.509s] -- Up-to-date symlink: /home/ysl/ros2_ws/install/rm_interfaces/include/rm_interfaces/rm_interfaces/msg/debug_armor.h
[2.509s] -- Up-to-date symlink: /home/ysl/ros2_ws/install/rm_interfaces/include/rm_interfaces/rm_interfaces/msg/debug_armors.h
[2.510s] -- Up-to-date symlink: /home/ysl/ros2_ws/install/rm_interfaces/include/rm_interfaces/rm_interfaces/msg/debug_light.h
[2.510s] -- Up-to-date symlink: /home/ysl/ros2_ws/install/rm_interfaces/include/rm_interfaces/rm_interfaces/msg/debug_lights.h
[2.511s] -- Up-to-date symlink: /home/ysl/ros2_ws/install/rm_interfaces/include/rm_interfaces/rm_interfaces/msg/debug_rune_angle.h
[2.511s] -- Up-to-date symlink: /home/ysl/ros2_ws/install/rm_interfaces/include/rm_interfaces/rm_interfaces/msg/detail/armor__functions.h
[2.511s] -- Up-to-date symlink: /home/ysl/ros2_ws/install/rm_interfaces/include/rm_interfaces/rm_interfaces/msg/detail/armor__struct.h
[2.512s] -- Up-to-date symlink: /home/ysl/ros2_ws/install/rm_interfaces/include/rm_interfaces/rm_interfaces/msg/detail/armor__type_support.h
[2.512s] -- Up-to-date symlink: /home/ysl/ros2_ws/install/rm_interfaces/include/rm_interfaces/rm_interfaces/msg/detail/armors__functions.h
[2.512s] -- Up-to-date symlink: /home/ysl/ros2_ws/install/rm_interfaces/include/rm_interfaces/rm_interfaces/msg/detail/armors__struct.h
[2.513s] -- Up-to-date symlink: /home/ysl/ros2_ws/install/rm_interfaces/include/rm_interfaces/rm_interfaces/msg/detail/armors__type_support.h
[2.513s] -- Up-to-date symlink: /home/ysl/ros2_ws/install/rm_interfaces/include/rm_interfaces/rm_interfaces/msg/detail/chassis_cmd__functions.h
[2.514s] -- Up-to-date symlink: /home/ysl/ros2_ws/install/rm_interfaces/include/rm_interfaces/rm_interfaces/msg/detail/chassis_cmd__struct.h
[2.514s] -- Up-to-date symlink: /home/ysl/ros2_ws/install/rm_interfaces/include/rm_interfaces/rm_interfaces/msg/detail/chassis_cmd__type_support.h
[2.515s] -- Up-to-date symlink: /home/ysl/ros2_ws/install/rm_interfaces/include/rm_interfaces/rm_interfaces/msg/detail/debug_armor__functions.h
[2.515s] -- Up-to-date symlink: /home/ysl/ros2_ws/install/rm_interfaces/include/rm_interfaces/rm_interfaces/msg/detail/debug_armor__struct.h
[2.516s] -- Up-to-date symlink: /home/ysl/ros2_ws/install/rm_interfaces/include/rm_interfaces/rm_interfaces/msg/detail/debug_armor__type_support.h
[2.516s] -- Up-to-date symlink: /home/ysl/ros2_ws/install/rm_interfaces/include/rm_interfaces/rm_interfaces/msg/detail/debug_armors__functions.h
[2.516s] -- Up-to-date symlink: /home/ysl/ros2_ws/install/rm_interfaces/include/rm_interfaces/rm_interfaces/msg/detail/debug_armors__struct.h
[2.516s] -- Up-to-date symlink: /home/ysl/ros2_ws/install/rm_interfaces/include/rm_interfaces/rm_interfaces/msg/detail/debug_armors__type_support.h
[2.520s] -- Up-to-date symlink: /home/ysl/ros2_ws/install/rm_interfaces/include/rm_interfaces/rm_interfaces/msg/detail/debug_light__functions.h
[2.520s] -- Up-to-date symlink: /home/ysl/ros2_ws/install/rm_interfaces/include/rm_interfaces/rm_interfaces/msg/detail/debug_light__struct.h
[2.520s] -- Up-to-date symlink: /home/ysl/ros2_ws/install/rm_interfaces/include/rm_interfaces/rm_interfaces/msg/detail/debug_light__type_support.h
[2.521s] -- Up-to-date symlink: /home/ysl/ros2_ws/install/rm_interfaces/include/rm_interfaces/rm_interfaces/msg/detail/debug_lights__functions.h
[2.521s] -- Up-to-date symlink: /home/ysl/ros2_ws/install/rm_interfaces/include/rm_interfaces/rm_interfaces/msg/detail/debug_lights__struct.h
[2.521s] -- Up-to-date symlink: /home/ysl/ros2_ws/install/rm_interfaces/include/rm_interfaces/rm_interfaces/msg/detail/debug_lights__type_support.h
[2.522s] -- Up-to-date symlink: /home/ysl/ros2_ws/install/rm_interfaces/include/rm_interfaces/rm_interfaces/msg/detail/debug_rune_angle__functions.h
[2.522s] -- Up-to-date symlink: /home/ysl/ros2_ws/install/rm_interfaces/include/rm_interfaces/rm_interfaces/msg/detail/debug_rune_angle__struct.h
[2.522s] -- Up-to-date symlink: /home/ysl/ros2_ws/install/rm_interfaces/include/rm_interfaces/rm_interfaces/msg/detail/debug_rune_angle__type_support.h
[2.523s] -- Up-to-date symlink: /home/ysl/ros2_ws/install/rm_interfaces/include/rm_interfaces/rm_interfaces/msg/detail/ekf_p__functions.h
[2.523s] -- Up-to-date symlink: /home/ysl/ros2_ws/install/rm_interfaces/include/rm_interfaces/rm_interfaces/msg/detail/ekf_p__struct.h
[2.524s] -- Up-to-date symlink: /home/ysl/ros2_ws/install/rm_interfaces/include/rm_interfaces/rm_interfaces/msg/detail/ekf_p__type_support.h
[2.524s] -- Up-to-date symlink: /home/ysl/ros2_ws/install/rm_interfaces/include/rm_interfaces/rm_interfaces/msg/detail/gimbal_cmd__functions.h
[2.524s] -- Up-to-date symlink: /home/ysl/ros2_ws/install/rm_interfaces/include/rm_interfaces/rm_interfaces/msg/detail/gimbal_cmd__struct.h
[2.525s] -- Up-to-date symlink: /home/ysl/ros2_ws/install/rm_interfaces/include/rm_interfaces/rm_interfaces/msg/detail/gimbal_cmd__type_support.h
[2.525s] -- Up-to-date symlink: /home/ysl/ros2_ws/install/rm_interfaces/include/rm_interfaces/rm_interfaces/msg/detail/judge_system_data__functions.h
[2.525s] -- Up-to-date symlink: /home/ysl/ros2_ws/install/rm_interfaces/include/rm_interfaces/rm_interfaces/msg/detail/judge_system_data__struct.h
[2.525s] -- Up-to-date symlink: /home/ysl/ros2_ws/install/rm_interfaces/include/rm_interfaces/rm_interfaces/msg/detail/judge_system_data__type_support.h
[2.526s] -- Up-to-date symlink: /home/ysl/ros2_ws/install/rm_interfaces/include/rm_interfaces/rm_interfaces/msg/detail/limit_angle__functions.h
[2.526s] -- Up-to-date symlink: /home/ysl/ros2_ws/install/rm_interfaces/include/rm_interfaces/rm_interfaces/msg/detail/limit_angle__struct.h
[2.527s] -- Up-to-date symlink: /home/ysl/ros2_ws/install/rm_interfaces/include/rm_interfaces/rm_interfaces/msg/detail/limit_angle__type_support.h
[2.527s] -- Up-to-date symlink: /home/ysl/ros2_ws/install/rm_interfaces/include/rm_interfaces/rm_interfaces/msg/detail/measurement__functions.h
[2.528s] -- Up-to-date symlink: /home/ysl/ros2_ws/install/rm_interfaces/include/rm_interfaces/rm_interfaces/msg/detail/measurement__struct.h
[2.528s] -- Up-to-date symlink: /home/ysl/ros2_ws/install/rm_interfaces/include/rm_interfaces/rm_interfaces/msg/detail/measurement__type_support.h
[2.528s] -- Up-to-date symlink: /home/ysl/ros2_ws/install/rm_interfaces/include/rm_interfaces/rm_interfaces/msg/detail/operator_command__functions.h
[2.529s] -- Up-to-date symlink: /home/ysl/ros2_ws/install/rm_interfaces/include/rm_interfaces/rm_interfaces/msg/detail/operator_command__struct.h
[2.530s] -- Up-to-date symlink: /home/ysl/ros2_ws/install/rm_interfaces/include/rm_interfaces/rm_interfaces/msg/detail/operator_command__type_support.h
[2.530s] -- Up-to-date symlink: /home/ysl/ros2_ws/install/rm_interfaces/include/rm_interfaces/rm_interfaces/msg/detail/point2d__functions.h
[2.530s] -- Up-to-date symlink: /home/ysl/ros2_ws/install/rm_interfaces/include/rm_interfaces/rm_interfaces/msg/detail/point2d__struct.h
[2.531s] -- Up-to-date symlink: /home/ysl/ros2_ws/install/rm_interfaces/include/rm_interfaces/rm_interfaces/msg/detail/point2d__type_support.h
[2.531s] -- Up-to-date symlink: /home/ysl/ros2_ws/install/rm_interfaces/include/rm_interfaces/rm_interfaces/msg/detail/rune_target__functions.h
[2.532s] -- Up-to-date symlink: /home/ysl/ros2_ws/install/rm_interfaces/include/rm_interfaces/rm_interfaces/msg/detail/rune_target__struct.h
[2.532s] -- Up-to-date symlink: /home/ysl/ros2_ws/install/rm_interfaces/include/rm_interfaces/rm_interfaces/msg/detail/rune_target__type_support.h
[2.532s] -- Up-to-date symlink: /home/ysl/ros2_ws/install/rm_interfaces/include/rm_interfaces/rm_interfaces/msg/detail/serial_receive_data__functions.h
[2.533s] -- Up-to-date symlink: /home/ysl/ros2_ws/install/rm_interfaces/include/rm_interfaces/rm_interfaces/msg/detail/serial_receive_data__struct.h
[2.533s] -- Up-to-date symlink: /home/ysl/ros2_ws/install/rm_interfaces/include/rm_interfaces/rm_interfaces/msg/detail/serial_receive_data__type_support.h
[2.534s] -- Up-to-date symlink: /home/ysl/ros2_ws/install/rm_interfaces/include/rm_interfaces/rm_interfaces/msg/detail/shoot_fire_target__functions.h
[2.534s] -- Up-to-date symlink: /home/ysl/ros2_ws/install/rm_interfaces/include/rm_interfaces/rm_interfaces/msg/detail/shoot_fire_target__struct.h
[2.534s] -- Up-to-date symlink: /home/ysl/ros2_ws/install/rm_interfaces/include/rm_interfaces/rm_interfaces/msg/detail/shoot_fire_target__type_support.h
[2.535s] -- Up-to-date symlink: /home/ysl/ros2_ws/install/rm_interfaces/include/rm_interfaces/rm_interfaces/msg/detail/shoot_fire_targets__functions.h
[2.535s] -- Up-to-date symlink: /home/ysl/ros2_ws/install/rm_interfaces/include/rm_interfaces/rm_interfaces/msg/detail/shoot_fire_targets__struct.h
[2.535s] -- Up-to-date symlink: /home/ysl/ros2_ws/install/rm_interfaces/include/rm_interfaces/rm_interfaces/msg/detail/shoot_fire_targets__type_support.h
[2.535s] -- Up-to-date symlink: /home/ysl/ros2_ws/install/rm_interfaces/include/rm_interfaces/rm_interfaces/msg/detail/target__functions.h
[2.535s] -- Up-to-date symlink: /home/ysl/ros2_ws/install/rm_interfaces/include/rm_interfaces/rm_interfaces/msg/detail/target__struct.h
[2.536s] -- Up-to-date symlink: /home/ysl/ros2_ws/install/rm_interfaces/include/rm_interfaces/rm_interfaces/msg/detail/target__type_support.h
[2.536s] -- Up-to-date symlink: /home/ysl/ros2_ws/install/rm_interfaces/include/rm_interfaces/rm_interfaces/msg/detail/want__functions.h
[2.536s] -- Up-to-date symlink: /home/ysl/ros2_ws/install/rm_interfaces/include/rm_interfaces/rm_interfaces/msg/detail/want__struct.h
[2.536s] -- Up-to-date symlink: /home/ysl/ros2_ws/install/rm_interfaces/include/rm_interfaces/rm_interfaces/msg/detail/want__type_support.h
[2.537s] -- Up-to-date symlink: /home/ysl/ros2_ws/install/rm_interfaces/include/rm_interfaces/rm_interfaces/msg/ekf_p.h
[2.537s] -- Up-to-date symlink: /home/ysl/ros2_ws/install/rm_interfaces/include/rm_interfaces/rm_interfaces/msg/gimbal_cmd.h
[2.537s] -- Up-to-date symlink: /home/ysl/ros2_ws/install/rm_interfaces/include/rm_interfaces/rm_interfaces/msg/judge_system_data.h
[2.537s] -- Up-to-date symlink: /home/ysl/ros2_ws/install/rm_interfaces/include/rm_interfaces/rm_interfaces/msg/limit_angle.h
[2.537s] -- Up-to-date symlink: /home/ysl/ros2_ws/install/rm_interfaces/include/rm_interfaces/rm_interfaces/msg/measurement.h
[2.537s] -- Up-to-date symlink: /home/ysl/ros2_ws/install/rm_interfaces/include/rm_interfaces/rm_interfaces/msg/operator_command.h
[2.538s] -- Up-to-date symlink: /home/ysl/ros2_ws/install/rm_interfaces/include/rm_interfaces/rm_interfaces/msg/point2d.h
[2.538s] -- Up-to-date symlink: /home/ysl/ros2_ws/install/rm_interfaces/include/rm_interfaces/rm_interfaces/msg/rosidl_generator_c__visibility_control.h
[2.538s] -- Up-to-date symlink: /home/ysl/ros2_ws/install/rm_interfaces/include/rm_interfaces/rm_interfaces/msg/rune_target.h
[2.539s] -- Up-to-date symlink: /home/ysl/ros2_ws/install/rm_interfaces/include/rm_interfaces/rm_interfaces/msg/serial_receive_data.h
[2.539s] -- Up-to-date symlink: /home/ysl/ros2_ws/install/rm_interfaces/include/rm_interfaces/rm_interfaces/msg/shoot_fire_target.h
[2.539s] -- Up-to-date symlink: /home/ysl/ros2_ws/install/rm_interfaces/include/rm_interfaces/rm_interfaces/msg/shoot_fire_targets.h
[2.540s] -- Up-to-date symlink: /home/ysl/ros2_ws/install/rm_interfaces/include/rm_interfaces/rm_interfaces/msg/target.h
[2.541s] -- Up-to-date symlink: /home/ysl/ros2_ws/install/rm_interfaces/include/rm_interfaces/rm_interfaces/msg/want.h
[2.541s] -- Up-to-date symlink: /home/ysl/ros2_ws/install/rm_interfaces/include/rm_interfaces/rm_interfaces/srv/detail/set_mode__functions.h
[2.542s] -- Up-to-date symlink: /home/ysl/ros2_ws/install/rm_interfaces/include/rm_interfaces/rm_interfaces/srv/detail/set_mode__struct.h
[2.542s] -- Up-to-date symlink: /home/ysl/ros2_ws/install/rm_interfaces/include/rm_interfaces/rm_interfaces/srv/detail/set_mode__type_support.h
[2.542s] -- Up-to-date symlink: /home/ysl/ros2_ws/install/rm_interfaces/include/rm_interfaces/rm_interfaces/srv/set_mode.h
[2.542s] -- Up-to-date symlink: /home/ysl/ros2_ws/install/rm_interfaces/share/rm_interfaces/environment/library_path.sh
[2.543s] -- Up-to-date symlink: /home/ysl/ros2_ws/install/rm_interfaces/share/rm_interfaces/environment/library_path.dsv
[2.545s] -- Up-to-date symlink: /home/ysl/ros2_ws/install/rm_interfaces/include/rm_interfaces/rm_interfaces/msg/detail/armor__rosidl_typesupport_fastrtps_c.h
[2.546s] -- Up-to-date symlink: /home/ysl/ros2_ws/install/rm_interfaces/include/rm_interfaces/rm_interfaces/msg/detail/armors__rosidl_typesupport_fastrtps_c.h
[2.549s] -- Up-to-date symlink: /home/ysl/ros2_ws/install/rm_interfaces/include/rm_interfaces/rm_interfaces/msg/detail/chassis_cmd__rosidl_typesupport_fastrtps_c.h
[2.549s] -- Up-to-date symlink: /home/ysl/ros2_ws/install/rm_interfaces/include/rm_interfaces/rm_interfaces/msg/detail/debug_armor__rosidl_typesupport_fastrtps_c.h
[2.550s] -- Up-to-date symlink: /home/ysl/ros2_ws/install/rm_interfaces/include/rm_interfaces/rm_interfaces/msg/detail/debug_armors__rosidl_typesupport_fastrtps_c.h
[2.550s] -- Up-to-date symlink: /home/ysl/ros2_ws/install/rm_interfaces/include/rm_interfaces/rm_interfaces/msg/detail/debug_light__rosidl_typesupport_fastrtps_c.h
[2.551s] -- Up-to-date symlink: /home/ysl/ros2_ws/install/rm_interfaces/include/rm_interfaces/rm_interfaces/msg/detail/debug_lights__rosidl_typesupport_fastrtps_c.h
[2.551s] -- Up-to-date symlink: /home/ysl/ros2_ws/install/rm_interfaces/include/rm_interfaces/rm_interfaces/msg/detail/debug_rune_angle__rosidl_typesupport_fastrtps_c.h
[2.552s] -- Up-to-date symlink: /home/ysl/ros2_ws/install/rm_interfaces/include/rm_interfaces/rm_interfaces/msg/detail/ekf_p__rosidl_typesupport_fastrtps_c.h
[2.552s] -- Up-to-date symlink: /home/ysl/ros2_ws/install/rm_interfaces/include/rm_interfaces/rm_interfaces/msg/detail/gimbal_cmd__rosidl_typesupport_fastrtps_c.h
[2.553s] -- Up-to-date symlink: /home/ysl/ros2_ws/install/rm_interfaces/include/rm_interfaces/rm_interfaces/msg/detail/judge_system_data__rosidl_typesupport_fastrtps_c.h
[2.553s] -- Up-to-date symlink: /home/ysl/ros2_ws/install/rm_interfaces/include/rm_interfaces/rm_interfaces/msg/detail/limit_angle__rosidl_typesupport_fastrtps_c.h
[2.553s] -- Up-to-date symlink: /home/ysl/ros2_ws/install/rm_interfaces/include/rm_interfaces/rm_interfaces/msg/detail/measurement__rosidl_typesupport_fastrtps_c.h
[2.554s] -- Up-to-date symlink: /home/ysl/ros2_ws/install/rm_interfaces/include/rm_interfaces/rm_interfaces/msg/detail/operator_command__rosidl_typesupport_fastrtps_c.h
[2.554s] -- Up-to-date symlink: /home/ysl/ros2_ws/install/rm_interfaces/include/rm_interfaces/rm_interfaces/msg/detail/point2d__rosidl_typesupport_fastrtps_c.h
[2.554s] -- Up-to-date symlink: /home/ysl/ros2_ws/install/rm_interfaces/include/rm_interfaces/rm_interfaces/msg/detail/rune_target__rosidl_typesupport_fastrtps_c.h
[2.555s] -- Up-to-date symlink: /home/ysl/ros2_ws/install/rm_interfaces/include/rm_interfaces/rm_interfaces/msg/detail/serial_receive_data__rosidl_typesupport_fastrtps_c.h
[2.555s] -- Up-to-date symlink: /home/ysl/ros2_ws/install/rm_interfaces/include/rm_interfaces/rm_interfaces/msg/detail/shoot_fire_target__rosidl_typesupport_fastrtps_c.h
[2.556s] -- Up-to-date symlink: /home/ysl/ros2_ws/install/rm_interfaces/include/rm_interfaces/rm_interfaces/msg/detail/shoot_fire_targets__rosidl_typesupport_fastrtps_c.h
[2.556s] -- Up-to-date symlink: /home/ysl/ros2_ws/install/rm_interfaces/include/rm_interfaces/rm_interfaces/msg/detail/target__rosidl_typesupport_fastrtps_c.h
[2.556s] -- Up-to-date symlink: /home/ysl/ros2_ws/install/rm_interfaces/include/rm_interfaces/rm_interfaces/msg/detail/want__rosidl_typesupport_fastrtps_c.h
[2.557s] -- Up-to-date symlink: /home/ysl/ros2_ws/install/rm_interfaces/include/rm_interfaces/rm_interfaces/msg/rosidl_typesupport_fastrtps_c__visibility_control.h
[2.557s] -- Up-to-date symlink: /home/ysl/ros2_ws/install/rm_interfaces/include/rm_interfaces/rm_interfaces/srv/detail/set_mode__rosidl_typesupport_fastrtps_c.h
[2.557s] -- Up-to-date symlink: /home/ysl/ros2_ws/install/rm_interfaces/include/rm_interfaces/rm_interfaces/msg/detail/armor__rosidl_typesupport_introspection_c.h
[2.557s] -- Up-to-date symlink: /home/ysl/ros2_ws/install/rm_interfaces/include/rm_interfaces/rm_interfaces/msg/detail/armors__rosidl_typesupport_introspection_c.h
[2.557s] -- Up-to-date symlink: /home/ysl/ros2_ws/install/rm_interfaces/include/rm_interfaces/rm_interfaces/msg/detail/chassis_cmd__rosidl_typesupport_introspection_c.h
[2.558s] -- Up-to-date symlink: /home/ysl/ros2_ws/install/rm_interfaces/include/rm_interfaces/rm_interfaces/msg/detail/debug_armor__rosidl_typesupport_introspection_c.h
[2.558s] -- Up-to-date symlink: /home/ysl/ros2_ws/install/rm_interfaces/include/rm_interfaces/rm_interfaces/msg/detail/debug_armors__rosidl_typesupport_introspection_c.h
[2.561s] -- Up-to-date symlink: /home/ysl/ros2_ws/install/rm_interfaces/include/rm_interfaces/rm_interfaces/msg/detail/debug_light__rosidl_typesupport_introspection_c.h
[2.562s] -- Up-to-date symlink: /home/ysl/ros2_ws/install/rm_interfaces/include/rm_interfaces/rm_interfaces/msg/detail/debug_lights__rosidl_typesupport_introspection_c.h
[2.562s] -- Up-to-date symlink: /home/ysl/ros2_ws/install/rm_interfaces/include/rm_interfaces/rm_interfaces/msg/detail/debug_rune_angle__rosidl_typesupport_introspection_c.h
[2.563s] -- Up-to-date symlink: /home/ysl/ros2_ws/install/rm_interfaces/include/rm_interfaces/rm_interfaces/msg/detail/ekf_p__rosidl_typesupport_introspection_c.h
[2.564s] -- Up-to-date symlink: /home/ysl/ros2_ws/install/rm_interfaces/include/rm_interfaces/rm_interfaces/msg/detail/gimbal_cmd__rosidl_typesupport_introspection_c.h
[2.564s] -- Up-to-date symlink: /home/ysl/ros2_ws/install/rm_interfaces/include/rm_interfaces/rm_interfaces/msg/detail/judge_system_data__rosidl_typesupport_introspection_c.h
[2.564s] -- Up-to-date symlink: /home/ysl/ros2_ws/install/rm_interfaces/include/rm_interfaces/rm_interfaces/msg/detail/limit_angle__rosidl_typesupport_introspection_c.h
[2.564s] -- Up-to-date symlink: /home/ysl/ros2_ws/install/rm_interfaces/include/rm_interfaces/rm_interfaces/msg/detail/measurement__rosidl_typesupport_introspection_c.h
[2.564s] -- Up-to-date symlink: /home/ysl/ros2_ws/install/rm_interfaces/include/rm_interfaces/rm_interfaces/msg/detail/operator_command__rosidl_typesupport_introspection_c.h
[2.564s] -- Up-to-date symlink: /home/ysl/ros2_ws/install/rm_interfaces/include/rm_interfaces/rm_interfaces/msg/detail/point2d__rosidl_typesupport_introspection_c.h
[2.565s] -- Up-to-date symlink: /home/ysl/ros2_ws/install/rm_interfaces/include/rm_interfaces/rm_interfaces/msg/detail/rune_target__rosidl_typesupport_introspection_c.h
[2.565s] -- Up-to-date symlink: /home/ysl/ros2_ws/install/rm_interfaces/include/rm_interfaces/rm_interfaces/msg/detail/serial_receive_data__rosidl_typesupport_introspection_c.h
[2.565s] -- Up-to-date symlink: /home/ysl/ros2_ws/install/rm_interfaces/include/rm_interfaces/rm_interfaces/msg/detail/shoot_fire_target__rosidl_typesupport_introspection_c.h
[2.565s] -- Up-to-date symlink: /home/ysl/ros2_ws/install/rm_interfaces/include/rm_interfaces/rm_interfaces/msg/detail/shoot_fire_targets__rosidl_typesupport_introspection_c.h
[2.565s] -- Up-to-date symlink: /home/ysl/ros2_ws/install/rm_interfaces/include/rm_interfaces/rm_interfaces/msg/detail/target__rosidl_typesupport_introspection_c.h
[2.566s] -- Up-to-date symlink: /home/ysl/ros2_ws/install/rm_interfaces/include/rm_interfaces/rm_interfaces/msg/detail/want__rosidl_typesupport_introspection_c.h
[2.566s] -- Up-to-date symlink: /home/ysl/ros2_ws/install/rm_interfaces/include/rm_interfaces/rm_interfaces/msg/rosidl_typesupport_introspection_c__visibility_control.h
[2.566s] -- Up-to-date symlink: /home/ysl/ros2_ws/install/rm_interfaces/include/rm_interfaces/rm_interfaces/srv/detail/set_mode__rosidl_typesupport_introspection_c.h
[2.568s] -- Up-to-date symlink: /home/ysl/ros2_ws/install/rm_interfaces/include/rm_interfaces/rm_interfaces/msg/armor.hpp
[2.568s] -- Up-to-date symlink: /home/ysl/ros2_ws/install/rm_interfaces/include/rm_interfaces/rm_interfaces/msg/armors.hpp
[2.569s] -- Up-to-date symlink: /home/ysl/ros2_ws/install/rm_interfaces/include/rm_interfaces/rm_interfaces/msg/chassis_cmd.hpp
[2.569s] -- Up-to-date symlink: /home/ysl/ros2_ws/install/rm_interfaces/include/rm_interfaces/rm_interfaces/msg/debug_armor.hpp
[2.569s] -- Up-to-date symlink: /home/ysl/ros2_ws/install/rm_interfaces/include/rm_interfaces/rm_interfaces/msg/debug_armors.hpp
[2.570s] -- Up-to-date symlink: /home/ysl/ros2_ws/install/rm_interfaces/include/rm_interfaces/rm_interfaces/msg/debug_light.hpp
[2.570s] -- Up-to-date symlink: /home/ysl/ros2_ws/install/rm_interfaces/include/rm_interfaces/rm_interfaces/msg/debug_lights.hpp
[2.570s] -- Up-to-date symlink: /home/ysl/ros2_ws/install/rm_interfaces/include/rm_interfaces/rm_interfaces/msg/debug_rune_angle.hpp
[2.571s] -- Up-to-date symlink: /home/ysl/ros2_ws/install/rm_interfaces/include/rm_interfaces/rm_interfaces/msg/detail/armor__builder.hpp
[2.571s] -- Up-to-date symlink: /home/ysl/ros2_ws/install/rm_interfaces/include/rm_interfaces/rm_interfaces/msg/detail/armor__struct.hpp
[2.571s] -- Up-to-date symlink: /home/ysl/ros2_ws/install/rm_interfaces/include/rm_interfaces/rm_interfaces/msg/detail/armor__traits.hpp
[2.572s] -- Up-to-date symlink: /home/ysl/ros2_ws/install/rm_interfaces/include/rm_interfaces/rm_interfaces/msg/detail/armor__type_support.hpp
[2.572s] -- Up-to-date symlink: /home/ysl/ros2_ws/install/rm_interfaces/include/rm_interfaces/rm_interfaces/msg/detail/armors__builder.hpp
[2.572s] -- Up-to-date symlink: /home/ysl/ros2_ws/install/rm_interfaces/include/rm_interfaces/rm_interfaces/msg/detail/armors__struct.hpp
[2.572s] -- Up-to-date symlink: /home/ysl/ros2_ws/install/rm_interfaces/include/rm_interfaces/rm_interfaces/msg/detail/armors__traits.hpp
[2.573s] -- Up-to-date symlink: /home/ysl/ros2_ws/install/rm_interfaces/include/rm_interfaces/rm_interfaces/msg/detail/armors__type_support.hpp
[2.573s] -- Up-to-date symlink: /home/ysl/ros2_ws/install/rm_interfaces/include/rm_interfaces/rm_interfaces/msg/detail/chassis_cmd__builder.hpp
[2.574s] -- Up-to-date symlink: /home/ysl/ros2_ws/install/rm_interfaces/include/rm_interfaces/rm_interfaces/msg/detail/chassis_cmd__struct.hpp
[2.574s] -- Up-to-date symlink: /home/ysl/ros2_ws/install/rm_interfaces/include/rm_interfaces/rm_interfaces/msg/detail/chassis_cmd__traits.hpp
[2.574s] -- Up-to-date symlink: /home/ysl/ros2_ws/install/rm_interfaces/include/rm_interfaces/rm_interfaces/msg/detail/chassis_cmd__type_support.hpp
[2.574s] -- Up-to-date symlink: /home/ysl/ros2_ws/install/rm_interfaces/include/rm_interfaces/rm_interfaces/msg/detail/debug_armor__builder.hpp
[2.575s] -- Up-to-date symlink: /home/ysl/ros2_ws/install/rm_interfaces/include/rm_interfaces/rm_interfaces/msg/detail/debug_armor__struct.hpp
[2.575s] -- Up-to-date symlink: /home/ysl/ros2_ws/install/rm_interfaces/include/rm_interfaces/rm_interfaces/msg/detail/debug_armor__traits.hpp
[2.575s] -- Up-to-date symlink: /home/ysl/ros2_ws/install/rm_interfaces/include/rm_interfaces/rm_interfaces/msg/detail/debug_armor__type_support.hpp
[2.575s] -- Up-to-date symlink: /home/ysl/ros2_ws/install/rm_interfaces/include/rm_interfaces/rm_interfaces/msg/detail/debug_armors__builder.hpp
[2.576s] -- Up-to-date symlink: /home/ysl/ros2_ws/install/rm_interfaces/include/rm_interfaces/rm_interfaces/msg/detail/debug_armors__struct.hpp
[2.576s] -- Up-to-date symlink: /home/ysl/ros2_ws/install/rm_interfaces/include/rm_interfaces/rm_interfaces/msg/detail/debug_armors__traits.hpp
[2.576s] -- Up-to-date symlink: /home/ysl/ros2_ws/install/rm_interfaces/include/rm_interfaces/rm_interfaces/msg/detail/debug_armors__type_support.hpp
[2.576s] -- Up-to-date symlink: /home/ysl/ros2_ws/install/rm_interfaces/include/rm_interfaces/rm_interfaces/msg/detail/debug_light__builder.hpp
[2.582s] -- Up-to-date symlink: /home/ysl/ros2_ws/install/rm_interfaces/include/rm_interfaces/rm_interfaces/msg/detail/debug_light__struct.hpp
[2.584s] -- Up-to-date symlink: /home/ysl/ros2_ws/install/rm_interfaces/include/rm_interfaces/rm_interfaces/msg/detail/debug_light__traits.hpp
[2.585s] -- Up-to-date symlink: /home/ysl/ros2_ws/install/rm_interfaces/include/rm_interfaces/rm_interfaces/msg/detail/debug_light__type_support.hpp
[2.585s] -- Up-to-date symlink: /home/ysl/ros2_ws/install/rm_interfaces/include/rm_interfaces/rm_interfaces/msg/detail/debug_lights__builder.hpp
[2.586s] -- Up-to-date symlink: /home/ysl/ros2_ws/install/rm_interfaces/include/rm_interfaces/rm_interfaces/msg/detail/debug_lights__struct.hpp
[2.586s] -- Up-to-date symlink: /home/ysl/ros2_ws/install/rm_interfaces/include/rm_interfaces/rm_interfaces/msg/detail/debug_lights__traits.hpp
[2.586s] -- Up-to-date symlink: /home/ysl/ros2_ws/install/rm_interfaces/include/rm_interfaces/rm_interfaces/msg/detail/debug_lights__type_support.hpp
[2.587s] -- Up-to-date symlink: /home/ysl/ros2_ws/install/rm_interfaces/include/rm_interfaces/rm_interfaces/msg/detail/debug_rune_angle__builder.hpp
[2.587s] -- Up-to-date symlink: /home/ysl/ros2_ws/install/rm_interfaces/include/rm_interfaces/rm_interfaces/msg/detail/debug_rune_angle__struct.hpp
[2.587s] -- Up-to-date symlink: /home/ysl/ros2_ws/install/rm_interfaces/include/rm_interfaces/rm_interfaces/msg/detail/debug_rune_angle__traits.hpp
[2.587s] -- Up-to-date symlink: /home/ysl/ros2_ws/install/rm_interfaces/include/rm_interfaces/rm_interfaces/msg/detail/debug_rune_angle__type_support.hpp
[2.587s] -- Up-to-date symlink: /home/ysl/ros2_ws/install/rm_interfaces/include/rm_interfaces/rm_interfaces/msg/detail/ekf_p__builder.hpp
[2.588s] -- Up-to-date symlink: /home/ysl/ros2_ws/install/rm_interfaces/include/rm_interfaces/rm_interfaces/msg/detail/ekf_p__struct.hpp
[2.588s] -- Up-to-date symlink: /home/ysl/ros2_ws/install/rm_interfaces/include/rm_interfaces/rm_interfaces/msg/detail/ekf_p__traits.hpp
[2.588s] -- Up-to-date symlink: /home/ysl/ros2_ws/install/rm_interfaces/include/rm_interfaces/rm_interfaces/msg/detail/ekf_p__type_support.hpp
[2.588s] -- Up-to-date symlink: /home/ysl/ros2_ws/install/rm_interfaces/include/rm_interfaces/rm_interfaces/msg/detail/gimbal_cmd__builder.hpp
[2.589s] -- Up-to-date symlink: /home/ysl/ros2_ws/install/rm_interfaces/include/rm_interfaces/rm_interfaces/msg/detail/gimbal_cmd__struct.hpp
[2.589s] -- Up-to-date symlink: /home/ysl/ros2_ws/install/rm_interfaces/include/rm_interfaces/rm_interfaces/msg/detail/gimbal_cmd__traits.hpp
[2.589s] -- Up-to-date symlink: /home/ysl/ros2_ws/install/rm_interfaces/include/rm_interfaces/rm_interfaces/msg/detail/gimbal_cmd__type_support.hpp
[2.589s] -- Up-to-date symlink: /home/ysl/ros2_ws/install/rm_interfaces/include/rm_interfaces/rm_interfaces/msg/detail/judge_system_data__builder.hpp
[2.590s] -- Up-to-date symlink: /home/ysl/ros2_ws/install/rm_interfaces/include/rm_interfaces/rm_interfaces/msg/detail/judge_system_data__struct.hpp
[2.590s] -- Up-to-date symlink: /home/ysl/ros2_ws/install/rm_interfaces/include/rm_interfaces/rm_interfaces/msg/detail/judge_system_data__traits.hpp
[2.591s] -- Up-to-date symlink: /home/ysl/ros2_ws/install/rm_interfaces/include/rm_interfaces/rm_interfaces/msg/detail/judge_system_data__type_support.hpp
[2.591s] -- Up-to-date symlink: /home/ysl/ros2_ws/install/rm_interfaces/include/rm_interfaces/rm_interfaces/msg/detail/limit_angle__builder.hpp
[2.593s] -- Up-to-date symlink: /home/ysl/ros2_ws/install/rm_interfaces/include/rm_interfaces/rm_interfaces/msg/detail/limit_angle__struct.hpp
[2.593s] -- Up-to-date symlink: /home/ysl/ros2_ws/install/rm_interfaces/include/rm_interfaces/rm_interfaces/msg/detail/limit_angle__traits.hpp
[2.594s] -- Up-to-date symlink: /home/ysl/ros2_ws/install/rm_interfaces/include/rm_interfaces/rm_interfaces/msg/detail/limit_angle__type_support.hpp
[2.594s] -- Up-to-date symlink: /home/ysl/ros2_ws/install/rm_interfaces/include/rm_interfaces/rm_interfaces/msg/detail/measurement__builder.hpp
[2.594s] -- Up-to-date symlink: /home/ysl/ros2_ws/install/rm_interfaces/include/rm_interfaces/rm_interfaces/msg/detail/measurement__struct.hpp
[2.594s] -- Up-to-date symlink: /home/ysl/ros2_ws/install/rm_interfaces/include/rm_interfaces/rm_interfaces/msg/detail/measurement__traits.hpp
[2.595s] -- Up-to-date symlink: /home/ysl/ros2_ws/install/rm_interfaces/include/rm_interfaces/rm_interfaces/msg/detail/measurement__type_support.hpp
[2.595s] -- Up-to-date symlink: /home/ysl/ros2_ws/install/rm_interfaces/include/rm_interfaces/rm_interfaces/msg/detail/operator_command__builder.hpp
[2.595s] -- Up-to-date symlink: /home/ysl/ros2_ws/install/rm_interfaces/include/rm_interfaces/rm_interfaces/msg/detail/operator_command__struct.hpp
[2.595s] -- Up-to-date symlink: /home/ysl/ros2_ws/install/rm_interfaces/include/rm_interfaces/rm_interfaces/msg/detail/operator_command__traits.hpp
[2.595s] -- Up-to-date symlink: /home/ysl/ros2_ws/install/rm_interfaces/include/rm_interfaces/rm_interfaces/msg/detail/operator_command__type_support.hpp
[2.596s] -- Up-to-date symlink: /home/ysl/ros2_ws/install/rm_interfaces/include/rm_interfaces/rm_interfaces/msg/detail/point2d__builder.hpp
[2.596s] -- Up-to-date symlink: /home/ysl/ros2_ws/install/rm_interfaces/include/rm_interfaces/rm_interfaces/msg/detail/point2d__struct.hpp
[2.598s] -- Up-to-date symlink: /home/ysl/ros2_ws/install/rm_interfaces/include/rm_interfaces/rm_interfaces/msg/detail/point2d__traits.hpp
[2.598s] -- Up-to-date symlink: /home/ysl/ros2_ws/install/rm_interfaces/include/rm_interfaces/rm_interfaces/msg/detail/point2d__type_support.hpp
[2.603s] -- Up-to-date symlink: /home/ysl/ros2_ws/install/rm_interfaces/include/rm_interfaces/rm_interfaces/msg/detail/rune_target__builder.hpp
[2.603s] -- Up-to-date symlink: /home/ysl/ros2_ws/install/rm_interfaces/include/rm_interfaces/rm_interfaces/msg/detail/rune_target__struct.hpp
[2.603s] -- Up-to-date symlink: /home/ysl/ros2_ws/install/rm_interfaces/include/rm_interfaces/rm_interfaces/msg/detail/rune_target__traits.hpp
[2.603s] -- Up-to-date symlink: /home/ysl/ros2_ws/install/rm_interfaces/include/rm_interfaces/rm_interfaces/msg/detail/rune_target__type_support.hpp
[2.604s] -- Up-to-date symlink: /home/ysl/ros2_ws/install/rm_interfaces/include/rm_interfaces/rm_interfaces/msg/detail/serial_receive_data__builder.hpp
[2.604s] -- Up-to-date symlink: /home/ysl/ros2_ws/install/rm_interfaces/include/rm_interfaces/rm_interfaces/msg/detail/serial_receive_data__struct.hpp
[2.604s] -- Up-to-date symlink: /home/ysl/ros2_ws/install/rm_interfaces/include/rm_interfaces/rm_interfaces/msg/detail/serial_receive_data__traits.hpp
[2.604s] -- Up-to-date symlink: /home/ysl/ros2_ws/install/rm_interfaces/include/rm_interfaces/rm_interfaces/msg/detail/serial_receive_data__type_support.hpp
[2.604s] -- Up-to-date symlink: /home/ysl/ros2_ws/install/rm_interfaces/include/rm_interfaces/rm_interfaces/msg/detail/shoot_fire_target__builder.hpp
[2.604s] -- Up-to-date symlink: /home/ysl/ros2_ws/install/rm_interfaces/include/rm_interfaces/rm_interfaces/msg/detail/shoot_fire_target__struct.hpp
[2.604s] -- Up-to-date symlink: /home/ysl/ros2_ws/install/rm_interfaces/include/rm_interfaces/rm_interfaces/msg/detail/shoot_fire_target__traits.hpp
[2.605s] -- Up-to-date symlink: /home/ysl/ros2_ws/install/rm_interfaces/include/rm_interfaces/rm_interfaces/msg/detail/shoot_fire_target__type_support.hpp
[2.605s] -- Up-to-date symlink: /home/ysl/ros2_ws/install/rm_interfaces/include/rm_interfaces/rm_interfaces/msg/detail/shoot_fire_targets__builder.hpp
[2.605s] -- Up-to-date symlink: /home/ysl/ros2_ws/install/rm_interfaces/include/rm_interfaces/rm_interfaces/msg/detail/shoot_fire_targets__struct.hpp
[2.606s] -- Up-to-date symlink: /home/ysl/ros2_ws/install/rm_interfaces/include/rm_interfaces/rm_interfaces/msg/detail/shoot_fire_targets__traits.hpp
[2.606s] -- Up-to-date symlink: /home/ysl/ros2_ws/install/rm_interfaces/include/rm_interfaces/rm_interfaces/msg/detail/shoot_fire_targets__type_support.hpp
[2.608s] -- Up-to-date symlink: /home/ysl/ros2_ws/install/rm_interfaces/include/rm_interfaces/rm_interfaces/msg/detail/target__builder.hpp
[2.609s] -- Up-to-date symlink: /home/ysl/ros2_ws/install/rm_interfaces/include/rm_interfaces/rm_interfaces/msg/detail/target__struct.hpp
[2.609s] -- Up-to-date symlink: /home/ysl/ros2_ws/install/rm_interfaces/include/rm_interfaces/rm_interfaces/msg/detail/target__traits.hpp
[2.610s] -- Up-to-date symlink: /home/ysl/ros2_ws/install/rm_interfaces/include/rm_interfaces/rm_interfaces/msg/detail/target__type_support.hpp
[2.611s] -- Up-to-date symlink: /home/ysl/ros2_ws/install/rm_interfaces/include/rm_interfaces/rm_interfaces/msg/detail/want__builder.hpp
[2.612s] -- Up-to-date symlink: /home/ysl/ros2_ws/install/rm_interfaces/include/rm_interfaces/rm_interfaces/msg/detail/want__struct.hpp
[2.613s] -- Up-to-date symlink: /home/ysl/ros2_ws/install/rm_interfaces/include/rm_interfaces/rm_interfaces/msg/detail/want__traits.hpp
[2.613s] -- Up-to-date symlink: /home/ysl/ros2_ws/install/rm_interfaces/include/rm_interfaces/rm_interfaces/msg/detail/want__type_support.hpp
[2.615s] -- Up-to-date symlink: /home/ysl/ros2_ws/install/rm_interfaces/include/rm_interfaces/rm_interfaces/msg/ekf_p.hpp
[2.615s] -- Up-to-date symlink: /home/ysl/ros2_ws/install/rm_interfaces/include/rm_interfaces/rm_interfaces/msg/gimbal_cmd.hpp
[2.615s] -- Up-to-date symlink: /home/ysl/ros2_ws/install/rm_interfaces/include/rm_interfaces/rm_interfaces/msg/judge_system_data.hpp
[2.616s] -- Up-to-date symlink: /home/ysl/ros2_ws/install/rm_interfaces/include/rm_interfaces/rm_interfaces/msg/limit_angle.hpp
[2.617s] -- Up-to-date symlink: /home/ysl/ros2_ws/install/rm_interfaces/include/rm_interfaces/rm_interfaces/msg/measurement.hpp
[2.618s] -- Up-to-date symlink: /home/ysl/ros2_ws/install/rm_interfaces/include/rm_interfaces/rm_interfaces/msg/operator_command.hpp
[2.619s] -- Up-to-date symlink: /home/ysl/ros2_ws/install/rm_interfaces/include/rm_interfaces/rm_interfaces/msg/point2d.hpp
[2.625s] -- Up-to-date symlink: /home/ysl/ros2_ws/install/rm_interfaces/include/rm_interfaces/rm_interfaces/msg/rosidl_generator_cpp__visibility_control.hpp
[2.626s] -- Up-to-date symlink: /home/ysl/ros2_ws/install/rm_interfaces/include/rm_interfaces/rm_interfaces/msg/rune_target.hpp
[2.626s] -- Up-to-date symlink: /home/ysl/ros2_ws/install/rm_interfaces/include/rm_interfaces/rm_interfaces/msg/serial_receive_data.hpp
[2.626s] -- Up-to-date symlink: /home/ysl/ros2_ws/install/rm_interfaces/include/rm_interfaces/rm_interfaces/msg/shoot_fire_target.hpp
[2.626s] -- Up-to-date symlink: /home/ysl/ros2_ws/install/rm_interfaces/include/rm_interfaces/rm_interfaces/msg/shoot_fire_targets.hpp
[2.627s] -- Up-to-date symlink: /home/ysl/ros2_ws/install/rm_interfaces/include/rm_interfaces/rm_interfaces/msg/target.hpp
[2.627s] -- Up-to-date symlink: /home/ysl/ros2_ws/install/rm_interfaces/include/rm_interfaces/rm_interfaces/msg/want.hpp
[2.627s] -- Up-to-date symlink: /home/ysl/ros2_ws/install/rm_interfaces/include/rm_interfaces/rm_interfaces/srv/detail/set_mode__builder.hpp
[2.628s] -- Up-to-date symlink: /home/ysl/ros2_ws/install/rm_interfaces/include/rm_interfaces/rm_interfaces/srv/detail/set_mode__struct.hpp
[2.628s] -- Up-to-date symlink: /home/ysl/ros2_ws/install/rm_interfaces/include/rm_interfaces/rm_interfaces/srv/detail/set_mode__traits.hpp
[2.628s] -- Up-to-date symlink: /home/ysl/ros2_ws/install/rm_interfaces/include/rm_interfaces/rm_interfaces/srv/detail/set_mode__type_support.hpp
[2.629s] -- Up-to-date symlink: /home/ysl/ros2_ws/install/rm_interfaces/include/rm_interfaces/rm_interfaces/srv/set_mode.hpp
[2.629s] -- Up-to-date symlink: /home/ysl/ros2_ws/install/rm_interfaces/include/rm_interfaces/rm_interfaces/msg/detail/armor__rosidl_typesupport_fastrtps_cpp.hpp
[2.629s] -- Up-to-date symlink: /home/ysl/ros2_ws/install/rm_interfaces/include/rm_interfaces/rm_interfaces/msg/detail/armors__rosidl_typesupport_fastrtps_cpp.hpp
[2.629s] -- Up-to-date symlink: /home/ysl/ros2_ws/install/rm_interfaces/include/rm_interfaces/rm_interfaces/msg/detail/chassis_cmd__rosidl_typesupport_fastrtps_cpp.hpp
[2.632s] -- Up-to-date symlink: /home/ysl/ros2_ws/install/rm_interfaces/include/rm_interfaces/rm_interfaces/msg/detail/debug_armor__rosidl_typesupport_fastrtps_cpp.hpp
[2.632s] -- Up-to-date symlink: /home/ysl/ros2_ws/install/rm_interfaces/include/rm_interfaces/rm_interfaces/msg/detail/debug_armors__rosidl_typesupport_fastrtps_cpp.hpp
[2.633s] -- Up-to-date symlink: /home/ysl/ros2_ws/install/rm_interfaces/include/rm_interfaces/rm_interfaces/msg/detail/debug_light__rosidl_typesupport_fastrtps_cpp.hpp
[2.633s] -- Up-to-date symlink: /home/ysl/ros2_ws/install/rm_interfaces/include/rm_interfaces/rm_interfaces/msg/detail/debug_lights__rosidl_typesupport_fastrtps_cpp.hpp
[2.633s] -- Up-to-date symlink: /home/ysl/ros2_ws/install/rm_interfaces/include/rm_interfaces/rm_interfaces/msg/detail/debug_rune_angle__rosidl_typesupport_fastrtps_cpp.hpp
[2.634s] -- Up-to-date symlink: /home/ysl/ros2_ws/install/rm_interfaces/include/rm_interfaces/rm_interfaces/msg/detail/ekf_p__rosidl_typesupport_fastrtps_cpp.hpp
[2.634s] -- Up-to-date symlink: /home/ysl/ros2_ws/install/rm_interfaces/include/rm_interfaces/rm_interfaces/msg/detail/gimbal_cmd__rosidl_typesupport_fastrtps_cpp.hpp
[2.634s] -- Up-to-date symlink: /home/ysl/ros2_ws/install/rm_interfaces/include/rm_interfaces/rm_interfaces/msg/detail/judge_system_data__rosidl_typesupport_fastrtps_cpp.hpp
[2.635s] -- Up-to-date symlink: /home/ysl/ros2_ws/install/rm_interfaces/include/rm_interfaces/rm_interfaces/msg/detail/limit_angle__rosidl_typesupport_fastrtps_cpp.hpp
[2.635s] -- Up-to-date symlink: /home/ysl/ros2_ws/install/rm_interfaces/include/rm_interfaces/rm_interfaces/msg/detail/measurement__rosidl_typesupport_fastrtps_cpp.hpp
[2.636s] -- Up-to-date symlink: /home/ysl/ros2_ws/install/rm_interfaces/include/rm_interfaces/rm_interfaces/msg/detail/operator_command__rosidl_typesupport_fastrtps_cpp.hpp
[2.636s] -- Up-to-date symlink: /home/ysl/ros2_ws/install/rm_interfaces/include/rm_interfaces/rm_interfaces/msg/detail/point2d__rosidl_typesupport_fastrtps_cpp.hpp
[2.636s] -- Up-to-date symlink: /home/ysl/ros2_ws/install/rm_interfaces/include/rm_interfaces/rm_interfaces/msg/detail/rune_target__rosidl_typesupport_fastrtps_cpp.hpp
[2.637s] -- Up-to-date symlink: /home/ysl/ros2_ws/install/rm_interfaces/include/rm_interfaces/rm_interfaces/msg/detail/serial_receive_data__rosidl_typesupport_fastrtps_cpp.hpp
[2.637s] -- Up-to-date symlink: /home/ysl/ros2_ws/install/rm_interfaces/include/rm_interfaces/rm_interfaces/msg/detail/shoot_fire_target__rosidl_typesupport_fastrtps_cpp.hpp
[2.638s] -- Up-to-date symlink: /home/ysl/ros2_ws/install/rm_interfaces/include/rm_interfaces/rm_interfaces/msg/detail/shoot_fire_targets__rosidl_typesupport_fastrtps_cpp.hpp
[2.638s] -- Up-to-date symlink: /home/ysl/ros2_ws/install/rm_interfaces/include/rm_interfaces/rm_interfaces/msg/detail/target__rosidl_typesupport_fastrtps_cpp.hpp
[2.638s] -- Up-to-date symlink: /home/ysl/ros2_ws/install/rm_interfaces/include/rm_interfaces/rm_interfaces/msg/detail/want__rosidl_typesupport_fastrtps_cpp.hpp
[2.639s] -- Up-to-date symlink: /home/ysl/ros2_ws/install/rm_interfaces/include/rm_interfaces/rm_interfaces/msg/rosidl_typesupport_fastrtps_cpp__visibility_control.h
[2.639s] -- Up-to-date symlink: /home/ysl/ros2_ws/install/rm_interfaces/include/rm_interfaces/rm_interfaces/srv/detail/set_mode__rosidl_typesupport_fastrtps_cpp.hpp
[2.639s] -- Up-to-date symlink: /home/ysl/ros2_ws/install/rm_interfaces/include/rm_interfaces/rm_interfaces/msg/detail/armor__rosidl_typesupport_introspection_cpp.hpp
[2.639s] -- Up-to-date symlink: /home/ysl/ros2_ws/install/rm_interfaces/include/rm_interfaces/rm_interfaces/msg/detail/armors__rosidl_typesupport_introspection_cpp.hpp
[2.639s] -- Up-to-date symlink: /home/ysl/ros2_ws/install/rm_interfaces/include/rm_interfaces/rm_interfaces/msg/detail/chassis_cmd__rosidl_typesupport_introspection_cpp.hpp
[2.640s] -- Up-to-date symlink: /home/ysl/ros2_ws/install/rm_interfaces/include/rm_interfaces/rm_interfaces/msg/detail/debug_armor__rosidl_typesupport_introspection_cpp.hpp
[2.640s] -- Up-to-date symlink: /home/ysl/ros2_ws/install/rm_interfaces/include/rm_interfaces/rm_interfaces/msg/detail/debug_armors__rosidl_typesupport_introspection_cpp.hpp
[2.640s] -- Up-to-date symlink: /home/ysl/ros2_ws/install/rm_interfaces/include/rm_interfaces/rm_interfaces/msg/detail/debug_light__rosidl_typesupport_introspection_cpp.hpp
[2.640s] -- Up-to-date symlink: /home/ysl/ros2_ws/install/rm_interfaces/include/rm_interfaces/rm_interfaces/msg/detail/debug_lights__rosidl_typesupport_introspection_cpp.hpp
[2.641s] -- Up-to-date symlink: /home/ysl/ros2_ws/install/rm_interfaces/include/rm_interfaces/rm_interfaces/msg/detail/debug_rune_angle__rosidl_typesupport_introspection_cpp.hpp
[2.641s] -- Up-to-date symlink: /home/ysl/ros2_ws/install/rm_interfaces/include/rm_interfaces/rm_interfaces/msg/detail/ekf_p__rosidl_typesupport_introspection_cpp.hpp
[2.641s] -- Up-to-date symlink: /home/ysl/ros2_ws/install/rm_interfaces/include/rm_interfaces/rm_interfaces/msg/detail/gimbal_cmd__rosidl_typesupport_introspection_cpp.hpp
[2.642s] -- Up-to-date symlink: /home/ysl/ros2_ws/install/rm_interfaces/include/rm_interfaces/rm_interfaces/msg/detail/judge_system_data__rosidl_typesupport_introspection_cpp.hpp
[2.642s] -- Up-to-date symlink: /home/ysl/ros2_ws/install/rm_interfaces/include/rm_interfaces/rm_interfaces/msg/detail/limit_angle__rosidl_typesupport_introspection_cpp.hpp
[2.642s] -- Up-to-date symlink: /home/ysl/ros2_ws/install/rm_interfaces/include/rm_interfaces/rm_interfaces/msg/detail/measurement__rosidl_typesupport_introspection_cpp.hpp
[2.642s] -- Up-to-date symlink: /home/ysl/ros2_ws/install/rm_interfaces/include/rm_interfaces/rm_interfaces/msg/detail/operator_command__rosidl_typesupport_introspection_cpp.hpp
[2.643s] -- Up-to-date symlink: /home/ysl/ros2_ws/install/rm_interfaces/include/rm_interfaces/rm_interfaces/msg/detail/point2d__rosidl_typesupport_introspection_cpp.hpp
[2.643s] -- Up-to-date symlink: /home/ysl/ros2_ws/install/rm_interfaces/include/rm_interfaces/rm_interfaces/msg/detail/rune_target__rosidl_typesupport_introspection_cpp.hpp
[2.644s] -- Up-to-date symlink: /home/ysl/ros2_ws/install/rm_interfaces/include/rm_interfaces/rm_interfaces/msg/detail/serial_receive_data__rosidl_typesupport_introspection_cpp.hpp
[2.644s] -- Up-to-date symlink: /home/ysl/ros2_ws/install/rm_interfaces/include/rm_interfaces/rm_interfaces/msg/detail/shoot_fire_target__rosidl_typesupport_introspection_cpp.hpp
[2.644s] -- Up-to-date symlink: /home/ysl/ros2_ws/install/rm_interfaces/include/rm_interfaces/rm_interfaces/msg/detail/shoot_fire_targets__rosidl_typesupport_introspection_cpp.hpp
[2.645s] -- Up-to-date symlink: /home/ysl/ros2_ws/install/rm_interfaces/include/rm_interfaces/rm_interfaces/msg/detail/target__rosidl_typesupport_introspection_cpp.hpp
[2.645s] -- Up-to-date symlink: /home/ysl/ros2_ws/install/rm_interfaces/include/rm_interfaces/rm_interfaces/msg/detail/want__rosidl_typesupport_introspection_cpp.hpp
[2.645s] -- Up-to-date symlink: /home/ysl/ros2_ws/install/rm_interfaces/include/rm_interfaces/rm_interfaces/srv/detail/set_mode__rosidl_typesupport_introspection_cpp.hpp
[2.646s] -- Up-to-date symlink: /home/ysl/ros2_ws/install/rm_interfaces/share/rm_interfaces/environment/pythonpath.sh
[2.654s] -- Up-to-date symlink: /home/ysl/ros2_ws/install/rm_interfaces/share/rm_interfaces/environment/pythonpath.dsv
[2.655s] -- Up-to-date symlink: /home/ysl/ros2_ws/install/rm_interfaces/lib/python3.12/site-packages/rm_interfaces-0.0.0-py3.12.egg-info/PKG-INFO
[2.655s] -- Up-to-date symlink: /home/ysl/ros2_ws/install/rm_interfaces/lib/python3.12/site-packages/rm_interfaces-0.0.0-py3.12.egg-info/SOURCES.txt
[2.656s] -- Up-to-date symlink: /home/ysl/ros2_ws/install/rm_interfaces/lib/python3.12/site-packages/rm_interfaces-0.0.0-py3.12.egg-info/dependency_links.txt
[2.656s] -- Up-to-date symlink: /home/ysl/ros2_ws/install/rm_interfaces/lib/python3.12/site-packages/rm_interfaces-0.0.0-py3.12.egg-info/top_level.txt
[2.656s] -- Up-to-date symlink: /home/ysl/ros2_ws/install/rm_interfaces/lib/python3.12/site-packages/rm_interfaces/__init__.py
[2.656s] -- Up-to-date symlink: /home/ysl/ros2_ws/install/rm_interfaces/lib/python3.12/site-packages/rm_interfaces/_rm_interfaces_s.ep.rosidl_typesupport_c.c
[2.657s] -- Up-to-date symlink: /home/ysl/ros2_ws/install/rm_interfaces/lib/python3.12/site-packages/rm_interfaces/_rm_interfaces_s.ep.rosidl_typesupport_fastrtps_c.c
[2.657s] -- Up-to-date symlink: /home/ysl/ros2_ws/install/rm_interfaces/lib/python3.12/site-packages/rm_interfaces/_rm_interfaces_s.ep.rosidl_typesupport_introspection_c.c
[2.658s] -- Up-to-date symlink: /home/ysl/ros2_ws/install/rm_interfaces/lib/python3.12/site-packages/rm_interfaces/msg/__init__.py
[2.658s] -- Up-to-date symlink: /home/ysl/ros2_ws/install/rm_interfaces/lib/python3.12/site-packages/rm_interfaces/msg/_armor.py
[2.658s] -- Up-to-date symlink: /home/ysl/ros2_ws/install/rm_interfaces/lib/python3.12/site-packages/rm_interfaces/msg/_armor_s.c
[2.659s] -- Up-to-date symlink: /home/ysl/ros2_ws/install/rm_interfaces/lib/python3.12/site-packages/rm_interfaces/msg/_armors.py
[2.659s] -- Up-to-date symlink: /home/ysl/ros2_ws/install/rm_interfaces/lib/python3.12/site-packages/rm_interfaces/msg/_armors_s.c
[2.659s] -- Up-to-date symlink: /home/ysl/ros2_ws/install/rm_interfaces/lib/python3.12/site-packages/rm_interfaces/msg/_chassis_cmd.py
[2.660s] -- Up-to-date symlink: /home/ysl/ros2_ws/install/rm_interfaces/lib/python3.12/site-packages/rm_interfaces/msg/_chassis_cmd_s.c
[2.660s] -- Up-to-date symlink: /home/ysl/ros2_ws/install/rm_interfaces/lib/python3.12/site-packages/rm_interfaces/msg/_debug_armor.py
[2.660s] -- Up-to-date symlink: /home/ysl/ros2_ws/install/rm_interfaces/lib/python3.12/site-packages/rm_interfaces/msg/_debug_armor_s.c
[2.660s] -- Up-to-date symlink: /home/ysl/ros2_ws/install/rm_interfaces/lib/python3.12/site-packages/rm_interfaces/msg/_debug_armors.py
[2.661s] -- Up-to-date symlink: /home/ysl/ros2_ws/install/rm_interfaces/lib/python3.12/site-packages/rm_interfaces/msg/_debug_armors_s.c
[2.661s] -- Up-to-date symlink: /home/ysl/ros2_ws/install/rm_interfaces/lib/python3.12/site-packages/rm_interfaces/msg/_debug_light.py
[2.661s] -- Up-to-date symlink: /home/ysl/ros2_ws/install/rm_interfaces/lib/python3.12/site-packages/rm_interfaces/msg/_debug_light_s.c
[2.662s] -- Up-to-date symlink: /home/ysl/ros2_ws/install/rm_interfaces/lib/python3.12/site-packages/rm_interfaces/msg/_debug_lights.py
[2.662s] -- Up-to-date symlink: /home/ysl/ros2_ws/install/rm_interfaces/lib/python3.12/site-packages/rm_interfaces/msg/_debug_lights_s.c
[2.663s] -- Up-to-date symlink: /home/ysl/ros2_ws/install/rm_interfaces/lib/python3.12/site-packages/rm_interfaces/msg/_debug_rune_angle.py
[2.663s] -- Up-to-date symlink: /home/ysl/ros2_ws/install/rm_interfaces/lib/python3.12/site-packages/rm_interfaces/msg/_debug_rune_angle_s.c
[2.663s] -- Up-to-date symlink: /home/ysl/ros2_ws/install/rm_interfaces/lib/python3.12/site-packages/rm_interfaces/msg/_ekf_p.py
[2.664s] -- Up-to-date symlink: /home/ysl/ros2_ws/install/rm_interfaces/lib/python3.12/site-packages/rm_interfaces/msg/_ekf_p_s.c
[2.664s] -- Up-to-date symlink: /home/ysl/ros2_ws/install/rm_interfaces/lib/python3.12/site-packages/rm_interfaces/msg/_gimbal_cmd.py
[2.665s] -- Up-to-date symlink: /home/ysl/ros2_ws/install/rm_interfaces/lib/python3.12/site-packages/rm_interfaces/msg/_gimbal_cmd_s.c
[2.666s] -- Up-to-date symlink: /home/ysl/ros2_ws/install/rm_interfaces/lib/python3.12/site-packages/rm_interfaces/msg/_judge_system_data.py
[2.666s] -- Up-to-date symlink: /home/ysl/ros2_ws/install/rm_interfaces/lib/python3.12/site-packages/rm_interfaces/msg/_judge_system_data_s.c
[2.666s] -- Up-to-date symlink: /home/ysl/ros2_ws/install/rm_interfaces/lib/python3.12/site-packages/rm_interfaces/msg/_limit_angle.py
[2.666s] -- Up-to-date symlink: /home/ysl/ros2_ws/install/rm_interfaces/lib/python3.12/site-packages/rm_interfaces/msg/_limit_angle_s.c
[2.667s] -- Up-to-date symlink: /home/ysl/ros2_ws/install/rm_interfaces/lib/python3.12/site-packages/rm_interfaces/msg/_measurement.py
[2.667s] -- Up-to-date symlink: /home/ysl/ros2_ws/install/rm_interfaces/lib/python3.12/site-packages/rm_interfaces/msg/_measurement_s.c
[2.667s] -- Up-to-date symlink: /home/ysl/ros2_ws/install/rm_interfaces/lib/python3.12/site-packages/rm_interfaces/msg/_operator_command.py
[2.667s] -- Up-to-date symlink: /home/ysl/ros2_ws/install/rm_interfaces/lib/python3.12/site-packages/rm_interfaces/msg/_operator_command_s.c
[2.667s] -- Up-to-date symlink: /home/ysl/ros2_ws/install/rm_interfaces/lib/python3.12/site-packages/rm_interfaces/msg/_point2d.py
[2.667s] -- Up-to-date symlink: /home/ysl/ros2_ws/install/rm_interfaces/lib/python3.12/site-packages/rm_interfaces/msg/_point2d_s.c
[2.668s] -- Up-to-date symlink: /home/ysl/ros2_ws/install/rm_interfaces/lib/python3.12/site-packages/rm_interfaces/msg/_rune_target.py
[2.668s] -- Up-to-date symlink: /home/ysl/ros2_ws/install/rm_interfaces/lib/python3.12/site-packages/rm_interfaces/msg/_rune_target_s.c
[2.668s] -- Up-to-date symlink: /home/ysl/ros2_ws/install/rm_interfaces/lib/python3.12/site-packages/rm_interfaces/msg/_serial_receive_data.py
[2.668s] -- Up-to-date symlink: /home/ysl/ros2_ws/install/rm_interfaces/lib/python3.12/site-packages/rm_interfaces/msg/_serial_receive_data_s.c
[2.668s] -- Up-to-date symlink: /home/ysl/ros2_ws/install/rm_interfaces/lib/python3.12/site-packages/rm_interfaces/msg/_shoot_fire_target.py
[2.668s] -- Up-to-date symlink: /home/ysl/ros2_ws/install/rm_interfaces/lib/python3.12/site-packages/rm_interfaces/msg/_shoot_fire_target_s.c
[2.669s] -- Up-to-date symlink: /home/ysl/ros2_ws/install/rm_interfaces/lib/python3.12/site-packages/rm_interfaces/msg/_shoot_fire_targets.py
[2.669s] -- Up-to-date symlink: /home/ysl/ros2_ws/install/rm_interfaces/lib/python3.12/site-packages/rm_interfaces/msg/_shoot_fire_targets_s.c
[2.670s] -- Up-to-date symlink: /home/ysl/ros2_ws/install/rm_interfaces/lib/python3.12/site-packages/rm_interfaces/msg/_target.py
[2.673s] -- Up-to-date symlink: /home/ysl/ros2_ws/install/rm_interfaces/lib/python3.12/site-packages/rm_interfaces/msg/_target_s.c
[2.673s] -- Up-to-date symlink: /home/ysl/ros2_ws/install/rm_interfaces/lib/python3.12/site-packages/rm_interfaces/msg/_want.py
[2.673s] -- Up-to-date symlink: /home/ysl/ros2_ws/install/rm_interfaces/lib/python3.12/site-packages/rm_interfaces/msg/_want_s.c
[2.673s] -- Up-to-date symlink: /home/ysl/ros2_ws/install/rm_interfaces/lib/python3.12/site-packages/rm_interfaces/rm_interfaces_s__rosidl_typesupport_c.so
[2.673s] -- Up-to-date symlink: /home/ysl/ros2_ws/install/rm_interfaces/lib/python3.12/site-packages/rm_interfaces/rm_interfaces_s__rosidl_typesupport_fastrtps_c.so
[2.674s] -- Up-to-date symlink: /home/ysl/ros2_ws/install/rm_interfaces/lib/python3.12/site-packages/rm_interfaces/rm_interfaces_s__rosidl_typesupport_introspection_c.so
[2.674s] -- Up-to-date symlink: /home/ysl/ros2_ws/install/rm_interfaces/lib/python3.12/site-packages/rm_interfaces/srv/__init__.py
[2.674s] -- Up-to-date symlink: /home/ysl/ros2_ws/install/rm_interfaces/lib/python3.12/site-packages/rm_interfaces/srv/_set_mode.py
[2.674s] -- Up-to-date symlink: /home/ysl/ros2_ws/install/rm_interfaces/lib/python3.12/site-packages/rm_interfaces/srv/_set_mode_s.c
[2.675s] -- Up-to-date symlink: /home/ysl/ros2_ws/install/rm_interfaces/lib/python3.12/site-packages/rm_interfaces/rm_interfaces_s__rosidl_typesupport_fastrtps_c.so
[2.675s] -- Up-to-date symlink: /home/ysl/ros2_ws/install/rm_interfaces/lib/python3.12/site-packages/rm_interfaces/rm_interfaces_s__rosidl_typesupport_introspection_c.so
[2.675s] -- Up-to-date symlink: /home/ysl/ros2_ws/install/rm_interfaces/lib/python3.12/site-packages/rm_interfaces/rm_interfaces_s__rosidl_typesupport_c.so
[2.676s] -- Up-to-date symlink: /home/ysl/ros2_ws/install/rm_interfaces/share/rm_interfaces/msg/Armor.idl
[2.676s] -- Up-to-date symlink: /home/ysl/ros2_ws/install/rm_interfaces/share/rm_interfaces/msg/Armors.idl
[2.676s] -- Up-to-date symlink: /home/ysl/ros2_ws/install/rm_interfaces/share/rm_interfaces/msg/Target.idl
[2.676s] -- Up-to-date symlink: /home/ysl/ros2_ws/install/rm_interfaces/share/rm_interfaces/msg/RuneTarget.idl
[2.677s] -- Up-to-date symlink: /home/ysl/ros2_ws/install/rm_interfaces/share/rm_interfaces/msg/Point2d.idl
[2.677s] -- Up-to-date symlink: /home/ysl/ros2_ws/install/rm_interfaces/share/rm_interfaces/msg/GimbalCmd.idl
[2.677s] -- Up-to-date symlink: /home/ysl/ros2_ws/install/rm_interfaces/share/rm_interfaces/msg/ChassisCmd.idl
[2.677s] -- Up-to-date symlink: /home/ysl/ros2_ws/install/rm_interfaces/share/rm_interfaces/msg/DebugLight.idl
[2.677s] -- Up-to-date symlink: /home/ysl/ros2_ws/install/rm_interfaces/share/rm_interfaces/msg/DebugLights.idl
[2.677s] -- Up-to-date symlink: /home/ysl/ros2_ws/install/rm_interfaces/share/rm_interfaces/msg/DebugArmor.idl
[2.677s] -- Up-to-date symlink: /home/ysl/ros2_ws/install/rm_interfaces/share/rm_interfaces/msg/DebugArmors.idl
[2.677s] -- Up-to-date symlink: /home/ysl/ros2_ws/install/rm_interfaces/share/rm_interfaces/msg/DebugRuneAngle.idl
[2.678s] -- Up-to-date symlink: /home/ysl/ros2_ws/install/rm_interfaces/share/rm_interfaces/msg/Measurement.idl
[2.678s] -- Up-to-date symlink: /home/ysl/ros2_ws/install/rm_interfaces/share/rm_interfaces/msg/JudgeSystemData.idl
[2.678s] -- Up-to-date symlink: /home/ysl/ros2_ws/install/rm_interfaces/share/rm_interfaces/msg/OperatorCommand.idl
[2.679s] -- Up-to-date symlink: /home/ysl/ros2_ws/install/rm_interfaces/share/rm_interfaces/msg/SerialReceiveData.idl
[2.679s] -- Up-to-date symlink: /home/ysl/ros2_ws/install/rm_interfaces/share/rm_interfaces/msg/EkfP.idl
[2.679s] -- Up-to-date symlink: /home/ysl/ros2_ws/install/rm_interfaces/share/rm_interfaces/msg/Want.idl
[2.679s] -- Up-to-date symlink: /home/ysl/ros2_ws/install/rm_interfaces/share/rm_interfaces/msg/LimitAngle.idl
[2.680s] -- Up-to-date symlink: /home/ysl/ros2_ws/install/rm_interfaces/share/rm_interfaces/msg/ShootFireTarget.idl
[2.680s] -- Up-to-date symlink: /home/ysl/ros2_ws/install/rm_interfaces/share/rm_interfaces/msg/ShootFireTargets.idl
[2.680s] -- Up-to-date symlink: /home/ysl/ros2_ws/install/rm_interfaces/share/rm_interfaces/srv/SetMode.idl
[2.680s] -- Up-to-date symlink: /home/ysl/ros2_ws/install/rm_interfaces/share/rm_interfaces/msg/Armor.msg
[2.680s] -- Up-to-date symlink: /home/ysl/ros2_ws/install/rm_interfaces/share/rm_interfaces/msg/Armors.msg
[2.681s] -- Up-to-date symlink: /home/ysl/ros2_ws/install/rm_interfaces/share/rm_interfaces/msg/Target.msg
[2.681s] -- Up-to-date symlink: /home/ysl/ros2_ws/install/rm_interfaces/share/rm_interfaces/msg/RuneTarget.msg
[2.681s] -- Up-to-date symlink: /home/ysl/ros2_ws/install/rm_interfaces/share/rm_interfaces/msg/Point2d.msg
[2.681s] -- Up-to-date symlink: /home/ysl/ros2_ws/install/rm_interfaces/share/rm_interfaces/msg/GimbalCmd.msg
[2.682s] -- Up-to-date symlink: /home/ysl/ros2_ws/install/rm_interfaces/share/rm_interfaces/msg/ChassisCmd.msg
[2.682s] -- Up-to-date symlink: /home/ysl/ros2_ws/install/rm_interfaces/share/rm_interfaces/msg/DebugLight.msg
[2.682s] -- Up-to-date symlink: /home/ysl/ros2_ws/install/rm_interfaces/share/rm_interfaces/msg/DebugLights.msg
[2.682s] -- Up-to-date symlink: /home/ysl/ros2_ws/install/rm_interfaces/share/rm_interfaces/msg/DebugArmor.msg
[2.682s] -- Up-to-date symlink: /home/ysl/ros2_ws/install/rm_interfaces/share/rm_interfaces/msg/DebugArmors.msg
[2.683s] -- Up-to-date symlink: /home/ysl/ros2_ws/install/rm_interfaces/share/rm_interfaces/msg/DebugRuneAngle.msg
[2.683s] -- Up-to-date symlink: /home/ysl/ros2_ws/install/rm_interfaces/share/rm_interfaces/msg/Measurement.msg
[2.683s] -- Up-to-date symlink: /home/ysl/ros2_ws/install/rm_interfaces/share/rm_interfaces/msg/JudgeSystemData.msg
[2.683s] -- Up-to-date symlink: /home/ysl/ros2_ws/install/rm_interfaces/share/rm_interfaces/msg/OperatorCommand.msg
[2.684s] -- Up-to-date symlink: /home/ysl/ros2_ws/install/rm_interfaces/share/rm_interfaces/msg/SerialReceiveData.msg
[2.684s] -- Up-to-date symlink: /home/ysl/ros2_ws/install/rm_interfaces/share/rm_interfaces/msg/EkfP.msg
[2.684s] -- Up-to-date symlink: /home/ysl/ros2_ws/install/rm_interfaces/share/rm_interfaces/msg/Want.msg
[2.684s] -- Up-to-date symlink: /home/ysl/ros2_ws/install/rm_interfaces/share/rm_interfaces/msg/LimitAngle.msg
[2.685s] -- Up-to-date symlink: /home/ysl/ros2_ws/install/rm_interfaces/share/rm_interfaces/msg/ShootFireTarget.msg
[2.685s] -- Up-to-date symlink: /home/ysl/ros2_ws/install/rm_interfaces/share/rm_interfaces/msg/ShootFireTargets.msg
[2.685s] -- Up-to-date symlink: /home/ysl/ros2_ws/install/rm_interfaces/share/rm_interfaces/srv/SetMode.srv
[2.686s] -- Up-to-date symlink: /home/ysl/ros2_ws/install/rm_interfaces/share/ament_index/resource_index/package_run_dependencies/rm_interfaces
[2.686s] -- Up-to-date symlink: /home/ysl/ros2_ws/install/rm_interfaces/share/ament_index/resource_index/parent_prefix_path/rm_interfaces
[2.686s] -- Up-to-date symlink: /home/ysl/ros2_ws/install/rm_interfaces/share/rm_interfaces/environment/ament_prefix_path.sh
[2.687s] -- Up-to-date symlink: /home/ysl/ros2_ws/install/rm_interfaces/share/rm_interfaces/environment/ament_prefix_path.dsv
[2.687s] -- Up-to-date symlink: /home/ysl/ros2_ws/install/rm_interfaces/share/rm_interfaces/environment/path.sh
[2.687s] -- Up-to-date symlink: /home/ysl/ros2_ws/install/rm_interfaces/share/rm_interfaces/environment/path.dsv
[2.687s] -- Up-to-date symlink: /home/ysl/ros2_ws/install/rm_interfaces/share/rm_interfaces/local_setup.bash
[2.688s] -- Up-to-date symlink: /home/ysl/ros2_ws/install/rm_interfaces/share/rm_interfaces/local_setup.sh
[2.688s] -- Up-to-date symlink: /home/ysl/ros2_ws/install/rm_interfaces/share/rm_interfaces/local_setup.zsh
[2.688s] -- Up-to-date symlink: /home/ysl/ros2_ws/install/rm_interfaces/share/rm_interfaces/local_setup.dsv
[2.688s] -- Symlinking: /home/ysl/ros2_ws/install/rm_interfaces/share/rm_interfaces/package.dsv
[2.704s] -- Up-to-date symlink: /home/ysl/ros2_ws/install/rm_interfaces/share/ament_index/resource_index/packages/rm_interfaces
[2.704s] -- Up-to-date symlink: /home/ysl/ros2_ws/install/rm_interfaces/share/rm_interfaces/cmake/rosidl_cmake-extras.cmake
[2.704s] -- Up-to-date symlink: /home/ysl/ros2_ws/install/rm_interfaces/share/rm_interfaces/cmake/ament_cmake_export_dependencies-extras.cmake
[2.705s] -- Up-to-date symlink: /home/ysl/ros2_ws/install/rm_interfaces/share/rm_interfaces/cmake/ament_cmake_export_include_directories-extras.cmake
[2.705s] -- Up-to-date symlink: /home/ysl/ros2_ws/install/rm_interfaces/share/rm_interfaces/cmake/ament_cmake_export_libraries-extras.cmake
[2.705s] -- Up-to-date symlink: /home/ysl/ros2_ws/install/rm_interfaces/share/rm_interfaces/cmake/ament_cmake_export_targets-extras.cmake
[2.706s] -- Up-to-date symlink: /home/ysl/ros2_ws/install/rm_interfaces/share/rm_interfaces/cmake/rosidl_cmake_export_typesupport_targets-extras.cmake
[2.706s] -- Up-to-date symlink: /home/ysl/ros2_ws/install/rm_interfaces/share/rm_interfaces/cmake/rosidl_cmake_export_typesupport_libraries-extras.cmake
[2.706s] -- Up-to-date symlink: /home/ysl/ros2_ws/install/rm_interfaces/share/rm_interfaces/cmake/rm_interfacesConfig.cmake
[2.706s] -- Up-to-date symlink: /home/ysl/ros2_ws/install/rm_interfaces/share/rm_interfaces/cmake/rm_interfacesConfig-version.cmake
[2.707s] -- Up-to-date symlink: /home/ysl/ros2_ws/install/rm_interfaces/share/rm_interfaces/package.xml
[2.707s] -- Up-to-date: /home/ysl/ros2_ws/install/rm_interfaces/lib/librm_interfaces__rosidl_generator_c.so
[2.708s] -- Up-to-date: /home/ysl/ros2_ws/install/rm_interfaces/lib/librm_interfaces__rosidl_typesupport_fastrtps_c.so
[2.709s] -- Up-to-date: /home/ysl/ros2_ws/install/rm_interfaces/lib/librm_interfaces__rosidl_typesupport_introspection_c.so
[2.710s] -- Up-to-date: /home/ysl/ros2_ws/install/rm_interfaces/lib/librm_interfaces__rosidl_typesupport_c.so
[2.710s] -- Up-to-date: /home/ysl/ros2_ws/install/rm_interfaces/lib/librm_interfaces__rosidl_typesupport_fastrtps_cpp.so
[2.711s] -- Up-to-date: /home/ysl/ros2_ws/install/rm_interfaces/lib/librm_interfaces__rosidl_typesupport_introspection_cpp.so
[2.711s] -- Up-to-date: /home/ysl/ros2_ws/install/rm_interfaces/lib/librm_interfaces__rosidl_typesupport_cpp.so
[2.800s] Listing '/home/ysl/ros2_ws/install/rm_interfaces/lib/python3.12/site-packages/rm_interfaces'...
[2.801s] Listing '/home/ysl/ros2_ws/install/rm_interfaces/lib/python3.12/site-packages/rm_interfaces/msg'...
[2.801s] Listing '/home/ysl/ros2_ws/install/rm_interfaces/lib/python3.12/site-packages/rm_interfaces/srv'...
[2.823s] -- Up-to-date: /home/ysl/ros2_ws/install/rm_interfaces/lib/librm_interfaces__rosidl_generator_py.so
[2.823s] -- Up-to-date: /home/ysl/ros2_ws/install/rm_interfaces/share/rm_interfaces/cmake/export_rm_interfaces__rosidl_generator_cExport.cmake
[2.824s] -- Up-to-date: /home/ysl/ros2_ws/install/rm_interfaces/share/rm_interfaces/cmake/export_rm_interfaces__rosidl_generator_cExport-noconfig.cmake
[2.824s] -- Up-to-date: /home/ysl/ros2_ws/install/rm_interfaces/share/rm_interfaces/cmake/export_rm_interfaces__rosidl_typesupport_fastrtps_cExport.cmake
[2.824s] -- Up-to-date: /home/ysl/ros2_ws/install/rm_interfaces/share/rm_interfaces/cmake/export_rm_interfaces__rosidl_typesupport_fastrtps_cExport-noconfig.cmake
[2.824s] -- Up-to-date: /home/ysl/ros2_ws/install/rm_interfaces/share/rm_interfaces/cmake/rm_interfaces__rosidl_typesupport_introspection_cExport.cmake
[2.825s] -- Up-to-date: /home/ysl/ros2_ws/install/rm_interfaces/share/rm_interfaces/cmake/rm_interfaces__rosidl_typesupport_introspection_cExport-noconfig.cmake
[2.825s] -- Up-to-date: /home/ysl/ros2_ws/install/rm_interfaces/share/rm_interfaces/cmake/rm_interfaces__rosidl_typesupport_cExport.cmake
[2.825s] -- Up-to-date: /home/ysl/ros2_ws/install/rm_interfaces/share/rm_interfaces/cmake/rm_interfaces__rosidl_typesupport_cExport-noconfig.cmake
[2.825s] -- Up-to-date: /home/ysl/ros2_ws/install/rm_interfaces/share/rm_interfaces/cmake/export_rm_interfaces__rosidl_generator_cppExport.cmake
[2.825s] -- Up-to-date: /home/ysl/ros2_ws/install/rm_interfaces/share/rm_interfaces/cmake/export_rm_interfaces__rosidl_typesupport_fastrtps_cppExport.cmake
[2.826s] -- Up-to-date: /home/ysl/ros2_ws/install/rm_interfaces/share/rm_interfaces/cmake/export_rm_interfaces__rosidl_typesupport_fastrtps_cppExport-noconfig.cmake
[2.826s] -- Up-to-date: /home/ysl/ros2_ws/install/rm_interfaces/share/rm_interfaces/cmake/rm_interfaces__rosidl_typesupport_introspection_cppExport.cmake
[2.826s] -- Up-to-date: /home/ysl/ros2_ws/install/rm_interfaces/share/rm_interfaces/cmake/rm_interfaces__rosidl_typesupport_introspection_cppExport-noconfig.cmake
[2.827s] -- Up-to-date: /home/ysl/ros2_ws/install/rm_interfaces/share/rm_interfaces/cmake/rm_interfaces__rosidl_typesupport_cppExport.cmake
[2.828s] -- Up-to-date: /home/ysl/ros2_ws/install/rm_interfaces/share/rm_interfaces/cmake/rm_interfaces__rosidl_typesupport_cppExport-noconfig.cmake
[2.828s] -- Up-to-date: /home/ysl/ros2_ws/install/rm_interfaces/share/rm_interfaces/cmake/export_rm_interfaces__rosidl_generator_pyExport.cmake
[2.828s] -- Up-to-date: /home/ysl/ros2_ws/install/rm_interfaces/share/rm_interfaces/cmake/export_rm_interfaces__rosidl_generator_pyExport-noconfig.cmake
[2.835s] Invoked command in '/home/ysl/ros2_ws/build/rm_interfaces' returned '0': CMAKE_PREFIX_PATH=${CMAKE_PREFIX_PATH}:/opt/ros/jazzy /usr/bin/cmake --install /home/ysl/ros2_ws/build/rm_interfaces
