[0.415s] Invoking command in '/home/ysl/ros2_ws/build/btcpp_ros2_samples': AMENT_PREFIX_PATH=/home/ysl/ros2_ws/install/behaviortree_ros2:/home/ysl/ros2_ws/install/btcpp_ros2_interfaces:${AMENT_PREFIX_PATH} CMAKE_PREFIX_PATH=/home/ysl/ros2_ws/install/behaviortree_ros2:/home/ysl/ros2_ws/install/btcpp_ros2_interfaces:/home/ysl/BehaviorTree.CPP/install/behaviortree_cpp:/opt/ros/jazzy/opt/gz_sim_vendor:/opt/ros/jazzy/opt/gz_sensors_vendor:/opt/ros/jazzy/opt/gz_physics_vendor:/opt/ros/jazzy/opt/sdformat_vendor:/opt/ros/jazzy/opt/gz_gui_vendor:/opt/ros/jazzy/opt/gz_transport_vendor:/opt/ros/jazzy/opt/gz_rendering_vendor:/opt/ros/jazzy/opt/gz_plugin_vendor:/opt/ros/jazzy/opt/gz_fuel_tools_vendor:/opt/ros/jazzy/opt/gz_msgs_vendor:/opt/ros/jazzy/opt/gz_common_vendor:/opt/ros/jazzy/opt/gz_math_vendor:/opt/ros/jazzy/opt/gz_utils_vendor:/opt/ros/jazzy/opt/gz_tools_vendor:/opt/ros/jazzy/opt/gz_ogre_next_vendor:/opt/ros/jazzy/opt/gz_dartsim_vendor:/opt/ros/jazzy/opt/gz_cmake_vendor:/opt/ros/jazzy LD_LIBRARY_PATH=/home/ysl/ros2_ws/install/behaviortree_ros2/lib:/home/ysl/ros2_ws/install/btcpp_ros2_interfaces/lib:${LD_LIBRARY_PATH} PYTHONPATH=/home/ysl/ros2_ws/install/btcpp_ros2_interfaces/lib/python3.12/site-packages:${PYTHONPATH} /usr/bin/cmake --build /home/ysl/ros2_ws/build/btcpp_ros2_samples -- -j12 -l12
[0.554s] [ 11%] Built target sample_bt_executor
[0.556s] [ 33%] Built target sleep_plugin
[0.557s] [ 33%] Built target bool_server
[0.558s] [ 50%] Built target bool_client
[0.558s] [ 72%] Built target sleep_client
[0.558s] [ 77%] Built target sleep_server
[0.566s] [ 88%] Built target subscriber_test
[0.608s] [100%] Built target sleep_client_dyn
[0.627s] Invoked command in '/home/ysl/ros2_ws/build/btcpp_ros2_samples' returned '0': AMENT_PREFIX_PATH=/home/ysl/ros2_ws/install/behaviortree_ros2:/home/ysl/ros2_ws/install/btcpp_ros2_interfaces:${AMENT_PREFIX_PATH} CMAKE_PREFIX_PATH=/home/ysl/ros2_ws/install/behaviortree_ros2:/home/ysl/ros2_ws/install/btcpp_ros2_interfaces:/home/ysl/BehaviorTree.CPP/install/behaviortree_cpp:/opt/ros/jazzy/opt/gz_sim_vendor:/opt/ros/jazzy/opt/gz_sensors_vendor:/opt/ros/jazzy/opt/gz_physics_vendor:/opt/ros/jazzy/opt/sdformat_vendor:/opt/ros/jazzy/opt/gz_gui_vendor:/opt/ros/jazzy/opt/gz_transport_vendor:/opt/ros/jazzy/opt/gz_rendering_vendor:/opt/ros/jazzy/opt/gz_plugin_vendor:/opt/ros/jazzy/opt/gz_fuel_tools_vendor:/opt/ros/jazzy/opt/gz_msgs_vendor:/opt/ros/jazzy/opt/gz_common_vendor:/opt/ros/jazzy/opt/gz_math_vendor:/opt/ros/jazzy/opt/gz_utils_vendor:/opt/ros/jazzy/opt/gz_tools_vendor:/opt/ros/jazzy/opt/gz_ogre_next_vendor:/opt/ros/jazzy/opt/gz_dartsim_vendor:/opt/ros/jazzy/opt/gz_cmake_vendor:/opt/ros/jazzy LD_LIBRARY_PATH=/home/ysl/ros2_ws/install/behaviortree_ros2/lib:/home/ysl/ros2_ws/install/btcpp_ros2_interfaces/lib:${LD_LIBRARY_PATH} PYTHONPATH=/home/ysl/ros2_ws/install/btcpp_ros2_interfaces/lib/python3.12/site-packages:${PYTHONPATH} /usr/bin/cmake --build /home/ysl/ros2_ws/build/btcpp_ros2_samples -- -j12 -l12
[0.631s] Invoking command in '/home/ysl/ros2_ws/build/btcpp_ros2_samples': AMENT_PREFIX_PATH=/home/ysl/ros2_ws/install/behaviortree_ros2:/home/ysl/ros2_ws/install/btcpp_ros2_interfaces:${AMENT_PREFIX_PATH} CMAKE_PREFIX_PATH=/home/ysl/ros2_ws/install/behaviortree_ros2:/home/ysl/ros2_ws/install/btcpp_ros2_interfaces:/home/ysl/BehaviorTree.CPP/install/behaviortree_cpp:/opt/ros/jazzy/opt/gz_sim_vendor:/opt/ros/jazzy/opt/gz_sensors_vendor:/opt/ros/jazzy/opt/gz_physics_vendor:/opt/ros/jazzy/opt/sdformat_vendor:/opt/ros/jazzy/opt/gz_gui_vendor:/opt/ros/jazzy/opt/gz_transport_vendor:/opt/ros/jazzy/opt/gz_rendering_vendor:/opt/ros/jazzy/opt/gz_plugin_vendor:/opt/ros/jazzy/opt/gz_fuel_tools_vendor:/opt/ros/jazzy/opt/gz_msgs_vendor:/opt/ros/jazzy/opt/gz_common_vendor:/opt/ros/jazzy/opt/gz_math_vendor:/opt/ros/jazzy/opt/gz_utils_vendor:/opt/ros/jazzy/opt/gz_tools_vendor:/opt/ros/jazzy/opt/gz_ogre_next_vendor:/opt/ros/jazzy/opt/gz_dartsim_vendor:/opt/ros/jazzy/opt/gz_cmake_vendor:/opt/ros/jazzy LD_LIBRARY_PATH=/home/ysl/ros2_ws/install/behaviortree_ros2/lib:/home/ysl/ros2_ws/install/btcpp_ros2_interfaces/lib:${LD_LIBRARY_PATH} PYTHONPATH=/home/ysl/ros2_ws/install/btcpp_ros2_interfaces/lib/python3.12/site-packages:${PYTHONPATH} /usr/bin/cmake --install /home/ysl/ros2_ws/build/btcpp_ros2_samples
[0.647s] -- Install configuration: ""
[0.649s] -- Execute custom install script
[0.652s] -- Up-to-date symlink: /home/ysl/ros2_ws/install/btcpp_ros2_samples/lib/btcpp_ros2_samples/sleep_client
[0.652s] -- Up-to-date symlink: /home/ysl/ros2_ws/install/btcpp_ros2_samples/lib/btcpp_ros2_samples/sleep_client_dyn
[0.652s] -- Up-to-date symlink: /home/ysl/ros2_ws/install/btcpp_ros2_samples/lib/btcpp_ros2_samples/sleep_server
[0.653s] -- Up-to-date symlink: /home/ysl/ros2_ws/install/btcpp_ros2_samples/lib/btcpp_ros2_samples/libsleep_plugin.so
[0.653s] -- Up-to-date symlink: /home/ysl/ros2_ws/install/btcpp_ros2_samples/lib/btcpp_ros2_samples/subscriber_test
[0.654s] -- Up-to-date symlink: /home/ysl/ros2_ws/install/btcpp_ros2_samples/lib/btcpp_ros2_samples/sample_bt_executor
[0.655s] -- Up-to-date symlink: /home/ysl/ros2_ws/install/btcpp_ros2_samples/lib/btcpp_ros2_samples/bool_client
[0.655s] -- Up-to-date symlink: /home/ysl/ros2_ws/install/btcpp_ros2_samples/lib/btcpp_ros2_samples/bool_server
[0.657s] -- Up-to-date symlink: /home/ysl/ros2_ws/install/btcpp_ros2_samples/share/btcpp_ros2_samples/bt_plugins/libsleep_plugin.so
[0.659s] -- Up-to-date symlink: /home/ysl/ros2_ws/install/btcpp_ros2_samples/share/btcpp_ros2_samples//behavior_trees/cross_door.xml
[0.659s] -- Up-to-date symlink: /home/ysl/ros2_ws/install/btcpp_ros2_samples/share/btcpp_ros2_samples//behavior_trees/door_closed.xml
[0.660s] -- Up-to-date symlink: /home/ysl/ros2_ws/install/btcpp_ros2_samples/share/btcpp_ros2_samples//behavior_trees/sleep_action.xml
[0.662s] -- Up-to-date symlink: /home/ysl/ros2_ws/install/btcpp_ros2_samples/share/btcpp_ros2_samples//config/sample_bt_executor.yaml
[0.663s] -- Up-to-date symlink: /home/ysl/ros2_ws/install/btcpp_ros2_samples/share/btcpp_ros2_samples//launch/sample_bt_executor.launch.xml
[0.665s] -- Up-to-date symlink: /home/ysl/ros2_ws/install/btcpp_ros2_samples/share/ament_index/resource_index/package_run_dependencies/btcpp_ros2_samples
[0.666s] -- Up-to-date symlink: /home/ysl/ros2_ws/install/btcpp_ros2_samples/share/ament_index/resource_index/parent_prefix_path/btcpp_ros2_samples
[0.667s] -- Up-to-date symlink: /home/ysl/ros2_ws/install/btcpp_ros2_samples/share/btcpp_ros2_samples/environment/ament_prefix_path.sh
[0.668s] -- Up-to-date symlink: /home/ysl/ros2_ws/install/btcpp_ros2_samples/share/btcpp_ros2_samples/environment/ament_prefix_path.dsv
[0.668s] -- Up-to-date symlink: /home/ysl/ros2_ws/install/btcpp_ros2_samples/share/btcpp_ros2_samples/environment/path.sh
[0.669s] -- Up-to-date symlink: /home/ysl/ros2_ws/install/btcpp_ros2_samples/share/btcpp_ros2_samples/environment/path.dsv
[0.670s] -- Up-to-date symlink: /home/ysl/ros2_ws/install/btcpp_ros2_samples/share/btcpp_ros2_samples/local_setup.bash
[0.670s] -- Up-to-date symlink: /home/ysl/ros2_ws/install/btcpp_ros2_samples/share/btcpp_ros2_samples/local_setup.sh
[0.671s] -- Up-to-date symlink: /home/ysl/ros2_ws/install/btcpp_ros2_samples/share/btcpp_ros2_samples/local_setup.zsh
[0.672s] -- Up-to-date symlink: /home/ysl/ros2_ws/install/btcpp_ros2_samples/share/btcpp_ros2_samples/local_setup.dsv
[0.672s] -- Symlinking: /home/ysl/ros2_ws/install/btcpp_ros2_samples/share/btcpp_ros2_samples/package.dsv
[0.688s] -- Up-to-date symlink: /home/ysl/ros2_ws/install/btcpp_ros2_samples/share/ament_index/resource_index/packages/btcpp_ros2_samples
[0.688s] -- Up-to-date symlink: /home/ysl/ros2_ws/install/btcpp_ros2_samples/share/btcpp_ros2_samples/cmake/ament_cmake_export_dependencies-extras.cmake
[0.689s] -- Up-to-date symlink: /home/ysl/ros2_ws/install/btcpp_ros2_samples/share/btcpp_ros2_samples/cmake/btcpp_ros2_samplesConfig.cmake
[0.689s] -- Up-to-date symlink: /home/ysl/ros2_ws/install/btcpp_ros2_samples/share/btcpp_ros2_samples/cmake/btcpp_ros2_samplesConfig-version.cmake
[0.690s] -- Up-to-date symlink: /home/ysl/ros2_ws/install/btcpp_ros2_samples/share/btcpp_ros2_samples/package.xml
[0.694s] Invoked command in '/home/ysl/ros2_ws/build/btcpp_ros2_samples' returned '0': AMENT_PREFIX_PATH=/home/ysl/ros2_ws/install/behaviortree_ros2:/home/ysl/ros2_ws/install/btcpp_ros2_interfaces:${AMENT_PREFIX_PATH} CMAKE_PREFIX_PATH=/home/ysl/ros2_ws/install/behaviortree_ros2:/home/ysl/ros2_ws/install/btcpp_ros2_interfaces:/home/ysl/BehaviorTree.CPP/install/behaviortree_cpp:/opt/ros/jazzy/opt/gz_sim_vendor:/opt/ros/jazzy/opt/gz_sensors_vendor:/opt/ros/jazzy/opt/gz_physics_vendor:/opt/ros/jazzy/opt/sdformat_vendor:/opt/ros/jazzy/opt/gz_gui_vendor:/opt/ros/jazzy/opt/gz_transport_vendor:/opt/ros/jazzy/opt/gz_rendering_vendor:/opt/ros/jazzy/opt/gz_plugin_vendor:/opt/ros/jazzy/opt/gz_fuel_tools_vendor:/opt/ros/jazzy/opt/gz_msgs_vendor:/opt/ros/jazzy/opt/gz_common_vendor:/opt/ros/jazzy/opt/gz_math_vendor:/opt/ros/jazzy/opt/gz_utils_vendor:/opt/ros/jazzy/opt/gz_tools_vendor:/opt/ros/jazzy/opt/gz_ogre_next_vendor:/opt/ros/jazzy/opt/gz_dartsim_vendor:/opt/ros/jazzy/opt/gz_cmake_vendor:/opt/ros/jazzy LD_LIBRARY_PATH=/home/ysl/ros2_ws/install/behaviortree_ros2/lib:/home/ysl/ros2_ws/install/btcpp_ros2_interfaces/lib:${LD_LIBRARY_PATH} PYTHONPATH=/home/ysl/ros2_ws/install/btcpp_ros2_interfaces/lib/python3.12/site-packages:${PYTHONPATH} /usr/bin/cmake --install /home/ysl/ros2_ws/build/btcpp_ros2_samples
