[0.064s] Invoking command in '/home/ysl/ros2_ws/build/rm_interfaces': CMAKE_PREFIX_PATH=${CMAKE_PREFIX_PATH}:/opt/ros/jazzy /usr/bin/cmake --build /home/ysl/ros2_ws/build/rm_interfaces -- -j12 -l12
[0.758s] [  0%] Built target rm_interfaces__rosidl_generator_type_description
[0.904s] [  0%] Built target ament_cmake_python_symlink_rm_interfaces
[1.262s] [ 28%] Built target rm_interfaces__rosidl_generator_c
[2.141s] running egg_info
[2.206s] writing rm_interfaces.egg-info/PKG-INFO
[2.207s] writing dependency_links to rm_interfaces.egg-info/dependency_links.txt
[2.208s] writing top-level names to rm_interfaces.egg-info/top_level.txt
[2.394s] reading manifest file 'rm_interfaces.egg-info/SOURCES.txt'
[2.397s] writing manifest file 'rm_interfaces.egg-info/SOURCES.txt'
[2.503s] [ 28%] Built target ament_cmake_python_build_rm_interfaces_egg
[2.635s] [ 38%] Built target rm_interfaces__rosidl_typesupport_c
[2.748s] [ 48%] Built target rm_interfaces__rosidl_typesupport_introspection_c
[2.868s] [ 58%] Built target rm_interfaces__rosidl_typesupport_fastrtps_c
[2.972s] [ 58%] Built target rm_interfaces__cpp
[3.119s] [ 68%] Built target rm_interfaces__rosidl_typesupport_cpp
[3.296s] [ 78%] Built target rm_interfaces__rosidl_typesupport_introspection_cpp
[3.537s] [ 87%] Built target rm_interfaces__rosidl_typesupport_fastrtps_cpp
[3.638s] [ 87%] Built target rm_interfaces
[3.751s] [ 87%] Built target rm_interfaces__py
[3.924s] [ 97%] Built target rm_interfaces__rosidl_generator_py
[4.008s] [ 98%] Built target rm_interfaces_s__rosidl_typesupport_fastrtps_c
[4.125s] [ 99%] Built target rm_interfaces_s__rosidl_typesupport_c
[4.241s] [100%] Built target rm_interfaces_s__rosidl_typesupport_introspection_c
[4.304s] Invoked command in '/home/ysl/ros2_ws/build/rm_interfaces' returned '0': CMAKE_PREFIX_PATH=${CMAKE_PREFIX_PATH}:/opt/ros/jazzy /usr/bin/cmake --build /home/ysl/ros2_ws/build/rm_interfaces -- -j12 -l12
[4.340s] Invoking command in '/home/ysl/ros2_ws/build/rm_interfaces': CMAKE_PREFIX_PATH=${CMAKE_PREFIX_PATH}:/opt/ros/jazzy /usr/bin/cmake --install /home/ysl/ros2_ws/build/rm_interfaces
[4.462s] -- Install configuration: ""
[4.466s] -- Execute custom install script
[4.468s] -- Up-to-date symlink: /home/ysl/ros2_ws/install/rm_interfaces/share/ament_index/resource_index/rosidl_interfaces/rm_interfaces
[4.470s] -- Up-to-date symlink: /home/ysl/ros2_ws/install/rm_interfaces/share/rm_interfaces/msg/Armor.json
[4.471s] -- Up-to-date symlink: /home/ysl/ros2_ws/install/rm_interfaces/share/rm_interfaces/msg/Armors.json
[4.472s] -- Up-to-date symlink: /home/ysl/ros2_ws/install/rm_interfaces/share/rm_interfaces/msg/Target.json
[4.473s] -- Up-to-date symlink: /home/ysl/ros2_ws/install/rm_interfaces/share/rm_interfaces/msg/RuneTarget.json
[4.475s] -- Up-to-date symlink: /home/ysl/ros2_ws/install/rm_interfaces/share/rm_interfaces/msg/Point2d.json
[4.476s] -- Up-to-date symlink: /home/ysl/ros2_ws/install/rm_interfaces/share/rm_interfaces/msg/GimbalCmd.json
[4.479s] -- Up-to-date symlink: /home/ysl/ros2_ws/install/rm_interfaces/share/rm_interfaces/msg/ChassisCmd.json
[4.503s] -- Up-to-date symlink: /home/ysl/ros2_ws/install/rm_interfaces/share/rm_interfaces/msg/DebugLight.json
[4.506s] -- Up-to-date symlink: /home/ysl/ros2_ws/install/rm_interfaces/share/rm_interfaces/msg/DebugLights.json
[4.506s] -- Up-to-date symlink: /home/ysl/ros2_ws/install/rm_interfaces/share/rm_interfaces/msg/DebugArmor.json
[4.506s] -- Up-to-date symlink: /home/ysl/ros2_ws/install/rm_interfaces/share/rm_interfaces/msg/DebugArmors.json
[4.507s] -- Up-to-date symlink: /home/ysl/ros2_ws/install/rm_interfaces/share/rm_interfaces/msg/DebugRuneAngle.json
[4.509s] -- Up-to-date symlink: /home/ysl/ros2_ws/install/rm_interfaces/share/rm_interfaces/msg/Measurement.json
[4.511s] -- Up-to-date symlink: /home/ysl/ros2_ws/install/rm_interfaces/share/rm_interfaces/msg/JudgeSystemData.json
[4.512s] -- Up-to-date symlink: /home/ysl/ros2_ws/install/rm_interfaces/share/rm_interfaces/msg/OperatorCommand.json
[4.513s] -- Up-to-date symlink: /home/ysl/ros2_ws/install/rm_interfaces/share/rm_interfaces/msg/SerialReceiveData.json
[4.525s] -- Up-to-date symlink: /home/ysl/ros2_ws/install/rm_interfaces/share/rm_interfaces/msg/EkfP.json
[4.526s] -- Up-to-date symlink: /home/ysl/ros2_ws/install/rm_interfaces/share/rm_interfaces/msg/Want.json
[4.528s] -- Up-to-date symlink: /home/ysl/ros2_ws/install/rm_interfaces/share/rm_interfaces/msg/LimitAngle.json
[4.529s] -- Up-to-date symlink: /home/ysl/ros2_ws/install/rm_interfaces/share/rm_interfaces/msg/ShootFireTarget.json
[4.529s] -- Up-to-date symlink: /home/ysl/ros2_ws/install/rm_interfaces/share/rm_interfaces/msg/ShootFireTargets.json
[4.559s] -- Up-to-date symlink: /home/ysl/ros2_ws/install/rm_interfaces/share/rm_interfaces/srv/SetMode.json
[4.573s] -- Up-to-date symlink: /home/ysl/ros2_ws/install/rm_interfaces/include/rm_interfaces/rm_interfaces/msg/armor.h
[4.577s] -- Up-to-date symlink: /home/ysl/ros2_ws/install/rm_interfaces/include/rm_interfaces/rm_interfaces/msg/armors.h
[4.582s] -- Up-to-date symlink: /home/ysl/ros2_ws/install/rm_interfaces/include/rm_interfaces/rm_interfaces/msg/chassis_cmd.h
[4.582s] -- Up-to-date symlink: /home/ysl/ros2_ws/install/rm_interfaces/include/rm_interfaces/rm_interfaces/msg/debug_armor.h
[4.586s] -- Up-to-date symlink: /home/ysl/ros2_ws/install/rm_interfaces/include/rm_interfaces/rm_interfaces/msg/debug_armors.h
[4.586s] -- Up-to-date symlink: /home/ysl/ros2_ws/install/rm_interfaces/include/rm_interfaces/rm_interfaces/msg/debug_light.h
[4.619s] -- Up-to-date symlink: /home/ysl/ros2_ws/install/rm_interfaces/include/rm_interfaces/rm_interfaces/msg/debug_lights.h
[4.620s] -- Up-to-date symlink: /home/ysl/ros2_ws/install/rm_interfaces/include/rm_interfaces/rm_interfaces/msg/debug_rune_angle.h
[4.624s] -- Up-to-date symlink: /home/ysl/ros2_ws/install/rm_interfaces/include/rm_interfaces/rm_interfaces/msg/detail/armor__functions.h
[4.625s] -- Up-to-date symlink: /home/ysl/ros2_ws/install/rm_interfaces/include/rm_interfaces/rm_interfaces/msg/detail/armor__struct.h
[4.636s] -- Up-to-date symlink: /home/ysl/ros2_ws/install/rm_interfaces/include/rm_interfaces/rm_interfaces/msg/detail/armor__type_support.h
[4.637s] -- Up-to-date symlink: /home/ysl/ros2_ws/install/rm_interfaces/include/rm_interfaces/rm_interfaces/msg/detail/armors__functions.h
[4.637s] -- Up-to-date symlink: /home/ysl/ros2_ws/install/rm_interfaces/include/rm_interfaces/rm_interfaces/msg/detail/armors__struct.h
[4.637s] -- Up-to-date symlink: /home/ysl/ros2_ws/install/rm_interfaces/include/rm_interfaces/rm_interfaces/msg/detail/armors__type_support.h
[4.645s] -- Up-to-date symlink: /home/ysl/ros2_ws/install/rm_interfaces/include/rm_interfaces/rm_interfaces/msg/detail/chassis_cmd__functions.h
[4.647s] -- Up-to-date symlink: /home/ysl/ros2_ws/install/rm_interfaces/include/rm_interfaces/rm_interfaces/msg/detail/chassis_cmd__struct.h
[4.650s] -- Up-to-date symlink: /home/ysl/ros2_ws/install/rm_interfaces/include/rm_interfaces/rm_interfaces/msg/detail/chassis_cmd__type_support.h
[4.652s] -- Up-to-date symlink: /home/ysl/ros2_ws/install/rm_interfaces/include/rm_interfaces/rm_interfaces/msg/detail/debug_armor__functions.h
[4.653s] -- Up-to-date symlink: /home/ysl/ros2_ws/install/rm_interfaces/include/rm_interfaces/rm_interfaces/msg/detail/debug_armor__struct.h
[4.655s] -- Up-to-date symlink: /home/ysl/ros2_ws/install/rm_interfaces/include/rm_interfaces/rm_interfaces/msg/detail/debug_armor__type_support.h
[4.656s] -- Up-to-date symlink: /home/ysl/ros2_ws/install/rm_interfaces/include/rm_interfaces/rm_interfaces/msg/detail/debug_armors__functions.h
[4.658s] -- Up-to-date symlink: /home/ysl/ros2_ws/install/rm_interfaces/include/rm_interfaces/rm_interfaces/msg/detail/debug_armors__struct.h
[4.659s] -- Up-to-date symlink: /home/ysl/ros2_ws/install/rm_interfaces/include/rm_interfaces/rm_interfaces/msg/detail/debug_armors__type_support.h
[4.660s] -- Up-to-date symlink: /home/ysl/ros2_ws/install/rm_interfaces/include/rm_interfaces/rm_interfaces/msg/detail/debug_light__functions.h
[4.666s] -- Up-to-date symlink: /home/ysl/ros2_ws/install/rm_interfaces/include/rm_interfaces/rm_interfaces/msg/detail/debug_light__struct.h
[4.670s] -- Up-to-date symlink: /home/ysl/ros2_ws/install/rm_interfaces/include/rm_interfaces/rm_interfaces/msg/detail/debug_light__type_support.h
[4.671s] -- Up-to-date symlink: /home/ysl/ros2_ws/install/rm_interfaces/include/rm_interfaces/rm_interfaces/msg/detail/debug_lights__functions.h
[4.673s] -- Up-to-date symlink: /home/ysl/ros2_ws/install/rm_interfaces/include/rm_interfaces/rm_interfaces/msg/detail/debug_lights__struct.h
[4.674s] -- Up-to-date symlink: /home/ysl/ros2_ws/install/rm_interfaces/include/rm_interfaces/rm_interfaces/msg/detail/debug_lights__type_support.h
[4.675s] -- Up-to-date symlink: /home/ysl/ros2_ws/install/rm_interfaces/include/rm_interfaces/rm_interfaces/msg/detail/debug_rune_angle__functions.h
[4.689s] -- Up-to-date symlink: /home/ysl/ros2_ws/install/rm_interfaces/include/rm_interfaces/rm_interfaces/msg/detail/debug_rune_angle__struct.h
[4.691s] -- Up-to-date symlink: /home/ysl/ros2_ws/install/rm_interfaces/include/rm_interfaces/rm_interfaces/msg/detail/debug_rune_angle__type_support.h
[4.698s] -- Up-to-date symlink: /home/ysl/ros2_ws/install/rm_interfaces/include/rm_interfaces/rm_interfaces/msg/detail/ekf_p__functions.h
[4.710s] -- Up-to-date symlink: /home/ysl/ros2_ws/install/rm_interfaces/include/rm_interfaces/rm_interfaces/msg/detail/ekf_p__struct.h
[4.750s] -- Up-to-date symlink: /home/ysl/ros2_ws/install/rm_interfaces/include/rm_interfaces/rm_interfaces/msg/detail/ekf_p__type_support.h
[4.755s] -- Up-to-date symlink: /home/ysl/ros2_ws/install/rm_interfaces/include/rm_interfaces/rm_interfaces/msg/detail/gimbal_cmd__functions.h
[4.759s] -- Up-to-date symlink: /home/ysl/ros2_ws/install/rm_interfaces/include/rm_interfaces/rm_interfaces/msg/detail/gimbal_cmd__struct.h
[4.759s] -- Up-to-date symlink: /home/ysl/ros2_ws/install/rm_interfaces/include/rm_interfaces/rm_interfaces/msg/detail/gimbal_cmd__type_support.h
[4.759s] -- Up-to-date symlink: /home/ysl/ros2_ws/install/rm_interfaces/include/rm_interfaces/rm_interfaces/msg/detail/judge_system_data__functions.h
[4.773s] -- Up-to-date symlink: /home/ysl/ros2_ws/install/rm_interfaces/include/rm_interfaces/rm_interfaces/msg/detail/judge_system_data__struct.h
[4.774s] -- Up-to-date symlink: /home/ysl/ros2_ws/install/rm_interfaces/include/rm_interfaces/rm_interfaces/msg/detail/judge_system_data__type_support.h
[4.774s] -- Up-to-date symlink: /home/ysl/ros2_ws/install/rm_interfaces/include/rm_interfaces/rm_interfaces/msg/detail/limit_angle__functions.h
[4.775s] -- Up-to-date symlink: /home/ysl/ros2_ws/install/rm_interfaces/include/rm_interfaces/rm_interfaces/msg/detail/limit_angle__struct.h
[4.776s] -- Up-to-date symlink: /home/ysl/ros2_ws/install/rm_interfaces/include/rm_interfaces/rm_interfaces/msg/detail/limit_angle__type_support.h
[4.789s] -- Up-to-date symlink: /home/ysl/ros2_ws/install/rm_interfaces/include/rm_interfaces/rm_interfaces/msg/detail/measurement__functions.h
[4.792s] -- Up-to-date symlink: /home/ysl/ros2_ws/install/rm_interfaces/include/rm_interfaces/rm_interfaces/msg/detail/measurement__struct.h
[4.792s] -- Up-to-date symlink: /home/ysl/ros2_ws/install/rm_interfaces/include/rm_interfaces/rm_interfaces/msg/detail/measurement__type_support.h
[4.793s] -- Up-to-date symlink: /home/ysl/ros2_ws/install/rm_interfaces/include/rm_interfaces/rm_interfaces/msg/detail/operator_command__functions.h
[4.805s] -- Up-to-date symlink: /home/ysl/ros2_ws/install/rm_interfaces/include/rm_interfaces/rm_interfaces/msg/detail/operator_command__struct.h
[4.807s] -- Up-to-date symlink: /home/ysl/ros2_ws/install/rm_interfaces/include/rm_interfaces/rm_interfaces/msg/detail/operator_command__type_support.h
[4.808s] -- Up-to-date symlink: /home/ysl/ros2_ws/install/rm_interfaces/include/rm_interfaces/rm_interfaces/msg/detail/point2d__functions.h
[4.808s] -- Up-to-date symlink: /home/ysl/ros2_ws/install/rm_interfaces/include/rm_interfaces/rm_interfaces/msg/detail/point2d__struct.h
[4.809s] -- Up-to-date symlink: /home/ysl/ros2_ws/install/rm_interfaces/include/rm_interfaces/rm_interfaces/msg/detail/point2d__type_support.h
[4.810s] -- Up-to-date symlink: /home/ysl/ros2_ws/install/rm_interfaces/include/rm_interfaces/rm_interfaces/msg/detail/rune_target__functions.h
[4.810s] -- Up-to-date symlink: /home/ysl/ros2_ws/install/rm_interfaces/include/rm_interfaces/rm_interfaces/msg/detail/rune_target__struct.h
[4.810s] -- Up-to-date symlink: /home/ysl/ros2_ws/install/rm_interfaces/include/rm_interfaces/rm_interfaces/msg/detail/rune_target__type_support.h
[4.811s] -- Up-to-date symlink: /home/ysl/ros2_ws/install/rm_interfaces/include/rm_interfaces/rm_interfaces/msg/detail/serial_receive_data__functions.h
[4.815s] -- Up-to-date symlink: /home/ysl/ros2_ws/install/rm_interfaces/include/rm_interfaces/rm_interfaces/msg/detail/serial_receive_data__struct.h
[4.815s] -- Up-to-date symlink: /home/ysl/ros2_ws/install/rm_interfaces/include/rm_interfaces/rm_interfaces/msg/detail/serial_receive_data__type_support.h
[4.816s] -- Up-to-date symlink: /home/ysl/ros2_ws/install/rm_interfaces/include/rm_interfaces/rm_interfaces/msg/detail/shoot_fire_target__functions.h
[4.817s] -- Up-to-date symlink: /home/ysl/ros2_ws/install/rm_interfaces/include/rm_interfaces/rm_interfaces/msg/detail/shoot_fire_target__struct.h
[4.820s] -- Up-to-date symlink: /home/ysl/ros2_ws/install/rm_interfaces/include/rm_interfaces/rm_interfaces/msg/detail/shoot_fire_target__type_support.h
[4.822s] -- Up-to-date symlink: /home/ysl/ros2_ws/install/rm_interfaces/include/rm_interfaces/rm_interfaces/msg/detail/shoot_fire_targets__functions.h
[4.827s] -- Up-to-date symlink: /home/ysl/ros2_ws/install/rm_interfaces/include/rm_interfaces/rm_interfaces/msg/detail/shoot_fire_targets__struct.h
[4.846s] -- Up-to-date symlink: /home/ysl/ros2_ws/install/rm_interfaces/include/rm_interfaces/rm_interfaces/msg/detail/shoot_fire_targets__type_support.h
[4.852s] -- Up-to-date symlink: /home/ysl/ros2_ws/install/rm_interfaces/include/rm_interfaces/rm_interfaces/msg/detail/target__functions.h
[4.868s] -- Up-to-date symlink: /home/ysl/ros2_ws/install/rm_interfaces/include/rm_interfaces/rm_interfaces/msg/detail/target__struct.h
[4.868s] -- Up-to-date symlink: /home/ysl/ros2_ws/install/rm_interfaces/include/rm_interfaces/rm_interfaces/msg/detail/target__type_support.h
[4.868s] -- Up-to-date symlink: /home/ysl/ros2_ws/install/rm_interfaces/include/rm_interfaces/rm_interfaces/msg/detail/want__functions.h
[4.869s] -- Up-to-date symlink: /home/ysl/ros2_ws/install/rm_interfaces/include/rm_interfaces/rm_interfaces/msg/detail/want__struct.h
[4.869s] -- Up-to-date symlink: /home/ysl/ros2_ws/install/rm_interfaces/include/rm_interfaces/rm_interfaces/msg/detail/want__type_support.h
[4.870s] -- Up-to-date symlink: /home/ysl/ros2_ws/install/rm_interfaces/include/rm_interfaces/rm_interfaces/msg/ekf_p.h
[4.870s] -- Up-to-date symlink: /home/ysl/ros2_ws/install/rm_interfaces/include/rm_interfaces/rm_interfaces/msg/gimbal_cmd.h
[4.870s] -- Up-to-date symlink: /home/ysl/ros2_ws/install/rm_interfaces/include/rm_interfaces/rm_interfaces/msg/judge_system_data.h
[4.871s] -- Up-to-date symlink: /home/ysl/ros2_ws/install/rm_interfaces/include/rm_interfaces/rm_interfaces/msg/limit_angle.h
[4.871s] -- Up-to-date symlink: /home/ysl/ros2_ws/install/rm_interfaces/include/rm_interfaces/rm_interfaces/msg/measurement.h
[4.871s] -- Up-to-date symlink: /home/ysl/ros2_ws/install/rm_interfaces/include/rm_interfaces/rm_interfaces/msg/operator_command.h
[4.871s] -- Up-to-date symlink: /home/ysl/ros2_ws/install/rm_interfaces/include/rm_interfaces/rm_interfaces/msg/point2d.h
[4.872s] -- Up-to-date symlink: /home/ysl/ros2_ws/install/rm_interfaces/include/rm_interfaces/rm_interfaces/msg/rosidl_generator_c__visibility_control.h
[4.872s] -- Up-to-date symlink: /home/ysl/ros2_ws/install/rm_interfaces/include/rm_interfaces/rm_interfaces/msg/rune_target.h
[4.872s] -- Up-to-date symlink: /home/ysl/ros2_ws/install/rm_interfaces/include/rm_interfaces/rm_interfaces/msg/serial_receive_data.h
[4.872s] -- Up-to-date symlink: /home/ysl/ros2_ws/install/rm_interfaces/include/rm_interfaces/rm_interfaces/msg/shoot_fire_target.h
[4.873s] -- Up-to-date symlink: /home/ysl/ros2_ws/install/rm_interfaces/include/rm_interfaces/rm_interfaces/msg/shoot_fire_targets.h
[4.873s] -- Up-to-date symlink: /home/ysl/ros2_ws/install/rm_interfaces/include/rm_interfaces/rm_interfaces/msg/target.h
[4.873s] -- Up-to-date symlink: /home/ysl/ros2_ws/install/rm_interfaces/include/rm_interfaces/rm_interfaces/msg/want.h
[4.880s] -- Up-to-date symlink: /home/ysl/ros2_ws/install/rm_interfaces/include/rm_interfaces/rm_interfaces/srv/detail/set_mode__functions.h
[4.880s] -- Up-to-date symlink: /home/ysl/ros2_ws/install/rm_interfaces/include/rm_interfaces/rm_interfaces/srv/detail/set_mode__struct.h
[4.881s] -- Up-to-date symlink: /home/ysl/ros2_ws/install/rm_interfaces/include/rm_interfaces/rm_interfaces/srv/detail/set_mode__type_support.h
[4.881s] -- Up-to-date symlink: /home/ysl/ros2_ws/install/rm_interfaces/include/rm_interfaces/rm_interfaces/srv/set_mode.h
[4.887s] -- Up-to-date symlink: /home/ysl/ros2_ws/install/rm_interfaces/share/rm_interfaces/environment/library_path.sh
[4.899s] -- Up-to-date symlink: /home/ysl/ros2_ws/install/rm_interfaces/share/rm_interfaces/environment/library_path.dsv
[4.921s] -- Up-to-date symlink: /home/ysl/ros2_ws/install/rm_interfaces/include/rm_interfaces/rm_interfaces/msg/detail/armor__rosidl_typesupport_fastrtps_c.h
[4.922s] -- Up-to-date symlink: /home/ysl/ros2_ws/install/rm_interfaces/include/rm_interfaces/rm_interfaces/msg/detail/armors__rosidl_typesupport_fastrtps_c.h
[4.922s] -- Up-to-date symlink: /home/ysl/ros2_ws/install/rm_interfaces/include/rm_interfaces/rm_interfaces/msg/detail/chassis_cmd__rosidl_typesupport_fastrtps_c.h
[4.923s] -- Up-to-date symlink: /home/ysl/ros2_ws/install/rm_interfaces/include/rm_interfaces/rm_interfaces/msg/detail/debug_armor__rosidl_typesupport_fastrtps_c.h
[4.924s] -- Up-to-date symlink: /home/ysl/ros2_ws/install/rm_interfaces/include/rm_interfaces/rm_interfaces/msg/detail/debug_armors__rosidl_typesupport_fastrtps_c.h
[4.925s] -- Up-to-date symlink: /home/ysl/ros2_ws/install/rm_interfaces/include/rm_interfaces/rm_interfaces/msg/detail/debug_light__rosidl_typesupport_fastrtps_c.h
[4.925s] -- Up-to-date symlink: /home/ysl/ros2_ws/install/rm_interfaces/include/rm_interfaces/rm_interfaces/msg/detail/debug_lights__rosidl_typesupport_fastrtps_c.h
[4.926s] -- Up-to-date symlink: /home/ysl/ros2_ws/install/rm_interfaces/include/rm_interfaces/rm_interfaces/msg/detail/debug_rune_angle__rosidl_typesupport_fastrtps_c.h
[4.934s] -- Up-to-date symlink: /home/ysl/ros2_ws/install/rm_interfaces/include/rm_interfaces/rm_interfaces/msg/detail/ekf_p__rosidl_typesupport_fastrtps_c.h
[4.934s] -- Up-to-date symlink: /home/ysl/ros2_ws/install/rm_interfaces/include/rm_interfaces/rm_interfaces/msg/detail/gimbal_cmd__rosidl_typesupport_fastrtps_c.h
[4.935s] -- Up-to-date symlink: /home/ysl/ros2_ws/install/rm_interfaces/include/rm_interfaces/rm_interfaces/msg/detail/judge_system_data__rosidl_typesupport_fastrtps_c.h
[4.935s] -- Up-to-date symlink: /home/ysl/ros2_ws/install/rm_interfaces/include/rm_interfaces/rm_interfaces/msg/detail/limit_angle__rosidl_typesupport_fastrtps_c.h
[4.936s] -- Up-to-date symlink: /home/ysl/ros2_ws/install/rm_interfaces/include/rm_interfaces/rm_interfaces/msg/detail/measurement__rosidl_typesupport_fastrtps_c.h
[4.936s] -- Up-to-date symlink: /home/ysl/ros2_ws/install/rm_interfaces/include/rm_interfaces/rm_interfaces/msg/detail/operator_command__rosidl_typesupport_fastrtps_c.h
[4.936s] -- Up-to-date symlink: /home/ysl/ros2_ws/install/rm_interfaces/include/rm_interfaces/rm_interfaces/msg/detail/point2d__rosidl_typesupport_fastrtps_c.h
[4.939s] -- Up-to-date symlink: /home/ysl/ros2_ws/install/rm_interfaces/include/rm_interfaces/rm_interfaces/msg/detail/rune_target__rosidl_typesupport_fastrtps_c.h
[4.941s] -- Up-to-date symlink: /home/ysl/ros2_ws/install/rm_interfaces/include/rm_interfaces/rm_interfaces/msg/detail/serial_receive_data__rosidl_typesupport_fastrtps_c.h
[4.942s] -- Up-to-date symlink: /home/ysl/ros2_ws/install/rm_interfaces/include/rm_interfaces/rm_interfaces/msg/detail/shoot_fire_target__rosidl_typesupport_fastrtps_c.h
[4.942s] -- Up-to-date symlink: /home/ysl/ros2_ws/install/rm_interfaces/include/rm_interfaces/rm_interfaces/msg/detail/shoot_fire_targets__rosidl_typesupport_fastrtps_c.h
[4.944s] -- Up-to-date symlink: /home/ysl/ros2_ws/install/rm_interfaces/include/rm_interfaces/rm_interfaces/msg/detail/target__rosidl_typesupport_fastrtps_c.h
[4.945s] -- Up-to-date symlink: /home/ysl/ros2_ws/install/rm_interfaces/include/rm_interfaces/rm_interfaces/msg/detail/want__rosidl_typesupport_fastrtps_c.h
[4.946s] -- Up-to-date symlink: /home/ysl/ros2_ws/install/rm_interfaces/include/rm_interfaces/rm_interfaces/msg/rosidl_typesupport_fastrtps_c__visibility_control.h
[4.950s] -- Up-to-date symlink: /home/ysl/ros2_ws/install/rm_interfaces/include/rm_interfaces/rm_interfaces/srv/detail/set_mode__rosidl_typesupport_fastrtps_c.h
[4.953s] -- Up-to-date symlink: /home/ysl/ros2_ws/install/rm_interfaces/include/rm_interfaces/rm_interfaces/msg/detail/armor__rosidl_typesupport_introspection_c.h
[4.954s] -- Up-to-date symlink: /home/ysl/ros2_ws/install/rm_interfaces/include/rm_interfaces/rm_interfaces/msg/detail/armors__rosidl_typesupport_introspection_c.h
[4.961s] -- Up-to-date symlink: /home/ysl/ros2_ws/install/rm_interfaces/include/rm_interfaces/rm_interfaces/msg/detail/chassis_cmd__rosidl_typesupport_introspection_c.h
[4.963s] -- Up-to-date symlink: /home/ysl/ros2_ws/install/rm_interfaces/include/rm_interfaces/rm_interfaces/msg/detail/debug_armor__rosidl_typesupport_introspection_c.h
[4.977s] -- Up-to-date symlink: /home/ysl/ros2_ws/install/rm_interfaces/include/rm_interfaces/rm_interfaces/msg/detail/debug_armors__rosidl_typesupport_introspection_c.h
[4.978s] -- Up-to-date symlink: /home/ysl/ros2_ws/install/rm_interfaces/include/rm_interfaces/rm_interfaces/msg/detail/debug_light__rosidl_typesupport_introspection_c.h
[4.979s] -- Up-to-date symlink: /home/ysl/ros2_ws/install/rm_interfaces/include/rm_interfaces/rm_interfaces/msg/detail/debug_lights__rosidl_typesupport_introspection_c.h
[4.990s] -- Up-to-date symlink: /home/ysl/ros2_ws/install/rm_interfaces/include/rm_interfaces/rm_interfaces/msg/detail/debug_rune_angle__rosidl_typesupport_introspection_c.h
[4.991s] -- Up-to-date symlink: /home/ysl/ros2_ws/install/rm_interfaces/include/rm_interfaces/rm_interfaces/msg/detail/ekf_p__rosidl_typesupport_introspection_c.h
[4.991s] -- Up-to-date symlink: /home/ysl/ros2_ws/install/rm_interfaces/include/rm_interfaces/rm_interfaces/msg/detail/gimbal_cmd__rosidl_typesupport_introspection_c.h
[4.991s] -- Up-to-date symlink: /home/ysl/ros2_ws/install/rm_interfaces/include/rm_interfaces/rm_interfaces/msg/detail/judge_system_data__rosidl_typesupport_introspection_c.h
[4.992s] -- Up-to-date symlink: /home/ysl/ros2_ws/install/rm_interfaces/include/rm_interfaces/rm_interfaces/msg/detail/limit_angle__rosidl_typesupport_introspection_c.h
[4.992s] -- Up-to-date symlink: /home/ysl/ros2_ws/install/rm_interfaces/include/rm_interfaces/rm_interfaces/msg/detail/measurement__rosidl_typesupport_introspection_c.h
[4.992s] -- Up-to-date symlink: /home/ysl/ros2_ws/install/rm_interfaces/include/rm_interfaces/rm_interfaces/msg/detail/operator_command__rosidl_typesupport_introspection_c.h
[4.993s] -- Up-to-date symlink: /home/ysl/ros2_ws/install/rm_interfaces/include/rm_interfaces/rm_interfaces/msg/detail/point2d__rosidl_typesupport_introspection_c.h
[4.994s] -- Up-to-date symlink: /home/ysl/ros2_ws/install/rm_interfaces/include/rm_interfaces/rm_interfaces/msg/detail/rune_target__rosidl_typesupport_introspection_c.h
[4.996s] -- Up-to-date symlink: /home/ysl/ros2_ws/install/rm_interfaces/include/rm_interfaces/rm_interfaces/msg/detail/serial_receive_data__rosidl_typesupport_introspection_c.h
[4.999s] -- Up-to-date symlink: /home/ysl/ros2_ws/install/rm_interfaces/include/rm_interfaces/rm_interfaces/msg/detail/shoot_fire_target__rosidl_typesupport_introspection_c.h
[5.001s] -- Up-to-date symlink: /home/ysl/ros2_ws/install/rm_interfaces/include/rm_interfaces/rm_interfaces/msg/detail/shoot_fire_targets__rosidl_typesupport_introspection_c.h
[5.005s] -- Up-to-date symlink: /home/ysl/ros2_ws/install/rm_interfaces/include/rm_interfaces/rm_interfaces/msg/detail/target__rosidl_typesupport_introspection_c.h
[5.015s] -- Up-to-date symlink: /home/ysl/ros2_ws/install/rm_interfaces/include/rm_interfaces/rm_interfaces/msg/detail/want__rosidl_typesupport_introspection_c.h
[5.017s] -- Up-to-date symlink: /home/ysl/ros2_ws/install/rm_interfaces/include/rm_interfaces/rm_interfaces/msg/rosidl_typesupport_introspection_c__visibility_control.h
[5.021s] -- Up-to-date symlink: /home/ysl/ros2_ws/install/rm_interfaces/include/rm_interfaces/rm_interfaces/srv/detail/set_mode__rosidl_typesupport_introspection_c.h
[5.026s] -- Up-to-date symlink: /home/ysl/ros2_ws/install/rm_interfaces/include/rm_interfaces/rm_interfaces/msg/armor.hpp
[5.029s] -- Up-to-date symlink: /home/ysl/ros2_ws/install/rm_interfaces/include/rm_interfaces/rm_interfaces/msg/armors.hpp
[5.029s] -- Up-to-date symlink: /home/ysl/ros2_ws/install/rm_interfaces/include/rm_interfaces/rm_interfaces/msg/chassis_cmd.hpp
[5.030s] -- Up-to-date symlink: /home/ysl/ros2_ws/install/rm_interfaces/include/rm_interfaces/rm_interfaces/msg/debug_armor.hpp
[5.031s] -- Up-to-date symlink: /home/ysl/ros2_ws/install/rm_interfaces/include/rm_interfaces/rm_interfaces/msg/debug_armors.hpp
[5.032s] -- Up-to-date symlink: /home/ysl/ros2_ws/install/rm_interfaces/include/rm_interfaces/rm_interfaces/msg/debug_light.hpp
[5.033s] -- Up-to-date symlink: /home/ysl/ros2_ws/install/rm_interfaces/include/rm_interfaces/rm_interfaces/msg/debug_lights.hpp
[5.038s] -- Up-to-date symlink: /home/ysl/ros2_ws/install/rm_interfaces/include/rm_interfaces/rm_interfaces/msg/debug_rune_angle.hpp
[5.038s] -- Up-to-date symlink: /home/ysl/ros2_ws/install/rm_interfaces/include/rm_interfaces/rm_interfaces/msg/detail/armor__builder.hpp
[5.038s] -- Up-to-date symlink: /home/ysl/ros2_ws/install/rm_interfaces/include/rm_interfaces/rm_interfaces/msg/detail/armor__struct.hpp
[5.039s] -- Up-to-date symlink: /home/ysl/ros2_ws/install/rm_interfaces/include/rm_interfaces/rm_interfaces/msg/detail/armor__traits.hpp
[5.039s] -- Up-to-date symlink: /home/ysl/ros2_ws/install/rm_interfaces/include/rm_interfaces/rm_interfaces/msg/detail/armor__type_support.hpp
[5.039s] -- Up-to-date symlink: /home/ysl/ros2_ws/install/rm_interfaces/include/rm_interfaces/rm_interfaces/msg/detail/armors__builder.hpp
[5.040s] -- Up-to-date symlink: /home/ysl/ros2_ws/install/rm_interfaces/include/rm_interfaces/rm_interfaces/msg/detail/armors__struct.hpp
[5.041s] -- Up-to-date symlink: /home/ysl/ros2_ws/install/rm_interfaces/include/rm_interfaces/rm_interfaces/msg/detail/armors__traits.hpp
[5.041s] -- Up-to-date symlink: /home/ysl/ros2_ws/install/rm_interfaces/include/rm_interfaces/rm_interfaces/msg/detail/armors__type_support.hpp
[5.042s] -- Up-to-date symlink: /home/ysl/ros2_ws/install/rm_interfaces/include/rm_interfaces/rm_interfaces/msg/detail/chassis_cmd__builder.hpp
[5.044s] -- Up-to-date symlink: /home/ysl/ros2_ws/install/rm_interfaces/include/rm_interfaces/rm_interfaces/msg/detail/chassis_cmd__struct.hpp
[5.045s] -- Up-to-date symlink: /home/ysl/ros2_ws/install/rm_interfaces/include/rm_interfaces/rm_interfaces/msg/detail/chassis_cmd__traits.hpp
[5.046s] -- Up-to-date symlink: /home/ysl/ros2_ws/install/rm_interfaces/include/rm_interfaces/rm_interfaces/msg/detail/chassis_cmd__type_support.hpp
[5.046s] -- Up-to-date symlink: /home/ysl/ros2_ws/install/rm_interfaces/include/rm_interfaces/rm_interfaces/msg/detail/debug_armor__builder.hpp
[5.049s] -- Up-to-date symlink: /home/ysl/ros2_ws/install/rm_interfaces/include/rm_interfaces/rm_interfaces/msg/detail/debug_armor__struct.hpp
[5.049s] -- Up-to-date symlink: /home/ysl/ros2_ws/install/rm_interfaces/include/rm_interfaces/rm_interfaces/msg/detail/debug_armor__traits.hpp
[5.067s] -- Up-to-date symlink: /home/ysl/ros2_ws/install/rm_interfaces/include/rm_interfaces/rm_interfaces/msg/detail/debug_armor__type_support.hpp
[5.068s] -- Up-to-date symlink: /home/ysl/ros2_ws/install/rm_interfaces/include/rm_interfaces/rm_interfaces/msg/detail/debug_armors__builder.hpp
[5.068s] -- Up-to-date symlink: /home/ysl/ros2_ws/install/rm_interfaces/include/rm_interfaces/rm_interfaces/msg/detail/debug_armors__struct.hpp
[5.088s] -- Up-to-date symlink: /home/ysl/ros2_ws/install/rm_interfaces/include/rm_interfaces/rm_interfaces/msg/detail/debug_armors__traits.hpp
[5.089s] -- Up-to-date symlink: /home/ysl/ros2_ws/install/rm_interfaces/include/rm_interfaces/rm_interfaces/msg/detail/debug_armors__type_support.hpp
[5.090s] -- Up-to-date symlink: /home/ysl/ros2_ws/install/rm_interfaces/include/rm_interfaces/rm_interfaces/msg/detail/debug_light__builder.hpp
[5.091s] -- Up-to-date symlink: /home/ysl/ros2_ws/install/rm_interfaces/include/rm_interfaces/rm_interfaces/msg/detail/debug_light__struct.hpp
[5.092s] -- Up-to-date symlink: /home/ysl/ros2_ws/install/rm_interfaces/include/rm_interfaces/rm_interfaces/msg/detail/debug_light__traits.hpp
[5.092s] -- Up-to-date symlink: /home/ysl/ros2_ws/install/rm_interfaces/include/rm_interfaces/rm_interfaces/msg/detail/debug_light__type_support.hpp
[5.093s] -- Up-to-date symlink: /home/ysl/ros2_ws/install/rm_interfaces/include/rm_interfaces/rm_interfaces/msg/detail/debug_lights__builder.hpp
[5.094s] -- Up-to-date symlink: /home/ysl/ros2_ws/install/rm_interfaces/include/rm_interfaces/rm_interfaces/msg/detail/debug_lights__struct.hpp
[5.094s] -- Up-to-date symlink: /home/ysl/ros2_ws/install/rm_interfaces/include/rm_interfaces/rm_interfaces/msg/detail/debug_lights__traits.hpp
[5.095s] -- Up-to-date symlink: /home/ysl/ros2_ws/install/rm_interfaces/include/rm_interfaces/rm_interfaces/msg/detail/debug_lights__type_support.hpp
[5.102s] -- Up-to-date symlink: /home/ysl/ros2_ws/install/rm_interfaces/include/rm_interfaces/rm_interfaces/msg/detail/debug_rune_angle__builder.hpp
[5.118s] -- Up-to-date symlink: /home/ysl/ros2_ws/install/rm_interfaces/include/rm_interfaces/rm_interfaces/msg/detail/debug_rune_angle__struct.hpp
[5.121s] -- Up-to-date symlink: /home/ysl/ros2_ws/install/rm_interfaces/include/rm_interfaces/rm_interfaces/msg/detail/debug_rune_angle__traits.hpp
[5.122s] -- Up-to-date symlink: /home/ysl/ros2_ws/install/rm_interfaces/include/rm_interfaces/rm_interfaces/msg/detail/debug_rune_angle__type_support.hpp
[5.124s] -- Up-to-date symlink: /home/ysl/ros2_ws/install/rm_interfaces/include/rm_interfaces/rm_interfaces/msg/detail/ekf_p__builder.hpp
[5.125s] -- Up-to-date symlink: /home/ysl/ros2_ws/install/rm_interfaces/include/rm_interfaces/rm_interfaces/msg/detail/ekf_p__struct.hpp
[5.126s] -- Up-to-date symlink: /home/ysl/ros2_ws/install/rm_interfaces/include/rm_interfaces/rm_interfaces/msg/detail/ekf_p__traits.hpp
[5.127s] -- Up-to-date symlink: /home/ysl/ros2_ws/install/rm_interfaces/include/rm_interfaces/rm_interfaces/msg/detail/ekf_p__type_support.hpp
[5.128s] -- Up-to-date symlink: /home/ysl/ros2_ws/install/rm_interfaces/include/rm_interfaces/rm_interfaces/msg/detail/gimbal_cmd__builder.hpp
[5.130s] -- Up-to-date symlink: /home/ysl/ros2_ws/install/rm_interfaces/include/rm_interfaces/rm_interfaces/msg/detail/gimbal_cmd__struct.hpp
[5.131s] -- Up-to-date symlink: /home/ysl/ros2_ws/install/rm_interfaces/include/rm_interfaces/rm_interfaces/msg/detail/gimbal_cmd__traits.hpp
[5.131s] -- Up-to-date symlink: /home/ysl/ros2_ws/install/rm_interfaces/include/rm_interfaces/rm_interfaces/msg/detail/gimbal_cmd__type_support.hpp
[5.131s] -- Up-to-date symlink: /home/ysl/ros2_ws/install/rm_interfaces/include/rm_interfaces/rm_interfaces/msg/detail/judge_system_data__builder.hpp
[5.132s] -- Up-to-date symlink: /home/ysl/ros2_ws/install/rm_interfaces/include/rm_interfaces/rm_interfaces/msg/detail/judge_system_data__struct.hpp
[5.132s] -- Up-to-date symlink: /home/ysl/ros2_ws/install/rm_interfaces/include/rm_interfaces/rm_interfaces/msg/detail/judge_system_data__traits.hpp
[5.133s] -- Up-to-date symlink: /home/ysl/ros2_ws/install/rm_interfaces/include/rm_interfaces/rm_interfaces/msg/detail/judge_system_data__type_support.hpp
[5.134s] -- Up-to-date symlink: /home/ysl/ros2_ws/install/rm_interfaces/include/rm_interfaces/rm_interfaces/msg/detail/limit_angle__builder.hpp
[5.136s] -- Up-to-date symlink: /home/ysl/ros2_ws/install/rm_interfaces/include/rm_interfaces/rm_interfaces/msg/detail/limit_angle__struct.hpp
[5.142s] -- Up-to-date symlink: /home/ysl/ros2_ws/install/rm_interfaces/include/rm_interfaces/rm_interfaces/msg/detail/limit_angle__traits.hpp
[5.143s] -- Up-to-date symlink: /home/ysl/ros2_ws/install/rm_interfaces/include/rm_interfaces/rm_interfaces/msg/detail/limit_angle__type_support.hpp
[5.144s] -- Up-to-date symlink: /home/ysl/ros2_ws/install/rm_interfaces/include/rm_interfaces/rm_interfaces/msg/detail/measurement__builder.hpp
[5.145s] -- Up-to-date symlink: /home/ysl/ros2_ws/install/rm_interfaces/include/rm_interfaces/rm_interfaces/msg/detail/measurement__struct.hpp
[5.146s] -- Up-to-date symlink: /home/ysl/ros2_ws/install/rm_interfaces/include/rm_interfaces/rm_interfaces/msg/detail/measurement__traits.hpp
[5.147s] -- Up-to-date symlink: /home/ysl/ros2_ws/install/rm_interfaces/include/rm_interfaces/rm_interfaces/msg/detail/measurement__type_support.hpp
[5.150s] -- Up-to-date symlink: /home/ysl/ros2_ws/install/rm_interfaces/include/rm_interfaces/rm_interfaces/msg/detail/operator_command__builder.hpp
[5.151s] -- Up-to-date symlink: /home/ysl/ros2_ws/install/rm_interfaces/include/rm_interfaces/rm_interfaces/msg/detail/operator_command__struct.hpp
[5.151s] -- Up-to-date symlink: /home/ysl/ros2_ws/install/rm_interfaces/include/rm_interfaces/rm_interfaces/msg/detail/operator_command__traits.hpp
[5.152s] -- Up-to-date symlink: /home/ysl/ros2_ws/install/rm_interfaces/include/rm_interfaces/rm_interfaces/msg/detail/operator_command__type_support.hpp
[5.153s] -- Up-to-date symlink: /home/ysl/ros2_ws/install/rm_interfaces/include/rm_interfaces/rm_interfaces/msg/detail/point2d__builder.hpp
[5.154s] -- Up-to-date symlink: /home/ysl/ros2_ws/install/rm_interfaces/include/rm_interfaces/rm_interfaces/msg/detail/point2d__struct.hpp
[5.155s] -- Up-to-date symlink: /home/ysl/ros2_ws/install/rm_interfaces/include/rm_interfaces/rm_interfaces/msg/detail/point2d__traits.hpp
[5.156s] -- Up-to-date symlink: /home/ysl/ros2_ws/install/rm_interfaces/include/rm_interfaces/rm_interfaces/msg/detail/point2d__type_support.hpp
[5.160s] -- Up-to-date symlink: /home/ysl/ros2_ws/install/rm_interfaces/include/rm_interfaces/rm_interfaces/msg/detail/rune_target__builder.hpp
[5.161s] -- Up-to-date symlink: /home/ysl/ros2_ws/install/rm_interfaces/include/rm_interfaces/rm_interfaces/msg/detail/rune_target__struct.hpp
[5.162s] -- Up-to-date symlink: /home/ysl/ros2_ws/install/rm_interfaces/include/rm_interfaces/rm_interfaces/msg/detail/rune_target__traits.hpp
[5.163s] -- Up-to-date symlink: /home/ysl/ros2_ws/install/rm_interfaces/include/rm_interfaces/rm_interfaces/msg/detail/rune_target__type_support.hpp
[5.163s] -- Up-to-date symlink: /home/ysl/ros2_ws/install/rm_interfaces/include/rm_interfaces/rm_interfaces/msg/detail/serial_receive_data__builder.hpp
[5.164s] -- Up-to-date symlink: /home/ysl/ros2_ws/install/rm_interfaces/include/rm_interfaces/rm_interfaces/msg/detail/serial_receive_data__struct.hpp
[5.169s] -- Up-to-date symlink: /home/ysl/ros2_ws/install/rm_interfaces/include/rm_interfaces/rm_interfaces/msg/detail/serial_receive_data__traits.hpp
[5.169s] -- Up-to-date symlink: /home/ysl/ros2_ws/install/rm_interfaces/include/rm_interfaces/rm_interfaces/msg/detail/serial_receive_data__type_support.hpp
[5.169s] -- Up-to-date symlink: /home/ysl/ros2_ws/install/rm_interfaces/include/rm_interfaces/rm_interfaces/msg/detail/shoot_fire_target__builder.hpp
[5.169s] -- Up-to-date symlink: /home/ysl/ros2_ws/install/rm_interfaces/include/rm_interfaces/rm_interfaces/msg/detail/shoot_fire_target__struct.hpp
[5.170s] -- Up-to-date symlink: /home/ysl/ros2_ws/install/rm_interfaces/include/rm_interfaces/rm_interfaces/msg/detail/shoot_fire_target__traits.hpp
[5.170s] -- Up-to-date symlink: /home/ysl/ros2_ws/install/rm_interfaces/include/rm_interfaces/rm_interfaces/msg/detail/shoot_fire_target__type_support.hpp
[5.174s] -- Up-to-date symlink: /home/ysl/ros2_ws/install/rm_interfaces/include/rm_interfaces/rm_interfaces/msg/detail/shoot_fire_targets__builder.hpp
[5.174s] -- Up-to-date symlink: /home/ysl/ros2_ws/install/rm_interfaces/include/rm_interfaces/rm_interfaces/msg/detail/shoot_fire_targets__struct.hpp
[5.175s] -- Up-to-date symlink: /home/ysl/ros2_ws/install/rm_interfaces/include/rm_interfaces/rm_interfaces/msg/detail/shoot_fire_targets__traits.hpp
[5.175s] -- Up-to-date symlink: /home/ysl/ros2_ws/install/rm_interfaces/include/rm_interfaces/rm_interfaces/msg/detail/shoot_fire_targets__type_support.hpp
[5.175s] -- Up-to-date symlink: /home/ysl/ros2_ws/install/rm_interfaces/include/rm_interfaces/rm_interfaces/msg/detail/target__builder.hpp
[5.182s] -- Up-to-date symlink: /home/ysl/ros2_ws/install/rm_interfaces/include/rm_interfaces/rm_interfaces/msg/detail/target__struct.hpp
[5.182s] -- Up-to-date symlink: /home/ysl/ros2_ws/install/rm_interfaces/include/rm_interfaces/rm_interfaces/msg/detail/target__traits.hpp
[5.198s] -- Up-to-date symlink: /home/ysl/ros2_ws/install/rm_interfaces/include/rm_interfaces/rm_interfaces/msg/detail/target__type_support.hpp
[5.199s] -- Up-to-date symlink: /home/ysl/ros2_ws/install/rm_interfaces/include/rm_interfaces/rm_interfaces/msg/detail/want__builder.hpp
[5.199s] -- Up-to-date symlink: /home/ysl/ros2_ws/install/rm_interfaces/include/rm_interfaces/rm_interfaces/msg/detail/want__struct.hpp
[5.201s] -- Up-to-date symlink: /home/ysl/ros2_ws/install/rm_interfaces/include/rm_interfaces/rm_interfaces/msg/detail/want__traits.hpp
[5.204s] -- Up-to-date symlink: /home/ysl/ros2_ws/install/rm_interfaces/include/rm_interfaces/rm_interfaces/msg/detail/want__type_support.hpp
[5.205s] -- Up-to-date symlink: /home/ysl/ros2_ws/install/rm_interfaces/include/rm_interfaces/rm_interfaces/msg/ekf_p.hpp
[5.206s] -- Up-to-date symlink: /home/ysl/ros2_ws/install/rm_interfaces/include/rm_interfaces/rm_interfaces/msg/gimbal_cmd.hpp
[5.207s] -- Up-to-date symlink: /home/ysl/ros2_ws/install/rm_interfaces/include/rm_interfaces/rm_interfaces/msg/judge_system_data.hpp
[5.208s] -- Up-to-date symlink: /home/ysl/ros2_ws/install/rm_interfaces/include/rm_interfaces/rm_interfaces/msg/limit_angle.hpp
[5.209s] -- Up-to-date symlink: /home/ysl/ros2_ws/install/rm_interfaces/include/rm_interfaces/rm_interfaces/msg/measurement.hpp
[5.223s] -- Up-to-date symlink: /home/ysl/ros2_ws/install/rm_interfaces/include/rm_interfaces/rm_interfaces/msg/operator_command.hpp
[5.224s] -- Up-to-date symlink: /home/ysl/ros2_ws/install/rm_interfaces/include/rm_interfaces/rm_interfaces/msg/point2d.hpp
[5.224s] -- Up-to-date symlink: /home/ysl/ros2_ws/install/rm_interfaces/include/rm_interfaces/rm_interfaces/msg/rosidl_generator_cpp__visibility_control.hpp
[5.224s] -- Up-to-date symlink: /home/ysl/ros2_ws/install/rm_interfaces/include/rm_interfaces/rm_interfaces/msg/rune_target.hpp
[5.225s] -- Up-to-date symlink: /home/ysl/ros2_ws/install/rm_interfaces/include/rm_interfaces/rm_interfaces/msg/serial_receive_data.hpp
[5.226s] -- Up-to-date symlink: /home/ysl/ros2_ws/install/rm_interfaces/include/rm_interfaces/rm_interfaces/msg/shoot_fire_target.hpp
[5.244s] -- Up-to-date symlink: /home/ysl/ros2_ws/install/rm_interfaces/include/rm_interfaces/rm_interfaces/msg/shoot_fire_targets.hpp
[5.245s] -- Up-to-date symlink: /home/ysl/ros2_ws/install/rm_interfaces/include/rm_interfaces/rm_interfaces/msg/target.hpp
[5.247s] -- Up-to-date symlink: /home/ysl/ros2_ws/install/rm_interfaces/include/rm_interfaces/rm_interfaces/msg/want.hpp
[5.249s] -- Up-to-date symlink: /home/ysl/ros2_ws/install/rm_interfaces/include/rm_interfaces/rm_interfaces/srv/detail/set_mode__builder.hpp
[5.250s] -- Up-to-date symlink: /home/ysl/ros2_ws/install/rm_interfaces/include/rm_interfaces/rm_interfaces/srv/detail/set_mode__struct.hpp
[5.252s] -- Up-to-date symlink: /home/ysl/ros2_ws/install/rm_interfaces/include/rm_interfaces/rm_interfaces/srv/detail/set_mode__traits.hpp
[5.261s] -- Up-to-date symlink: /home/ysl/ros2_ws/install/rm_interfaces/include/rm_interfaces/rm_interfaces/srv/detail/set_mode__type_support.hpp
[5.263s] -- Up-to-date symlink: /home/ysl/ros2_ws/install/rm_interfaces/include/rm_interfaces/rm_interfaces/srv/set_mode.hpp
[5.270s] -- Up-to-date symlink: /home/ysl/ros2_ws/install/rm_interfaces/include/rm_interfaces/rm_interfaces/msg/detail/armor__rosidl_typesupport_fastrtps_cpp.hpp
[5.270s] -- Up-to-date symlink: /home/ysl/ros2_ws/install/rm_interfaces/include/rm_interfaces/rm_interfaces/msg/detail/armors__rosidl_typesupport_fastrtps_cpp.hpp
[5.272s] -- Up-to-date symlink: /home/ysl/ros2_ws/install/rm_interfaces/include/rm_interfaces/rm_interfaces/msg/detail/chassis_cmd__rosidl_typesupport_fastrtps_cpp.hpp
[5.280s] -- Up-to-date symlink: /home/ysl/ros2_ws/install/rm_interfaces/include/rm_interfaces/rm_interfaces/msg/detail/debug_armor__rosidl_typesupport_fastrtps_cpp.hpp
[5.280s] -- Up-to-date symlink: /home/ysl/ros2_ws/install/rm_interfaces/include/rm_interfaces/rm_interfaces/msg/detail/debug_armors__rosidl_typesupport_fastrtps_cpp.hpp
[5.281s] -- Up-to-date symlink: /home/ysl/ros2_ws/install/rm_interfaces/include/rm_interfaces/rm_interfaces/msg/detail/debug_light__rosidl_typesupport_fastrtps_cpp.hpp
[5.281s] -- Up-to-date symlink: /home/ysl/ros2_ws/install/rm_interfaces/include/rm_interfaces/rm_interfaces/msg/detail/debug_lights__rosidl_typesupport_fastrtps_cpp.hpp
[5.282s] -- Up-to-date symlink: /home/ysl/ros2_ws/install/rm_interfaces/include/rm_interfaces/rm_interfaces/msg/detail/debug_rune_angle__rosidl_typesupport_fastrtps_cpp.hpp
[5.283s] -- Up-to-date symlink: /home/ysl/ros2_ws/install/rm_interfaces/include/rm_interfaces/rm_interfaces/msg/detail/ekf_p__rosidl_typesupport_fastrtps_cpp.hpp
[5.290s] -- Up-to-date symlink: /home/ysl/ros2_ws/install/rm_interfaces/include/rm_interfaces/rm_interfaces/msg/detail/gimbal_cmd__rosidl_typesupport_fastrtps_cpp.hpp
[5.290s] -- Up-to-date symlink: /home/ysl/ros2_ws/install/rm_interfaces/include/rm_interfaces/rm_interfaces/msg/detail/judge_system_data__rosidl_typesupport_fastrtps_cpp.hpp
[5.290s] -- Up-to-date symlink: /home/ysl/ros2_ws/install/rm_interfaces/include/rm_interfaces/rm_interfaces/msg/detail/limit_angle__rosidl_typesupport_fastrtps_cpp.hpp
[5.311s] -- Up-to-date symlink: /home/ysl/ros2_ws/install/rm_interfaces/include/rm_interfaces/rm_interfaces/msg/detail/measurement__rosidl_typesupport_fastrtps_cpp.hpp
[5.312s] -- Up-to-date symlink: /home/ysl/ros2_ws/install/rm_interfaces/include/rm_interfaces/rm_interfaces/msg/detail/operator_command__rosidl_typesupport_fastrtps_cpp.hpp
[5.312s] -- Up-to-date symlink: /home/ysl/ros2_ws/install/rm_interfaces/include/rm_interfaces/rm_interfaces/msg/detail/point2d__rosidl_typesupport_fastrtps_cpp.hpp
[5.313s] -- Up-to-date symlink: /home/ysl/ros2_ws/install/rm_interfaces/include/rm_interfaces/rm_interfaces/msg/detail/rune_target__rosidl_typesupport_fastrtps_cpp.hpp
[5.313s] -- Up-to-date symlink: /home/ysl/ros2_ws/install/rm_interfaces/include/rm_interfaces/rm_interfaces/msg/detail/serial_receive_data__rosidl_typesupport_fastrtps_cpp.hpp
[5.313s] -- Up-to-date symlink: /home/ysl/ros2_ws/install/rm_interfaces/include/rm_interfaces/rm_interfaces/msg/detail/shoot_fire_target__rosidl_typesupport_fastrtps_cpp.hpp
[5.313s] -- Up-to-date symlink: /home/ysl/ros2_ws/install/rm_interfaces/include/rm_interfaces/rm_interfaces/msg/detail/shoot_fire_targets__rosidl_typesupport_fastrtps_cpp.hpp
[5.314s] -- Up-to-date symlink: /home/ysl/ros2_ws/install/rm_interfaces/include/rm_interfaces/rm_interfaces/msg/detail/target__rosidl_typesupport_fastrtps_cpp.hpp
[5.316s] -- Up-to-date symlink: /home/ysl/ros2_ws/install/rm_interfaces/include/rm_interfaces/rm_interfaces/msg/detail/want__rosidl_typesupport_fastrtps_cpp.hpp
[5.317s] -- Up-to-date symlink: /home/ysl/ros2_ws/install/rm_interfaces/include/rm_interfaces/rm_interfaces/msg/rosidl_typesupport_fastrtps_cpp__visibility_control.h
[5.321s] -- Up-to-date symlink: /home/ysl/ros2_ws/install/rm_interfaces/include/rm_interfaces/rm_interfaces/srv/detail/set_mode__rosidl_typesupport_fastrtps_cpp.hpp
[5.322s] -- Up-to-date symlink: /home/ysl/ros2_ws/install/rm_interfaces/include/rm_interfaces/rm_interfaces/msg/detail/armor__rosidl_typesupport_introspection_cpp.hpp
[5.322s] -- Up-to-date symlink: /home/ysl/ros2_ws/install/rm_interfaces/include/rm_interfaces/rm_interfaces/msg/detail/armors__rosidl_typesupport_introspection_cpp.hpp
[5.323s] -- Up-to-date symlink: /home/ysl/ros2_ws/install/rm_interfaces/include/rm_interfaces/rm_interfaces/msg/detail/chassis_cmd__rosidl_typesupport_introspection_cpp.hpp
[5.324s] -- Up-to-date symlink: /home/ysl/ros2_ws/install/rm_interfaces/include/rm_interfaces/rm_interfaces/msg/detail/debug_armor__rosidl_typesupport_introspection_cpp.hpp
[5.324s] -- Up-to-date symlink: /home/ysl/ros2_ws/install/rm_interfaces/include/rm_interfaces/rm_interfaces/msg/detail/debug_armors__rosidl_typesupport_introspection_cpp.hpp
[5.326s] -- Up-to-date symlink: /home/ysl/ros2_ws/install/rm_interfaces/include/rm_interfaces/rm_interfaces/msg/detail/debug_light__rosidl_typesupport_introspection_cpp.hpp
[5.327s] -- Up-to-date symlink: /home/ysl/ros2_ws/install/rm_interfaces/include/rm_interfaces/rm_interfaces/msg/detail/debug_lights__rosidl_typesupport_introspection_cpp.hpp
[5.330s] -- Up-to-date symlink: /home/ysl/ros2_ws/install/rm_interfaces/include/rm_interfaces/rm_interfaces/msg/detail/debug_rune_angle__rosidl_typesupport_introspection_cpp.hpp
[5.330s] -- Up-to-date symlink: /home/ysl/ros2_ws/install/rm_interfaces/include/rm_interfaces/rm_interfaces/msg/detail/ekf_p__rosidl_typesupport_introspection_cpp.hpp
[5.331s] -- Up-to-date symlink: /home/ysl/ros2_ws/install/rm_interfaces/include/rm_interfaces/rm_interfaces/msg/detail/gimbal_cmd__rosidl_typesupport_introspection_cpp.hpp
[5.331s] -- Up-to-date symlink: /home/ysl/ros2_ws/install/rm_interfaces/include/rm_interfaces/rm_interfaces/msg/detail/judge_system_data__rosidl_typesupport_introspection_cpp.hpp
[5.354s] -- Up-to-date symlink: /home/ysl/ros2_ws/install/rm_interfaces/include/rm_interfaces/rm_interfaces/msg/detail/limit_angle__rosidl_typesupport_introspection_cpp.hpp
[5.355s] -- Up-to-date symlink: /home/ysl/ros2_ws/install/rm_interfaces/include/rm_interfaces/rm_interfaces/msg/detail/measurement__rosidl_typesupport_introspection_cpp.hpp
[5.355s] -- Up-to-date symlink: /home/ysl/ros2_ws/install/rm_interfaces/include/rm_interfaces/rm_interfaces/msg/detail/operator_command__rosidl_typesupport_introspection_cpp.hpp
[5.356s] -- Up-to-date symlink: /home/ysl/ros2_ws/install/rm_interfaces/include/rm_interfaces/rm_interfaces/msg/detail/point2d__rosidl_typesupport_introspection_cpp.hpp
[5.356s] -- Up-to-date symlink: /home/ysl/ros2_ws/install/rm_interfaces/include/rm_interfaces/rm_interfaces/msg/detail/rune_target__rosidl_typesupport_introspection_cpp.hpp
[5.357s] -- Up-to-date symlink: /home/ysl/ros2_ws/install/rm_interfaces/include/rm_interfaces/rm_interfaces/msg/detail/serial_receive_data__rosidl_typesupport_introspection_cpp.hpp
[5.357s] -- Up-to-date symlink: /home/ysl/ros2_ws/install/rm_interfaces/include/rm_interfaces/rm_interfaces/msg/detail/shoot_fire_target__rosidl_typesupport_introspection_cpp.hpp
[5.358s] -- Up-to-date symlink: /home/ysl/ros2_ws/install/rm_interfaces/include/rm_interfaces/rm_interfaces/msg/detail/shoot_fire_targets__rosidl_typesupport_introspection_cpp.hpp
[5.359s] -- Up-to-date symlink: /home/ysl/ros2_ws/install/rm_interfaces/include/rm_interfaces/rm_interfaces/msg/detail/target__rosidl_typesupport_introspection_cpp.hpp
[5.359s] -- Up-to-date symlink: /home/ysl/ros2_ws/install/rm_interfaces/include/rm_interfaces/rm_interfaces/msg/detail/want__rosidl_typesupport_introspection_cpp.hpp
[5.361s] -- Up-to-date symlink: /home/ysl/ros2_ws/install/rm_interfaces/include/rm_interfaces/rm_interfaces/srv/detail/set_mode__rosidl_typesupport_introspection_cpp.hpp
[5.362s] -- Up-to-date symlink: /home/ysl/ros2_ws/install/rm_interfaces/share/rm_interfaces/environment/pythonpath.sh
[5.362s] -- Up-to-date symlink: /home/ysl/ros2_ws/install/rm_interfaces/share/rm_interfaces/environment/pythonpath.dsv
[5.363s] -- Up-to-date symlink: /home/ysl/ros2_ws/install/rm_interfaces/lib/python3.12/site-packages/rm_interfaces-0.0.0-py3.12.egg-info/PKG-INFO
[5.363s] -- Up-to-date symlink: /home/ysl/ros2_ws/install/rm_interfaces/lib/python3.12/site-packages/rm_interfaces-0.0.0-py3.12.egg-info/SOURCES.txt
[5.363s] -- Up-to-date symlink: /home/ysl/ros2_ws/install/rm_interfaces/lib/python3.12/site-packages/rm_interfaces-0.0.0-py3.12.egg-info/dependency_links.txt
[5.363s] -- Up-to-date symlink: /home/ysl/ros2_ws/install/rm_interfaces/lib/python3.12/site-packages/rm_interfaces-0.0.0-py3.12.egg-info/top_level.txt
[5.364s] -- Up-to-date symlink: /home/ysl/ros2_ws/install/rm_interfaces/lib/python3.12/site-packages/rm_interfaces/__init__.py
[5.365s] -- Up-to-date symlink: /home/ysl/ros2_ws/install/rm_interfaces/lib/python3.12/site-packages/rm_interfaces/_rm_interfaces_s.ep.rosidl_typesupport_c.c
[5.366s] -- Up-to-date symlink: /home/ysl/ros2_ws/install/rm_interfaces/lib/python3.12/site-packages/rm_interfaces/_rm_interfaces_s.ep.rosidl_typesupport_fastrtps_c.c
[5.370s] -- Up-to-date symlink: /home/ysl/ros2_ws/install/rm_interfaces/lib/python3.12/site-packages/rm_interfaces/_rm_interfaces_s.ep.rosidl_typesupport_introspection_c.c
[5.372s] -- Up-to-date symlink: /home/ysl/ros2_ws/install/rm_interfaces/lib/python3.12/site-packages/rm_interfaces/msg/__init__.py
[5.377s] -- Up-to-date symlink: /home/ysl/ros2_ws/install/rm_interfaces/lib/python3.12/site-packages/rm_interfaces/msg/_armor.py
[5.379s] -- Up-to-date symlink: /home/ysl/ros2_ws/install/rm_interfaces/lib/python3.12/site-packages/rm_interfaces/msg/_armor_s.c
[5.379s] -- Up-to-date symlink: /home/ysl/ros2_ws/install/rm_interfaces/lib/python3.12/site-packages/rm_interfaces/msg/_armors.py
[5.380s] -- Up-to-date symlink: /home/ysl/ros2_ws/install/rm_interfaces/lib/python3.12/site-packages/rm_interfaces/msg/_armors_s.c
[5.396s] -- Up-to-date symlink: /home/ysl/ros2_ws/install/rm_interfaces/lib/python3.12/site-packages/rm_interfaces/msg/_chassis_cmd.py
[5.397s] -- Up-to-date symlink: /home/ysl/ros2_ws/install/rm_interfaces/lib/python3.12/site-packages/rm_interfaces/msg/_chassis_cmd_s.c
[5.397s] -- Up-to-date symlink: /home/ysl/ros2_ws/install/rm_interfaces/lib/python3.12/site-packages/rm_interfaces/msg/_debug_armor.py
[5.398s] -- Up-to-date symlink: /home/ysl/ros2_ws/install/rm_interfaces/lib/python3.12/site-packages/rm_interfaces/msg/_debug_armor_s.c
[5.398s] -- Up-to-date symlink: /home/ysl/ros2_ws/install/rm_interfaces/lib/python3.12/site-packages/rm_interfaces/msg/_debug_armors.py
[5.398s] -- Up-to-date symlink: /home/ysl/ros2_ws/install/rm_interfaces/lib/python3.12/site-packages/rm_interfaces/msg/_debug_armors_s.c
[5.405s] -- Up-to-date symlink: /home/ysl/ros2_ws/install/rm_interfaces/lib/python3.12/site-packages/rm_interfaces/msg/_debug_light.py
[5.417s] -- Up-to-date symlink: /home/ysl/ros2_ws/install/rm_interfaces/lib/python3.12/site-packages/rm_interfaces/msg/_debug_light_s.c
[5.417s] -- Up-to-date symlink: /home/ysl/ros2_ws/install/rm_interfaces/lib/python3.12/site-packages/rm_interfaces/msg/_debug_lights.py
[5.418s] -- Up-to-date symlink: /home/ysl/ros2_ws/install/rm_interfaces/lib/python3.12/site-packages/rm_interfaces/msg/_debug_lights_s.c
[5.418s] -- Up-to-date symlink: /home/ysl/ros2_ws/install/rm_interfaces/lib/python3.12/site-packages/rm_interfaces/msg/_debug_rune_angle.py
[5.418s] -- Up-to-date symlink: /home/ysl/ros2_ws/install/rm_interfaces/lib/python3.12/site-packages/rm_interfaces/msg/_debug_rune_angle_s.c
[5.419s] -- Up-to-date symlink: /home/ysl/ros2_ws/install/rm_interfaces/lib/python3.12/site-packages/rm_interfaces/msg/_ekf_p.py
[5.419s] -- Up-to-date symlink: /home/ysl/ros2_ws/install/rm_interfaces/lib/python3.12/site-packages/rm_interfaces/msg/_ekf_p_s.c
[5.419s] -- Up-to-date symlink: /home/ysl/ros2_ws/install/rm_interfaces/lib/python3.12/site-packages/rm_interfaces/msg/_gimbal_cmd.py
[5.419s] -- Up-to-date symlink: /home/ysl/ros2_ws/install/rm_interfaces/lib/python3.12/site-packages/rm_interfaces/msg/_gimbal_cmd_s.c
[5.420s] -- Up-to-date symlink: /home/ysl/ros2_ws/install/rm_interfaces/lib/python3.12/site-packages/rm_interfaces/msg/_judge_system_data.py
[5.420s] -- Up-to-date symlink: /home/ysl/ros2_ws/install/rm_interfaces/lib/python3.12/site-packages/rm_interfaces/msg/_judge_system_data_s.c
[5.420s] -- Up-to-date symlink: /home/ysl/ros2_ws/install/rm_interfaces/lib/python3.12/site-packages/rm_interfaces/msg/_limit_angle.py
[5.420s] -- Up-to-date symlink: /home/ysl/ros2_ws/install/rm_interfaces/lib/python3.12/site-packages/rm_interfaces/msg/_limit_angle_s.c
[5.421s] -- Up-to-date symlink: /home/ysl/ros2_ws/install/rm_interfaces/lib/python3.12/site-packages/rm_interfaces/msg/_measurement.py
[5.421s] -- Up-to-date symlink: /home/ysl/ros2_ws/install/rm_interfaces/lib/python3.12/site-packages/rm_interfaces/msg/_measurement_s.c
[5.421s] -- Up-to-date symlink: /home/ysl/ros2_ws/install/rm_interfaces/lib/python3.12/site-packages/rm_interfaces/msg/_operator_command.py
[5.421s] -- Up-to-date symlink: /home/ysl/ros2_ws/install/rm_interfaces/lib/python3.12/site-packages/rm_interfaces/msg/_operator_command_s.c
[5.421s] -- Up-to-date symlink: /home/ysl/ros2_ws/install/rm_interfaces/lib/python3.12/site-packages/rm_interfaces/msg/_point2d.py
[5.429s] -- Up-to-date symlink: /home/ysl/ros2_ws/install/rm_interfaces/lib/python3.12/site-packages/rm_interfaces/msg/_point2d_s.c
[5.431s] -- Up-to-date symlink: /home/ysl/ros2_ws/install/rm_interfaces/lib/python3.12/site-packages/rm_interfaces/msg/_rune_target.py
[5.433s] -- Up-to-date symlink: /home/ysl/ros2_ws/install/rm_interfaces/lib/python3.12/site-packages/rm_interfaces/msg/_rune_target_s.c
[5.434s] -- Up-to-date symlink: /home/ysl/ros2_ws/install/rm_interfaces/lib/python3.12/site-packages/rm_interfaces/msg/_serial_receive_data.py
[5.436s] -- Up-to-date symlink: /home/ysl/ros2_ws/install/rm_interfaces/lib/python3.12/site-packages/rm_interfaces/msg/_serial_receive_data_s.c
[5.438s] -- Up-to-date symlink: /home/ysl/ros2_ws/install/rm_interfaces/lib/python3.12/site-packages/rm_interfaces/msg/_shoot_fire_target.py
[5.439s] -- Up-to-date symlink: /home/ysl/ros2_ws/install/rm_interfaces/lib/python3.12/site-packages/rm_interfaces/msg/_shoot_fire_target_s.c
[5.440s] -- Up-to-date symlink: /home/ysl/ros2_ws/install/rm_interfaces/lib/python3.12/site-packages/rm_interfaces/msg/_shoot_fire_targets.py
[5.441s] -- Up-to-date symlink: /home/ysl/ros2_ws/install/rm_interfaces/lib/python3.12/site-packages/rm_interfaces/msg/_shoot_fire_targets_s.c
[5.444s] -- Up-to-date symlink: /home/ysl/ros2_ws/install/rm_interfaces/lib/python3.12/site-packages/rm_interfaces/msg/_target.py
[5.446s] -- Up-to-date symlink: /home/ysl/ros2_ws/install/rm_interfaces/lib/python3.12/site-packages/rm_interfaces/msg/_target_s.c
[5.447s] -- Up-to-date symlink: /home/ysl/ros2_ws/install/rm_interfaces/lib/python3.12/site-packages/rm_interfaces/msg/_want.py
[5.450s] -- Up-to-date symlink: /home/ysl/ros2_ws/install/rm_interfaces/lib/python3.12/site-packages/rm_interfaces/msg/_want_s.c
[5.450s] -- Up-to-date symlink: /home/ysl/ros2_ws/install/rm_interfaces/lib/python3.12/site-packages/rm_interfaces/rm_interfaces_s__rosidl_typesupport_c.so
[5.451s] -- Up-to-date symlink: /home/ysl/ros2_ws/install/rm_interfaces/lib/python3.12/site-packages/rm_interfaces/rm_interfaces_s__rosidl_typesupport_fastrtps_c.so
[5.452s] -- Up-to-date symlink: /home/ysl/ros2_ws/install/rm_interfaces/lib/python3.12/site-packages/rm_interfaces/rm_interfaces_s__rosidl_typesupport_introspection_c.so
[5.457s] -- Up-to-date symlink: /home/ysl/ros2_ws/install/rm_interfaces/lib/python3.12/site-packages/rm_interfaces/srv/__init__.py
[5.458s] -- Up-to-date symlink: /home/ysl/ros2_ws/install/rm_interfaces/lib/python3.12/site-packages/rm_interfaces/srv/_set_mode.py
[5.459s] -- Up-to-date symlink: /home/ysl/ros2_ws/install/rm_interfaces/lib/python3.12/site-packages/rm_interfaces/srv/_set_mode_s.c
[5.460s] -- Up-to-date symlink: /home/ysl/ros2_ws/install/rm_interfaces/lib/python3.12/site-packages/rm_interfaces/rm_interfaces_s__rosidl_typesupport_fastrtps_c.so
[5.463s] -- Up-to-date symlink: /home/ysl/ros2_ws/install/rm_interfaces/lib/python3.12/site-packages/rm_interfaces/rm_interfaces_s__rosidl_typesupport_introspection_c.so
[5.463s] -- Up-to-date symlink: /home/ysl/ros2_ws/install/rm_interfaces/lib/python3.12/site-packages/rm_interfaces/rm_interfaces_s__rosidl_typesupport_c.so
[5.464s] -- Up-to-date symlink: /home/ysl/ros2_ws/install/rm_interfaces/share/rm_interfaces/msg/Armor.idl
[5.465s] -- Up-to-date symlink: /home/ysl/ros2_ws/install/rm_interfaces/share/rm_interfaces/msg/Armors.idl
[5.466s] -- Up-to-date symlink: /home/ysl/ros2_ws/install/rm_interfaces/share/rm_interfaces/msg/Target.idl
[5.472s] -- Up-to-date symlink: /home/ysl/ros2_ws/install/rm_interfaces/share/rm_interfaces/msg/RuneTarget.idl
[5.473s] -- Up-to-date symlink: /home/ysl/ros2_ws/install/rm_interfaces/share/rm_interfaces/msg/Point2d.idl
[5.474s] -- Up-to-date symlink: /home/ysl/ros2_ws/install/rm_interfaces/share/rm_interfaces/msg/GimbalCmd.idl
[5.475s] -- Up-to-date symlink: /home/ysl/ros2_ws/install/rm_interfaces/share/rm_interfaces/msg/ChassisCmd.idl
[5.476s] -- Up-to-date symlink: /home/ysl/ros2_ws/install/rm_interfaces/share/rm_interfaces/msg/DebugLight.idl
[5.477s] -- Up-to-date symlink: /home/ysl/ros2_ws/install/rm_interfaces/share/rm_interfaces/msg/DebugLights.idl
[5.478s] -- Up-to-date symlink: /home/ysl/ros2_ws/install/rm_interfaces/share/rm_interfaces/msg/DebugArmor.idl
[5.479s] -- Up-to-date symlink: /home/ysl/ros2_ws/install/rm_interfaces/share/rm_interfaces/msg/DebugArmors.idl
[5.480s] -- Up-to-date symlink: /home/ysl/ros2_ws/install/rm_interfaces/share/rm_interfaces/msg/DebugRuneAngle.idl
[5.481s] -- Up-to-date symlink: /home/ysl/ros2_ws/install/rm_interfaces/share/rm_interfaces/msg/Measurement.idl
[5.482s] -- Up-to-date symlink: /home/ysl/ros2_ws/install/rm_interfaces/share/rm_interfaces/msg/JudgeSystemData.idl
[5.482s] -- Up-to-date symlink: /home/ysl/ros2_ws/install/rm_interfaces/share/rm_interfaces/msg/OperatorCommand.idl
[5.484s] -- Up-to-date symlink: /home/ysl/ros2_ws/install/rm_interfaces/share/rm_interfaces/msg/SerialReceiveData.idl
[5.486s] -- Up-to-date symlink: /home/ysl/ros2_ws/install/rm_interfaces/share/rm_interfaces/msg/EkfP.idl
[5.487s] -- Up-to-date symlink: /home/ysl/ros2_ws/install/rm_interfaces/share/rm_interfaces/msg/Want.idl
[5.487s] -- Up-to-date symlink: /home/ysl/ros2_ws/install/rm_interfaces/share/rm_interfaces/msg/LimitAngle.idl
[5.498s] -- Up-to-date symlink: /home/ysl/ros2_ws/install/rm_interfaces/share/rm_interfaces/msg/ShootFireTarget.idl
[5.499s] -- Up-to-date symlink: /home/ysl/ros2_ws/install/rm_interfaces/share/rm_interfaces/msg/ShootFireTargets.idl
[5.501s] -- Up-to-date symlink: /home/ysl/ros2_ws/install/rm_interfaces/share/rm_interfaces/srv/SetMode.idl
[5.502s] -- Up-to-date symlink: /home/ysl/ros2_ws/install/rm_interfaces/share/rm_interfaces/msg/Armor.msg
[5.502s] -- Up-to-date symlink: /home/ysl/ros2_ws/install/rm_interfaces/share/rm_interfaces/msg/Armors.msg
[5.502s] -- Up-to-date symlink: /home/ysl/ros2_ws/install/rm_interfaces/share/rm_interfaces/msg/Target.msg
[5.503s] -- Up-to-date symlink: /home/ysl/ros2_ws/install/rm_interfaces/share/rm_interfaces/msg/RuneTarget.msg
[5.503s] -- Up-to-date symlink: /home/ysl/ros2_ws/install/rm_interfaces/share/rm_interfaces/msg/Point2d.msg
[5.507s] -- Up-to-date symlink: /home/ysl/ros2_ws/install/rm_interfaces/share/rm_interfaces/msg/GimbalCmd.msg
[5.509s] -- Up-to-date symlink: /home/ysl/ros2_ws/install/rm_interfaces/share/rm_interfaces/msg/ChassisCmd.msg
[5.510s] -- Up-to-date symlink: /home/ysl/ros2_ws/install/rm_interfaces/share/rm_interfaces/msg/DebugLight.msg
[5.511s] -- Up-to-date symlink: /home/ysl/ros2_ws/install/rm_interfaces/share/rm_interfaces/msg/DebugLights.msg
[5.511s] -- Up-to-date symlink: /home/ysl/ros2_ws/install/rm_interfaces/share/rm_interfaces/msg/DebugArmor.msg
[5.512s] -- Up-to-date symlink: /home/ysl/ros2_ws/install/rm_interfaces/share/rm_interfaces/msg/DebugArmors.msg
[5.512s] -- Up-to-date symlink: /home/ysl/ros2_ws/install/rm_interfaces/share/rm_interfaces/msg/DebugRuneAngle.msg
[5.514s] -- Up-to-date symlink: /home/ysl/ros2_ws/install/rm_interfaces/share/rm_interfaces/msg/Measurement.msg
[5.514s] -- Up-to-date symlink: /home/ysl/ros2_ws/install/rm_interfaces/share/rm_interfaces/msg/JudgeSystemData.msg
[5.514s] -- Up-to-date symlink: /home/ysl/ros2_ws/install/rm_interfaces/share/rm_interfaces/msg/OperatorCommand.msg
[5.515s] -- Up-to-date symlink: /home/ysl/ros2_ws/install/rm_interfaces/share/rm_interfaces/msg/SerialReceiveData.msg
[5.515s] -- Up-to-date symlink: /home/ysl/ros2_ws/install/rm_interfaces/share/rm_interfaces/msg/EkfP.msg
[5.516s] -- Up-to-date symlink: /home/ysl/ros2_ws/install/rm_interfaces/share/rm_interfaces/msg/Want.msg
[5.517s] -- Up-to-date symlink: /home/ysl/ros2_ws/install/rm_interfaces/share/rm_interfaces/msg/LimitAngle.msg
[5.518s] -- Up-to-date symlink: /home/ysl/ros2_ws/install/rm_interfaces/share/rm_interfaces/msg/ShootFireTarget.msg
[5.519s] -- Up-to-date symlink: /home/ysl/ros2_ws/install/rm_interfaces/share/rm_interfaces/msg/ShootFireTargets.msg
[5.519s] -- Up-to-date symlink: /home/ysl/ros2_ws/install/rm_interfaces/share/rm_interfaces/srv/SetMode.srv
[5.519s] -- Up-to-date symlink: /home/ysl/ros2_ws/install/rm_interfaces/share/ament_index/resource_index/package_run_dependencies/rm_interfaces
[5.520s] -- Up-to-date symlink: /home/ysl/ros2_ws/install/rm_interfaces/share/ament_index/resource_index/parent_prefix_path/rm_interfaces
[5.520s] -- Up-to-date symlink: /home/ysl/ros2_ws/install/rm_interfaces/share/rm_interfaces/environment/ament_prefix_path.sh
[5.524s] -- Up-to-date symlink: /home/ysl/ros2_ws/install/rm_interfaces/share/rm_interfaces/environment/ament_prefix_path.dsv
[5.525s] -- Up-to-date symlink: /home/ysl/ros2_ws/install/rm_interfaces/share/rm_interfaces/environment/path.sh
[5.526s] -- Up-to-date symlink: /home/ysl/ros2_ws/install/rm_interfaces/share/rm_interfaces/environment/path.dsv
[5.532s] -- Up-to-date symlink: /home/ysl/ros2_ws/install/rm_interfaces/share/rm_interfaces/local_setup.bash
[5.533s] -- Up-to-date symlink: /home/ysl/ros2_ws/install/rm_interfaces/share/rm_interfaces/local_setup.sh
[5.536s] -- Up-to-date symlink: /home/ysl/ros2_ws/install/rm_interfaces/share/rm_interfaces/local_setup.zsh
[5.538s] -- Up-to-date symlink: /home/ysl/ros2_ws/install/rm_interfaces/share/rm_interfaces/local_setup.dsv
[5.539s] -- Symlinking: /home/ysl/ros2_ws/install/rm_interfaces/share/rm_interfaces/package.dsv
[5.572s] -- Up-to-date symlink: /home/ysl/ros2_ws/install/rm_interfaces/share/ament_index/resource_index/packages/rm_interfaces
[5.574s] -- Up-to-date symlink: /home/ysl/ros2_ws/install/rm_interfaces/share/rm_interfaces/cmake/rosidl_cmake-extras.cmake
[5.576s] -- Up-to-date symlink: /home/ysl/ros2_ws/install/rm_interfaces/share/rm_interfaces/cmake/ament_cmake_export_dependencies-extras.cmake
[5.577s] -- Up-to-date symlink: /home/ysl/ros2_ws/install/rm_interfaces/share/rm_interfaces/cmake/ament_cmake_export_include_directories-extras.cmake
[5.577s] -- Up-to-date symlink: /home/ysl/ros2_ws/install/rm_interfaces/share/rm_interfaces/cmake/ament_cmake_export_libraries-extras.cmake
[5.580s] -- Up-to-date symlink: /home/ysl/ros2_ws/install/rm_interfaces/share/rm_interfaces/cmake/ament_cmake_export_targets-extras.cmake
[5.586s] -- Up-to-date symlink: /home/ysl/ros2_ws/install/rm_interfaces/share/rm_interfaces/cmake/rosidl_cmake_export_typesupport_targets-extras.cmake
[5.587s] -- Up-to-date symlink: /home/ysl/ros2_ws/install/rm_interfaces/share/rm_interfaces/cmake/rosidl_cmake_export_typesupport_libraries-extras.cmake
[5.589s] -- Up-to-date symlink: /home/ysl/ros2_ws/install/rm_interfaces/share/rm_interfaces/cmake/rm_interfacesConfig.cmake
[5.592s] -- Up-to-date symlink: /home/ysl/ros2_ws/install/rm_interfaces/share/rm_interfaces/cmake/rm_interfacesConfig-version.cmake
[5.593s] -- Up-to-date symlink: /home/ysl/ros2_ws/install/rm_interfaces/share/rm_interfaces/package.xml
[5.599s] -- Up-to-date: /home/ysl/ros2_ws/install/rm_interfaces/lib/librm_interfaces__rosidl_generator_c.so
[5.600s] -- Up-to-date: /home/ysl/ros2_ws/install/rm_interfaces/lib/librm_interfaces__rosidl_typesupport_fastrtps_c.so
[5.604s] -- Up-to-date: /home/ysl/ros2_ws/install/rm_interfaces/lib/librm_interfaces__rosidl_typesupport_introspection_c.so
[5.611s] -- Up-to-date: /home/ysl/ros2_ws/install/rm_interfaces/lib/librm_interfaces__rosidl_typesupport_c.so
[5.614s] -- Up-to-date: /home/ysl/ros2_ws/install/rm_interfaces/lib/librm_interfaces__rosidl_typesupport_fastrtps_cpp.so
[5.630s] -- Up-to-date: /home/ysl/ros2_ws/install/rm_interfaces/lib/librm_interfaces__rosidl_typesupport_introspection_cpp.so
[5.635s] -- Up-to-date: /home/ysl/ros2_ws/install/rm_interfaces/lib/librm_interfaces__rosidl_typesupport_cpp.so
[5.886s] Listing '/home/ysl/ros2_ws/install/rm_interfaces/lib/python3.12/site-packages/rm_interfaces'...
[5.886s] Listing '/home/ysl/ros2_ws/install/rm_interfaces/lib/python3.12/site-packages/rm_interfaces/msg'...
[5.886s] Listing '/home/ysl/ros2_ws/install/rm_interfaces/lib/python3.12/site-packages/rm_interfaces/srv'...
[5.907s] -- Up-to-date: /home/ysl/ros2_ws/install/rm_interfaces/lib/librm_interfaces__rosidl_generator_py.so
[5.909s] -- Up-to-date: /home/ysl/ros2_ws/install/rm_interfaces/share/rm_interfaces/cmake/export_rm_interfaces__rosidl_generator_cExport.cmake
[5.909s] -- Up-to-date: /home/ysl/ros2_ws/install/rm_interfaces/share/rm_interfaces/cmake/export_rm_interfaces__rosidl_generator_cExport-noconfig.cmake
[5.910s] -- Up-to-date: /home/ysl/ros2_ws/install/rm_interfaces/share/rm_interfaces/cmake/export_rm_interfaces__rosidl_typesupport_fastrtps_cExport.cmake
[5.910s] -- Up-to-date: /home/ysl/ros2_ws/install/rm_interfaces/share/rm_interfaces/cmake/export_rm_interfaces__rosidl_typesupport_fastrtps_cExport-noconfig.cmake
[5.911s] -- Up-to-date: /home/ysl/ros2_ws/install/rm_interfaces/share/rm_interfaces/cmake/rm_interfaces__rosidl_typesupport_introspection_cExport.cmake
[5.911s] -- Up-to-date: /home/ysl/ros2_ws/install/rm_interfaces/share/rm_interfaces/cmake/rm_interfaces__rosidl_typesupport_introspection_cExport-noconfig.cmake
[5.913s] -- Up-to-date: /home/ysl/ros2_ws/install/rm_interfaces/share/rm_interfaces/cmake/rm_interfaces__rosidl_typesupport_cExport.cmake
[5.913s] -- Up-to-date: /home/ysl/ros2_ws/install/rm_interfaces/share/rm_interfaces/cmake/rm_interfaces__rosidl_typesupport_cExport-noconfig.cmake
[5.914s] -- Up-to-date: /home/ysl/ros2_ws/install/rm_interfaces/share/rm_interfaces/cmake/export_rm_interfaces__rosidl_generator_cppExport.cmake
[5.915s] -- Up-to-date: /home/ysl/ros2_ws/install/rm_interfaces/share/rm_interfaces/cmake/export_rm_interfaces__rosidl_typesupport_fastrtps_cppExport.cmake
[5.916s] -- Up-to-date: /home/ysl/ros2_ws/install/rm_interfaces/share/rm_interfaces/cmake/export_rm_interfaces__rosidl_typesupport_fastrtps_cppExport-noconfig.cmake
[5.922s] -- Up-to-date: /home/ysl/ros2_ws/install/rm_interfaces/share/rm_interfaces/cmake/rm_interfaces__rosidl_typesupport_introspection_cppExport.cmake
[5.923s] -- Up-to-date: /home/ysl/ros2_ws/install/rm_interfaces/share/rm_interfaces/cmake/rm_interfaces__rosidl_typesupport_introspection_cppExport-noconfig.cmake
[5.930s] -- Up-to-date: /home/ysl/ros2_ws/install/rm_interfaces/share/rm_interfaces/cmake/rm_interfaces__rosidl_typesupport_cppExport.cmake
[5.930s] -- Up-to-date: /home/ysl/ros2_ws/install/rm_interfaces/share/rm_interfaces/cmake/rm_interfaces__rosidl_typesupport_cppExport-noconfig.cmake
[5.932s] -- Up-to-date: /home/ysl/ros2_ws/install/rm_interfaces/share/rm_interfaces/cmake/export_rm_interfaces__rosidl_generator_pyExport.cmake
[5.932s] -- Up-to-date: /home/ysl/ros2_ws/install/rm_interfaces/share/rm_interfaces/cmake/export_rm_interfaces__rosidl_generator_pyExport-noconfig.cmake
[5.949s] Invoked command in '/home/ysl/ros2_ws/build/rm_interfaces' returned '0': CMAKE_PREFIX_PATH=${CMAKE_PREFIX_PATH}:/opt/ros/jazzy /usr/bin/cmake --install /home/ysl/ros2_ws/build/rm_interfaces
