[0.669s] DEBUG:colcon:Command line arguments: ['/usr/bin/colcon', 'build', '--symlink']
[0.669s] DEBUG:colcon:Parsed command line arguments: Namespace(log_base=None, log_level=None, verb_name='build', build_base='build', install_base='install', merge_install=False, symlink_install=True, test_result_base=None, continue_on_error=False, executor='parallel', parallel_workers=12, event_handlers=None, ignore_user_meta=False, metas=['./colcon.meta'], base_paths=['.'], packages_ignore=None, packages_ignore_regex=None, paths=None, packages_up_to=None, packages_up_to_regex=None, packages_above=None, packages_above_and_dependencies=None, packages_above_depth=None, packages_select_by_dep=None, packages_skip_by_dep=None, packages_skip_up_to=None, packages_select_build_failed=False, packages_skip_build_finished=False, packages_select_test_failures=False, packages_skip_test_passed=False, packages_select=None, packages_skip=None, packages_select_regex=None, packages_skip_regex=None, packages_start=None, packages_end=None, allow_overriding=[], cmake_args=None, cmake_target=None, cmake_target_skip_unavailable=False, cmake_clean_cache=False, cmake_clean_first=False, cmake_force_configure=False, ament_cmake_args=None, catkin_cmake_args=None, catkin_skip_building_tests=False, verb_parser=<colcon_defaults.argument_parser.defaults.DefaultArgumentsDecorator object at 0x7fbffded79e0>, verb_extension=<colcon_core.verb.build.BuildVerb object at 0x7fbffded7680>, main=<bound method BuildVerb.main of <colcon_core.verb.build.BuildVerb object at 0x7fbffded7680>>)
[0.784s] Level 1:colcon.colcon_core.package_discovery:discover_packages(colcon_meta) check parameters
[0.784s] Level 1:colcon.colcon_core.package_discovery:discover_packages(recursive) check parameters
[0.784s] Level 1:colcon.colcon_core.package_discovery:discover_packages(ignore) check parameters
[0.784s] Level 1:colcon.colcon_core.package_discovery:discover_packages(path) check parameters
[0.785s] Level 1:colcon.colcon_core.package_discovery:discover_packages(colcon_meta) discover
[0.785s] Level 1:colcon.colcon_core.package_discovery:discover_packages(recursive) discover
[0.785s] INFO:colcon.colcon_core.package_discovery:Crawling recursively for packages in '/home/ysl/ros2_ws/rm_interfaces'
[0.785s] Level 1:colcon.colcon_core.package_identification:_identify(.) by extensions ['ignore', 'ignore_ament_install']
[0.785s] Level 1:colcon.colcon_core.package_identification:_identify(.) by extension 'ignore'
[0.785s] Level 1:colcon.colcon_core.package_identification:_identify(.) by extension 'ignore_ament_install'
[0.785s] Level 1:colcon.colcon_core.package_identification:_identify(.) by extensions ['colcon_pkg']
[0.785s] Level 1:colcon.colcon_core.package_identification:_identify(.) by extension 'colcon_pkg'
[0.785s] Level 1:colcon.colcon_core.package_identification:_identify(.) by extensions ['colcon_meta']
[0.785s] Level 1:colcon.colcon_core.package_identification:_identify(.) by extension 'colcon_meta'
[0.785s] Level 1:colcon.colcon_core.package_identification:_identify(.) by extensions ['ros']
[0.786s] Level 1:colcon.colcon_core.package_identification:_identify(.) by extension 'ros'
[0.851s] DEBUG:colcon.colcon_core.package_identification:Package '.' with type 'ros.ament_cmake' and name 'rm_interfaces'
[0.851s] Level 1:colcon.colcon_core.package_discovery:discover_packages(recursive) using defaults
[0.851s] Level 1:colcon.colcon_core.package_discovery:discover_packages(ignore) discover
[0.851s] Level 1:colcon.colcon_core.package_discovery:discover_packages(ignore) using defaults
[0.851s] Level 1:colcon.colcon_core.package_discovery:discover_packages(path) discover
[0.851s] Level 1:colcon.colcon_core.package_discovery:discover_packages(path) using defaults
[0.896s] Level 1:colcon.colcon_core.package_discovery:discover_packages(prefix_path) check parameters
[0.896s] Level 1:colcon.colcon_core.package_discovery:discover_packages(prefix_path) discover
[0.904s] DEBUG:colcon.colcon_installed_package_information.package_discovery:Found 1 installed packages in /home/ysl/BehaviorTree.CPP/install
[0.909s] DEBUG:colcon.colcon_installed_package_information.package_discovery:Found 379 installed packages in /opt/ros/jazzy
[0.911s] Level 1:colcon.colcon_core.package_discovery:discover_packages(prefix_path) using defaults
[1.202s] Level 5:colcon.colcon_core.verb:set package 'rm_interfaces' build argument 'cmake_args' from command line to 'None'
[1.202s] Level 5:colcon.colcon_core.verb:set package 'rm_interfaces' build argument 'cmake_target' from command line to 'None'
[1.202s] Level 5:colcon.colcon_core.verb:set package 'rm_interfaces' build argument 'cmake_target_skip_unavailable' from command line to 'False'
[1.202s] Level 5:colcon.colcon_core.verb:set package 'rm_interfaces' build argument 'cmake_clean_cache' from command line to 'False'
[1.202s] Level 5:colcon.colcon_core.verb:set package 'rm_interfaces' build argument 'cmake_clean_first' from command line to 'False'
[1.202s] Level 5:colcon.colcon_core.verb:set package 'rm_interfaces' build argument 'cmake_force_configure' from command line to 'False'
[1.202s] Level 5:colcon.colcon_core.verb:set package 'rm_interfaces' build argument 'ament_cmake_args' from command line to 'None'
[1.202s] Level 5:colcon.colcon_core.verb:set package 'rm_interfaces' build argument 'catkin_cmake_args' from command line to 'None'
[1.202s] Level 5:colcon.colcon_core.verb:set package 'rm_interfaces' build argument 'catkin_skip_building_tests' from command line to 'False'
[1.203s] DEBUG:colcon.colcon_core.verb:Building package 'rm_interfaces' with the following arguments: {'ament_cmake_args': None, 'build_base': '/home/ysl/ros2_ws/rm_interfaces/build/rm_interfaces', 'catkin_cmake_args': None, 'catkin_skip_building_tests': False, 'cmake_args': None, 'cmake_clean_cache': False, 'cmake_clean_first': False, 'cmake_force_configure': False, 'cmake_target': None, 'cmake_target_skip_unavailable': False, 'install_base': '/home/ysl/ros2_ws/rm_interfaces/install/rm_interfaces', 'merge_install': False, 'path': '/home/ysl/ros2_ws/rm_interfaces', 'symlink_install': True, 'test_result_base': None}
[1.203s] INFO:colcon.colcon_core.executor:Executing jobs using 'parallel' executor
[1.204s] DEBUG:colcon.colcon_parallel_executor.executor.parallel:run_until_complete
[1.205s] INFO:colcon.colcon_ros.task.ament_cmake.build:Building ROS package in '/home/ysl/ros2_ws/rm_interfaces' with build type 'ament_cmake'
[1.205s] INFO:colcon.colcon_cmake.task.cmake.build:Building CMake package in '/home/ysl/ros2_ws/rm_interfaces'
[1.213s] INFO:colcon.colcon_core.plugin_system:Skipping extension 'colcon_core.shell.bat': Not used on non-Windows systems
[1.214s] INFO:colcon.colcon_core.shell:Skip shell extension 'powershell' for command environment: Not usable outside of PowerShell
[1.214s] DEBUG:colcon.colcon_core.shell:Skip shell extension 'dsv' for command environment
[1.232s] DEBUG:colcon.colcon_core.event_handler.log_command:Invoking command in '/home/ysl/ros2_ws/rm_interfaces/build/rm_interfaces': CMAKE_PREFIX_PATH=${CMAKE_PREFIX_PATH}:/opt/ros/jazzy /usr/bin/cmake /home/ysl/ros2_ws/rm_interfaces -DAMENT_CMAKE_SYMLINK_INSTALL=1 -DCMAKE_INSTALL_PREFIX=/home/ysl/ros2_ws/rm_interfaces/install/rm_interfaces
[11.983s] DEBUG:colcon.colcon_core.event_handler.log_command:Invoked command in '/home/ysl/ros2_ws/rm_interfaces/build/rm_interfaces' returned '0': CMAKE_PREFIX_PATH=${CMAKE_PREFIX_PATH}:/opt/ros/jazzy /usr/bin/cmake /home/ysl/ros2_ws/rm_interfaces -DAMENT_CMAKE_SYMLINK_INSTALL=1 -DCMAKE_INSTALL_PREFIX=/home/ysl/ros2_ws/rm_interfaces/install/rm_interfaces
[11.985s] DEBUG:colcon.colcon_core.event_handler.log_command:Invoking command in '/home/ysl/ros2_ws/rm_interfaces/build/rm_interfaces': CMAKE_PREFIX_PATH=${CMAKE_PREFIX_PATH}:/opt/ros/jazzy /usr/bin/cmake --build /home/ysl/ros2_ws/rm_interfaces/build/rm_interfaces -- -j12 -l12
[34.575s] DEBUG:colcon.colcon_core.event_handler.log_command:Invoked command in '/home/ysl/ros2_ws/rm_interfaces/build/rm_interfaces' returned '0': CMAKE_PREFIX_PATH=${CMAKE_PREFIX_PATH}:/opt/ros/jazzy /usr/bin/cmake --build /home/ysl/ros2_ws/rm_interfaces/build/rm_interfaces -- -j12 -l12
[34.591s] DEBUG:colcon.colcon_core.event_handler.log_command:Invoking command in '/home/ysl/ros2_ws/rm_interfaces/build/rm_interfaces': CMAKE_PREFIX_PATH=${CMAKE_PREFIX_PATH}:/opt/ros/jazzy /usr/bin/cmake --install /home/ysl/ros2_ws/rm_interfaces/build/rm_interfaces
[42.498s] Level 1:colcon.colcon_core.environment:create_environment_scripts_only(rm_interfaces)
[42.499s] DEBUG:colcon.colcon_core.event_handler.log_command:Invoked command in '/home/ysl/ros2_ws/rm_interfaces/build/rm_interfaces' returned '0': CMAKE_PREFIX_PATH=${CMAKE_PREFIX_PATH}:/opt/ros/jazzy /usr/bin/cmake --install /home/ysl/ros2_ws/rm_interfaces/build/rm_interfaces
[42.509s] Level 1:colcon.colcon_core.environment:checking '/home/ysl/ros2_ws/rm_interfaces/install/rm_interfaces' for CMake module files
[42.510s] Level 1:colcon.colcon_core.environment:checking '/home/ysl/ros2_ws/rm_interfaces/install/rm_interfaces' for CMake config files
[42.514s] Level 1:colcon.colcon_core.shell:create_environment_hook('rm_interfaces', 'cmake_prefix_path')
[42.514s] INFO:colcon.colcon_core.shell:Creating environment hook '/home/ysl/ros2_ws/rm_interfaces/install/rm_interfaces/share/rm_interfaces/hook/cmake_prefix_path.ps1'
[42.516s] INFO:colcon.colcon_core.shell:Creating environment descriptor '/home/ysl/ros2_ws/rm_interfaces/install/rm_interfaces/share/rm_interfaces/hook/cmake_prefix_path.dsv'
[42.517s] INFO:colcon.colcon_core.shell:Creating environment hook '/home/ysl/ros2_ws/rm_interfaces/install/rm_interfaces/share/rm_interfaces/hook/cmake_prefix_path.sh'
[42.519s] Level 1:colcon.colcon_core.environment:checking '/home/ysl/ros2_ws/rm_interfaces/install/rm_interfaces/lib'
[42.519s] Level 1:colcon.colcon_core.shell:create_environment_hook('rm_interfaces', 'ld_library_path_lib')
[42.519s] INFO:colcon.colcon_core.shell:Creating environment hook '/home/ysl/ros2_ws/rm_interfaces/install/rm_interfaces/share/rm_interfaces/hook/ld_library_path_lib.ps1'
[42.520s] INFO:colcon.colcon_core.shell:Creating environment descriptor '/home/ysl/ros2_ws/rm_interfaces/install/rm_interfaces/share/rm_interfaces/hook/ld_library_path_lib.dsv'
[42.520s] INFO:colcon.colcon_core.shell:Creating environment hook '/home/ysl/ros2_ws/rm_interfaces/install/rm_interfaces/share/rm_interfaces/hook/ld_library_path_lib.sh'
[42.520s] Level 1:colcon.colcon_core.environment:checking '/home/ysl/ros2_ws/rm_interfaces/install/rm_interfaces/bin'
[42.521s] Level 1:colcon.colcon_core.environment:checking '/home/ysl/ros2_ws/rm_interfaces/install/rm_interfaces/lib/pkgconfig/rm_interfaces.pc'
[42.521s] Level 1:colcon.colcon_core.environment:checking '/home/ysl/ros2_ws/rm_interfaces/install/rm_interfaces/lib/python3.12/site-packages'
[42.521s] Level 1:colcon.colcon_core.shell:create_environment_hook('rm_interfaces', 'pythonpath')
[42.522s] INFO:colcon.colcon_core.shell:Creating environment hook '/home/ysl/ros2_ws/rm_interfaces/install/rm_interfaces/share/rm_interfaces/hook/pythonpath.ps1'
[42.522s] INFO:colcon.colcon_core.shell:Creating environment descriptor '/home/ysl/ros2_ws/rm_interfaces/install/rm_interfaces/share/rm_interfaces/hook/pythonpath.dsv'
[42.523s] INFO:colcon.colcon_core.shell:Creating environment hook '/home/ysl/ros2_ws/rm_interfaces/install/rm_interfaces/share/rm_interfaces/hook/pythonpath.sh'
[42.523s] Level 1:colcon.colcon_core.environment:checking '/home/ysl/ros2_ws/rm_interfaces/install/rm_interfaces/bin'
[42.524s] INFO:colcon.colcon_core.shell:Creating package script '/home/ysl/ros2_ws/rm_interfaces/install/rm_interfaces/share/rm_interfaces/package.ps1'
[42.525s] INFO:colcon.colcon_core.shell:Creating package descriptor '/home/ysl/ros2_ws/rm_interfaces/install/rm_interfaces/share/rm_interfaces/package.dsv'
[42.526s] INFO:colcon.colcon_core.shell:Creating package script '/home/ysl/ros2_ws/rm_interfaces/install/rm_interfaces/share/rm_interfaces/package.sh'
[42.528s] INFO:colcon.colcon_core.shell:Creating package script '/home/ysl/ros2_ws/rm_interfaces/install/rm_interfaces/share/rm_interfaces/package.bash'
[42.529s] INFO:colcon.colcon_core.shell:Creating package script '/home/ysl/ros2_ws/rm_interfaces/install/rm_interfaces/share/rm_interfaces/package.zsh'
[42.530s] Level 1:colcon.colcon_core.environment:create_file_with_runtime_dependencies(/home/ysl/ros2_ws/rm_interfaces/install/rm_interfaces/share/colcon-core/packages/rm_interfaces)
[42.532s] Level 1:colcon.colcon_core.environment:create_environment_scripts_only(rm_interfaces)
[42.532s] Level 1:colcon.colcon_core.environment:checking '/home/ysl/ros2_ws/rm_interfaces/install/rm_interfaces' for CMake module files
[42.534s] Level 1:colcon.colcon_core.environment:checking '/home/ysl/ros2_ws/rm_interfaces/install/rm_interfaces' for CMake config files
[42.537s] Level 1:colcon.colcon_core.shell:create_environment_hook('rm_interfaces', 'cmake_prefix_path')
[42.537s] INFO:colcon.colcon_core.shell:Creating environment hook '/home/ysl/ros2_ws/rm_interfaces/install/rm_interfaces/share/rm_interfaces/hook/cmake_prefix_path.ps1'
[42.538s] INFO:colcon.colcon_core.shell:Creating environment descriptor '/home/ysl/ros2_ws/rm_interfaces/install/rm_interfaces/share/rm_interfaces/hook/cmake_prefix_path.dsv'
[42.538s] INFO:colcon.colcon_core.shell:Creating environment hook '/home/ysl/ros2_ws/rm_interfaces/install/rm_interfaces/share/rm_interfaces/hook/cmake_prefix_path.sh'
[42.540s] Level 1:colcon.colcon_core.environment:checking '/home/ysl/ros2_ws/rm_interfaces/install/rm_interfaces/lib'
[42.540s] Level 1:colcon.colcon_core.shell:create_environment_hook('rm_interfaces', 'ld_library_path_lib')
[42.540s] INFO:colcon.colcon_core.shell:Creating environment hook '/home/ysl/ros2_ws/rm_interfaces/install/rm_interfaces/share/rm_interfaces/hook/ld_library_path_lib.ps1'
[42.541s] INFO:colcon.colcon_core.shell:Creating environment descriptor '/home/ysl/ros2_ws/rm_interfaces/install/rm_interfaces/share/rm_interfaces/hook/ld_library_path_lib.dsv'
[42.541s] INFO:colcon.colcon_core.shell:Creating environment hook '/home/ysl/ros2_ws/rm_interfaces/install/rm_interfaces/share/rm_interfaces/hook/ld_library_path_lib.sh'
[42.542s] Level 1:colcon.colcon_core.environment:checking '/home/ysl/ros2_ws/rm_interfaces/install/rm_interfaces/bin'
[42.542s] Level 1:colcon.colcon_core.environment:checking '/home/ysl/ros2_ws/rm_interfaces/install/rm_interfaces/lib/pkgconfig/rm_interfaces.pc'
[42.543s] Level 1:colcon.colcon_core.environment:checking '/home/ysl/ros2_ws/rm_interfaces/install/rm_interfaces/lib/python3.12/site-packages'
[42.543s] Level 1:colcon.colcon_core.shell:create_environment_hook('rm_interfaces', 'pythonpath')
[42.543s] INFO:colcon.colcon_core.shell:Creating environment hook '/home/ysl/ros2_ws/rm_interfaces/install/rm_interfaces/share/rm_interfaces/hook/pythonpath.ps1'
[42.544s] INFO:colcon.colcon_core.shell:Creating environment descriptor '/home/ysl/ros2_ws/rm_interfaces/install/rm_interfaces/share/rm_interfaces/hook/pythonpath.dsv'
[42.544s] INFO:colcon.colcon_core.shell:Creating environment hook '/home/ysl/ros2_ws/rm_interfaces/install/rm_interfaces/share/rm_interfaces/hook/pythonpath.sh'
[42.545s] Level 1:colcon.colcon_core.environment:checking '/home/ysl/ros2_ws/rm_interfaces/install/rm_interfaces/bin'
[42.545s] INFO:colcon.colcon_core.shell:Creating package script '/home/ysl/ros2_ws/rm_interfaces/install/rm_interfaces/share/rm_interfaces/package.ps1'
[42.546s] INFO:colcon.colcon_core.shell:Creating package descriptor '/home/ysl/ros2_ws/rm_interfaces/install/rm_interfaces/share/rm_interfaces/package.dsv'
[42.546s] INFO:colcon.colcon_core.shell:Creating package script '/home/ysl/ros2_ws/rm_interfaces/install/rm_interfaces/share/rm_interfaces/package.sh'
[42.547s] INFO:colcon.colcon_core.shell:Creating package script '/home/ysl/ros2_ws/rm_interfaces/install/rm_interfaces/share/rm_interfaces/package.bash'
[42.548s] INFO:colcon.colcon_core.shell:Creating package script '/home/ysl/ros2_ws/rm_interfaces/install/rm_interfaces/share/rm_interfaces/package.zsh'
[42.548s] Level 1:colcon.colcon_core.environment:create_file_with_runtime_dependencies(/home/ysl/ros2_ws/rm_interfaces/install/rm_interfaces/share/colcon-core/packages/rm_interfaces)
[42.549s] DEBUG:colcon.colcon_parallel_executor.executor.parallel:closing loop
[42.550s] DEBUG:colcon.colcon_parallel_executor.executor.parallel:loop closed
[42.551s] DEBUG:colcon.colcon_parallel_executor.executor.parallel:run_until_complete finished with '0'
[42.551s] DEBUG:colcon.colcon_core.event_reactor:joining thread
[42.665s] INFO:colcon.colcon_core.plugin_system:Skipping extension 'colcon_notification.desktop_notification.notify_send': Could not find 'notify-send'
[42.665s] INFO:colcon.colcon_core.plugin_system:Skipping extension 'colcon_notification.desktop_notification.terminal_notifier': Not used on non-Darwin systems
[42.665s] INFO:colcon.colcon_core.plugin_system:Skipping extension 'colcon_notification.desktop_notification.win32': Not used on non-Windows systems
[42.665s] INFO:colcon.colcon_notification.desktop_notification:Sending desktop notification using 'notify2'
[42.671s] DEBUG:colcon.colcon_notification.desktop_notification.notify2:Failed to initialize notify2: org.freedesktop.DBus.Error.ServiceUnknown: The name org.freedesktop.Notifications was not provided by any .service files
[42.672s] DEBUG:colcon.colcon_core.event_reactor:joined thread
[42.672s] INFO:colcon.colcon_core.shell:Creating prefix script '/home/ysl/ros2_ws/rm_interfaces/install/local_setup.ps1'
[42.674s] INFO:colcon.colcon_core.shell:Creating prefix util module '/home/ysl/ros2_ws/rm_interfaces/install/_local_setup_util_ps1.py'
[42.676s] INFO:colcon.colcon_core.shell:Creating prefix chain script '/home/ysl/ros2_ws/rm_interfaces/install/setup.ps1'
[42.678s] INFO:colcon.colcon_core.shell:Creating prefix script '/home/ysl/ros2_ws/rm_interfaces/install/local_setup.sh'
[42.679s] INFO:colcon.colcon_core.shell:Creating prefix util module '/home/ysl/ros2_ws/rm_interfaces/install/_local_setup_util_sh.py'
[42.680s] INFO:colcon.colcon_core.shell:Creating prefix chain script '/home/ysl/ros2_ws/rm_interfaces/install/setup.sh'
[42.682s] INFO:colcon.colcon_core.shell:Creating prefix script '/home/ysl/ros2_ws/rm_interfaces/install/local_setup.bash'
[42.683s] INFO:colcon.colcon_core.shell:Creating prefix chain script '/home/ysl/ros2_ws/rm_interfaces/install/setup.bash'
[42.685s] INFO:colcon.colcon_core.shell:Creating prefix script '/home/ysl/ros2_ws/rm_interfaces/install/local_setup.zsh'
[42.686s] INFO:colcon.colcon_core.shell:Creating prefix chain script '/home/ysl/ros2_ws/rm_interfaces/install/setup.zsh'
