[0.357s] Invoking command in '/home/ysl/ros2_ws/build/cod_behavior': AMENT_PREFIX_PATH=/home/ysl/ros2_ws/install/rm_interfaces:${AMENT_PREFIX_PATH} CMAKE_PREFIX_PATH=/home/ysl/ros2_ws/install/rm_interfaces:/home/ysl/BehaviorTree.ROS2/install/btcpp_ros2_samples:/home/ysl/BehaviorTree.ROS2/install/behaviortree_ros2:/home/ysl/BehaviorTree.ROS2/install/btcpp_ros2_interfaces:/home/ysl/BehaviorTree.CPP/install/behaviortree_cpp:/opt/ros/jazzy/opt/gz_sim_vendor:/opt/ros/jazzy/opt/gz_sensors_vendor:/opt/ros/jazzy/opt/gz_physics_vendor:/opt/ros/jazzy/opt/sdformat_vendor:/opt/ros/jazzy/opt/gz_gui_vendor:/opt/ros/jazzy/opt/gz_transport_vendor:/opt/ros/jazzy/opt/gz_rendering_vendor:/opt/ros/jazzy/opt/gz_plugin_vendor:/opt/ros/jazzy/opt/gz_fuel_tools_vendor:/opt/ros/jazzy/opt/gz_msgs_vendor:/opt/ros/jazzy/opt/gz_common_vendor:/opt/ros/jazzy/opt/gz_math_vendor:/opt/ros/jazzy/opt/gz_utils_vendor:/opt/ros/jazzy/opt/gz_tools_vendor:/opt/ros/jazzy/opt/gz_ogre_next_vendor:/opt/ros/jazzy/opt/gz_dartsim_vendor:/opt/ros/jazzy/opt/gz_cmake_vendor:/opt/ros/jazzy LD_LIBRARY_PATH=/home/ysl/ros2_ws/install/rm_interfaces/lib:${LD_LIBRARY_PATH} PYTHONPATH=/home/ysl/ros2_ws/install/rm_interfaces/lib/python3.12/site-packages:${PYTHONPATH} /usr/bin/cmake /home/ysl/ros2_ws/COD_Behavior -DAMENT_CMAKE_SYMLINK_INSTALL=1 -DCMAKE_INSTALL_PREFIX=/home/ysl/ros2_ws/install/cod_behavior
[0.706s] -- The C compiler identification is GNU 13.3.0
[2.284s] -- The CXX compiler identification is GNU 13.3.0
[3.817s] -- Detecting C compiler ABI info
[4.535s] -- Detecting C compiler ABI info - done
[4.550s] -- Check for working C compiler: /usr/bin/cc - skipped
[4.550s] -- Detecting C compile features
[4.551s] -- Detecting C compile features - done
[4.776s] -- Detecting CXX compiler ABI info
[5.409s] -- Detecting CXX compiler ABI info - done
[5.424s] -- Check for working CXX compiler: /usr/bin/c++ - skipped
[5.424s] -- Detecting CXX compile features
[5.425s] -- Detecting CXX compile features - done
[5.433s] -- Found ament_cmake: 2.5.4 (/opt/ros/jazzy/share/ament_cmake/cmake)
[5.701s] -- Found Python3: /usr/bin/python3 (found version "3.12.3") found components: Interpreter 
[5.830s] -- Override CMake install command with custom implementation using symlinks instead of copying resources
[5.950s] -- Found rclcpp: 28.1.9 (/opt/ros/jazzy/share/rclcpp/cmake)
[6.564s] -- Found rosidl_generator_c: 4.6.5 (/opt/ros/jazzy/share/rosidl_generator_c/cmake)
[6.600s] -- Found rosidl_generator_cpp: 4.6.5 (/opt/ros/jazzy/share/rosidl_generator_cpp/cmake)
[6.643s] -- Using all available rosidl_typesupport_c: rosidl_typesupport_fastrtps_c;rosidl_typesupport_introspection_c
[6.688s] -- Using all available rosidl_typesupport_cpp: rosidl_typesupport_fastrtps_cpp;rosidl_typesupport_introspection_cpp
[6.890s] -- Found rmw_implementation_cmake: 7.3.2 (/opt/ros/jazzy/share/rmw_implementation_cmake/cmake)
[6.898s] -- Found rmw_fastrtps_cpp: 8.4.2 (/opt/ros/jazzy/share/rmw_fastrtps_cpp/cmake)
[7.072s] -- Found OpenSSL: /usr/lib/x86_64-linux-gnu/libcrypto.so (found version "3.0.13")  
[7.749s] -- Found FastRTPS: /opt/ros/jazzy/include (Required is at least version "2.13") 
[8.150s] -- Using RMW implementation 'rmw_fastrtps_cpp' as default
[8.736s] -- Found behaviortree_cpp: 4.8.2 (/home/ysl/BehaviorTree.CPP/install/behaviortree_cpp/share/behaviortree_cpp/cmake)
[8.746s] -- Found nav2_msgs: 1.3.10 (/opt/ros/jazzy/share/nav2_msgs/cmake)
[9.105s] -- Found example_interfaces: 0.12.0 (/opt/ros/jazzy/share/example_interfaces/cmake)
[9.152s] -- Found rclcpp_action: 28.1.9 (/opt/ros/jazzy/share/rclcpp_action/cmake)
[9.177s] -- Found rm_interfaces: 0.0.0 (/home/ysl/ros2_ws/install/rm_interfaces/share/rm_interfaces/cmake)
[9.221s] -- Found tf2_geometry_msgs: 0.36.11 (/opt/ros/jazzy/share/tf2_geometry_msgs/cmake)
[9.443s] -- Found eigen3_cmake_module: 0.3.0 (/opt/ros/jazzy/share/eigen3_cmake_module/cmake)
[9.446s] -- Found Eigen3: TRUE (found version "3.4.0") 
[9.446s] -- Ensuring Eigen3 include directory is part of orocos-kdl CMake target
[13.445s] [31mCMake Error at CMakeLists.txt:22 (find_package):
[13.446s]   By not providing "Findbehaviortree_ros2.cmake" in CMAKE_MODULE_PATH this
[13.446s]   project has asked CMake to find a package configuration file provided by
[13.446s]   "behaviortree_ros2", but CMake did not find one.
[13.446s] 
[13.446s]   Could not find a package configuration file provided by "behaviortree_ros2"
[13.446s]   with any of the following names:
[13.446s] 
[13.446s]     behaviortree_ros2Config.cmake
[13.446s]     behaviortree_ros2-config.cmake
[13.447s] 
[13.447s]   Add the installation prefix of "behaviortree_ros2" to CMAKE_PREFIX_PATH or
[13.447s]   set "behaviortree_ros2_DIR" to a directory containing one of the above
[13.447s]   files.  If "behaviortree_ros2" provides a separate development package or
[13.447s]   SDK, be sure it has been installed.
[13.447s] 
[13.447s] [0m
[13.448s] -- Configuring incomplete, errors occurred!
[13.466s] Invoked command in '/home/ysl/ros2_ws/build/cod_behavior' returned '1': AMENT_PREFIX_PATH=/home/ysl/ros2_ws/install/rm_interfaces:${AMENT_PREFIX_PATH} CMAKE_PREFIX_PATH=/home/ysl/ros2_ws/install/rm_interfaces:/home/ysl/BehaviorTree.ROS2/install/btcpp_ros2_samples:/home/ysl/BehaviorTree.ROS2/install/behaviortree_ros2:/home/ysl/BehaviorTree.ROS2/install/btcpp_ros2_interfaces:/home/ysl/BehaviorTree.CPP/install/behaviortree_cpp:/opt/ros/jazzy/opt/gz_sim_vendor:/opt/ros/jazzy/opt/gz_sensors_vendor:/opt/ros/jazzy/opt/gz_physics_vendor:/opt/ros/jazzy/opt/sdformat_vendor:/opt/ros/jazzy/opt/gz_gui_vendor:/opt/ros/jazzy/opt/gz_transport_vendor:/opt/ros/jazzy/opt/gz_rendering_vendor:/opt/ros/jazzy/opt/gz_plugin_vendor:/opt/ros/jazzy/opt/gz_fuel_tools_vendor:/opt/ros/jazzy/opt/gz_msgs_vendor:/opt/ros/jazzy/opt/gz_common_vendor:/opt/ros/jazzy/opt/gz_math_vendor:/opt/ros/jazzy/opt/gz_utils_vendor:/opt/ros/jazzy/opt/gz_tools_vendor:/opt/ros/jazzy/opt/gz_ogre_next_vendor:/opt/ros/jazzy/opt/gz_dartsim_vendor:/opt/ros/jazzy/opt/gz_cmake_vendor:/opt/ros/jazzy LD_LIBRARY_PATH=/home/ysl/ros2_ws/install/rm_interfaces/lib:${LD_LIBRARY_PATH} PYTHONPATH=/home/ysl/ros2_ws/install/rm_interfaces/lib/python3.12/site-packages:${PYTHONPATH} /usr/bin/cmake /home/ysl/ros2_ws/COD_Behavior -DAMENT_CMAKE_SYMLINK_INSTALL=1 -DCMAKE_INSTALL_PREFIX=/home/ysl/ros2_ws/install/cod_behavior
