[0.350s] Invoking command in '/home/ysl/ros2_ws/build/cod_behavior': AMENT_PREFIX_PATH=/home/ysl/ros2_ws/install/rm_interfaces:${AMENT_PREFIX_PATH} CMAKE_PREFIX_PATH=/home/ysl/ros2_ws/install/rm_interfaces:/home/ysl/BehaviorTree.CPP/install/behaviortree_cpp:/opt/ros/jazzy/opt/gz_sim_vendor:/opt/ros/jazzy/opt/gz_sensors_vendor:/opt/ros/jazzy/opt/gz_physics_vendor:/opt/ros/jazzy/opt/sdformat_vendor:/opt/ros/jazzy/opt/gz_gui_vendor:/opt/ros/jazzy/opt/gz_transport_vendor:/opt/ros/jazzy/opt/gz_rendering_vendor:/opt/ros/jazzy/opt/gz_plugin_vendor:/opt/ros/jazzy/opt/gz_fuel_tools_vendor:/opt/ros/jazzy/opt/gz_msgs_vendor:/opt/ros/jazzy/opt/gz_common_vendor:/opt/ros/jazzy/opt/gz_math_vendor:/opt/ros/jazzy/opt/gz_utils_vendor:/opt/ros/jazzy/opt/gz_tools_vendor:/opt/ros/jazzy/opt/gz_ogre_next_vendor:/opt/ros/jazzy/opt/gz_dartsim_vendor:/opt/ros/jazzy/opt/gz_cmake_vendor:/opt/ros/jazzy LD_LIBRARY_PATH=/home/ysl/ros2_ws/install/rm_interfaces/lib:${LD_LIBRARY_PATH} PYTHONPATH=/home/ysl/ros2_ws/install/rm_interfaces/lib/python3.12/site-packages:${PYTHONPATH} /usr/bin/cmake /home/ysl/ros2_ws/COD_Behavior -DAMENT_CMAKE_SYMLINK_INSTALL=1 -DCMAKE_INSTALL_PREFIX=/home/ysl/ros2_ws/install/cod_behavior
[0.387s] -- Found ament_cmake: 2.5.4 (/opt/ros/jazzy/share/ament_cmake/cmake)
[0.771s] -- Override CMake install command with custom implementation using symlinks instead of copying resources
[0.808s] -- Found rclcpp: 28.1.9 (/opt/ros/jazzy/share/rclcpp/cmake)
[1.418s] -- Found rosidl_generator_c: 4.6.5 (/opt/ros/jazzy/share/rosidl_generator_c/cmake)
[1.443s] -- Found rosidl_generator_cpp: 4.6.5 (/opt/ros/jazzy/share/rosidl_generator_cpp/cmake)
[1.476s] -- Using all available rosidl_typesupport_c: rosidl_typesupport_fastrtps_c;rosidl_typesupport_introspection_c
[1.507s] -- Using all available rosidl_typesupport_cpp: rosidl_typesupport_fastrtps_cpp;rosidl_typesupport_introspection_cpp
[1.653s] -- Found rmw_implementation_cmake: 7.3.2 (/opt/ros/jazzy/share/rmw_implementation_cmake/cmake)
[1.659s] -- Found rmw_fastrtps_cpp: 8.4.2 (/opt/ros/jazzy/share/rmw_fastrtps_cpp/cmake)
[2.477s] -- Using RMW implementation 'rmw_fastrtps_cpp' as default
[3.149s] -- Found behaviortree_cpp: 4.8.2 (/home/ysl/BehaviorTree.CPP/install/behaviortree_cpp/share/behaviortree_cpp/cmake)
[3.156s] -- Found nav2_msgs: 1.3.10 (/opt/ros/jazzy/share/nav2_msgs/cmake)
[3.559s] -- Found example_interfaces: 0.12.0 (/opt/ros/jazzy/share/example_interfaces/cmake)
[3.604s] -- Found rclcpp_action: 28.1.9 (/opt/ros/jazzy/share/rclcpp_action/cmake)
[3.627s] -- Found rm_interfaces: 0.0.0 (/home/ysl/ros2_ws/install/rm_interfaces/share/rm_interfaces/cmake)
[3.668s] -- Found tf2_geometry_msgs: 0.36.11 (/opt/ros/jazzy/share/tf2_geometry_msgs/cmake)
[3.683s] -- Found eigen3_cmake_module: 0.3.0 (/opt/ros/jazzy/share/eigen3_cmake_module/cmake)
[3.686s] -- Ensuring Eigen3 include directory is part of orocos-kdl CMake target
[7.646s] [31mCMake Error at CMakeLists.txt:22 (find_package):
[7.646s]   By not providing "Findbehaviortree_ros2.cmake" in CMAKE_MODULE_PATH this
[7.647s]   project has asked CMake to find a package configuration file provided by
[7.647s]   "behaviortree_ros2", but CMake did not find one.
[7.647s] 
[7.647s]   Could not find a package configuration file provided by "behaviortree_ros2"
[7.647s]   with any of the following names:
[7.647s] 
[7.647s]     behaviortree_ros2Config.cmake
[7.647s]     behaviortree_ros2-config.cmake
[7.648s] 
[7.648s]   Add the installation prefix of "behaviortree_ros2" to CMAKE_PREFIX_PATH or
[7.648s]   set "behaviortree_ros2_DIR" to a directory containing one of the above
[7.648s]   files.  If "behaviortree_ros2" provides a separate development package or
[7.648s]   SDK, be sure it has been installed.
[7.648s] 
[7.648s] [0m
[7.648s] -- Configuring incomplete, errors occurred!
[7.662s] Invoked command in '/home/ysl/ros2_ws/build/cod_behavior' returned '1': AMENT_PREFIX_PATH=/home/ysl/ros2_ws/install/rm_interfaces:${AMENT_PREFIX_PATH} CMAKE_PREFIX_PATH=/home/ysl/ros2_ws/install/rm_interfaces:/home/ysl/BehaviorTree.CPP/install/behaviortree_cpp:/opt/ros/jazzy/opt/gz_sim_vendor:/opt/ros/jazzy/opt/gz_sensors_vendor:/opt/ros/jazzy/opt/gz_physics_vendor:/opt/ros/jazzy/opt/sdformat_vendor:/opt/ros/jazzy/opt/gz_gui_vendor:/opt/ros/jazzy/opt/gz_transport_vendor:/opt/ros/jazzy/opt/gz_rendering_vendor:/opt/ros/jazzy/opt/gz_plugin_vendor:/opt/ros/jazzy/opt/gz_fuel_tools_vendor:/opt/ros/jazzy/opt/gz_msgs_vendor:/opt/ros/jazzy/opt/gz_common_vendor:/opt/ros/jazzy/opt/gz_math_vendor:/opt/ros/jazzy/opt/gz_utils_vendor:/opt/ros/jazzy/opt/gz_tools_vendor:/opt/ros/jazzy/opt/gz_ogre_next_vendor:/opt/ros/jazzy/opt/gz_dartsim_vendor:/opt/ros/jazzy/opt/gz_cmake_vendor:/opt/ros/jazzy LD_LIBRARY_PATH=/home/ysl/ros2_ws/install/rm_interfaces/lib:${LD_LIBRARY_PATH} PYTHONPATH=/home/ysl/ros2_ws/install/rm_interfaces/lib/python3.12/site-packages:${PYTHONPATH} /usr/bin/cmake /home/ysl/ros2_ws/COD_Behavior -DAMENT_CMAKE_SYMLINK_INSTALL=1 -DCMAKE_INSTALL_PREFIX=/home/ysl/ros2_ws/install/cod_behavior
