[ 25%] [32mBuilding CXX object CMakeFiles/test_1.dir/test/test1_FullStatus.cpp.o[0m
[ 25%] [32mBuilding CXX object CMakeFiles/msgtest.dir/test/msgTest.cpp.o[0m
[ 25%] [32mBuilding CXX object CMakeFiles/test_2.dir/test/test2_PoorStatus.cpp.o[0m
[ 33%] [32mBuilding CXX object CMakeFiles/cod_behavior.dir/src/sentry_behavior.cpp.o[0m
[ 50%] Built target checkNavResult
[ 58%] [32mBuilding CXX object CMakeFiles/tree_1.dir/src/tree_1.cpp.o[0m
[ 66%] [32m[1mLinking CXX executable test_1[0m
[ 75%] [32m[1mLinking CXX executable msgtest[0m
[ 83%] [32m[1mLinking CXX executable test_2[0m
[ 83%] Built target test_2
[ 83%] Built target test_1
[ 83%] Built target msgtest
[ 91%] [32m[1mLinking CXX executable tree_1[0m
[100%] [32m[1mLinking CXX executable cod_behavior[0m
[100%] Built target cod_behavior
[100%] Built target tree_1
-- Install configuration: ""
-- Execute custom install script
-- Up-to-date symlink: /home/ysl/ros2_ws/install/cod_behavior/lib/cod_behavior/cod_behavior
-- Up-to-date symlink: /home/ysl/ros2_ws/install/cod_behavior/lib/cod_behavior/checkNavResult
-- Up-to-date symlink: /home/ysl/ros2_ws/install/cod_behavior/lib/cod_behavior/tree_1
-- Up-to-date symlink: /home/ysl/ros2_ws/install/cod_behavior/lib/cod_behavior/msgtest
-- Up-to-date symlink: /home/ysl/ros2_ws/install/cod_behavior/lib/cod_behavior/test_1
-- Up-to-date symlink: /home/ysl/ros2_ws/install/cod_behavior/lib/cod_behavior/test_2
-- Up-to-date symlink: /home/ysl/ros2_ws/install/cod_behavior/share/cod_behavior/launch/bringup.launch.py
-- Up-to-date symlink: /home/ysl/ros2_ws/install/cod_behavior/share/cod_behavior/launch/bringup_behavior.launch.py
-- Up-to-date symlink: /home/ysl/ros2_ws/install/cod_behavior/share/cod_behavior/launch/nav_pose.yaml
-- Up-to-date symlink: /home/ysl/ros2_ws/install/cod_behavior/share/ament_index/resource_index/package_run_dependencies/cod_behavior
-- Up-to-date symlink: /home/ysl/ros2_ws/install/cod_behavior/share/ament_index/resource_index/parent_prefix_path/cod_behavior
-- Up-to-date symlink: /home/ysl/ros2_ws/install/cod_behavior/share/cod_behavior/environment/ament_prefix_path.sh
-- Up-to-date symlink: /home/ysl/ros2_ws/install/cod_behavior/share/cod_behavior/environment/ament_prefix_path.dsv
-- Up-to-date symlink: /home/ysl/ros2_ws/install/cod_behavior/share/cod_behavior/environment/path.sh
-- Up-to-date symlink: /home/ysl/ros2_ws/install/cod_behavior/share/cod_behavior/environment/path.dsv
-- Up-to-date symlink: /home/ysl/ros2_ws/install/cod_behavior/share/cod_behavior/local_setup.bash
-- Up-to-date symlink: /home/ysl/ros2_ws/install/cod_behavior/share/cod_behavior/local_setup.sh
-- Up-to-date symlink: /home/ysl/ros2_ws/install/cod_behavior/share/cod_behavior/local_setup.zsh
-- Up-to-date symlink: /home/ysl/ros2_ws/install/cod_behavior/share/cod_behavior/local_setup.dsv
-- Symlinking: /home/ysl/ros2_ws/install/cod_behavior/share/cod_behavior/package.dsv
-- Up-to-date symlink: /home/ysl/ros2_ws/install/cod_behavior/share/ament_index/resource_index/packages/cod_behavior
-- Up-to-date symlink: /home/ysl/ros2_ws/install/cod_behavior/share/cod_behavior/cmake/cod_behaviorConfig.cmake
-- Up-to-date symlink: /home/ysl/ros2_ws/install/cod_behavior/share/cod_behavior/cmake/cod_behaviorConfig-version.cmake
-- Up-to-date symlink: /home/ysl/ros2_ws/install/cod_behavior/share/cod_behavior/package.xml
