[0.313s] Invoking command in '/home/ysl/ros2_ws/build/cod_behavior': AMENT_PREFIX_PATH=/home/ysl/ros2_ws/install/rm_interfaces:${AMENT_PREFIX_PATH} CMAKE_PREFIX_PATH=/home/ysl/ros2_ws/install/rm_interfaces:/home/ysl/BehaviorTree.CPP/install/behaviortree_cpp:/opt/ros/jazzy/opt/gz_sim_vendor:/opt/ros/jazzy/opt/gz_sensors_vendor:/opt/ros/jazzy/opt/gz_physics_vendor:/opt/ros/jazzy/opt/sdformat_vendor:/opt/ros/jazzy/opt/gz_gui_vendor:/opt/ros/jazzy/opt/gz_transport_vendor:/opt/ros/jazzy/opt/gz_rendering_vendor:/opt/ros/jazzy/opt/gz_plugin_vendor:/opt/ros/jazzy/opt/gz_fuel_tools_vendor:/opt/ros/jazzy/opt/gz_msgs_vendor:/opt/ros/jazzy/opt/gz_common_vendor:/opt/ros/jazzy/opt/gz_math_vendor:/opt/ros/jazzy/opt/gz_utils_vendor:/opt/ros/jazzy/opt/gz_tools_vendor:/opt/ros/jazzy/opt/gz_ogre_next_vendor:/opt/ros/jazzy/opt/gz_dartsim_vendor:/opt/ros/jazzy/opt/gz_cmake_vendor:/opt/ros/jazzy LD_LIBRARY_PATH=/home/ysl/ros2_ws/install/rm_interfaces/lib:${LD_LIBRARY_PATH} PYTHONPATH=/home/ysl/ros2_ws/install/rm_interfaces/lib/python3.12/site-packages:${PYTHONPATH} /usr/bin/cmake --build /home/ysl/ros2_ws/build/cod_behavior -- -j12 -l12
[0.472s] [ 20%] Built target msgtest
[0.473s] [ 40%] Built target test_1
[0.474s] [ 60%] Built target cod_behavior
[0.475s] [ 80%] Built target checkNavResult
[0.476s] [100%] Built target tree_1
[0.497s] Invoked command in '/home/ysl/ros2_ws/build/cod_behavior' returned '0': AMENT_PREFIX_PATH=/home/ysl/ros2_ws/install/rm_interfaces:${AMENT_PREFIX_PATH} CMAKE_PREFIX_PATH=/home/ysl/ros2_ws/install/rm_interfaces:/home/ysl/BehaviorTree.CPP/install/behaviortree_cpp:/opt/ros/jazzy/opt/gz_sim_vendor:/opt/ros/jazzy/opt/gz_sensors_vendor:/opt/ros/jazzy/opt/gz_physics_vendor:/opt/ros/jazzy/opt/sdformat_vendor:/opt/ros/jazzy/opt/gz_gui_vendor:/opt/ros/jazzy/opt/gz_transport_vendor:/opt/ros/jazzy/opt/gz_rendering_vendor:/opt/ros/jazzy/opt/gz_plugin_vendor:/opt/ros/jazzy/opt/gz_fuel_tools_vendor:/opt/ros/jazzy/opt/gz_msgs_vendor:/opt/ros/jazzy/opt/gz_common_vendor:/opt/ros/jazzy/opt/gz_math_vendor:/opt/ros/jazzy/opt/gz_utils_vendor:/opt/ros/jazzy/opt/gz_tools_vendor:/opt/ros/jazzy/opt/gz_ogre_next_vendor:/opt/ros/jazzy/opt/gz_dartsim_vendor:/opt/ros/jazzy/opt/gz_cmake_vendor:/opt/ros/jazzy LD_LIBRARY_PATH=/home/ysl/ros2_ws/install/rm_interfaces/lib:${LD_LIBRARY_PATH} PYTHONPATH=/home/ysl/ros2_ws/install/rm_interfaces/lib/python3.12/site-packages:${PYTHONPATH} /usr/bin/cmake --build /home/ysl/ros2_ws/build/cod_behavior -- -j12 -l12
[0.499s] Invoking command in '/home/ysl/ros2_ws/build/cod_behavior': AMENT_PREFIX_PATH=/home/ysl/ros2_ws/install/rm_interfaces:${AMENT_PREFIX_PATH} CMAKE_PREFIX_PATH=/home/ysl/ros2_ws/install/rm_interfaces:/home/ysl/BehaviorTree.CPP/install/behaviortree_cpp:/opt/ros/jazzy/opt/gz_sim_vendor:/opt/ros/jazzy/opt/gz_sensors_vendor:/opt/ros/jazzy/opt/gz_physics_vendor:/opt/ros/jazzy/opt/sdformat_vendor:/opt/ros/jazzy/opt/gz_gui_vendor:/opt/ros/jazzy/opt/gz_transport_vendor:/opt/ros/jazzy/opt/gz_rendering_vendor:/opt/ros/jazzy/opt/gz_plugin_vendor:/opt/ros/jazzy/opt/gz_fuel_tools_vendor:/opt/ros/jazzy/opt/gz_msgs_vendor:/opt/ros/jazzy/opt/gz_common_vendor:/opt/ros/jazzy/opt/gz_math_vendor:/opt/ros/jazzy/opt/gz_utils_vendor:/opt/ros/jazzy/opt/gz_tools_vendor:/opt/ros/jazzy/opt/gz_ogre_next_vendor:/opt/ros/jazzy/opt/gz_dartsim_vendor:/opt/ros/jazzy/opt/gz_cmake_vendor:/opt/ros/jazzy LD_LIBRARY_PATH=/home/ysl/ros2_ws/install/rm_interfaces/lib:${LD_LIBRARY_PATH} PYTHONPATH=/home/ysl/ros2_ws/install/rm_interfaces/lib/python3.12/site-packages:${PYTHONPATH} /usr/bin/cmake --install /home/ysl/ros2_ws/build/cod_behavior
[0.515s] -- Install configuration: ""
[0.516s] -- Execute custom install script
[0.517s] -- Up-to-date symlink: /home/ysl/ros2_ws/install/cod_behavior/lib/cod_behavior/cod_behavior
[0.518s] -- Up-to-date symlink: /home/ysl/ros2_ws/install/cod_behavior/lib/cod_behavior/checkNavResult
[0.519s] -- Up-to-date symlink: /home/ysl/ros2_ws/install/cod_behavior/lib/cod_behavior/tree_1
[0.520s] -- Up-to-date symlink: /home/ysl/ros2_ws/install/cod_behavior/lib/cod_behavior/msgtest
[0.520s] -- Up-to-date symlink: /home/ysl/ros2_ws/install/cod_behavior/lib/cod_behavior/test_1
[0.521s] -- Up-to-date symlink: /home/ysl/ros2_ws/install/cod_behavior/share/cod_behavior/launch/bringup_behavior.launch.py
[0.521s] -- Up-to-date symlink: /home/ysl/ros2_ws/install/cod_behavior/share/ament_index/resource_index/package_run_dependencies/cod_behavior
[0.521s] -- Up-to-date symlink: /home/ysl/ros2_ws/install/cod_behavior/share/ament_index/resource_index/parent_prefix_path/cod_behavior
[0.522s] -- Up-to-date symlink: /home/ysl/ros2_ws/install/cod_behavior/share/cod_behavior/environment/ament_prefix_path.sh
[0.522s] -- Up-to-date symlink: /home/ysl/ros2_ws/install/cod_behavior/share/cod_behavior/environment/ament_prefix_path.dsv
[0.522s] -- Up-to-date symlink: /home/ysl/ros2_ws/install/cod_behavior/share/cod_behavior/environment/path.sh
[0.523s] -- Up-to-date symlink: /home/ysl/ros2_ws/install/cod_behavior/share/cod_behavior/environment/path.dsv
[0.523s] -- Up-to-date symlink: /home/ysl/ros2_ws/install/cod_behavior/share/cod_behavior/local_setup.bash
[0.524s] -- Up-to-date symlink: /home/ysl/ros2_ws/install/cod_behavior/share/cod_behavior/local_setup.sh
[0.524s] -- Up-to-date symlink: /home/ysl/ros2_ws/install/cod_behavior/share/cod_behavior/local_setup.zsh
[0.524s] -- Up-to-date symlink: /home/ysl/ros2_ws/install/cod_behavior/share/cod_behavior/local_setup.dsv
[0.524s] -- Symlinking: /home/ysl/ros2_ws/install/cod_behavior/share/cod_behavior/package.dsv
[0.541s] -- Up-to-date symlink: /home/ysl/ros2_ws/install/cod_behavior/share/ament_index/resource_index/packages/cod_behavior
[0.541s] -- Up-to-date symlink: /home/ysl/ros2_ws/install/cod_behavior/share/cod_behavior/cmake/cod_behaviorConfig.cmake
[0.541s] -- Up-to-date symlink: /home/ysl/ros2_ws/install/cod_behavior/share/cod_behavior/cmake/cod_behaviorConfig-version.cmake
[0.541s] -- Up-to-date symlink: /home/ysl/ros2_ws/install/cod_behavior/share/cod_behavior/package.xml
[0.557s] Invoked command in '/home/ysl/ros2_ws/build/cod_behavior' returned '0': AMENT_PREFIX_PATH=/home/ysl/ros2_ws/install/rm_interfaces:${AMENT_PREFIX_PATH} CMAKE_PREFIX_PATH=/home/ysl/ros2_ws/install/rm_interfaces:/home/ysl/BehaviorTree.CPP/install/behaviortree_cpp:/opt/ros/jazzy/opt/gz_sim_vendor:/opt/ros/jazzy/opt/gz_sensors_vendor:/opt/ros/jazzy/opt/gz_physics_vendor:/opt/ros/jazzy/opt/sdformat_vendor:/opt/ros/jazzy/opt/gz_gui_vendor:/opt/ros/jazzy/opt/gz_transport_vendor:/opt/ros/jazzy/opt/gz_rendering_vendor:/opt/ros/jazzy/opt/gz_plugin_vendor:/opt/ros/jazzy/opt/gz_fuel_tools_vendor:/opt/ros/jazzy/opt/gz_msgs_vendor:/opt/ros/jazzy/opt/gz_common_vendor:/opt/ros/jazzy/opt/gz_math_vendor:/opt/ros/jazzy/opt/gz_utils_vendor:/opt/ros/jazzy/opt/gz_tools_vendor:/opt/ros/jazzy/opt/gz_ogre_next_vendor:/opt/ros/jazzy/opt/gz_dartsim_vendor:/opt/ros/jazzy/opt/gz_cmake_vendor:/opt/ros/jazzy LD_LIBRARY_PATH=/home/ysl/ros2_ws/install/rm_interfaces/lib:${LD_LIBRARY_PATH} PYTHONPATH=/home/ysl/ros2_ws/install/rm_interfaces/lib/python3.12/site-packages:${PYTHONPATH} /usr/bin/cmake --install /home/ysl/ros2_ws/build/cod_behavior
